Using pre-set license
Built from '2021.3/staging' branch; Version is '2021.3.3f1 (af2e63e8f9bd) revision 11480675'; Using compiler version '192829333'; Build Type 'Release'
OS: 'Windows 10  (10.0.19044) 64bit Core' Language: 'en' Physical Memory: 15791 MB
BatchMode: 1, IsHumanControllingUs: 0, StartBugReporterOnCrash: 0, Is64bit: 1, IsPro: 1

COMMAND LINE ARGUMENTS:
C:\Program Files\Unity\Hub\Editor\2021.3.3f1\Editor\Unity.exe
-adb2
-batchMode
-noUpm
-name
AssetImportWorker2
-projectPath
C:/Users/Dylan/Downloads/vapor-trails
-logFile
Logs/AssetImportWorker2.log
-srvPort
65097
Successfully changed project path to: C:/Users/Dylan/Downloads/vapor-trails
C:/Users/Dylan/Downloads/vapor-trails
[UnityMemory] Configuration Parameters - Can be set up in boot.config
    "memorysetup-bucket-allocator-granularity=16"
    "memorysetup-bucket-allocator-bucket-count=8"
    "memorysetup-bucket-allocator-block-size=33554432"
    "memorysetup-bucket-allocator-block-count=8"
    "memorysetup-main-allocator-block-size=16777216"
    "memorysetup-thread-allocator-block-size=16777216"
    "memorysetup-gfx-main-allocator-block-size=16777216"
    "memorysetup-gfx-thread-allocator-block-size=16777216"
    "memorysetup-cache-allocator-block-size=4194304"
    "memorysetup-typetree-allocator-block-size=2097152"
    "memorysetup-profiler-bucket-allocator-granularity=16"
    "memorysetup-profiler-bucket-allocator-bucket-count=8"
    "memorysetup-profiler-bucket-allocator-block-size=33554432"
    "memorysetup-profiler-bucket-allocator-block-count=8"
    "memorysetup-profiler-allocator-block-size=16777216"
    "memorysetup-profiler-editor-allocator-block-size=1048576"
    "memorysetup-temp-allocator-size-main=16777216"
    "memorysetup-job-temp-allocator-block-size=2097152"
    "memorysetup-job-temp-allocator-block-size-background=1048576"
    "memorysetup-job-temp-allocator-reduction-small-platforms=262144"
    "memorysetup-temp-allocator-size-background-worker=32768"
    "memorysetup-temp-allocator-size-job-worker=262144"
    "memorysetup-temp-allocator-size-preload-manager=33554432"
    "memorysetup-temp-allocator-size-nav-mesh-worker=65536"
    "memorysetup-temp-allocator-size-audio-worker=65536"
    "memorysetup-temp-allocator-size-cloud-worker=32768"
    "memorysetup-temp-allocator-size-gi-baking-worker=262144"
    "memorysetup-temp-allocator-size-gfx=262144"
Refreshing native plugins compatible for Editor in 76.65 ms, found 1 plugins.
Preloading 0 native plugins for Editor in 0.00 ms.
Initialize engine version: 2021.3.3f1 (af2e63e8f9bd)
[Subsystems] Discovering subsystems at path C:/Program Files/Unity/Hub/Editor/2021.3.3f1/Editor/Data/Resources/UnitySubsystems
[Subsystems] Discovering subsystems at path C:/Users/Dylan/Downloads/vapor-trails/Assets
GfxDevice: creating device client; threaded=0; jobified=0
Direct3D:
    Version:  Direct3D 11.0 [level 11.1]
    Renderer: NVIDIA GeForce GTX 1650 Ti (ID=0x1f95)
    Vendor:   NVIDIA
    VRAM:     3962 MB
    Driver:   30.0.15.1215
Initialize mono
Mono path[0] = 'C:/Program Files/Unity/Hub/Editor/2021.3.3f1/Editor/Data/Managed'
Mono path[1] = 'C:/Program Files/Unity/Hub/Editor/2021.3.3f1/Editor/Data/MonoBleedingEdge/lib/mono/unityjit-win32'
Mono config path = 'C:/Program Files/Unity/Hub/Editor/2021.3.3f1/Editor/Data/MonoBleedingEdge/etc'
Using monoOptions --debugger-agent=transport=dt_socket,embedding=1,server=y,suspend=n,address=127.0.0.1:56108
Begin MonoManager ReloadAssembly
Registering precompiled unity dll's ...
Register platform support module: C:/Program Files/Unity/Hub/Editor/2021.3.3f1/Editor/Data/PlaybackEngines/WebGLSupport/UnityEditor.WebGL.Extensions.dll
Register platform support module: C:/Program Files/Unity/Hub/Editor/2021.3.3f1/Editor/Data/PlaybackEngines/WindowsStandaloneSupport/UnityEditor.WindowsStandalone.Extensions.dll
Registered in 0.012102 seconds.
Native extension for WindowsStandalone target not found
Native extension for WebGL target not found
Refreshing native plugins compatible for Editor in 91.32 ms, found 1 plugins.
Preloading 0 native plugins for Editor in 0.00 ms.
Mono: successfully reloaded assembly
- Completed reload, in  0.786 seconds
Domain Reload Profiling:
	ReloadAssembly (787ms)
		BeginReloadAssembly (140ms)
			ExecutionOrderSort (0ms)
			DisableScriptedObjects (0ms)
			BackupInstance (0ms)
			ReleaseScriptingObjects (0ms)
			CreateAndSetChildDomain (2ms)
		EndReloadAssembly (504ms)
			LoadAssemblies (135ms)
			RebuildTransferFunctionScriptingTraits (0ms)
			SetupTypeCache (114ms)
			ReleaseScriptCaches (0ms)
			RebuildScriptCaches (29ms)
			SetupLoadedEditorAssemblies (305ms)
				LogAssemblyErrors (0ms)
				InitializePlatformSupportModulesInManaged (13ms)
				SetLoadedEditorAssemblies (0ms)
				RefreshPlugins (92ms)
				BeforeProcessingInitializeOnLoad (1ms)
				ProcessInitializeOnLoadAttributes (148ms)
				ProcessInitializeOnLoadMethodAttributes (51ms)
				AfterProcessingInitializeOnLoad (0ms)
				EditorAssembliesLoaded (0ms)
			ExecutionOrderSort2 (0ms)
			AwakeInstancesAfterBackupRestoration (0ms)
Platform modules already initialized, skipping
Registering precompiled user dll's ...
Registered in 0.012855 seconds.
Begin MonoManager ReloadAssembly
Native extension for WindowsStandalone target not found
Native extension for WebGL target not found
Refreshing native plugins compatible for Editor in 0.77 ms, found 1 plugins.
Preloading 0 native plugins for Editor in 0.00 ms.
Mono: successfully reloaded assembly
- Completed reload, in  1.282 seconds
Domain Reload Profiling:
	ReloadAssembly (1283ms)
		BeginReloadAssembly (148ms)
			ExecutionOrderSort (0ms)
			DisableScriptedObjects (6ms)
			BackupInstance (0ms)
			ReleaseScriptingObjects (0ms)
			CreateAndSetChildDomain (31ms)
		EndReloadAssembly (1009ms)
			LoadAssemblies (122ms)
			RebuildTransferFunctionScriptingTraits (0ms)
			SetupTypeCache (228ms)
			ReleaseScriptCaches (1ms)
			RebuildScriptCaches (92ms)
			SetupLoadedEditorAssemblies (532ms)
				LogAssemblyErrors (0ms)
				InitializePlatformSupportModulesInManaged (14ms)
				SetLoadedEditorAssemblies (0ms)
				RefreshPlugins (1ms)
				BeforeProcessingInitializeOnLoad (82ms)
				ProcessInitializeOnLoadAttributes (178ms)
				ProcessInitializeOnLoadMethodAttributes (247ms)
				AfterProcessingInitializeOnLoad (10ms)
				EditorAssembliesLoaded (0ms)
			ExecutionOrderSort2 (0ms)
			AwakeInstancesAfterBackupRestoration (6ms)
Platform modules already initialized, skipping
========================================================================
Worker process is ready to serve import requests
Launched and connected shader compiler UnityShaderCompiler.exe after 0.20 seconds
Refreshing native plugins compatible for Editor in 3.37 ms, found 1 plugins.
Preloading 0 native plugins for Editor in 0.00 ms.
Unloading 2401 Unused Serialized files (Serialized files now loaded: 0)
Unloading 93 unused Assets / (137.5 KB). Loaded Objects now: 2906.
Memory consumption went from 119.3 MB to 119.1 MB.
Total: 5.879200 ms (FindLiveObjects: 0.622900 ms CreateObjectMapping: 0.122800 ms MarkObjects: 4.841800 ms  DeleteObjects: 0.287800 ms)

AssetImportParameters requested are different than current active one (requested -> active):
  custom:video-decoder-ogg-theora: a1e56fd34408186e4bbccfd4996cb3dc -> 
  custom:container-muxer-webm: aa71ff27fc2769a1b78a27578f13a17b -> 
  custom:container-demuxer-webm: 4f35f7cbe854078d1ac9338744f61a02 -> 
  custom:video-encoder-webm-vp8: eb34c28f22e8b96e1ab97ce403110664 -> 
  custom:audio-encoder-webm-vorbis: bf7c407c2cedff20999df2af8eb42d56 -> 
  custom:framework-win-MediaFoundation: 216162199b28c13a410421893ffa2e32 -> 
  custom:container-demuxer-ogg: 62fdf1f143b41e24485cea50d1cbac27 -> 
  custom:video-decoder-webm-vp8: 9c59270c3fd7afecdb556c50c9e8de78 -> 
  custom:audio-decoder-ogg-vorbis: bf7c407c2cedff20999df2af8eb42d56 -> 
========================================================================
Received Import Request.
  Time since last request: 149118.891990 seconds.
  path: Assets/FadeInSound.preset
  artifactKey: Guid(c6a2f27c364580a4db23b7238941e48e) Importer(815301076,1909f56bfc062723c751e8b465ee728b)
Start importing Assets/FadeInSound.preset using Guid(c6a2f27c364580a4db23b7238941e48e) Importer(815301076,1909f56bfc062723c751e8b465ee728b)  -> (artifact id: '33449c0f119300adec1911846ee6bb73') in 0.050244 seconds 
========================================================================
Received Import Request.
  Time since last request: 0.000087 seconds.
  path: Assets/MapWaterTexture.renderTexture
  artifactKey: Guid(8c4f8d30c160f452dad87a6b924792ec) Importer(815301076,1909f56bfc062723c751e8b465ee728b)
Start importing Assets/MapWaterTexture.renderTexture using Guid(8c4f8d30c160f452dad87a6b924792ec) Importer(815301076,1909f56bfc062723c751e8b465ee728b)  -> (artifact id: '6b5c116c1f7f81316c1fd18f738654d0') in 0.136068 seconds 
========================================================================
Received Import Request.
  Time since last request: 0.000047 seconds.
  path: Assets/Global.prefab
  artifactKey: Guid(d514ca4d35012064b90f0936ac25aee3) Importer(815301076,1909f56bfc062723c751e8b465ee728b)
Start importing Assets/Global.prefab using Guid(d514ca4d35012064b90f0936ac25aee3) Importer(815301076,1909f56bfc062723c751e8b465ee728b)  -> (artifact id: 'ea7e35056926daacecb62da1d11f4fcf') in 1.904372 seconds 
========================================================================
Received Import Request.
  Time since last request: 8.347016 seconds.
  path: Assets/Vapor City
  artifactKey: Guid(295965f022d3fb44ebc2a7b952d60a20) Importer(815301076,1909f56bfc062723c751e8b465ee728b)
Start importing Assets/Vapor City using Guid(295965f022d3fb44ebc2a7b952d60a20) Importer(815301076,1909f56bfc062723c751e8b465ee728b)  -> (artifact id: '78fdfd7d26b9af72c23eb518a6f42060') in 0.001884 seconds 
========================================================================
Received Import Request.
  Time since last request: 0.028133 seconds.
  path: Assets/Vapor City/Vapor City Atlas.spriteatlas
  artifactKey: Guid(414ca75eb0c048b4986dc1e4495ad856) Importer(815301076,1909f56bfc062723c751e8b465ee728b)
Start importing Assets/Vapor City/Vapor City Atlas.spriteatlas using Guid(414ca75eb0c048b4986dc1e4495ad856) Importer(815301076,1909f56bfc062723c751e8b465ee728b)  -> (artifact id: 'f6ba9b456df0090344a07d49c8c1e3ac') in 0.006453 seconds 
========================================================================
Received Import Request.
  Time since last request: 1.664749 seconds.
  path: Assets/Vapor City/Downtown.unity
  artifactKey: Guid(e907b7bc18e4b874799d0ad0042fac40) Importer(815301076,1909f56bfc062723c751e8b465ee728b)
Start importing Assets/Vapor City/Downtown.unity using Guid(e907b7bc18e4b874799d0ad0042fac40) Importer(815301076,1909f56bfc062723c751e8b465ee728b)  -> (artifact id: '9f372be6432810a119d9f1dbbc05ed5a') in 0.002511 seconds 
========================================================================
Received Import Request.
  Time since last request: 19.302960 seconds.
  path: Assets/Vapor City/WeatherStation7.unity
  artifactKey: Guid(865248dda4d384944acfd06d4ffc744e) Importer(815301076,1909f56bfc062723c751e8b465ee728b)
Start importing Assets/Vapor City/WeatherStation7.unity using Guid(865248dda4d384944acfd06d4ffc744e) Importer(815301076,1909f56bfc062723c751e8b465ee728b)  -> (artifact id: '66d3c42ce9a4384f7456e8f752ec223f') in 0.002172 seconds 
========================================================================
Received Import Request.
  Time since last request: 15.967543 seconds.
  path: Assets/Intro Cinematic.unity
  artifactKey: Guid(92bbf6d0bd64e7b40803dcb1b1865c54) Importer(815301076,1909f56bfc062723c751e8b465ee728b)
Start importing Assets/Intro Cinematic.unity using Guid(92bbf6d0bd64e7b40803dcb1b1865c54) Importer(815301076,1909f56bfc062723c751e8b465ee728b)  -> (artifact id: 'da5eec720a610bd056f78cb90b5572f8') in 0.002472 seconds 
========================================================================
Received Prepare
Registering precompiled user dll's ...
Registered in 0.010965 seconds.
Begin MonoManager ReloadAssembly
Native extension for WindowsStandalone target not found
Native extension for WebGL target not found
Refreshing native plugins compatible for Editor in 2.15 ms, found 1 plugins.
Preloading 0 native plugins for Editor in 0.00 ms.
System.Reflection.TargetInvocationException: Exception has been thrown by the target of an invocation. ---> System.NullReferenceException: Object reference not set to an instance of an object
  at XNodeEditor.NodeEditorAssetModProcessor.OnReloadEditor () [0x0004b] in C:\Users\Dylan\Downloads\vapor-trails\Library\PackageCache\com.github.siccity.xnode@1fb94b2413\Scripts\Editor\NodeEditorAssetModProcessor.cs:55 
  at (wrapper managed-to-native) System.Reflection.RuntimeMethodInfo.InternalInvoke(System.Reflection.RuntimeMethodInfo,object,object[],System.Exception&)
  at System.Reflection.RuntimeMethodInfo.Invoke (System.Object obj, System.Reflection.BindingFlags invokeAttr, System.Reflection.Binder binder, System.Object[] parameters, System.Globalization.CultureInfo culture) [0x0006a] in <6073cf49ed704e958b8a66d540dea948>:0 
   --- End of inner exception stack trace ---
  at System.Reflection.RuntimeMethodInfo.Invoke (System.Object obj, System.Reflection.BindingFlags invokeAttr, System.Reflection.Binder binder, System.Object[] parameters, System.Globalization.CultureInfo culture) [0x00083] in <6073cf49ed704e958b8a66d540dea948>:0 
  at System.Reflection.MethodBase.Invoke (System.Object obj, System.Object[] parameters) [0x00000] in <6073cf49ed704e958b8a66d540dea948>:0 
  at UnityEditor.EditorAssemblies.ProcessInitializeOnLoadMethodAttributes () [0x000a5] in <31b86d204baf45de8328f2d1261a79f7>:0 
UnityEngine.StackTraceUtility:ExtractStackTrace ()
UnityEngine.DebugLogHandler:LogFormat (UnityEngine.LogType,UnityEngine.Object,string,object[])
UnityEngine.Logger:Log (UnityEngine.LogType,object)
UnityEngine.Debug:LogError (object)
UnityEditor.EditorAssemblies:ProcessInitializeOnLoadMethodAttributes ()

Mono: successfully reloaded assembly
- Completed reload, in  1.260 seconds
Domain Reload Profiling:
	ReloadAssembly (1261ms)
		BeginReloadAssembly (173ms)
			ExecutionOrderSort (0ms)
			DisableScriptedObjects (6ms)
			BackupInstance (0ms)
			ReleaseScriptingObjects (0ms)
			CreateAndSetChildDomain (54ms)
		EndReloadAssembly (970ms)
			LoadAssemblies (122ms)
			RebuildTransferFunctionScriptingTraits (0ms)
			SetupTypeCache (204ms)
			ReleaseScriptCaches (1ms)
			RebuildScriptCaches (43ms)
			SetupLoadedEditorAssemblies (561ms)
				LogAssemblyErrors (0ms)
				InitializePlatformSupportModulesInManaged (16ms)
				SetLoadedEditorAssemblies (1ms)
				RefreshPlugins (2ms)
				BeforeProcessingInitializeOnLoad (71ms)
				ProcessInitializeOnLoadAttributes (167ms)
				ProcessInitializeOnLoadMethodAttributes (289ms)
				AfterProcessingInitializeOnLoad (15ms)
				EditorAssembliesLoaded (0ms)
			ExecutionOrderSort2 (0ms)
			AwakeInstancesAfterBackupRestoration (10ms)
Platform modules already initialized, skipping
Refreshing native plugins compatible for Editor in 2.83 ms, found 1 plugins.
Preloading 0 native plugins for Editor in 0.00 ms.
Unloading 2339 Unused Serialized files (Serialized files now loaded: 0)
Unloading 38 unused Assets / (126.6 KB). Loaded Objects now: 2939.
Memory consumption went from 123.1 MB to 123.0 MB.
Total: 5.688700 ms (FindLiveObjects: 0.395300 ms CreateObjectMapping: 0.101000 ms MarkObjects: 4.964100 ms  DeleteObjects: 0.224900 ms)

AssetImportParameters requested are different than current active one (requested -> active):
  custom:video-decoder-ogg-theora: a1e56fd34408186e4bbccfd4996cb3dc -> 
  custom:container-muxer-webm: aa71ff27fc2769a1b78a27578f13a17b -> 
  custom:container-demuxer-webm: 4f35f7cbe854078d1ac9338744f61a02 -> 
  custom:video-encoder-webm-vp8: eb34c28f22e8b96e1ab97ce403110664 -> 
  custom:audio-encoder-webm-vorbis: bf7c407c2cedff20999df2af8eb42d56 -> 
  custom:framework-win-MediaFoundation: 216162199b28c13a410421893ffa2e32 -> 
  custom:container-demuxer-ogg: 62fdf1f143b41e24485cea50d1cbac27 -> 
  custom:video-decoder-webm-vp8: 9c59270c3fd7afecdb556c50c9e8de78 -> 
  custom:audio-decoder-ogg-vorbis: bf7c407c2cedff20999df2af8eb42d56 -> 
========================================================================
Received Prepare
Registering precompiled user dll's ...
Registered in 0.012055 seconds.
Begin MonoManager ReloadAssembly
Native extension for WindowsStandalone target not found
Native extension for WebGL target not found
Refreshing native plugins compatible for Editor in 0.85 ms, found 1 plugins.
Preloading 0 native plugins for Editor in 0.00 ms.
System.Reflection.TargetInvocationException: Exception has been thrown by the target of an invocation. ---> System.NullReferenceException: Object reference not set to an instance of an object
  at XNodeEditor.NodeEditorAssetModProcessor.OnReloadEditor () [0x0004b] in C:\Users\Dylan\Downloads\vapor-trails\Library\PackageCache\com.github.siccity.xnode@1fb94b2413\Scripts\Editor\NodeEditorAssetModProcessor.cs:55 
  at (wrapper managed-to-native) System.Reflection.RuntimeMethodInfo.InternalInvoke(System.Reflection.RuntimeMethodInfo,object,object[],System.Exception&)
  at System.Reflection.RuntimeMethodInfo.Invoke (System.Object obj, System.Reflection.BindingFlags invokeAttr, System.Reflection.Binder binder, System.Object[] parameters, System.Globalization.CultureInfo culture) [0x0006a] in <6073cf49ed704e958b8a66d540dea948>:0 
   --- End of inner exception stack trace ---
  at System.Reflection.RuntimeMethodInfo.Invoke (System.Object obj, System.Reflection.BindingFlags invokeAttr, System.Reflection.Binder binder, System.Object[] parameters, System.Globalization.CultureInfo culture) [0x00083] in <6073cf49ed704e958b8a66d540dea948>:0 
  at System.Reflection.MethodBase.Invoke (System.Object obj, System.Object[] parameters) [0x00000] in <6073cf49ed704e958b8a66d540dea948>:0 
  at UnityEditor.EditorAssemblies.ProcessInitializeOnLoadMethodAttributes () [0x000a5] in <31b86d204baf45de8328f2d1261a79f7>:0 
UnityEngine.StackTraceUtility:ExtractStackTrace ()
UnityEngine.DebugLogHandler:LogFormat (UnityEngine.LogType,UnityEngine.Object,string,object[])
UnityEngine.Logger:Log (UnityEngine.LogType,object)
UnityEngine.Debug:LogError (object)
UnityEditor.EditorAssemblies:ProcessInitializeOnLoadMethodAttributes ()

Mono: successfully reloaded assembly
- Completed reload, in  1.154 seconds
Domain Reload Profiling:
	ReloadAssembly (1155ms)
		BeginReloadAssembly (145ms)
			ExecutionOrderSort (0ms)
			DisableScriptedObjects (5ms)
			BackupInstance (0ms)
			ReleaseScriptingObjects (0ms)
			CreateAndSetChildDomain (39ms)
		EndReloadAssembly (896ms)
			LoadAssemblies (99ms)
			RebuildTransferFunctionScriptingTraits (0ms)
			SetupTypeCache (198ms)
			ReleaseScriptCaches (1ms)
			RebuildScriptCaches (44ms)
			SetupLoadedEditorAssemblies (515ms)
				LogAssemblyErrors (0ms)
				InitializePlatformSupportModulesInManaged (15ms)
				SetLoadedEditorAssemblies (0ms)
				RefreshPlugins (1ms)
				BeforeProcessingInitializeOnLoad (65ms)
				ProcessInitializeOnLoadAttributes (153ms)
				ProcessInitializeOnLoadMethodAttributes (269ms)
				AfterProcessingInitializeOnLoad (12ms)
				EditorAssembliesLoaded (0ms)
			ExecutionOrderSort2 (0ms)
			AwakeInstancesAfterBackupRestoration (9ms)
Platform modules already initialized, skipping
Refreshing native plugins compatible for Editor in 3.94 ms, found 1 plugins.
Preloading 0 native plugins for Editor in 0.00 ms.
Unloading 2339 Unused Serialized files (Serialized files now loaded: 0)
Unloading 26 unused Assets / (98.8 KB). Loaded Objects now: 2954.
Memory consumption went from 123.1 MB to 123.0 MB.
Total: 5.502200 ms (FindLiveObjects: 0.642900 ms CreateObjectMapping: 0.137200 ms MarkObjects: 4.669300 ms  DeleteObjects: 0.050100 ms)

AssetImportParameters requested are different than current active one (requested -> active):
  custom:video-decoder-ogg-theora: a1e56fd34408186e4bbccfd4996cb3dc -> 
  custom:container-muxer-webm: aa71ff27fc2769a1b78a27578f13a17b -> 
  custom:container-demuxer-webm: 4f35f7cbe854078d1ac9338744f61a02 -> 
  custom:video-encoder-webm-vp8: eb34c28f22e8b96e1ab97ce403110664 -> 
  custom:audio-encoder-webm-vorbis: bf7c407c2cedff20999df2af8eb42d56 -> 
  custom:framework-win-MediaFoundation: 216162199b28c13a410421893ffa2e32 -> 
  custom:container-demuxer-ogg: 62fdf1f143b41e24485cea50d1cbac27 -> 
  custom:video-decoder-webm-vp8: 9c59270c3fd7afecdb556c50c9e8de78 -> 
  custom:audio-decoder-ogg-vorbis: bf7c407c2cedff20999df2af8eb42d56 -> 
========================================================================
Received Import Request.
  Time since last request: 116.923761 seconds.
  path: Assets/Palettes
  artifactKey: Guid(31c677c15c90ea64692b3484cc91ccb0) Importer(815301076,1909f56bfc062723c751e8b465ee728b)
Start importing Assets/Palettes using Guid(31c677c15c90ea64692b3484cc91ccb0) Importer(815301076,1909f56bfc062723c751e8b465ee728b)  -> (artifact id: 'b8cfae03569104f10d0ce466b109fc72') in 0.005843 seconds 
========================================================================
Received Import Request.
  Time since last request: 0.039757 seconds.
  path: Assets/Palettes/default uncolored.png
  artifactKey: Guid(4db7faf3f0bece74eba3e543e1bde0ec) Importer(815301076,1909f56bfc062723c751e8b465ee728b)
Start importing Assets/Palettes/default uncolored.png using Guid(4db7faf3f0bece74eba3e543e1bde0ec) Importer(815301076,1909f56bfc062723c751e8b465ee728b)  -> (artifact id: 'da7da1c793d4ce389d2c86c31a0a3fdf') in 0.063069 seconds 
========================================================================
Received Import Request.
  Time since last request: 1.458146 seconds.
  path: Assets/Paradise
  artifactKey: Guid(ae5c4971ba9dbaa4b9f619c32af7982c) Importer(815301076,1909f56bfc062723c751e8b465ee728b)
Start importing Assets/Paradise using Guid(ae5c4971ba9dbaa4b9f619c32af7982c) Importer(815301076,1909f56bfc062723c751e8b465ee728b)  -> (artifact id: '0d5de8976d9231bcee7c819aa743192b') in 0.002694 seconds 
========================================================================
Received Import Request.
  Time since last request: 1.307225 seconds.
  path: Assets/Paradise/Tutorial.unity
  artifactKey: Guid(de87046111269a2409ee0aebd578f010) Importer(815301076,1909f56bfc062723c751e8b465ee728b)
Start importing Assets/Paradise/Tutorial.unity using Guid(de87046111269a2409ee0aebd578f010) Importer(815301076,1909f56bfc062723c751e8b465ee728b)  -> (artifact id: 'ea043311efc3bcfc38bd45febc0e0021') in 0.002971 seconds 
========================================================================
Received Prepare
Registering precompiled user dll's ...
Registered in 0.011004 seconds.
Begin MonoManager ReloadAssembly
Native extension for WindowsStandalone target not found
Native extension for WebGL target not found
Refreshing native plugins compatible for Editor in 0.79 ms, found 1 plugins.
Preloading 0 native plugins for Editor in 0.00 ms.
System.Reflection.TargetInvocationException: Exception has been thrown by the target of an invocation. ---> System.NullReferenceException: Object reference not set to an instance of an object
  at XNodeEditor.NodeEditorAssetModProcessor.OnReloadEditor () [0x0004b] in C:\Users\Dylan\Downloads\vapor-trails\Library\PackageCache\com.github.siccity.xnode@1fb94b2413\Scripts\Editor\NodeEditorAssetModProcessor.cs:55 
  at (wrapper managed-to-native) System.Reflection.RuntimeMethodInfo.InternalInvoke(System.Reflection.RuntimeMethodInfo,object,object[],System.Exception&)
  at System.Reflection.RuntimeMethodInfo.Invoke (System.Object obj, System.Reflection.BindingFlags invokeAttr, System.Reflection.Binder binder, System.Object[] parameters, System.Globalization.CultureInfo culture) [0x0006a] in <6073cf49ed704e958b8a66d540dea948>:0 
   --- End of inner exception stack trace ---
  at System.Reflection.RuntimeMethodInfo.Invoke (System.Object obj, System.Reflection.BindingFlags invokeAttr, System.Reflection.Binder binder, System.Object[] parameters, System.Globalization.CultureInfo culture) [0x00083] in <6073cf49ed704e958b8a66d540dea948>:0 
  at System.Reflection.MethodBase.Invoke (System.Object obj, System.Object[] parameters) [0x00000] in <6073cf49ed704e958b8a66d540dea948>:0 
  at UnityEditor.EditorAssemblies.ProcessInitializeOnLoadMethodAttributes () [0x000a5] in <31b86d204baf45de8328f2d1261a79f7>:0 
UnityEngine.StackTraceUtility:ExtractStackTrace ()
UnityEngine.DebugLogHandler:LogFormat (UnityEngine.LogType,UnityEngine.Object,string,object[])
UnityEngine.Logger:Log (UnityEngine.LogType,object)
UnityEngine.Debug:LogError (object)
UnityEditor.EditorAssemblies:ProcessInitializeOnLoadMethodAttributes ()

Mono: successfully reloaded assembly
- Completed reload, in  1.064 seconds
Domain Reload Profiling:
	ReloadAssembly (1065ms)
		BeginReloadAssembly (137ms)
			ExecutionOrderSort (0ms)
			DisableScriptedObjects (6ms)
			BackupInstance (0ms)
			ReleaseScriptingObjects (0ms)
			CreateAndSetChildDomain (41ms)
		EndReloadAssembly (819ms)
			LoadAssemblies (94ms)
			RebuildTransferFunctionScriptingTraits (0ms)
			SetupTypeCache (184ms)
			ReleaseScriptCaches (1ms)
			RebuildScriptCaches (41ms)
			SetupLoadedEditorAssemblies (461ms)
				LogAssemblyErrors (0ms)
				InitializePlatformSupportModulesInManaged (14ms)
				SetLoadedEditorAssemblies (0ms)
				RefreshPlugins (1ms)
				BeforeProcessingInitializeOnLoad (61ms)
				ProcessInitializeOnLoadAttributes (154ms)
				ProcessInitializeOnLoadMethodAttributes (217ms)
				AfterProcessingInitializeOnLoad (13ms)
				EditorAssembliesLoaded (1ms)
			ExecutionOrderSort2 (0ms)
			AwakeInstancesAfterBackupRestoration (9ms)
Platform modules already initialized, skipping
Refreshing native plugins compatible for Editor in 4.11 ms, found 1 plugins.
Preloading 0 native plugins for Editor in 0.00 ms.
Unloading 2339 Unused Serialized files (Serialized files now loaded: 0)
Unloading 26 unused Assets / (98.9 KB). Loaded Objects now: 2971.
Memory consumption went from 123.1 MB to 123.0 MB.
Total: 3.626000 ms (FindLiveObjects: 0.241500 ms CreateObjectMapping: 0.063300 ms MarkObjects: 3.280000 ms  DeleteObjects: 0.039700 ms)

AssetImportParameters requested are different than current active one (requested -> active):
  custom:video-decoder-ogg-theora: a1e56fd34408186e4bbccfd4996cb3dc -> 
  custom:container-muxer-webm: aa71ff27fc2769a1b78a27578f13a17b -> 
  custom:container-demuxer-webm: 4f35f7cbe854078d1ac9338744f61a02 -> 
  custom:video-encoder-webm-vp8: eb34c28f22e8b96e1ab97ce403110664 -> 
  custom:audio-encoder-webm-vorbis: bf7c407c2cedff20999df2af8eb42d56 -> 
  custom:framework-win-MediaFoundation: 216162199b28c13a410421893ffa2e32 -> 
  custom:container-demuxer-ogg: 62fdf1f143b41e24485cea50d1cbac27 -> 
  custom:video-decoder-webm-vp8: 9c59270c3fd7afecdb556c50c9e8de78 -> 
  custom:audio-decoder-ogg-vorbis: bf7c407c2cedff20999df2af8eb42d56 -> 
========================================================================
Received Import Request.
  Time since last request: 217.793268 seconds.
  path: Assets/Paradise/Sprites and Animations/anvil.png
  artifactKey: Guid(4f2d2391c9e3619479cce3c6b19d8d0b) Importer(815301076,1909f56bfc062723c751e8b465ee728b)
Start importing Assets/Paradise/Sprites and Animations/anvil.png using Guid(4f2d2391c9e3619479cce3c6b19d8d0b) Importer(815301076,1909f56bfc062723c751e8b465ee728b)  -> (artifact id: 'fa01697151891280a8b68237516fa18d') in 0.102505 seconds 
========================================================================
Received Import Request.
  Time since last request: 0.000052 seconds.
  path: Assets/Paradise/Sprites and Animations/laserbase.png
  artifactKey: Guid(7e04b54f19973324198c2b4daadaba05) Importer(815301076,1909f56bfc062723c751e8b465ee728b)
Start importing Assets/Paradise/Sprites and Animations/laserbase.png using Guid(7e04b54f19973324198c2b4daadaba05) Importer(815301076,1909f56bfc062723c751e8b465ee728b)  -> (artifact id: '5d9cde0afa353c56d030c63ae0eabb0f') in 0.025247 seconds 
========================================================================
Received Import Request.
  Time since last request: 0.000072 seconds.
  path: Assets/Paradise/Sprites and Animations/punching bag.png
  artifactKey: Guid(55ed0bdf0c790de419a94684c5f163b0) Importer(815301076,1909f56bfc062723c751e8b465ee728b)
Start importing Assets/Paradise/Sprites and Animations/punching bag.png using Guid(55ed0bdf0c790de419a94684c5f163b0) Importer(815301076,1909f56bfc062723c751e8b465ee728b)  -> (artifact id: 'f39c90b7d0e19a080a7e471b24acaa13') in 0.028774 seconds 
========================================================================
Received Import Request.
  Time since last request: 0.000077 seconds.
  path: Assets/Paradise/Sprites and Animations/laser on.png
  artifactKey: Guid(476b483634aebf446b85dbc434fcdaa6) Importer(815301076,1909f56bfc062723c751e8b465ee728b)
Start importing Assets/Paradise/Sprites and Animations/laser on.png using Guid(476b483634aebf446b85dbc434fcdaa6) Importer(815301076,1909f56bfc062723c751e8b465ee728b)  -> (artifact id: '5421ec3ecf59e52675b5a923478c009d') in 0.017148 seconds 
========================================================================
Received Import Request.
  Time since last request: 0.000021 seconds.
  path: Assets/Paradise/Sprites and Animations/one way platform.png
  artifactKey: Guid(b4b56e41a2dd4094088d6b6b84a31528) Importer(815301076,1909f56bfc062723c751e8b465ee728b)
Start importing Assets/Paradise/Sprites and Animations/one way platform.png using Guid(b4b56e41a2dd4094088d6b6b84a31528) Importer(815301076,1909f56bfc062723c751e8b465ee728b)  -> (artifact id: 'f14f1a68f3badb8ab7ebadbfac0ab4dd') in 0.013560 seconds 
========================================================================
Received Import Request.
  Time since last request: 0.000076 seconds.
  path: Assets/Paradise/Sprites and Animations/boxing ring pillar.png
  artifactKey: Guid(b2a191b964e39194f82d3dcf20971387) Importer(815301076,1909f56bfc062723c751e8b465ee728b)
Start importing Assets/Paradise/Sprites and Animations/boxing ring pillar.png using Guid(b2a191b964e39194f82d3dcf20971387) Importer(815301076,1909f56bfc062723c751e8b465ee728b)  -> (artifact id: '4868e98554c6406da38abad48030ac39') in 0.017229 seconds 
========================================================================
Received Import Request.
  Time since last request: 0.000026 seconds.
  path: Assets/Paradise/Sprites and Animations/greenLaser.mat
  artifactKey: Guid(0668af6513861b847b2f9bb32b191402) Importer(815301076,1909f56bfc062723c751e8b465ee728b)
Start importing Assets/Paradise/Sprites and Animations/greenLaser.mat using Guid(0668af6513861b847b2f9bb32b191402) Importer(815301076,1909f56bfc062723c751e8b465ee728b)  -> (artifact id: '46715f881e8d4d4e5846c9b5311a015d') in 0.040050 seconds 
========================================================================
Received Import Request.
  Time since last request: 0.000025 seconds.
  path: Assets/Paradise/Sprites and Animations/lab electronics.png
  artifactKey: Guid(6e0f821314117b24b95e1bdd6805cf30) Importer(815301076,1909f56bfc062723c751e8b465ee728b)
Start importing Assets/Paradise/Sprites and Animations/lab electronics.png using Guid(6e0f821314117b24b95e1bdd6805cf30) Importer(815301076,1909f56bfc062723c751e8b465ee728b)  -> (artifact id: 'fdd615bd57a2c470c48935959e1d6b70') in 0.033754 seconds 
========================================================================
Received Import Request.
  Time since last request: 0.000035 seconds.
  path: Assets/Paradise/Sprites and Animations/ValGets0Waved.controller
  artifactKey: Guid(ceb57b56355e8da449796a23bb2880f7) Importer(815301076,1909f56bfc062723c751e8b465ee728b)
Start importing Assets/Paradise/Sprites and Animations/ValGets0Waved.controller using Guid(ceb57b56355e8da449796a23bb2880f7) Importer(815301076,1909f56bfc062723c751e8b465ee728b)  -> (artifact id: 'bfb237064ff6bc892e15143d31db1f6a') in 0.015998 seconds 
========================================================================
Received Import Request.
  Time since last request: 0.000024 seconds.
  path: Assets/Paradise/Sprites and Animations/greenlaser.png
  artifactKey: Guid(e11211b1999d83f4aab2f26a8fc439cf) Importer(815301076,1909f56bfc062723c751e8b465ee728b)
Start importing Assets/Paradise/Sprites and Animations/greenlaser.png using Guid(e11211b1999d83f4aab2f26a8fc439cf) Importer(815301076,1909f56bfc062723c751e8b465ee728b)  -> (artifact id: '607c979d525004aa42bd218b185193a3') in 0.020959 seconds 
========================================================================
Received Import Request.
  Time since last request: 0.000062 seconds.
  path: Assets/Paradise/Sprites and Animations/laser.png
  artifactKey: Guid(8be793f17561b494eb1081fe22c68d6c) Importer(815301076,1909f56bfc062723c751e8b465ee728b)
Start importing Assets/Paradise/Sprites and Animations/laser.png using Guid(8be793f17561b494eb1081fe22c68d6c) Importer(815301076,1909f56bfc062723c751e8b465ee728b)  -> (artifact id: '691bc0c4e61e887c6345183b3b608318') in 0.019271 seconds 
Editor requested this worker to shutdown with reason: Scaling down because of idle timeout
AssetImportWorker is now disconnected from the server
Process exiting
Exiting without the bug reporter. Application will terminate with return code 0