Using pre-set license
Built from '2021.3/staging' branch; Version is '2021.3.3f1 (af2e63e8f9bd) revision 11480675'; Using compiler version '192829333'; Build Type 'Release'
OS: 'Windows 10  (10.0.19044) 64bit Core' Language: 'en' Physical Memory: 15791 MB
BatchMode: 1, IsHumanControllingUs: 0, StartBugReporterOnCrash: 0, Is64bit: 1, IsPro: 1

COMMAND LINE ARGUMENTS:
C:\Program Files\Unity\Hub\Editor\2021.3.3f1\Editor\Unity.exe
-adb2
-batchMode
-noUpm
-name
AssetImportWorker10
-projectPath
C:/Users/Dylan/Downloads/vapor-trails
-logFile
Logs/AssetImportWorker10.log
-srvPort
65097
Successfully changed project path to: C:/Users/Dylan/Downloads/vapor-trails
C:/Users/Dylan/Downloads/vapor-trails
[UnityMemory] Configuration Parameters - Can be set up in boot.config
    "memorysetup-bucket-allocator-granularity=16"
    "memorysetup-bucket-allocator-bucket-count=8"
    "memorysetup-bucket-allocator-block-size=33554432"
    "memorysetup-bucket-allocator-block-count=8"
    "memorysetup-main-allocator-block-size=16777216"
    "memorysetup-thread-allocator-block-size=16777216"
    "memorysetup-gfx-main-allocator-block-size=16777216"
    "memorysetup-gfx-thread-allocator-block-size=16777216"
    "memorysetup-cache-allocator-block-size=4194304"
    "memorysetup-typetree-allocator-block-size=2097152"
    "memorysetup-profiler-bucket-allocator-granularity=16"
    "memorysetup-profiler-bucket-allocator-bucket-count=8"
    "memorysetup-profiler-bucket-allocator-block-size=33554432"
    "memorysetup-profiler-bucket-allocator-block-count=8"
    "memorysetup-profiler-allocator-block-size=16777216"
    "memorysetup-profiler-editor-allocator-block-size=1048576"
    "memorysetup-temp-allocator-size-main=16777216"
    "memorysetup-job-temp-allocator-block-size=2097152"
    "memorysetup-job-temp-allocator-block-size-background=1048576"
    "memorysetup-job-temp-allocator-reduction-small-platforms=262144"
    "memorysetup-temp-allocator-size-background-worker=32768"
    "memorysetup-temp-allocator-size-job-worker=262144"
    "memorysetup-temp-allocator-size-preload-manager=33554432"
    "memorysetup-temp-allocator-size-nav-mesh-worker=65536"
    "memorysetup-temp-allocator-size-audio-worker=65536"
    "memorysetup-temp-allocator-size-cloud-worker=32768"
    "memorysetup-temp-allocator-size-gi-baking-worker=262144"
    "memorysetup-temp-allocator-size-gfx=262144"
Refreshing native plugins compatible for Editor in 60.39 ms, found 1 plugins.
Preloading 0 native plugins for Editor in 0.00 ms.
Initialize engine version: 2021.3.3f1 (af2e63e8f9bd)
[Subsystems] Discovering subsystems at path C:/Program Files/Unity/Hub/Editor/2021.3.3f1/Editor/Data/Resources/UnitySubsystems
[Subsystems] Discovering subsystems at path C:/Users/Dylan/Downloads/vapor-trails/Assets
GfxDevice: creating device client; threaded=0; jobified=0
Direct3D:
    Version:  Direct3D 11.0 [level 11.1]
    Renderer: NVIDIA GeForce GTX 1650 Ti (ID=0x1f95)
    Vendor:   NVIDIA
    VRAM:     3962 MB
    Driver:   30.0.15.1215
Initialize mono
Mono path[0] = 'C:/Program Files/Unity/Hub/Editor/2021.3.3f1/Editor/Data/Managed'
Mono path[1] = 'C:/Program Files/Unity/Hub/Editor/2021.3.3f1/Editor/Data/MonoBleedingEdge/lib/mono/unityjit-win32'
Mono config path = 'C:/Program Files/Unity/Hub/Editor/2021.3.3f1/Editor/Data/MonoBleedingEdge/etc'
Using monoOptions --debugger-agent=transport=dt_socket,embedding=1,server=y,suspend=n,address=127.0.0.1:56436
Begin MonoManager ReloadAssembly
Registering precompiled unity dll's ...
Register platform support module: C:/Program Files/Unity/Hub/Editor/2021.3.3f1/Editor/Data/PlaybackEngines/WebGLSupport/UnityEditor.WebGL.Extensions.dll
Register platform support module: C:/Program Files/Unity/Hub/Editor/2021.3.3f1/Editor/Data/PlaybackEngines/WindowsStandaloneSupport/UnityEditor.WindowsStandalone.Extensions.dll
Registered in 0.009083 seconds.
Native extension for WindowsStandalone target not found
Native extension for WebGL target not found
Refreshing native plugins compatible for Editor in 52.27 ms, found 1 plugins.
Preloading 0 native plugins for Editor in 0.00 ms.
Mono: successfully reloaded assembly
- Completed reload, in  0.578 seconds
Domain Reload Profiling:
	ReloadAssembly (578ms)
		BeginReloadAssembly (75ms)
			ExecutionOrderSort (0ms)
			DisableScriptedObjects (0ms)
			BackupInstance (0ms)
			ReleaseScriptingObjects (0ms)
			CreateAndSetChildDomain (1ms)
		EndReloadAssembly (391ms)
			LoadAssemblies (73ms)
			RebuildTransferFunctionScriptingTraits (0ms)
			SetupTypeCache (97ms)
			ReleaseScriptCaches (0ms)
			RebuildScriptCaches (23ms)
			SetupLoadedEditorAssemblies (224ms)
				LogAssemblyErrors (0ms)
				InitializePlatformSupportModulesInManaged (9ms)
				SetLoadedEditorAssemblies (0ms)
				RefreshPlugins (52ms)
				BeforeProcessingInitializeOnLoad (1ms)
				ProcessInitializeOnLoadAttributes (122ms)
				ProcessInitializeOnLoadMethodAttributes (40ms)
				AfterProcessingInitializeOnLoad (0ms)
				EditorAssembliesLoaded (0ms)
			ExecutionOrderSort2 (0ms)
			AwakeInstancesAfterBackupRestoration (0ms)
Platform modules already initialized, skipping
Registering precompiled user dll's ...
Registered in 0.009220 seconds.
Begin MonoManager ReloadAssembly
Native extension for WindowsStandalone target not found
Native extension for WebGL target not found
Refreshing native plugins compatible for Editor in 0.71 ms, found 1 plugins.
Preloading 0 native plugins for Editor in 0.00 ms.
Mono: successfully reloaded assembly
- Completed reload, in  1.045 seconds
Domain Reload Profiling:
	ReloadAssembly (1045ms)
		BeginReloadAssembly (117ms)
			ExecutionOrderSort (0ms)
			DisableScriptedObjects (5ms)
			BackupInstance (0ms)
			ReleaseScriptingObjects (0ms)
			CreateAndSetChildDomain (19ms)
		EndReloadAssembly (833ms)
			LoadAssemblies (88ms)
			RebuildTransferFunctionScriptingTraits (0ms)
			SetupTypeCache (199ms)
			ReleaseScriptCaches (1ms)
			RebuildScriptCaches (67ms)
			SetupLoadedEditorAssemblies (454ms)
				LogAssemblyErrors (0ms)
				InitializePlatformSupportModulesInManaged (14ms)
				SetLoadedEditorAssemblies (0ms)
				RefreshPlugins (1ms)
				BeforeProcessingInitializeOnLoad (69ms)
				ProcessInitializeOnLoadAttributes (156ms)
				ProcessInitializeOnLoadMethodAttributes (205ms)
				AfterProcessingInitializeOnLoad (8ms)
				EditorAssembliesLoaded (0ms)
			ExecutionOrderSort2 (0ms)
			AwakeInstancesAfterBackupRestoration (6ms)
Platform modules already initialized, skipping
========================================================================
Worker process is ready to serve import requests
Launched and connected shader compiler UnityShaderCompiler.exe after 0.06 seconds
Refreshing native plugins compatible for Editor in 0.74 ms, found 1 plugins.
Preloading 0 native plugins for Editor in 0.00 ms.
Unloading 2401 Unused Serialized files (Serialized files now loaded: 0)
Unloading 92 unused Assets / (112.0 KB). Loaded Objects now: 2911.
Memory consumption went from 119.6 MB to 119.4 MB.
Total: 3.629000 ms (FindLiveObjects: 0.308400 ms CreateObjectMapping: 0.074800 ms MarkObjects: 3.113100 ms  DeleteObjects: 0.130900 ms)

AssetImportParameters requested are different than current active one (requested -> active):
  custom:video-decoder-ogg-theora: a1e56fd34408186e4bbccfd4996cb3dc -> 
  custom:container-muxer-webm: aa71ff27fc2769a1b78a27578f13a17b -> 
  custom:container-demuxer-webm: 4f35f7cbe854078d1ac9338744f61a02 -> 
  custom:video-encoder-webm-vp8: eb34c28f22e8b96e1ab97ce403110664 -> 
  custom:audio-encoder-webm-vorbis: bf7c407c2cedff20999df2af8eb42d56 -> 
  custom:framework-win-MediaFoundation: 216162199b28c13a410421893ffa2e32 -> 
  custom:container-demuxer-ogg: 62fdf1f143b41e24485cea50d1cbac27 -> 
  custom:video-decoder-webm-vp8: 9c59270c3fd7afecdb556c50c9e8de78 -> 
  custom:audio-decoder-ogg-vorbis: bf7c407c2cedff20999df2af8eb42d56 -> 
========================================================================
Received Import Request.
  Time since last request: 155713.551821 seconds.
  path: Assets/Global.prefab
  artifactKey: Guid(d514ca4d35012064b90f0936ac25aee3) Importer(815301076,1909f56bfc062723c751e8b465ee728b)
Start importing Assets/Global.prefab using Guid(d514ca4d35012064b90f0936ac25aee3) Importer(815301076,1909f56bfc062723c751e8b465ee728b)  -> (artifact id: '411051b529ef57febea0e9da365c9d03') in 2.208684 seconds 
========================================================================
Received Prepare
Registering precompiled user dll's ...
Registered in 0.008573 seconds.
Begin MonoManager ReloadAssembly
Native extension for WindowsStandalone target not found
Native extension for WebGL target not found
Refreshing native plugins compatible for Editor in 1.19 ms, found 1 plugins.
Preloading 0 native plugins for Editor in 0.00 ms.
System.Reflection.TargetInvocationException: Exception has been thrown by the target of an invocation. ---> System.NullReferenceException: Object reference not set to an instance of an object
  at XNodeEditor.NodeEditorAssetModProcessor.OnReloadEditor () [0x0004b] in C:\Users\Dylan\Downloads\vapor-trails\Library\PackageCache\com.github.siccity.xnode@1fb94b2413\Scripts\Editor\NodeEditorAssetModProcessor.cs:55 
  at (wrapper managed-to-native) System.Reflection.RuntimeMethodInfo.InternalInvoke(System.Reflection.RuntimeMethodInfo,object,object[],System.Exception&)
  at System.Reflection.RuntimeMethodInfo.Invoke (System.Object obj, System.Reflection.BindingFlags invokeAttr, System.Reflection.Binder binder, System.Object[] parameters, System.Globalization.CultureInfo culture) [0x0006a] in <6073cf49ed704e958b8a66d540dea948>:0 
   --- End of inner exception stack trace ---
  at System.Reflection.RuntimeMethodInfo.Invoke (System.Object obj, System.Reflection.BindingFlags invokeAttr, System.Reflection.Binder binder, System.Object[] parameters, System.Globalization.CultureInfo culture) [0x00083] in <6073cf49ed704e958b8a66d540dea948>:0 
  at System.Reflection.MethodBase.Invoke (System.Object obj, System.Object[] parameters) [0x00000] in <6073cf49ed704e958b8a66d540dea948>:0 
  at UnityEditor.EditorAssemblies.ProcessInitializeOnLoadMethodAttributes () [0x000a5] in <31b86d204baf45de8328f2d1261a79f7>:0 
UnityEngine.StackTraceUtility:ExtractStackTrace ()
UnityEngine.DebugLogHandler:LogFormat (UnityEngine.LogType,UnityEngine.Object,string,object[])
UnityEngine.Logger:Log (UnityEngine.LogType,object)
UnityEngine.Debug:LogError (object)
UnityEditor.EditorAssemblies:ProcessInitializeOnLoadMethodAttributes ()

Mono: successfully reloaded assembly
- Completed reload, in  1.094 seconds
Domain Reload Profiling:
	ReloadAssembly (1094ms)
		BeginReloadAssembly (135ms)
			ExecutionOrderSort (0ms)
			DisableScriptedObjects (5ms)
			BackupInstance (0ms)
			ReleaseScriptingObjects (0ms)
			CreateAndSetChildDomain (40ms)
		EndReloadAssembly (850ms)
			LoadAssemblies (84ms)
			RebuildTransferFunctionScriptingTraits (0ms)
			SetupTypeCache (221ms)
			ReleaseScriptCaches (1ms)
			RebuildScriptCaches (62ms)
			SetupLoadedEditorAssemblies (418ms)
				LogAssemblyErrors (0ms)
				InitializePlatformSupportModulesInManaged (15ms)
				SetLoadedEditorAssemblies (0ms)
				RefreshPlugins (1ms)
				BeforeProcessingInitializeOnLoad (60ms)
				ProcessInitializeOnLoadAttributes (144ms)
				ProcessInitializeOnLoadMethodAttributes (189ms)
				AfterProcessingInitializeOnLoad (8ms)
				EditorAssembliesLoaded (0ms)
			ExecutionOrderSort2 (0ms)
			AwakeInstancesAfterBackupRestoration (6ms)
Platform modules already initialized, skipping
Refreshing native plugins compatible for Editor in 2.39 ms, found 1 plugins.
Preloading 0 native plugins for Editor in 0.00 ms.
Unloading 2339 Unused Serialized files (Serialized files now loaded: 0)
Unloading 38 unused Assets / (103.5 KB). Loaded Objects now: 2946.
Memory consumption went from 123.4 MB to 123.3 MB.
Total: 3.008100 ms (FindLiveObjects: 0.235700 ms CreateObjectMapping: 0.058800 ms MarkObjects: 2.602700 ms  DeleteObjects: 0.109300 ms)

AssetImportParameters requested are different than current active one (requested -> active):
  custom:video-decoder-ogg-theora: a1e56fd34408186e4bbccfd4996cb3dc -> 
  custom:container-muxer-webm: aa71ff27fc2769a1b78a27578f13a17b -> 
  custom:container-demuxer-webm: 4f35f7cbe854078d1ac9338744f61a02 -> 
  custom:video-encoder-webm-vp8: eb34c28f22e8b96e1ab97ce403110664 -> 
  custom:audio-encoder-webm-vorbis: bf7c407c2cedff20999df2af8eb42d56 -> 
  custom:framework-win-MediaFoundation: 216162199b28c13a410421893ffa2e32 -> 
  custom:container-demuxer-ogg: 62fdf1f143b41e24485cea50d1cbac27 -> 
  custom:video-decoder-webm-vp8: 9c59270c3fd7afecdb556c50c9e8de78 -> 
  custom:audio-decoder-ogg-vorbis: bf7c407c2cedff20999df2af8eb42d56 -> 
========================================================================
Received Prepare
Registering precompiled user dll's ...
Registered in 0.008854 seconds.
Begin MonoManager ReloadAssembly
Native extension for WindowsStandalone target not found
Native extension for WebGL target not found
Refreshing native plugins compatible for Editor in 0.72 ms, found 1 plugins.
Preloading 0 native plugins for Editor in 0.00 ms.
System.Reflection.TargetInvocationException: Exception has been thrown by the target of an invocation. ---> System.NullReferenceException: Object reference not set to an instance of an object
  at XNodeEditor.NodeEditorAssetModProcessor.OnReloadEditor () [0x0004b] in C:\Users\Dylan\Downloads\vapor-trails\Library\PackageCache\com.github.siccity.xnode@1fb94b2413\Scripts\Editor\NodeEditorAssetModProcessor.cs:55 
  at (wrapper managed-to-native) System.Reflection.RuntimeMethodInfo.InternalInvoke(System.Reflection.RuntimeMethodInfo,object,object[],System.Exception&)
  at System.Reflection.RuntimeMethodInfo.Invoke (System.Object obj, System.Reflection.BindingFlags invokeAttr, System.Reflection.Binder binder, System.Object[] parameters, System.Globalization.CultureInfo culture) [0x0006a] in <6073cf49ed704e958b8a66d540dea948>:0 
   --- End of inner exception stack trace ---
  at System.Reflection.RuntimeMethodInfo.Invoke (System.Object obj, System.Reflection.BindingFlags invokeAttr, System.Reflection.Binder binder, System.Object[] parameters, System.Globalization.CultureInfo culture) [0x00083] in <6073cf49ed704e958b8a66d540dea948>:0 
  at System.Reflection.MethodBase.Invoke (System.Object obj, System.Object[] parameters) [0x00000] in <6073cf49ed704e958b8a66d540dea948>:0 
  at UnityEditor.EditorAssemblies.ProcessInitializeOnLoadMethodAttributes () [0x000a5] in <31b86d204baf45de8328f2d1261a79f7>:0 
UnityEngine.StackTraceUtility:ExtractStackTrace ()
UnityEngine.DebugLogHandler:LogFormat (UnityEngine.LogType,UnityEngine.Object,string,object[])
UnityEngine.Logger:Log (UnityEngine.LogType,object)
UnityEngine.Debug:LogError (object)
UnityEditor.EditorAssemblies:ProcessInitializeOnLoadMethodAttributes ()

Mono: successfully reloaded assembly
- Completed reload, in  1.002 seconds
Domain Reload Profiling:
	ReloadAssembly (1003ms)
		BeginReloadAssembly (133ms)
			ExecutionOrderSort (0ms)
			DisableScriptedObjects (5ms)
			BackupInstance (0ms)
			ReleaseScriptingObjects (0ms)
			CreateAndSetChildDomain (40ms)
		EndReloadAssembly (771ms)
			LoadAssemblies (83ms)
			RebuildTransferFunctionScriptingTraits (0ms)
			SetupTypeCache (179ms)
			ReleaseScriptCaches (1ms)
			RebuildScriptCaches (38ms)
			SetupLoadedEditorAssemblies (435ms)
				LogAssemblyErrors (0ms)
				InitializePlatformSupportModulesInManaged (14ms)
				SetLoadedEditorAssemblies (0ms)
				RefreshPlugins (1ms)
				BeforeProcessingInitializeOnLoad (56ms)
				ProcessInitializeOnLoadAttributes (150ms)
				ProcessInitializeOnLoadMethodAttributes (204ms)
				AfterProcessingInitializeOnLoad (9ms)
				EditorAssembliesLoaded (0ms)
			ExecutionOrderSort2 (0ms)
			AwakeInstancesAfterBackupRestoration (6ms)
Platform modules already initialized, skipping
Refreshing native plugins compatible for Editor in 3.13 ms, found 1 plugins.
Preloading 0 native plugins for Editor in 0.00 ms.
Unloading 2339 Unused Serialized files (Serialized files now loaded: 0)
Unloading 26 unused Assets / (98.9 KB). Loaded Objects now: 2961.
Memory consumption went from 123.4 MB to 123.3 MB.
Total: 3.788000 ms (FindLiveObjects: 0.274300 ms CreateObjectMapping: 0.071200 ms MarkObjects: 3.399900 ms  DeleteObjects: 0.041200 ms)

AssetImportParameters requested are different than current active one (requested -> active):
  custom:video-decoder-ogg-theora: a1e56fd34408186e4bbccfd4996cb3dc -> 
  custom:container-muxer-webm: aa71ff27fc2769a1b78a27578f13a17b -> 
  custom:container-demuxer-webm: 4f35f7cbe854078d1ac9338744f61a02 -> 
  custom:video-encoder-webm-vp8: eb34c28f22e8b96e1ab97ce403110664 -> 
  custom:audio-encoder-webm-vorbis: bf7c407c2cedff20999df2af8eb42d56 -> 
  custom:framework-win-MediaFoundation: 216162199b28c13a410421893ffa2e32 -> 
  custom:container-demuxer-ogg: 62fdf1f143b41e24485cea50d1cbac27 -> 
  custom:video-decoder-webm-vp8: 9c59270c3fd7afecdb556c50c9e8de78 -> 
  custom:audio-decoder-ogg-vorbis: bf7c407c2cedff20999df2af8eb42d56 -> 
========================================================================
Received Prepare
Registering precompiled user dll's ...
Registered in 0.011509 seconds.
Begin MonoManager ReloadAssembly
Native extension for WindowsStandalone target not found
Native extension for WebGL target not found
Refreshing native plugins compatible for Editor in 0.85 ms, found 1 plugins.
Preloading 0 native plugins for Editor in 0.00 ms.
System.Reflection.TargetInvocationException: Exception has been thrown by the target of an invocation. ---> System.NullReferenceException: Object reference not set to an instance of an object
  at XNodeEditor.NodeEditorAssetModProcessor.OnReloadEditor () [0x0004b] in C:\Users\Dylan\Downloads\vapor-trails\Library\PackageCache\com.github.siccity.xnode@1fb94b2413\Scripts\Editor\NodeEditorAssetModProcessor.cs:55 
  at (wrapper managed-to-native) System.Reflection.RuntimeMethodInfo.InternalInvoke(System.Reflection.RuntimeMethodInfo,object,object[],System.Exception&)
  at System.Reflection.RuntimeMethodInfo.Invoke (System.Object obj, System.Reflection.BindingFlags invokeAttr, System.Reflection.Binder binder, System.Object[] parameters, System.Globalization.CultureInfo culture) [0x0006a] in <6073cf49ed704e958b8a66d540dea948>:0 
   --- End of inner exception stack trace ---
  at System.Reflection.RuntimeMethodInfo.Invoke (System.Object obj, System.Reflection.BindingFlags invokeAttr, System.Reflection.Binder binder, System.Object[] parameters, System.Globalization.CultureInfo culture) [0x00083] in <6073cf49ed704e958b8a66d540dea948>:0 
  at System.Reflection.MethodBase.Invoke (System.Object obj, System.Object[] parameters) [0x00000] in <6073cf49ed704e958b8a66d540dea948>:0 
  at UnityEditor.EditorAssemblies.ProcessInitializeOnLoadMethodAttributes () [0x000a5] in <31b86d204baf45de8328f2d1261a79f7>:0 
UnityEngine.StackTraceUtility:ExtractStackTrace ()
UnityEngine.DebugLogHandler:LogFormat (UnityEngine.LogType,UnityEngine.Object,string,object[])
UnityEngine.Logger:Log (UnityEngine.LogType,object)
UnityEngine.Debug:LogError (object)
UnityEditor.EditorAssemblies:ProcessInitializeOnLoadMethodAttributes ()

Mono: successfully reloaded assembly
- Completed reload, in  1.028 seconds
Domain Reload Profiling:
	ReloadAssembly (1028ms)
		BeginReloadAssembly (133ms)
			ExecutionOrderSort (0ms)
			DisableScriptedObjects (5ms)
			BackupInstance (0ms)
			ReleaseScriptingObjects (0ms)
			CreateAndSetChildDomain (37ms)
		EndReloadAssembly (797ms)
			LoadAssemblies (91ms)
			RebuildTransferFunctionScriptingTraits (0ms)
			SetupTypeCache (174ms)
			ReleaseScriptCaches (1ms)
			RebuildScriptCaches (41ms)
			SetupLoadedEditorAssemblies (452ms)
				LogAssemblyErrors (0ms)
				InitializePlatformSupportModulesInManaged (14ms)
				SetLoadedEditorAssemblies (0ms)
				RefreshPlugins (1ms)
				BeforeProcessingInitializeOnLoad (60ms)
				ProcessInitializeOnLoadAttributes (151ms)
				ProcessInitializeOnLoadMethodAttributes (214ms)
				AfterProcessingInitializeOnLoad (10ms)
				EditorAssembliesLoaded (0ms)
			ExecutionOrderSort2 (0ms)
			AwakeInstancesAfterBackupRestoration (7ms)
Platform modules already initialized, skipping
Refreshing native plugins compatible for Editor in 2.88 ms, found 1 plugins.
Preloading 0 native plugins for Editor in 0.00 ms.
Unloading 2339 Unused Serialized files (Serialized files now loaded: 0)
Unloading 26 unused Assets / (98.9 KB). Loaded Objects now: 2976.
Memory consumption went from 123.4 MB to 123.3 MB.
Total: 3.922300 ms (FindLiveObjects: 0.318800 ms CreateObjectMapping: 0.077800 ms MarkObjects: 3.458700 ms  DeleteObjects: 0.064500 ms)

AssetImportParameters requested are different than current active one (requested -> active):
  custom:video-decoder-ogg-theora: a1e56fd34408186e4bbccfd4996cb3dc -> 
  custom:container-muxer-webm: aa71ff27fc2769a1b78a27578f13a17b -> 
  custom:container-demuxer-webm: 4f35f7cbe854078d1ac9338744f61a02 -> 
  custom:video-encoder-webm-vp8: eb34c28f22e8b96e1ab97ce403110664 -> 
  custom:audio-encoder-webm-vorbis: bf7c407c2cedff20999df2af8eb42d56 -> 
  custom:framework-win-MediaFoundation: 216162199b28c13a410421893ffa2e32 -> 
  custom:container-demuxer-ogg: 62fdf1f143b41e24485cea50d1cbac27 -> 
  custom:video-decoder-webm-vp8: 9c59270c3fd7afecdb556c50c9e8de78 -> 
  custom:audio-decoder-ogg-vorbis: bf7c407c2cedff20999df2af8eb42d56 -> 
========================================================================
Received Import Request.
  Time since last request: 61.718198 seconds.
  path: Assets/Player/fight portraits
  artifactKey: Guid(3b890021a08f8bc43a6e262a2db4af5f) Importer(815301076,1909f56bfc062723c751e8b465ee728b)
Start importing Assets/Player/fight portraits using Guid(3b890021a08f8bc43a6e262a2db4af5f) Importer(815301076,1909f56bfc062723c751e8b465ee728b)  -> (artifact id: 'a0227c7a93ef1e990c593ed11ad0cfad') in 0.006057 seconds 
========================================================================
Received Import Request.
  Time since last request: 0.045929 seconds.
  path: Assets/Player/fight portraits/val fight portrait wings.png
  artifactKey: Guid(a4138a300eee43247a20b17260b3e1bf) Importer(815301076,1909f56bfc062723c751e8b465ee728b)
Start importing Assets/Player/fight portraits/val fight portrait wings.png using Guid(a4138a300eee43247a20b17260b3e1bf) Importer(815301076,1909f56bfc062723c751e8b465ee728b)  -> (artifact id: '8338859d2e297a7b7da2ced747fe7483') in 0.096864 seconds 
========================================================================
Received Import Request.
  Time since last request: 23.629434 seconds.
  path: Assets/Player/Materials
  artifactKey: Guid(46d0ca5a353d5a04c9ba37de083cd0d1) Importer(815301076,1909f56bfc062723c751e8b465ee728b)
Start importing Assets/Player/Materials using Guid(46d0ca5a353d5a04c9ba37de083cd0d1) Importer(815301076,1909f56bfc062723c751e8b465ee728b)  -> (artifact id: 'a2d9865210bf5ec51855068261499888') in 0.002198 seconds 
========================================================================
Received Import Request.
  Time since last request: 1.091209 seconds.
  path: Assets/Player/PlayerOverlay
  artifactKey: Guid(44e97bee70fd3a34c97e58e0c3fee032) Importer(815301076,1909f56bfc062723c751e8b465ee728b)
Start importing Assets/Player/PlayerOverlay using Guid(44e97bee70fd3a34c97e58e0c3fee032) Importer(815301076,1909f56bfc062723c751e8b465ee728b)  -> (artifact id: 'f0abe1cbabc081a25f546816362dc0e8') in 0.002328 seconds 
========================================================================
Received Import Request.
  Time since last request: 0.038968 seconds.
  path: Assets/Player/PlayerOverlay/purple lightning.png
  artifactKey: Guid(0caa8a42db64df541a69f00da201cbff) Importer(815301076,1909f56bfc062723c751e8b465ee728b)
Start importing Assets/Player/PlayerOverlay/purple lightning.png using Guid(0caa8a42db64df541a69f00da201cbff) Importer(815301076,1909f56bfc062723c751e8b465ee728b)  -> (artifact id: 'b8e02beb7444b5cfb68b2ed4561b8641') in 0.015394 seconds 
========================================================================
Received Import Request.
  Time since last request: 2.595529 seconds.
  path: Assets/Player/Materials/player-top-wing.mat
  artifactKey: Guid(b75efad80a3ef4848a6c072889a09f62) Importer(815301076,1909f56bfc062723c751e8b465ee728b)
Start importing Assets/Player/Materials/player-top-wing.mat using Guid(b75efad80a3ef4848a6c072889a09f62) Importer(815301076,1909f56bfc062723c751e8b465ee728b)  -> (artifact id: 'a528a71a21049ac4600a7cbe9f23fddc') in 0.034737 seconds 
========================================================================
Received Import Request.
  Time since last request: 3.207656 seconds.
  path: Assets/Rewired/Extras/ControlMapper/Images/graphic-move-stick.png
  artifactKey: Guid(a734389a53a8a384888da1abcad1dd1f) Importer(815301076,1909f56bfc062723c751e8b465ee728b)
Start importing Assets/Rewired/Extras/ControlMapper/Images/graphic-move-stick.png using Guid(a734389a53a8a384888da1abcad1dd1f) Importer(815301076,1909f56bfc062723c751e8b465ee728b)  -> (artifact id: '1ab7450159f3ca5994fae87fbcacff7e') in 0.018798 seconds 
========================================================================
Received Import Request.
  Time since last request: 0.000036 seconds.
  path: Assets/UI/stick move glyph.png
  artifactKey: Guid(49b532397d4da23428df531a8d6ab620) Importer(815301076,1909f56bfc062723c751e8b465ee728b)
Start importing Assets/UI/stick move glyph.png using Guid(49b532397d4da23428df531a8d6ab620) Importer(815301076,1909f56bfc062723c751e8b465ee728b)  -> (artifact id: 'fada4fcfe2b3ba9efa0eeef0bb5f9e52') in 0.023235 seconds 
========================================================================
Received Import Request.
  Time since last request: 6.829795 seconds.
  path: Assets/Paradise/Sprites and Animations/gray/gray new atlas.png
  artifactKey: Guid(76f4ed8bd8c3c5148a617bac38fcc313) Importer(815301076,1909f56bfc062723c751e8b465ee728b)
Start importing Assets/Paradise/Sprites and Animations/gray/gray new atlas.png using Guid(76f4ed8bd8c3c5148a617bac38fcc313) Importer(815301076,1909f56bfc062723c751e8b465ee728b)  -> (artifact id: '1f6711542f9714ed3d0725fed502c212') in 0.117196 seconds 
========================================================================
Received Import Request.
  Time since last request: 8.456413 seconds.
  path: Assets/Resources/ScriptableObjects/Runtime/Save Containers/Dev/Night Market Post Richter.asset
  artifactKey: Guid(c19873e7640e9c44f98dcf20ae189a2f) Importer(815301076,1909f56bfc062723c751e8b465ee728b)
Start importing Assets/Resources/ScriptableObjects/Runtime/Save Containers/Dev/Night Market Post Richter.asset using Guid(c19873e7640e9c44f98dcf20ae189a2f) Importer(815301076,1909f56bfc062723c751e8b465ee728b)  -> (artifact id: '6b508de2a4779047bfb95300a0402584') in 0.023419 seconds 
========================================================================
Received Import Request.
  Time since last request: 0.000037 seconds.
  path: Assets/Resources/ScriptableObjects/Runtime/Save Containers/Dev/PostTutorial.asset
  artifactKey: Guid(f4b6800d3476e1c478518e0c03822f9c) Importer(815301076,1909f56bfc062723c751e8b465ee728b)
Start importing Assets/Resources/ScriptableObjects/Runtime/Save Containers/Dev/PostTutorial.asset using Guid(f4b6800d3476e1c478518e0c03822f9c) Importer(815301076,1909f56bfc062723c751e8b465ee728b)  -> (artifact id: '683572285363389af1cc6d278bca3d01') in 0.009663 seconds 
========================================================================
Received Import Request.
  Time since last request: 1.764977 seconds.
  path: Assets/Rewired/Internal/Data/Controllers/HardwareMaps/Joysticks/3DconnexionSpaceNavigator.asset
  artifactKey: Guid(d13d1bbf4510c45419ee6a683921f11c) Importer(815301076,1909f56bfc062723c751e8b465ee728b)
Start importing Assets/Rewired/Internal/Data/Controllers/HardwareMaps/Joysticks/3DconnexionSpaceNavigator.asset using Guid(d13d1bbf4510c45419ee6a683921f11c) Importer(815301076,1909f56bfc062723c751e8b465ee728b)  -> (artifact id: '003aee4918e64569c1cea12a79d39159') in 0.033834 seconds 
========================================================================
Received Import Request.
  Time since last request: 0.000027 seconds.
  path: Assets/Misc Prefabs/Accelerator.prefab
  artifactKey: Guid(14f77cd744a41ef4e9a70e29222cc2d5) Importer(815301076,1909f56bfc062723c751e8b465ee728b)
Start importing Assets/Misc Prefabs/Accelerator.prefab using Guid(14f77cd744a41ef4e9a70e29222cc2d5) Importer(815301076,1909f56bfc062723c751e8b465ee728b)  -> (artifact id: 'ceabdb36b1012631ca0e1dc5a19e1884') in 0.042820 seconds 
========================================================================
Received Import Request.
  Time since last request: 0.000047 seconds.
  path: Assets/Resources/Materials/Accelerator.mat
  artifactKey: Guid(044b35617c00c4285b3ba1ec0d40704e) Importer(815301076,1909f56bfc062723c751e8b465ee728b)
Start importing Assets/Resources/Materials/Accelerator.mat using Guid(044b35617c00c4285b3ba1ec0d40704e) Importer(815301076,1909f56bfc062723c751e8b465ee728b)  -> (artifact id: '8503953850c48ecd7193b29ab0405d2b') in 0.025059 seconds 
========================================================================
Received Import Request.
  Time since last request: 0.682830 seconds.
  path: Assets/Rewired/Internal/Data/Controllers/HardwareMaps/Joysticks/LogitechAttack3.asset
  artifactKey: Guid(7e9b5836ed400864b81cb0175ae50e21) Importer(815301076,1909f56bfc062723c751e8b465ee728b)
Start importing Assets/Rewired/Internal/Data/Controllers/HardwareMaps/Joysticks/LogitechAttack3.asset using Guid(7e9b5836ed400864b81cb0175ae50e21) Importer(815301076,1909f56bfc062723c751e8b465ee728b)  -> (artifact id: '1b8d416974d2bfc83fbfc2cee166a33e') in 0.006086 seconds 
========================================================================
Received Import Request.
  Time since last request: 0.000023 seconds.
  path: Assets/UI/attack forms/Unlocked Attack.prefab
  artifactKey: Guid(ac960a57de7bd61489abd2d952580046) Importer(815301076,1909f56bfc062723c751e8b465ee728b)
Start importing Assets/UI/attack forms/Unlocked Attack.prefab using Guid(ac960a57de7bd61489abd2d952580046) Importer(815301076,1909f56bfc062723c751e8b465ee728b)  -> (artifact id: '8cd652b6614c44c29eb4e0fd9f6db76d') in 0.017695 seconds 
========================================================================
Received Import Request.
  Time since last request: 11.802152 seconds.
  path: Assets/UI/attack forms/Kick Glyph.prefab
  artifactKey: Guid(71b634afc2df7a1438050fd9c5a14c82) Importer(815301076,1909f56bfc062723c751e8b465ee728b)
Start importing Assets/UI/attack forms/Kick Glyph.prefab using Guid(71b634afc2df7a1438050fd9c5a14c82) Importer(815301076,1909f56bfc062723c751e8b465ee728b)  -> (artifact id: 'f7b94e6f129168e925c2d5f247d706d8') in 0.006706 seconds 
========================================================================
Received Import Request.
  Time since last request: 0.000028 seconds.
  path: Assets/UI/attack forms/Punch Glyph.prefab
  artifactKey: Guid(290c8052304f62d4f970a35ec70d5294) Importer(815301076,1909f56bfc062723c751e8b465ee728b)
Start importing Assets/UI/attack forms/Punch Glyph.prefab using Guid(290c8052304f62d4f970a35ec70d5294) Importer(815301076,1909f56bfc062723c751e8b465ee728b)  -> (artifact id: 'a06d7e1170d566498682f06fca0b65a6') in 0.008255 seconds 
========================================================================
Received Import Request.
  Time since last request: 0.000043 seconds.
  path: Assets/UI/attack forms/Unnamed Combo.prefab
  artifactKey: Guid(f489585014f51764f9ca6189fb4d9b88) Importer(815301076,1909f56bfc062723c751e8b465ee728b)
Start importing Assets/UI/attack forms/Unnamed Combo.prefab using Guid(f489585014f51764f9ca6189fb4d9b88) Importer(815301076,1909f56bfc062723c751e8b465ee728b)  -> (artifact id: '412d0005dd36569bd8a3b49cd1e33312') in 0.008728 seconds 
========================================================================
Received Import Request.
  Time since last request: 0.000029 seconds.
  path: Assets/UI/attack forms/Plus Glyph.prefab
  artifactKey: Guid(5007fc2fb0c94ea4183bbe879ab7e479) Importer(815301076,1909f56bfc062723c751e8b465ee728b)
Start importing Assets/UI/attack forms/Plus Glyph.prefab using Guid(5007fc2fb0c94ea4183bbe879ab7e479) Importer(815301076,1909f56bfc062723c751e8b465ee728b)  -> (artifact id: '9188bcbc94a0f25de056795adc14f723') in 0.006098 seconds 
========================================================================
Received Import Request.
  Time since last request: 0.923956 seconds.
  path: Assets/Highway Terminal/Tilemaps/HighwayStreetlightTile.asset
  artifactKey: Guid(1b510b07d25c27b4d88bdba6da015e64) Importer(815301076,1909f56bfc062723c751e8b465ee728b)
Start importing Assets/Highway Terminal/Tilemaps/HighwayStreetlightTile.asset using Guid(1b510b07d25c27b4d88bdba6da015e64) Importer(815301076,1909f56bfc062723c751e8b465ee728b)  -> (artifact id: 'e3185c52a66570f64aec094eaafe49a8') in 0.019114 seconds 
========================================================================
Received Import Request.
  Time since last request: 0.000025 seconds.
  path: Assets/Vapor City/tilemaps/TreeLeafSpawner.prefab
  artifactKey: Guid(cf80bbddea1ea42428c6f0ddc2500030) Importer(815301076,1909f56bfc062723c751e8b465ee728b)
Start importing Assets/Vapor City/tilemaps/TreeLeafSpawner.prefab using Guid(cf80bbddea1ea42428c6f0ddc2500030) Importer(815301076,1909f56bfc062723c751e8b465ee728b)  -> (artifact id: '4e668e567d72d0babd4a0982aae4271b') in 0.022245 seconds 
========================================================================
Received Import Request.
  Time since last request: 0.000033 seconds.
  path: Assets/Vapor City/tilemaps/tree.png
  artifactKey: Guid(a56c64d5ac242f642b43a9a3c2c3672f) Importer(815301076,1909f56bfc062723c751e8b465ee728b)
Start importing Assets/Vapor City/tilemaps/tree.png using Guid(a56c64d5ac242f642b43a9a3c2c3672f) Importer(815301076,1909f56bfc062723c751e8b465ee728b)  -> (artifact id: '327b8ac71900bb10e1767e032c2deb0e') in 0.034651 seconds 
========================================================================
Received Import Request.
  Time since last request: 0.000024 seconds.
  path: Assets/Vapor City/Prefabs/Streetlights.prefab
  artifactKey: Guid(147048a74148ff24791a6cb42df97489) Importer(815301076,1909f56bfc062723c751e8b465ee728b)
Start importing Assets/Vapor City/Prefabs/Streetlights.prefab using Guid(147048a74148ff24791a6cb42df97489) Importer(815301076,1909f56bfc062723c751e8b465ee728b)  -> (artifact id: '1e7ddcc6210e4c885e1f85b669e2e151') in 0.007007 seconds 
========================================================================
Received Import Request.
  Time since last request: 0.000033 seconds.
  path: Assets/Vapor City/tilemaps/TreeTrunkTile.asset
  artifactKey: Guid(3b8adb12253ffd248a1043a71681fc8e) Importer(815301076,1909f56bfc062723c751e8b465ee728b)
Start importing Assets/Vapor City/tilemaps/TreeTrunkTile.asset using Guid(3b8adb12253ffd248a1043a71681fc8e) Importer(815301076,1909f56bfc062723c751e8b465ee728b)  -> (artifact id: 'f9daf9e4e929a7964bcdc421334b3856') in 0.015825 seconds 
========================================================================
Received Import Request.
  Time since last request: 0.000028 seconds.
  path: Assets/Vapor City/Sprites and Animations/PalmTreeTrunk.mat
  artifactKey: Guid(07319a05f3c323849a77b31c9d716534) Importer(815301076,1909f56bfc062723c751e8b465ee728b)
Start importing Assets/Vapor City/Sprites and Animations/PalmTreeTrunk.mat using Guid(07319a05f3c323849a77b31c9d716534) Importer(815301076,1909f56bfc062723c751e8b465ee728b)  -> (artifact id: 'a457603e06d329d9934731a9ce3e5879') in 0.014157 seconds 
========================================================================
Received Import Request.
  Time since last request: 27.564628 seconds.
  path: Assets/Resources/ImpactDustPrefab.prefab
  artifactKey: Guid(dfbd90428f2dcef43a50f61713ea5a3b) Importer(815301076,1909f56bfc062723c751e8b465ee728b)
Start importing Assets/Resources/ImpactDustPrefab.prefab using Guid(dfbd90428f2dcef43a50f61713ea5a3b) Importer(815301076,1909f56bfc062723c751e8b465ee728b)  -> (artifact id: 'e2ef738b43a0dbbb17f69a226685819d') in 0.017422 seconds 
========================================================================
Received Import Request.
  Time since last request: 0.000063 seconds.
  path: Assets/Resources/ShopIcon.prefab
  artifactKey: Guid(16de1b3e7a1264638ba68ea9596a478c) Importer(815301076,1909f56bfc062723c751e8b465ee728b)
Start importing Assets/Resources/ShopIcon.prefab using Guid(16de1b3e7a1264638ba68ea9596a478c) Importer(815301076,1909f56bfc062723c751e8b465ee728b)  -> (artifact id: '9dbe1e84a34b7c03812463920e300619') in 0.011846 seconds 
========================================================================
Received Import Request.
  Time since last request: 78.729587 seconds.
  path: Assets/Cerulean Cove/FishMaterial.mat
  artifactKey: Guid(6ee803779d1682d42898f56adc1ec14d) Importer(815301076,1909f56bfc062723c751e8b465ee728b)
Start importing Assets/Cerulean Cove/FishMaterial.mat using Guid(6ee803779d1682d42898f56adc1ec14d) Importer(815301076,1909f56bfc062723c751e8b465ee728b)  -> (artifact id: 'e3050e656403b577332f3419d0c0136c') in 0.015141 seconds 
========================================================================
Received Import Request.
  Time since last request: 104.637417 seconds.
  path: Assets/Resources/ScriptableObjects/Attacks/Missile Kick.asset
  artifactKey: Guid(272c3337a1cd06f4e96968da32b81fc1) Importer(815301076,1909f56bfc062723c751e8b465ee728b)
Start importing Assets/Resources/ScriptableObjects/Attacks/Missile Kick.asset using Guid(272c3337a1cd06f4e96968da32b81fc1) Importer(815301076,1909f56bfc062723c751e8b465ee728b)  -> (artifact id: '666c2680ec865126c2f77f28df0bfb70') in 0.003377 seconds 
========================================================================
Received Import Request.
  Time since last request: 2.622201 seconds.
  path: Assets/Resources/ScriptableObjects/Action Names/Special.asset
  artifactKey: Guid(1d98a82f2cd93134b888f1d19ae42551) Importer(815301076,1909f56bfc062723c751e8b465ee728b)
Start importing Assets/Resources/ScriptableObjects/Action Names/Special.asset using Guid(1d98a82f2cd93134b888f1d19ae42551) Importer(815301076,1909f56bfc062723c751e8b465ee728b)  -> (artifact id: 'efb939cc95b6376df66649a9504ad162') in 0.003223 seconds 
========================================================================
Received Import Request.
  Time since last request: 2.841625 seconds.
  path: Assets/Resources/ScriptableObjects/AudioResources/CrystalHit.asset
  artifactKey: Guid(7b942acd7f2cd0e43908075857e36c65) Importer(815301076,1909f56bfc062723c751e8b465ee728b)
Start importing Assets/Resources/ScriptableObjects/AudioResources/CrystalHit.asset using Guid(7b942acd7f2cd0e43908075857e36c65) Importer(815301076,1909f56bfc062723c751e8b465ee728b)  -> (artifact id: '4958aacf1548e14a9924d4f0f0ab74ea') in 0.004046 seconds 
========================================================================
Received Import Request.
  Time since last request: 0.007078 seconds.
  path: Assets/Resources/ScriptableObjects/AudioResources/HeavyPlayerHit.asset
  artifactKey: Guid(d9f1ffc119555104db0e6fcfc17a2bf8) Importer(815301076,1909f56bfc062723c751e8b465ee728b)
Start importing Assets/Resources/ScriptableObjects/AudioResources/HeavyPlayerHit.asset using Guid(d9f1ffc119555104db0e6fcfc17a2bf8) Importer(815301076,1909f56bfc062723c751e8b465ee728b)  -> (artifact id: '7ae85173a57f85e8d2e9c6b8f67c2114') in 0.004968 seconds 
========================================================================
Received Import Request.
  Time since last request: 0.000032 seconds.
  path: Assets/Resources/ScriptableObjects/AudioResources/LightPlayerHit.asset
  artifactKey: Guid(004408c25e920a64fa7fd6d508c55eaf) Importer(815301076,1909f56bfc062723c751e8b465ee728b)
Start importing Assets/Resources/ScriptableObjects/AudioResources/LightPlayerHit.asset using Guid(004408c25e920a64fa7fd6d508c55eaf) Importer(815301076,1909f56bfc062723c751e8b465ee728b)  -> (artifact id: 'efa8705337cfee844a3e3706a9eb1f76') in 0.003221 seconds 
========================================================================
Received Import Request.
  Time since last request: 2.740860 seconds.
  path: Assets/Resources/ScriptableObjects/Beacons/DeepTownLow-Lady.asset
  artifactKey: Guid(024d342908c8e4826bc2970e133fce7e) Importer(815301076,1909f56bfc062723c751e8b465ee728b)
Start importing Assets/Resources/ScriptableObjects/Beacons/DeepTownLow-Lady.asset using Guid(024d342908c8e4826bc2970e133fce7e) Importer(815301076,1909f56bfc062723c751e8b465ee728b)  -> (artifact id: 'b4a5e16024fa0f3db2b7046f9da9a94a') in 0.003652 seconds 
========================================================================
Received Import Request.
  Time since last request: 0.009956 seconds.
  path: Assets/Resources/ScriptableObjects/Beacons/Downtown-FiDi.asset
  artifactKey: Guid(d288b357cc001440892f6bfe606a0713) Importer(815301076,1909f56bfc062723c751e8b465ee728b)
Start importing Assets/Resources/ScriptableObjects/Beacons/Downtown-FiDi.asset using Guid(d288b357cc001440892f6bfe606a0713) Importer(815301076,1909f56bfc062723c751e8b465ee728b)  -> (artifact id: '6395fd1f878073b3c4b5559b2068cbef') in 0.003805 seconds 
========================================================================
Received Import Request.
  Time since last request: 0.000030 seconds.
  path: Assets/Resources/ScriptableObjects/Beacons/LaurenHouseLow.asset
  artifactKey: Guid(722205e46bcd76548924174d3a279120) Importer(815301076,1909f56bfc062723c751e8b465ee728b)
Start importing Assets/Resources/ScriptableObjects/Beacons/LaurenHouseLow.asset using Guid(722205e46bcd76548924174d3a279120) Importer(815301076,1909f56bfc062723c751e8b465ee728b)  -> (artifact id: 'd6f60651f107e6bb8f87e750ca81b308') in 0.003452 seconds 
========================================================================
Received Import Request.
  Time since last request: 0.000036 seconds.
  path: Assets/Resources/ScriptableObjects/Beacons/dev_WeatherStation.asset
  artifactKey: Guid(6faf8de63892da149a6e2a0b16f20053) Importer(815301076,1909f56bfc062723c751e8b465ee728b)
Start importing Assets/Resources/ScriptableObjects/Beacons/dev_WeatherStation.asset using Guid(6faf8de63892da149a6e2a0b16f20053) Importer(815301076,1909f56bfc062723c751e8b465ee728b)  -> (artifact id: 'e53ebc261f8a557e8ec00aab66015ffe') in 0.004265 seconds 
========================================================================
Received Import Request.
  Time since last request: 0.000025 seconds.
  path: Assets/Resources/ScriptableObjects/Beacons/RobHouse.asset
  artifactKey: Guid(de82424b15ba2a043849189287edad79) Importer(815301076,1909f56bfc062723c751e8b465ee728b)
Start importing Assets/Resources/ScriptableObjects/Beacons/RobHouse.asset using Guid(de82424b15ba2a043849189287edad79) Importer(815301076,1909f56bfc062723c751e8b465ee728b)  -> (artifact id: '3f8adf2a6cf4be83e3ab49d971aed3b3') in 0.004453 seconds 
========================================================================
Received Import Request.
  Time since last request: 0.000029 seconds.
  path: Assets/Resources/ScriptableObjects/Beacons/LaurenHouseHigh.asset
  artifactKey: Guid(dba9032f43c4d0b49a8723e142e60452) Importer(815301076,1909f56bfc062723c751e8b465ee728b)
Start importing Assets/Resources/ScriptableObjects/Beacons/LaurenHouseHigh.asset using Guid(dba9032f43c4d0b49a8723e142e60452) Importer(815301076,1909f56bfc062723c751e8b465ee728b)  -> (artifact id: '435ca1f82e4b9d7355f6797e7afae3d4') in 0.003686 seconds 
========================================================================
Received Import Request.
  Time since last request: 0.000033 seconds.
  path: Assets/Resources/ScriptableObjects/Beacons/Sewers-Elevator.asset
  artifactKey: Guid(539d3b7cd11fdec4eaf79bdd195e2a3d) Importer(815301076,1909f56bfc062723c751e8b465ee728b)
Start importing Assets/Resources/ScriptableObjects/Beacons/Sewers-Elevator.asset using Guid(539d3b7cd11fdec4eaf79bdd195e2a3d) Importer(815301076,1909f56bfc062723c751e8b465ee728b)  -> (artifact id: '20e0c8318f4f84a92b5c7e1d79bdd204') in 0.004068 seconds 
========================================================================
Received Import Request.
  Time since last request: 0.000100 seconds.
  path: Assets/Resources/ScriptableObjects/Beacons/SludgeTempleEntry.asset
  artifactKey: Guid(e4ba367acf426214ca995c3a7e7cb692) Importer(815301076,1909f56bfc062723c751e8b465ee728b)
Start importing Assets/Resources/ScriptableObjects/Beacons/SludgeTempleEntry.asset using Guid(e4ba367acf426214ca995c3a7e7cb692) Importer(815301076,1909f56bfc062723c751e8b465ee728b)  -> (artifact id: 'fc80d7de5216b0a98058cb03b8d19bb4') in 0.004331 seconds 
========================================================================
Received Import Request.
  Time since last request: 0.000026 seconds.
  path: Assets/Resources/ScriptableObjects/Beacons/Lake-Sewers.asset
  artifactKey: Guid(10c6bee5c87f571409fac5ad0a62ccde) Importer(815301076,1909f56bfc062723c751e8b465ee728b)
Start importing Assets/Resources/ScriptableObjects/Beacons/Lake-Sewers.asset using Guid(10c6bee5c87f571409fac5ad0a62ccde) Importer(815301076,1909f56bfc062723c751e8b465ee728b)  -> (artifact id: '156850a23aee4297d7b32c6aca3f9636') in 0.004807 seconds 
========================================================================
Received Import Request.
  Time since last request: 0.000063 seconds.
  path: Assets/Resources/ScriptableObjects/Beacons/Graveyard-SludgeWastes.asset
  artifactKey: Guid(d3cea5a07b70f7f4f9f17d10756b111c) Importer(815301076,1909f56bfc062723c751e8b465ee728b)
Start importing Assets/Resources/ScriptableObjects/Beacons/Graveyard-SludgeWastes.asset using Guid(d3cea5a07b70f7f4f9f17d10756b111c) Importer(815301076,1909f56bfc062723c751e8b465ee728b)  -> (artifact id: '395c717fff31c25a88615d3589856834') in 0.004073 seconds 
========================================================================
Received Import Request.
  Time since last request: 0.000035 seconds.
  path: Assets/Resources/ScriptableObjects/Beacons/GalleryParkStation-Interior.asset
  artifactKey: Guid(48e5832264319c840abe81508429a174) Importer(815301076,1909f56bfc062723c751e8b465ee728b)
Start importing Assets/Resources/ScriptableObjects/Beacons/GalleryParkStation-Interior.asset using Guid(48e5832264319c840abe81508429a174) Importer(815301076,1909f56bfc062723c751e8b465ee728b)  -> (artifact id: 'cb74c943cbce91175aa3f63b1fe0e432') in 0.003945 seconds 
========================================================================
Received Import Request.
  Time since last request: 2.478736 seconds.
  path: Assets/Resources/ScriptableObjects/Events/OnOptionsClose.asset
  artifactKey: Guid(4a8202e8d1f022545b3e1fff2cbcd976) Importer(815301076,1909f56bfc062723c751e8b465ee728b)
Start importing Assets/Resources/ScriptableObjects/Events/OnOptionsClose.asset using Guid(4a8202e8d1f022545b3e1fff2cbcd976) Importer(815301076,1909f56bfc062723c751e8b465ee728b)  -> (artifact id: 'c22527155e4c7a87fa0e9f20fbc7f513') in 0.003837 seconds 
========================================================================
Received Import Request.
  Time since last request: 0.000024 seconds.
  path: Assets/Resources/ScriptableObjects/Events/StartBossFightWithObject.asset
  artifactKey: Guid(e1a39fb1060334e43a243ccbf1eabbc4) Importer(815301076,1909f56bfc062723c751e8b465ee728b)
Start importing Assets/Resources/ScriptableObjects/Events/StartBossFightWithObject.asset using Guid(e1a39fb1060334e43a243ccbf1eabbc4) Importer(815301076,1909f56bfc062723c751e8b465ee728b)  -> (artifact id: '4657ee8ebb1efa093ee92708873e8cf7') in 0.003732 seconds 
========================================================================
Received Import Request.
  Time since last request: 0.000031 seconds.
  path: Assets/Resources/ScriptableObjects/Events/StopBossFightWithObject.asset
  artifactKey: Guid(2f06b460860bfdf458998c46fdc176ba) Importer(815301076,1909f56bfc062723c751e8b465ee728b)
Start importing Assets/Resources/ScriptableObjects/Events/StopBossFightWithObject.asset using Guid(2f06b460860bfdf458998c46fdc176ba) Importer(815301076,1909f56bfc062723c751e8b465ee728b)  -> (artifact id: '6ea0ca442ed12e4b6f82dfe3b73f4795') in 0.003281 seconds 
========================================================================
Received Import Request.
  Time since last request: 0.000026 seconds.
  path: Assets/Resources/ScriptableObjects/Events/Player Death.asset
  artifactKey: Guid(1c1f0c18eb28d7c4da3e7c1e9620aadf) Importer(815301076,1909f56bfc062723c751e8b465ee728b)
Start importing Assets/Resources/ScriptableObjects/Events/Player Death.asset using Guid(1c1f0c18eb28d7c4da3e7c1e9620aadf) Importer(815301076,1909f56bfc062723c751e8b465ee728b)  -> (artifact id: '6efcff450b903277a04c42f0029ae134') in 0.003908 seconds 
========================================================================
Received Import Request.
  Time since last request: 0.000026 seconds.
  path: Assets/Resources/ScriptableObjects/Events/OpenRemapper.asset
  artifactKey: Guid(f47e09b2328884f46ac2ff5b07307c3f) Importer(815301076,1909f56bfc062723c751e8b465ee728b)
Start importing Assets/Resources/ScriptableObjects/Events/OpenRemapper.asset using Guid(f47e09b2328884f46ac2ff5b07307c3f) Importer(815301076,1909f56bfc062723c751e8b465ee728b)  -> (artifact id: '420bc61b3ab7c40eb0ad5300a92b8e66') in 0.003100 seconds 
========================================================================
Received Import Request.
  Time since last request: 1.175822 seconds.
  path: Assets/Resources/ScriptableObjects/Game States/BeatLadyOfTheLake.asset
  artifactKey: Guid(3b864e9afca306f488eebbd04e5e3b9b) Importer(815301076,1909f56bfc062723c751e8b465ee728b)
Start importing Assets/Resources/ScriptableObjects/Game States/BeatLadyOfTheLake.asset using Guid(3b864e9afca306f488eebbd04e5e3b9b) Importer(815301076,1909f56bfc062723c751e8b465ee728b)  -> (artifact id: '157eea5e2e478a2ee165d16380449994') in 0.003550 seconds 
========================================================================
Received Import Request.
  Time since last request: 0.000025 seconds.
  path: Assets/Resources/ScriptableObjects/Game States/BeatRichterTutorial.asset
  artifactKey: Guid(b6bfd580264d45c449f14d08456a136f) Importer(815301076,1909f56bfc062723c751e8b465ee728b)
Start importing Assets/Resources/ScriptableObjects/Game States/BeatRichterTutorial.asset using Guid(b6bfd580264d45c449f14d08456a136f) Importer(815301076,1909f56bfc062723c751e8b465ee728b)  -> (artifact id: 'dc2bd60a58466c5e219c462239c7ebaf') in 0.003571 seconds 
========================================================================
Received Import Request.
  Time since last request: 0.000023 seconds.
  path: Assets/Resources/ScriptableObjects/Game States/DiscoveredEasternTurbine.asset
  artifactKey: Guid(f912f8150005a06488349fc1fcef41ac) Importer(815301076,1909f56bfc062723c751e8b465ee728b)
Start importing Assets/Resources/ScriptableObjects/Game States/DiscoveredEasternTurbine.asset using Guid(f912f8150005a06488349fc1fcef41ac) Importer(815301076,1909f56bfc062723c751e8b465ee728b)  -> (artifact id: '8b946f1d046a90f69d8405e9ff653f20') in 0.003129 seconds 
========================================================================
Received Import Request.
  Time since last request: 0.000030 seconds.
  path: Assets/Resources/ScriptableObjects/Game States/MetShailene.asset
  artifactKey: Guid(55bf302bee137f446a4360d0cb93681e) Importer(815301076,1909f56bfc062723c751e8b465ee728b)
Start importing Assets/Resources/ScriptableObjects/Game States/MetShailene.asset using Guid(55bf302bee137f446a4360d0cb93681e) Importer(815301076,1909f56bfc062723c751e8b465ee728b)  -> (artifact id: '96989b64d6c35dfc31875843a117c476') in 0.004798 seconds 
========================================================================
Received Import Request.
  Time since last request: 0.000029 seconds.
  path: Assets/Resources/ScriptableObjects/Game States/WokeUpInDeeps.asset
  artifactKey: Guid(729eb91de83b05e4bb36a9c5131d47fe) Importer(815301076,1909f56bfc062723c751e8b465ee728b)
Start importing Assets/Resources/ScriptableObjects/Game States/WokeUpInDeeps.asset using Guid(729eb91de83b05e4bb36a9c5131d47fe) Importer(815301076,1909f56bfc062723c751e8b465ee728b)  -> (artifact id: 'a622feea460a9335f6d91266f597213b') in 0.004628 seconds 
========================================================================
Received Import Request.
  Time since last request: 0.000078 seconds.
  path: Assets/Resources/ScriptableObjects/Game States/LaurenRevealedTruth.asset
  artifactKey: Guid(27753aa3d9698d44c876c9da50dcbf7d) Importer(815301076,1909f56bfc062723c751e8b465ee728b)
Start importing Assets/Resources/ScriptableObjects/Game States/LaurenRevealedTruth.asset using Guid(27753aa3d9698d44c876c9da50dcbf7d) Importer(815301076,1909f56bfc062723c751e8b465ee728b)  -> (artifact id: '58bd3153841a03802d8d40d9201868a6') in 0.003982 seconds 
========================================================================
Received Import Request.
  Time since last request: 0.000026 seconds.
  path: Assets/Resources/ScriptableObjects/Game States/DiscoveredMaintenanceTunnel.asset
  artifactKey: Guid(3e453e3c413c5d342a8fbbdcd950b406) Importer(815301076,1909f56bfc062723c751e8b465ee728b)
Start importing Assets/Resources/ScriptableObjects/Game States/DiscoveredMaintenanceTunnel.asset using Guid(3e453e3c413c5d342a8fbbdcd950b406) Importer(815301076,1909f56bfc062723c751e8b465ee728b)  -> (artifact id: '09d98b86abb3565884943c79f9babd9b') in 0.003481 seconds 
========================================================================
Received Import Request.
  Time since last request: 0.000037 seconds.
  path: Assets/Resources/ScriptableObjects/Game States/GotWings.asset
  artifactKey: Guid(22ccd538771214b9ebc2fa42128f5d9a) Importer(815301076,1909f56bfc062723c751e8b465ee728b)
Start importing Assets/Resources/ScriptableObjects/Game States/GotWings.asset using Guid(22ccd538771214b9ebc2fa42128f5d9a) Importer(815301076,1909f56bfc062723c751e8b465ee728b)  -> (artifact id: '15f99c0a2baed98659791aff5eb2f852') in 0.003179 seconds 
========================================================================
Received Import Request.
  Time since last request: 1.579529 seconds.
  path: Assets/Resources/ScriptableObjects/InventoryItems/Ascertain.asset
  artifactKey: Guid(2f3765dbefd1b4008babc9894b4b8557) Importer(815301076,1909f56bfc062723c751e8b465ee728b)
Start importing Assets/Resources/ScriptableObjects/InventoryItems/Ascertain.asset using Guid(2f3765dbefd1b4008babc9894b4b8557) Importer(815301076,1909f56bfc062723c751e8b465ee728b)  -> (artifact id: 'd1a4dd7b87cde8fdf55d4922a84788fd') in 0.003537 seconds 
========================================================================
Received Import Request.
  Time since last request: 0.000021 seconds.
  path: Assets/Resources/ScriptableObjects/InventoryItems/Holo-Chata.asset
  artifactKey: Guid(a171cdc065cc4439094e11bb11fca738) Importer(815301076,1909f56bfc062723c751e8b465ee728b)
Start importing Assets/Resources/ScriptableObjects/InventoryItems/Holo-Chata.asset using Guid(a171cdc065cc4439094e11bb11fca738) Importer(815301076,1909f56bfc062723c751e8b465ee728b)  -> (artifact id: '6110ea428f63e9396a4f334738bf0a30') in 0.004115 seconds 
========================================================================
Received Import Request.
  Time since last request: 0.000038 seconds.
  path: Assets/Resources/ScriptableObjects/InventoryItems/Sandwich.asset
  artifactKey: Guid(a917d852ebe0f499bb9fab2533239346) Importer(815301076,1909f56bfc062723c751e8b465ee728b)
Start importing Assets/Resources/ScriptableObjects/InventoryItems/Sandwich.asset using Guid(a917d852ebe0f499bb9fab2533239346) Importer(815301076,1909f56bfc062723c751e8b465ee728b)  -> (artifact id: '518c18f3ed9aa978719a16ddf49f374a') in 0.004269 seconds 
========================================================================
Received Import Request.
  Time since last request: 0.000050 seconds.
  path: Assets/Resources/ScriptableObjects/InventoryItems/Wings.asset
  artifactKey: Guid(4f96a8845ba6943d48934ce23f8a4aea) Importer(815301076,1909f56bfc062723c751e8b465ee728b)
Start importing Assets/Resources/ScriptableObjects/InventoryItems/Wings.asset using Guid(4f96a8845ba6943d48934ce23f8a4aea) Importer(815301076,1909f56bfc062723c751e8b465ee728b)  -> (artifact id: '4a206c555278ed66d1a2fa562d4c2cf4') in 0.004900 seconds 
========================================================================
Received Import Request.
  Time since last request: 0.000026 seconds.
  path: Assets/Resources/ScriptableObjects/InventoryItems/Book of Thorns.asset
  artifactKey: Guid(576c71390d1f6f64dbf049919c257bd0) Importer(815301076,1909f56bfc062723c751e8b465ee728b)
Start importing Assets/Resources/ScriptableObjects/InventoryItems/Book of Thorns.asset using Guid(576c71390d1f6f64dbf049919c257bd0) Importer(815301076,1909f56bfc062723c751e8b465ee728b)  -> (artifact id: '4ee1bdcafd4c3678d09ef93b5822fd92') in 0.004633 seconds 
========================================================================
Received Import Request.
  Time since last request: 0.000030 seconds.
  path: Assets/Resources/ScriptableObjects/InventoryItems/Metro Pass.asset
  artifactKey: Guid(b52b1c58108b940d2a465297386df8c9) Importer(815301076,1909f56bfc062723c751e8b465ee728b)
Start importing Assets/Resources/ScriptableObjects/InventoryItems/Metro Pass.asset using Guid(b52b1c58108b940d2a465297386df8c9) Importer(815301076,1909f56bfc062723c751e8b465ee728b)  -> (artifact id: '6f8c5914cd88f3b5f08034558dfbc0ed') in 0.004777 seconds 
========================================================================
Received Import Request.
  Time since last request: 0.000029 seconds.
  path: Assets/Resources/ScriptableObjects/InventoryItems/Wallclimb.asset
  artifactKey: Guid(1fa26dac81af349db8de25993d392f8a) Importer(815301076,1909f56bfc062723c751e8b465ee728b)
Start importing Assets/Resources/ScriptableObjects/InventoryItems/Wallclimb.asset using Guid(1fa26dac81af349db8de25993d392f8a) Importer(815301076,1909f56bfc062723c751e8b465ee728b)  -> (artifact id: '62861107e99f5cd55945c7e76096346e') in 0.004934 seconds 
========================================================================
Received Import Request.
  Time since last request: 0.000028 seconds.
  path: Assets/Resources/ScriptableObjects/InventoryItems/Meteor Dive.asset
  artifactKey: Guid(8a556529875394906a22755b3e441302) Importer(815301076,1909f56bfc062723c751e8b465ee728b)
Start importing Assets/Resources/ScriptableObjects/InventoryItems/Meteor Dive.asset using Guid(8a556529875394906a22755b3e441302) Importer(815301076,1909f56bfc062723c751e8b465ee728b)  -> (artifact id: 'c9737cda86cc5c59555110eab16b2c0b') in 0.004980 seconds 
========================================================================
Received Import Request.
  Time since last request: 0.000064 seconds.
  path: Assets/Resources/ScriptableObjects/InventoryItems/Speedo.asset
  artifactKey: Guid(baf53ce2ce27f4100a7b4a58e4cef596) Importer(815301076,1909f56bfc062723c751e8b465ee728b)
Start importing Assets/Resources/ScriptableObjects/InventoryItems/Speedo.asset using Guid(baf53ce2ce27f4100a7b4a58e4cef596) Importer(815301076,1909f56bfc062723c751e8b465ee728b)  -> (artifact id: 'ab75e7f5bcce9bef3e979ecf44e5f54a') in 0.004274 seconds 
========================================================================
Received Prepare
Registering precompiled user dll's ...
Registered in 0.009456 seconds.
Begin MonoManager ReloadAssembly
Native extension for WindowsStandalone target not found
Native extension for WebGL target not found
Refreshing native plugins compatible for Editor in 0.72 ms, found 1 plugins.
Preloading 0 native plugins for Editor in 0.00 ms.
System.Reflection.TargetInvocationException: Exception has been thrown by the target of an invocation. ---> System.NullReferenceException: Object reference not set to an instance of an object
  at XNodeEditor.NodeEditorAssetModProcessor.OnReloadEditor () [0x0004b] in C:\Users\Dylan\Downloads\vapor-trails\Library\PackageCache\com.github.siccity.xnode@1fb94b2413\Scripts\Editor\NodeEditorAssetModProcessor.cs:55 
  at (wrapper managed-to-native) System.Reflection.RuntimeMethodInfo.InternalInvoke(System.Reflection.RuntimeMethodInfo,object,object[],System.Exception&)
  at System.Reflection.RuntimeMethodInfo.Invoke (System.Object obj, System.Reflection.BindingFlags invokeAttr, System.Reflection.Binder binder, System.Object[] parameters, System.Globalization.CultureInfo culture) [0x0006a] in <6073cf49ed704e958b8a66d540dea948>:0 
   --- End of inner exception stack trace ---
  at System.Reflection.RuntimeMethodInfo.Invoke (System.Object obj, System.Reflection.BindingFlags invokeAttr, System.Reflection.Binder binder, System.Object[] parameters, System.Globalization.CultureInfo culture) [0x00083] in <6073cf49ed704e958b8a66d540dea948>:0 
  at System.Reflection.MethodBase.Invoke (System.Object obj, System.Object[] parameters) [0x00000] in <6073cf49ed704e958b8a66d540dea948>:0 
  at UnityEditor.EditorAssemblies.ProcessInitializeOnLoadMethodAttributes () [0x000a5] in <31b86d204baf45de8328f2d1261a79f7>:0 
UnityEngine.StackTraceUtility:ExtractStackTrace ()
UnityEngine.DebugLogHandler:LogFormat (UnityEngine.LogType,UnityEngine.Object,string,object[])
UnityEngine.Logger:Log (UnityEngine.LogType,object)
UnityEngine.Debug:LogError (object)
UnityEditor.EditorAssemblies:ProcessInitializeOnLoadMethodAttributes ()

Mono: successfully reloaded assembly
- Completed reload, in  1.017 seconds
Domain Reload Profiling:
	ReloadAssembly (1017ms)
		BeginReloadAssembly (140ms)
			ExecutionOrderSort (0ms)
			DisableScriptedObjects (5ms)
			BackupInstance (0ms)
			ReleaseScriptingObjects (0ms)
			CreateAndSetChildDomain (40ms)
		EndReloadAssembly (772ms)
			LoadAssemblies (94ms)
			RebuildTransferFunctionScriptingTraits (0ms)
			SetupTypeCache (181ms)
			ReleaseScriptCaches (1ms)
			RebuildScriptCaches (39ms)
			SetupLoadedEditorAssemblies (434ms)
				LogAssemblyErrors (0ms)
				InitializePlatformSupportModulesInManaged (14ms)
				SetLoadedEditorAssemblies (0ms)
				RefreshPlugins (1ms)
				BeforeProcessingInitializeOnLoad (54ms)
				ProcessInitializeOnLoadAttributes (138ms)
				ProcessInitializeOnLoadMethodAttributes (213ms)
				AfterProcessingInitializeOnLoad (14ms)
				EditorAssembliesLoaded (0ms)
			ExecutionOrderSort2 (0ms)
			AwakeInstancesAfterBackupRestoration (7ms)
Platform modules already initialized, skipping
Refreshing native plugins compatible for Editor in 2.01 ms, found 1 plugins.
Preloading 0 native plugins for Editor in 0.00 ms.
Unloading 2339 Unused Serialized files (Serialized files now loaded: 0)
Unloading 26 unused Assets / (98.8 KB). Loaded Objects now: 3067.
Memory consumption went from 123.9 MB to 123.8 MB.
Total: 4.619200 ms (FindLiveObjects: 0.275600 ms CreateObjectMapping: 0.070900 ms MarkObjects: 4.219400 ms  DeleteObjects: 0.050800 ms)

AssetImportParameters requested are different than current active one (requested -> active):
  custom:video-decoder-ogg-theora: a1e56fd34408186e4bbccfd4996cb3dc -> 
  custom:container-muxer-webm: aa71ff27fc2769a1b78a27578f13a17b -> 
  custom:container-demuxer-webm: 4f35f7cbe854078d1ac9338744f61a02 -> 
  custom:video-encoder-webm-vp8: eb34c28f22e8b96e1ab97ce403110664 -> 
  custom:audio-encoder-webm-vorbis: bf7c407c2cedff20999df2af8eb42d56 -> 
  custom:framework-win-MediaFoundation: 216162199b28c13a410421893ffa2e32 -> 
  custom:container-demuxer-ogg: 62fdf1f143b41e24485cea50d1cbac27 -> 
  custom:video-decoder-webm-vp8: 9c59270c3fd7afecdb556c50c9e8de78 -> 
  custom:audio-decoder-ogg-vorbis: bf7c407c2cedff20999df2af8eb42d56 -> 
========================================================================
Received Prepare
Registering precompiled user dll's ...
Registered in 0.010460 seconds.
Begin MonoManager ReloadAssembly
Native extension for WindowsStandalone target not found
Native extension for WebGL target not found
Refreshing native plugins compatible for Editor in 0.76 ms, found 1 plugins.
Preloading 0 native plugins for Editor in 0.00 ms.
System.Reflection.TargetInvocationException: Exception has been thrown by the target of an invocation. ---> System.NullReferenceException: Object reference not set to an instance of an object
  at XNodeEditor.NodeEditorAssetModProcessor.OnReloadEditor () [0x0004b] in C:\Users\Dylan\Downloads\vapor-trails\Library\PackageCache\com.github.siccity.xnode@1fb94b2413\Scripts\Editor\NodeEditorAssetModProcessor.cs:55 
  at (wrapper managed-to-native) System.Reflection.RuntimeMethodInfo.InternalInvoke(System.Reflection.RuntimeMethodInfo,object,object[],System.Exception&)
  at System.Reflection.RuntimeMethodInfo.Invoke (System.Object obj, System.Reflection.BindingFlags invokeAttr, System.Reflection.Binder binder, System.Object[] parameters, System.Globalization.CultureInfo culture) [0x0006a] in <6073cf49ed704e958b8a66d540dea948>:0 
   --- End of inner exception stack trace ---
  at System.Reflection.RuntimeMethodInfo.Invoke (System.Object obj, System.Reflection.BindingFlags invokeAttr, System.Reflection.Binder binder, System.Object[] parameters, System.Globalization.CultureInfo culture) [0x00083] in <6073cf49ed704e958b8a66d540dea948>:0 
  at System.Reflection.MethodBase.Invoke (System.Object obj, System.Object[] parameters) [0x00000] in <6073cf49ed704e958b8a66d540dea948>:0 
  at UnityEditor.EditorAssemblies.ProcessInitializeOnLoadMethodAttributes () [0x000a5] in <31b86d204baf45de8328f2d1261a79f7>:0 
UnityEngine.StackTraceUtility:ExtractStackTrace ()
UnityEngine.DebugLogHandler:LogFormat (UnityEngine.LogType,UnityEngine.Object,string,object[])
UnityEngine.Logger:Log (UnityEngine.LogType,object)
UnityEngine.Debug:LogError (object)
UnityEditor.EditorAssemblies:ProcessInitializeOnLoadMethodAttributes ()

Mono: successfully reloaded assembly
- Completed reload, in  0.986 seconds
Domain Reload Profiling:
	ReloadAssembly (987ms)
		BeginReloadAssembly (130ms)
			ExecutionOrderSort (0ms)
			DisableScriptedObjects (5ms)
			BackupInstance (0ms)
			ReleaseScriptingObjects (0ms)
			CreateAndSetChildDomain (37ms)
		EndReloadAssembly (757ms)
			LoadAssemblies (85ms)
			RebuildTransferFunctionScriptingTraits (0ms)
			SetupTypeCache (172ms)
			ReleaseScriptCaches (1ms)
			RebuildScriptCaches (37ms)
			SetupLoadedEditorAssemblies (433ms)
				LogAssemblyErrors (0ms)
				InitializePlatformSupportModulesInManaged (13ms)
				SetLoadedEditorAssemblies (0ms)
				RefreshPlugins (1ms)
				BeforeProcessingInitializeOnLoad (59ms)
				ProcessInitializeOnLoadAttributes (142ms)
				ProcessInitializeOnLoadMethodAttributes (209ms)
				AfterProcessingInitializeOnLoad (9ms)
				EditorAssembliesLoaded (0ms)
			ExecutionOrderSort2 (0ms)
			AwakeInstancesAfterBackupRestoration (7ms)
Platform modules already initialized, skipping
Refreshing native plugins compatible for Editor in 2.14 ms, found 1 plugins.
Preloading 0 native plugins for Editor in 0.00 ms.
Unloading 2339 Unused Serialized files (Serialized files now loaded: 0)
Unloading 26 unused Assets / (99.0 KB). Loaded Objects now: 3082.
Memory consumption went from 123.9 MB to 123.8 MB.
Total: 4.094400 ms (FindLiveObjects: 0.294900 ms CreateObjectMapping: 0.091200 ms MarkObjects: 3.648700 ms  DeleteObjects: 0.058500 ms)

AssetImportParameters requested are different than current active one (requested -> active):
  custom:video-decoder-ogg-theora: a1e56fd34408186e4bbccfd4996cb3dc -> 
  custom:container-muxer-webm: aa71ff27fc2769a1b78a27578f13a17b -> 
  custom:container-demuxer-webm: 4f35f7cbe854078d1ac9338744f61a02 -> 
  custom:video-encoder-webm-vp8: eb34c28f22e8b96e1ab97ce403110664 -> 
  custom:audio-encoder-webm-vorbis: bf7c407c2cedff20999df2af8eb42d56 -> 
  custom:framework-win-MediaFoundation: 216162199b28c13a410421893ffa2e32 -> 
  custom:container-demuxer-ogg: 62fdf1f143b41e24485cea50d1cbac27 -> 
  custom:video-decoder-webm-vp8: 9c59270c3fd7afecdb556c50c9e8de78 -> 
  custom:audio-decoder-ogg-vorbis: bf7c407c2cedff20999df2af8eb42d56 -> 
========================================================================
Received Prepare
Registering precompiled user dll's ...
Registered in 0.019214 seconds.
Begin MonoManager ReloadAssembly
Native extension for WindowsStandalone target not found
Native extension for WebGL target not found
Refreshing native plugins compatible for Editor in 0.71 ms, found 1 plugins.
Preloading 0 native plugins for Editor in 0.00 ms.
System.Reflection.TargetInvocationException: Exception has been thrown by the target of an invocation. ---> System.NullReferenceException: Object reference not set to an instance of an object
  at XNodeEditor.NodeEditorAssetModProcessor.OnReloadEditor () [0x0004b] in C:\Users\Dylan\Downloads\vapor-trails\Library\PackageCache\com.github.siccity.xnode@1fb94b2413\Scripts\Editor\NodeEditorAssetModProcessor.cs:55 
  at (wrapper managed-to-native) System.Reflection.RuntimeMethodInfo.InternalInvoke(System.Reflection.RuntimeMethodInfo,object,object[],System.Exception&)
  at System.Reflection.RuntimeMethodInfo.Invoke (System.Object obj, System.Reflection.BindingFlags invokeAttr, System.Reflection.Binder binder, System.Object[] parameters, System.Globalization.CultureInfo culture) [0x0006a] in <6073cf49ed704e958b8a66d540dea948>:0 
   --- End of inner exception stack trace ---
  at System.Reflection.RuntimeMethodInfo.Invoke (System.Object obj, System.Reflection.BindingFlags invokeAttr, System.Reflection.Binder binder, System.Object[] parameters, System.Globalization.CultureInfo culture) [0x00083] in <6073cf49ed704e958b8a66d540dea948>:0 
  at System.Reflection.MethodBase.Invoke (System.Object obj, System.Object[] parameters) [0x00000] in <6073cf49ed704e958b8a66d540dea948>:0 
  at UnityEditor.EditorAssemblies.ProcessInitializeOnLoadMethodAttributes () [0x000a5] in <31b86d204baf45de8328f2d1261a79f7>:0 
UnityEngine.StackTraceUtility:ExtractStackTrace ()
UnityEngine.DebugLogHandler:LogFormat (UnityEngine.LogType,UnityEngine.Object,string,object[])
UnityEngine.Logger:Log (UnityEngine.LogType,object)
UnityEngine.Debug:LogError (object)
UnityEditor.EditorAssemblies:ProcessInitializeOnLoadMethodAttributes ()

Mono: successfully reloaded assembly
- Completed reload, in  1.035 seconds
Domain Reload Profiling:
	ReloadAssembly (1036ms)
		BeginReloadAssembly (132ms)
			ExecutionOrderSort (0ms)
			DisableScriptedObjects (5ms)
			BackupInstance (0ms)
			ReleaseScriptingObjects (0ms)
			CreateAndSetChildDomain (39ms)
		EndReloadAssembly (803ms)
			LoadAssemblies (97ms)
			RebuildTransferFunctionScriptingTraits (0ms)
			SetupTypeCache (186ms)
			ReleaseScriptCaches (1ms)
			RebuildScriptCaches (38ms)
			SetupLoadedEditorAssemblies (451ms)
				LogAssemblyErrors (0ms)
				InitializePlatformSupportModulesInManaged (14ms)
				SetLoadedEditorAssemblies (0ms)
				RefreshPlugins (1ms)
				BeforeProcessingInitializeOnLoad (55ms)
				ProcessInitializeOnLoadAttributes (140ms)
				ProcessInitializeOnLoadMethodAttributes (232ms)
				AfterProcessingInitializeOnLoad (8ms)
				EditorAssembliesLoaded (0ms)
			ExecutionOrderSort2 (0ms)
			AwakeInstancesAfterBackupRestoration (7ms)
Platform modules already initialized, skipping
Refreshing native plugins compatible for Editor in 2.06 ms, found 1 plugins.
Preloading 0 native plugins for Editor in 0.00 ms.
Unloading 2339 Unused Serialized files (Serialized files now loaded: 0)
Unloading 26 unused Assets / (98.9 KB). Loaded Objects now: 3097.
Memory consumption went from 123.9 MB to 123.8 MB.
Total: 3.179500 ms (FindLiveObjects: 0.247200 ms CreateObjectMapping: 0.067400 ms MarkObjects: 2.821900 ms  DeleteObjects: 0.041200 ms)

AssetImportParameters requested are different than current active one (requested -> active):
  custom:video-decoder-ogg-theora: a1e56fd34408186e4bbccfd4996cb3dc -> 
  custom:container-muxer-webm: aa71ff27fc2769a1b78a27578f13a17b -> 
  custom:container-demuxer-webm: 4f35f7cbe854078d1ac9338744f61a02 -> 
  custom:video-encoder-webm-vp8: eb34c28f22e8b96e1ab97ce403110664 -> 
  custom:audio-encoder-webm-vorbis: bf7c407c2cedff20999df2af8eb42d56 -> 
  custom:framework-win-MediaFoundation: 216162199b28c13a410421893ffa2e32 -> 
  custom:container-demuxer-ogg: 62fdf1f143b41e24485cea50d1cbac27 -> 
  custom:video-decoder-webm-vp8: 9c59270c3fd7afecdb556c50c9e8de78 -> 
  custom:audio-decoder-ogg-vorbis: bf7c407c2cedff20999df2af8eb42d56 -> 
========================================================================
Received Prepare
Registering precompiled user dll's ...
Registered in 0.009438 seconds.
Begin MonoManager ReloadAssembly
Native extension for WindowsStandalone target not found
Native extension for WebGL target not found
Refreshing native plugins compatible for Editor in 0.79 ms, found 1 plugins.
Preloading 0 native plugins for Editor in 0.00 ms.
System.Reflection.TargetInvocationException: Exception has been thrown by the target of an invocation. ---> System.NullReferenceException: Object reference not set to an instance of an object
  at XNodeEditor.NodeEditorAssetModProcessor.OnReloadEditor () [0x0004b] in C:\Users\Dylan\Downloads\vapor-trails\Library\PackageCache\com.github.siccity.xnode@1fb94b2413\Scripts\Editor\NodeEditorAssetModProcessor.cs:55 
  at (wrapper managed-to-native) System.Reflection.RuntimeMethodInfo.InternalInvoke(System.Reflection.RuntimeMethodInfo,object,object[],System.Exception&)
  at System.Reflection.RuntimeMethodInfo.Invoke (System.Object obj, System.Reflection.BindingFlags invokeAttr, System.Reflection.Binder binder, System.Object[] parameters, System.Globalization.CultureInfo culture) [0x0006a] in <6073cf49ed704e958b8a66d540dea948>:0 
   --- End of inner exception stack trace ---
  at System.Reflection.RuntimeMethodInfo.Invoke (System.Object obj, System.Reflection.BindingFlags invokeAttr, System.Reflection.Binder binder, System.Object[] parameters, System.Globalization.CultureInfo culture) [0x00083] in <6073cf49ed704e958b8a66d540dea948>:0 
  at System.Reflection.MethodBase.Invoke (System.Object obj, System.Object[] parameters) [0x00000] in <6073cf49ed704e958b8a66d540dea948>:0 
  at UnityEditor.EditorAssemblies.ProcessInitializeOnLoadMethodAttributes () [0x000a5] in <31b86d204baf45de8328f2d1261a79f7>:0 
UnityEngine.StackTraceUtility:ExtractStackTrace ()
UnityEngine.DebugLogHandler:LogFormat (UnityEngine.LogType,UnityEngine.Object,string,object[])
UnityEngine.Logger:Log (UnityEngine.LogType,object)
UnityEngine.Debug:LogError (object)
UnityEditor.EditorAssemblies:ProcessInitializeOnLoadMethodAttributes ()

Mono: successfully reloaded assembly
- Completed reload, in  1.050 seconds
Domain Reload Profiling:
	ReloadAssembly (1051ms)
		BeginReloadAssembly (151ms)
			ExecutionOrderSort (0ms)
			DisableScriptedObjects (6ms)
			BackupInstance (0ms)
			ReleaseScriptingObjects (0ms)
			CreateAndSetChildDomain (41ms)
		EndReloadAssembly (792ms)
			LoadAssemblies (100ms)
			RebuildTransferFunctionScriptingTraits (0ms)
			SetupTypeCache (184ms)
			ReleaseScriptCaches (1ms)
			RebuildScriptCaches (46ms)
			SetupLoadedEditorAssemblies (435ms)
				LogAssemblyErrors (0ms)
				InitializePlatformSupportModulesInManaged (15ms)
				SetLoadedEditorAssemblies (0ms)
				RefreshPlugins (1ms)
				BeforeProcessingInitializeOnLoad (57ms)
				ProcessInitializeOnLoadAttributes (145ms)
				ProcessInitializeOnLoadMethodAttributes (207ms)
				AfterProcessingInitializeOnLoad (9ms)
				EditorAssembliesLoaded (0ms)
			ExecutionOrderSort2 (0ms)
			AwakeInstancesAfterBackupRestoration (7ms)
Platform modules already initialized, skipping
Refreshing native plugins compatible for Editor in 2.15 ms, found 1 plugins.
Preloading 0 native plugins for Editor in 0.00 ms.
Unloading 2339 Unused Serialized files (Serialized files now loaded: 0)
Unloading 26 unused Assets / (98.9 KB). Loaded Objects now: 3112.
Memory consumption went from 124.6 MB to 124.5 MB.
Total: 4.175000 ms (FindLiveObjects: 0.335800 ms CreateObjectMapping: 0.106400 ms MarkObjects: 3.690000 ms  DeleteObjects: 0.041100 ms)

AssetImportParameters requested are different than current active one (requested -> active):
  custom:video-decoder-ogg-theora: a1e56fd34408186e4bbccfd4996cb3dc -> 
  custom:container-muxer-webm: aa71ff27fc2769a1b78a27578f13a17b -> 
  custom:container-demuxer-webm: 4f35f7cbe854078d1ac9338744f61a02 -> 
  custom:video-encoder-webm-vp8: eb34c28f22e8b96e1ab97ce403110664 -> 
  custom:audio-encoder-webm-vorbis: bf7c407c2cedff20999df2af8eb42d56 -> 
  custom:framework-win-MediaFoundation: 216162199b28c13a410421893ffa2e32 -> 
  custom:container-demuxer-ogg: 62fdf1f143b41e24485cea50d1cbac27 -> 
  custom:video-decoder-webm-vp8: 9c59270c3fd7afecdb556c50c9e8de78 -> 
  custom:audio-decoder-ogg-vorbis: bf7c407c2cedff20999df2af8eb42d56 -> 
========================================================================
Received Prepare
Registering precompiled user dll's ...
Registered in 0.011200 seconds.
Begin MonoManager ReloadAssembly
Native extension for WindowsStandalone target not found
Native extension for WebGL target not found
Refreshing native plugins compatible for Editor in 0.90 ms, found 1 plugins.
Preloading 0 native plugins for Editor in 0.00 ms.
System.Reflection.TargetInvocationException: Exception has been thrown by the target of an invocation. ---> System.NullReferenceException: Object reference not set to an instance of an object
  at XNodeEditor.NodeEditorAssetModProcessor.OnReloadEditor () [0x0004b] in C:\Users\Dylan\Downloads\vapor-trails\Library\PackageCache\com.github.siccity.xnode@1fb94b2413\Scripts\Editor\NodeEditorAssetModProcessor.cs:55 
  at (wrapper managed-to-native) System.Reflection.RuntimeMethodInfo.InternalInvoke(System.Reflection.RuntimeMethodInfo,object,object[],System.Exception&)
  at System.Reflection.RuntimeMethodInfo.Invoke (System.Object obj, System.Reflection.BindingFlags invokeAttr, System.Reflection.Binder binder, System.Object[] parameters, System.Globalization.CultureInfo culture) [0x0006a] in <6073cf49ed704e958b8a66d540dea948>:0 
   --- End of inner exception stack trace ---
  at System.Reflection.RuntimeMethodInfo.Invoke (System.Object obj, System.Reflection.BindingFlags invokeAttr, System.Reflection.Binder binder, System.Object[] parameters, System.Globalization.CultureInfo culture) [0x00083] in <6073cf49ed704e958b8a66d540dea948>:0 
  at System.Reflection.MethodBase.Invoke (System.Object obj, System.Object[] parameters) [0x00000] in <6073cf49ed704e958b8a66d540dea948>:0 
  at UnityEditor.EditorAssemblies.ProcessInitializeOnLoadMethodAttributes () [0x000a5] in <31b86d204baf45de8328f2d1261a79f7>:0 
UnityEngine.StackTraceUtility:ExtractStackTrace ()
UnityEngine.DebugLogHandler:LogFormat (UnityEngine.LogType,UnityEngine.Object,string,object[])
UnityEngine.Logger:Log (UnityEngine.LogType,object)
UnityEngine.Debug:LogError (object)
UnityEditor.EditorAssemblies:ProcessInitializeOnLoadMethodAttributes ()

Mono: successfully reloaded assembly
- Completed reload, in  1.034 seconds
Domain Reload Profiling:
	ReloadAssembly (1035ms)
		BeginReloadAssembly (129ms)
			ExecutionOrderSort (0ms)
			DisableScriptedObjects (5ms)
			BackupInstance (0ms)
			ReleaseScriptingObjects (0ms)
			CreateAndSetChildDomain (36ms)
		EndReloadAssembly (809ms)
			LoadAssemblies (84ms)
			RebuildTransferFunctionScriptingTraits (0ms)
			SetupTypeCache (176ms)
			ReleaseScriptCaches (1ms)
			RebuildScriptCaches (40ms)
			SetupLoadedEditorAssemblies (470ms)
				LogAssemblyErrors (0ms)
				InitializePlatformSupportModulesInManaged (14ms)
				SetLoadedEditorAssemblies (0ms)
				RefreshPlugins (1ms)
				BeforeProcessingInitializeOnLoad (59ms)
				ProcessInitializeOnLoadAttributes (151ms)
				ProcessInitializeOnLoadMethodAttributes (232ms)
				AfterProcessingInitializeOnLoad (11ms)
				EditorAssembliesLoaded (0ms)
			ExecutionOrderSort2 (0ms)
			AwakeInstancesAfterBackupRestoration (8ms)
Platform modules already initialized, skipping
Refreshing native plugins compatible for Editor in 2.52 ms, found 1 plugins.
Preloading 0 native plugins for Editor in 0.00 ms.
Unloading 2339 Unused Serialized files (Serialized files now loaded: 0)
Unloading 26 unused Assets / (98.9 KB). Loaded Objects now: 3127.
Memory consumption went from 123.9 MB to 123.8 MB.
Total: 4.263300 ms (FindLiveObjects: 0.381300 ms CreateObjectMapping: 0.076800 ms MarkObjects: 3.730700 ms  DeleteObjects: 0.071900 ms)

AssetImportParameters requested are different than current active one (requested -> active):
  custom:video-decoder-ogg-theora: a1e56fd34408186e4bbccfd4996cb3dc -> 
  custom:container-muxer-webm: aa71ff27fc2769a1b78a27578f13a17b -> 
  custom:container-demuxer-webm: 4f35f7cbe854078d1ac9338744f61a02 -> 
  custom:video-encoder-webm-vp8: eb34c28f22e8b96e1ab97ce403110664 -> 
  custom:audio-encoder-webm-vorbis: bf7c407c2cedff20999df2af8eb42d56 -> 
  custom:framework-win-MediaFoundation: 216162199b28c13a410421893ffa2e32 -> 
  custom:container-demuxer-ogg: 62fdf1f143b41e24485cea50d1cbac27 -> 
  custom:video-decoder-webm-vp8: 9c59270c3fd7afecdb556c50c9e8de78 -> 
  custom:audio-decoder-ogg-vorbis: bf7c407c2cedff20999df2af8eb42d56 -> 
========================================================================
Received Prepare
Registering precompiled user dll's ...
Registered in 0.008807 seconds.
Begin MonoManager ReloadAssembly
Native extension for WindowsStandalone target not found
Native extension for WebGL target not found
Refreshing native plugins compatible for Editor in 0.80 ms, found 1 plugins.
Preloading 0 native plugins for Editor in 0.00 ms.
System.Reflection.TargetInvocationException: Exception has been thrown by the target of an invocation. ---> System.NullReferenceException: Object reference not set to an instance of an object
  at XNodeEditor.NodeEditorAssetModProcessor.OnReloadEditor () [0x0004b] in C:\Users\Dylan\Downloads\vapor-trails\Library\PackageCache\com.github.siccity.xnode@1fb94b2413\Scripts\Editor\NodeEditorAssetModProcessor.cs:55 
  at (wrapper managed-to-native) System.Reflection.RuntimeMethodInfo.InternalInvoke(System.Reflection.RuntimeMethodInfo,object,object[],System.Exception&)
  at System.Reflection.RuntimeMethodInfo.Invoke (System.Object obj, System.Reflection.BindingFlags invokeAttr, System.Reflection.Binder binder, System.Object[] parameters, System.Globalization.CultureInfo culture) [0x0006a] in <6073cf49ed704e958b8a66d540dea948>:0 
   --- End of inner exception stack trace ---
  at System.Reflection.RuntimeMethodInfo.Invoke (System.Object obj, System.Reflection.BindingFlags invokeAttr, System.Reflection.Binder binder, System.Object[] parameters, System.Globalization.CultureInfo culture) [0x00083] in <6073cf49ed704e958b8a66d540dea948>:0 
  at System.Reflection.MethodBase.Invoke (System.Object obj, System.Object[] parameters) [0x00000] in <6073cf49ed704e958b8a66d540dea948>:0 
  at UnityEditor.EditorAssemblies.ProcessInitializeOnLoadMethodAttributes () [0x000a5] in <31b86d204baf45de8328f2d1261a79f7>:0 
UnityEngine.StackTraceUtility:ExtractStackTrace ()
UnityEngine.DebugLogHandler:LogFormat (UnityEngine.LogType,UnityEngine.Object,string,object[])
UnityEngine.Logger:Log (UnityEngine.LogType,object)
UnityEngine.Debug:LogError (object)
UnityEditor.EditorAssemblies:ProcessInitializeOnLoadMethodAttributes ()

Mono: successfully reloaded assembly
- Completed reload, in  1.096 seconds
Domain Reload Profiling:
	ReloadAssembly (1097ms)
		BeginReloadAssembly (144ms)
			ExecutionOrderSort (0ms)
			DisableScriptedObjects (5ms)
			BackupInstance (0ms)
			ReleaseScriptingObjects (0ms)
			CreateAndSetChildDomain (38ms)
		EndReloadAssembly (854ms)
			LoadAssemblies (84ms)
			RebuildTransferFunctionScriptingTraits (0ms)
			SetupTypeCache (199ms)
			ReleaseScriptCaches (1ms)
			RebuildScriptCaches (62ms)
			SetupLoadedEditorAssemblies (455ms)
				LogAssemblyErrors (0ms)
				InitializePlatformSupportModulesInManaged (16ms)
				SetLoadedEditorAssemblies (0ms)
				RefreshPlugins (1ms)
				BeforeProcessingInitializeOnLoad (58ms)
				ProcessInitializeOnLoadAttributes (155ms)
				ProcessInitializeOnLoadMethodAttributes (217ms)
				AfterProcessingInitializeOnLoad (9ms)
				EditorAssembliesLoaded (0ms)
			ExecutionOrderSort2 (0ms)
			AwakeInstancesAfterBackupRestoration (7ms)
Platform modules already initialized, skipping
Refreshing native plugins compatible for Editor in 2.76 ms, found 1 plugins.
Preloading 0 native plugins for Editor in 0.00 ms.
Unloading 2339 Unused Serialized files (Serialized files now loaded: 0)
Unloading 26 unused Assets / (100.0 KB). Loaded Objects now: 3142.
Memory consumption went from 124.0 MB to 123.9 MB.
Total: 4.919800 ms (FindLiveObjects: 0.346800 ms CreateObjectMapping: 0.095900 ms MarkObjects: 4.418300 ms  DeleteObjects: 0.056700 ms)

AssetImportParameters requested are different than current active one (requested -> active):
  custom:video-decoder-ogg-theora: a1e56fd34408186e4bbccfd4996cb3dc -> 
  custom:container-muxer-webm: aa71ff27fc2769a1b78a27578f13a17b -> 
  custom:container-demuxer-webm: 4f35f7cbe854078d1ac9338744f61a02 -> 
  custom:video-encoder-webm-vp8: eb34c28f22e8b96e1ab97ce403110664 -> 
  custom:audio-encoder-webm-vorbis: bf7c407c2cedff20999df2af8eb42d56 -> 
  custom:framework-win-MediaFoundation: 216162199b28c13a410421893ffa2e32 -> 
  custom:container-demuxer-ogg: 62fdf1f143b41e24485cea50d1cbac27 -> 
  custom:video-decoder-webm-vp8: 9c59270c3fd7afecdb556c50c9e8de78 -> 
  custom:audio-decoder-ogg-vorbis: bf7c407c2cedff20999df2af8eb42d56 -> 
========================================================================
Received Import Request.
  Time since last request: 1498.828465 seconds.
  path: Assets/UI/battery container.png
  artifactKey: Guid(7039cbea7f241ff49b66f4b6f7d10174) Importer(815301076,1909f56bfc062723c751e8b465ee728b)
Start importing Assets/UI/battery container.png using Guid(7039cbea7f241ff49b66f4b6f7d10174) Importer(815301076,1909f56bfc062723c751e8b465ee728b)  -> (artifact id: '3c1f882690b3ee3fa0668377bef96788') in 0.090702 seconds 
========================================================================
Received Import Request.
  Time since last request: 0.000026 seconds.
  path: Assets/Vapor City/Prefabs/Patterned Platform Ground.prefab
  artifactKey: Guid(a128008b1ed889841a296693bed32638) Importer(815301076,1909f56bfc062723c751e8b465ee728b)
Start importing Assets/Vapor City/Prefabs/Patterned Platform Ground.prefab using Guid(a128008b1ed889841a296693bed32638) Importer(815301076,1909f56bfc062723c751e8b465ee728b)  -> (artifact id: '7a7408b4a4af7767f1c13d271db56527') in 0.045003 seconds 
========================================================================
Received Import Request.
  Time since last request: 0.000038 seconds.
  path: Assets/UI/battery full.png
  artifactKey: Guid(cfac5c4e44bd3254fbdd16907970ee56) Importer(815301076,1909f56bfc062723c751e8b465ee728b)
Start importing Assets/UI/battery full.png using Guid(cfac5c4e44bd3254fbdd16907970ee56) Importer(815301076,1909f56bfc062723c751e8b465ee728b)  -> (artifact id: '04a2db650d7ecd5aaaf83f9387b4b667') in 0.029641 seconds 
Editor requested this worker to shutdown with reason: Scaling down because of idle timeout
AssetImportWorker is now disconnected from the server
Process exiting
Exiting without the bug reporter. Application will terminate with return code 0