Using pre-set license
Built from '2021.3/staging' branch; Version is '2021.3.3f1 (af2e63e8f9bd) revision 11480675'; Using compiler version '192829333'; Build Type 'Release'
OS: 'Windows 10  (10.0.19044) 64bit Core' Language: 'en' Physical Memory: 15791 MB
BatchMode: 1, IsHumanControllingUs: 0, StartBugReporterOnCrash: 0, Is64bit: 1, IsPro: 1

COMMAND LINE ARGUMENTS:
C:\Program Files\Unity\Hub\Editor\2021.3.3f1\Editor\Unity.exe
-adb2
-batchMode
-noUpm
-name
AssetImportWorker13
-projectPath
C:/Users/Dylan/Downloads/vapor-trails
-logFile
Logs/AssetImportWorker13.log
-srvPort
65097
Successfully changed project path to: C:/Users/Dylan/Downloads/vapor-trails
C:/Users/Dylan/Downloads/vapor-trails
[UnityMemory] Configuration Parameters - Can be set up in boot.config
    "memorysetup-bucket-allocator-granularity=16"
    "memorysetup-bucket-allocator-bucket-count=8"
    "memorysetup-bucket-allocator-block-size=33554432"
    "memorysetup-bucket-allocator-block-count=8"
    "memorysetup-main-allocator-block-size=16777216"
    "memorysetup-thread-allocator-block-size=16777216"
    "memorysetup-gfx-main-allocator-block-size=16777216"
    "memorysetup-gfx-thread-allocator-block-size=16777216"
    "memorysetup-cache-allocator-block-size=4194304"
    "memorysetup-typetree-allocator-block-size=2097152"
    "memorysetup-profiler-bucket-allocator-granularity=16"
    "memorysetup-profiler-bucket-allocator-bucket-count=8"
    "memorysetup-profiler-bucket-allocator-block-size=33554432"
    "memorysetup-profiler-bucket-allocator-block-count=8"
    "memorysetup-profiler-allocator-block-size=16777216"
    "memorysetup-profiler-editor-allocator-block-size=1048576"
    "memorysetup-temp-allocator-size-main=16777216"
    "memorysetup-job-temp-allocator-block-size=2097152"
    "memorysetup-job-temp-allocator-block-size-background=1048576"
    "memorysetup-job-temp-allocator-reduction-small-platforms=262144"
    "memorysetup-temp-allocator-size-background-worker=32768"
    "memorysetup-temp-allocator-size-job-worker=262144"
    "memorysetup-temp-allocator-size-preload-manager=33554432"
    "memorysetup-temp-allocator-size-nav-mesh-worker=65536"
    "memorysetup-temp-allocator-size-audio-worker=65536"
    "memorysetup-temp-allocator-size-cloud-worker=32768"
    "memorysetup-temp-allocator-size-gi-baking-worker=262144"
    "memorysetup-temp-allocator-size-gfx=262144"
Refreshing native plugins compatible for Editor in 57.62 ms, found 1 plugins.
Preloading 0 native plugins for Editor in 0.00 ms.
Initialize engine version: 2021.3.3f1 (af2e63e8f9bd)
[Subsystems] Discovering subsystems at path C:/Program Files/Unity/Hub/Editor/2021.3.3f1/Editor/Data/Resources/UnitySubsystems
[Subsystems] Discovering subsystems at path C:/Users/Dylan/Downloads/vapor-trails/Assets
GfxDevice: creating device client; threaded=0; jobified=0
Direct3D:
    Version:  Direct3D 11.0 [level 11.1]
    Renderer: NVIDIA GeForce GTX 1650 Ti (ID=0x1f95)
    Vendor:   NVIDIA
    VRAM:     3962 MB
    Driver:   30.0.15.1215
Initialize mono
Mono path[0] = 'C:/Program Files/Unity/Hub/Editor/2021.3.3f1/Editor/Data/Managed'
Mono path[1] = 'C:/Program Files/Unity/Hub/Editor/2021.3.3f1/Editor/Data/MonoBleedingEdge/lib/mono/unityjit-win32'
Mono config path = 'C:/Program Files/Unity/Hub/Editor/2021.3.3f1/Editor/Data/MonoBleedingEdge/etc'
Using monoOptions --debugger-agent=transport=dt_socket,embedding=1,server=y,suspend=n,address=127.0.0.1:56392
Begin MonoManager ReloadAssembly
Registering precompiled unity dll's ...
Register platform support module: C:/Program Files/Unity/Hub/Editor/2021.3.3f1/Editor/Data/PlaybackEngines/WebGLSupport/UnityEditor.WebGL.Extensions.dll
Register platform support module: C:/Program Files/Unity/Hub/Editor/2021.3.3f1/Editor/Data/PlaybackEngines/WindowsStandaloneSupport/UnityEditor.WindowsStandalone.Extensions.dll
Registered in 0.008564 seconds.
Native extension for WindowsStandalone target not found
Native extension for WebGL target not found
Refreshing native plugins compatible for Editor in 52.99 ms, found 1 plugins.
Preloading 0 native plugins for Editor in 0.00 ms.
Mono: successfully reloaded assembly
- Completed reload, in  0.584 seconds
Domain Reload Profiling:
	ReloadAssembly (584ms)
		BeginReloadAssembly (69ms)
			ExecutionOrderSort (0ms)
			DisableScriptedObjects (0ms)
			BackupInstance (0ms)
			ReleaseScriptingObjects (0ms)
			CreateAndSetChildDomain (1ms)
		EndReloadAssembly (406ms)
			LoadAssemblies (67ms)
			RebuildTransferFunctionScriptingTraits (0ms)
			SetupTypeCache (101ms)
			ReleaseScriptCaches (0ms)
			RebuildScriptCaches (25ms)
			SetupLoadedEditorAssemblies (229ms)
				LogAssemblyErrors (0ms)
				InitializePlatformSupportModulesInManaged (10ms)
				SetLoadedEditorAssemblies (0ms)
				RefreshPlugins (53ms)
				BeforeProcessingInitializeOnLoad (1ms)
				ProcessInitializeOnLoadAttributes (123ms)
				ProcessInitializeOnLoadMethodAttributes (42ms)
				AfterProcessingInitializeOnLoad (0ms)
				EditorAssembliesLoaded (0ms)
			ExecutionOrderSort2 (0ms)
			AwakeInstancesAfterBackupRestoration (0ms)
Platform modules already initialized, skipping
Registering precompiled user dll's ...
Registered in 0.008676 seconds.
Begin MonoManager ReloadAssembly
Native extension for WindowsStandalone target not found
Native extension for WebGL target not found
Refreshing native plugins compatible for Editor in 0.72 ms, found 1 plugins.
Preloading 0 native plugins for Editor in 0.00 ms.
Mono: successfully reloaded assembly
- Completed reload, in  0.977 seconds
Domain Reload Profiling:
	ReloadAssembly (978ms)
		BeginReloadAssembly (110ms)
			ExecutionOrderSort (0ms)
			DisableScriptedObjects (5ms)
			BackupInstance (0ms)
			ReleaseScriptingObjects (0ms)
			CreateAndSetChildDomain (21ms)
		EndReloadAssembly (774ms)
			LoadAssemblies (78ms)
			RebuildTransferFunctionScriptingTraits (0ms)
			SetupTypeCache (169ms)
			ReleaseScriptCaches (1ms)
			RebuildScriptCaches (63ms)
			SetupLoadedEditorAssemblies (435ms)
				LogAssemblyErrors (0ms)
				InitializePlatformSupportModulesInManaged (13ms)
				SetLoadedEditorAssemblies (0ms)
				RefreshPlugins (1ms)
				BeforeProcessingInitializeOnLoad (65ms)
				ProcessInitializeOnLoadAttributes (150ms)
				ProcessInitializeOnLoadMethodAttributes (198ms)
				AfterProcessingInitializeOnLoad (8ms)
				EditorAssembliesLoaded (0ms)
			ExecutionOrderSort2 (0ms)
			AwakeInstancesAfterBackupRestoration (6ms)
Platform modules already initialized, skipping
========================================================================
Worker process is ready to serve import requests
Launched and connected shader compiler UnityShaderCompiler.exe after 0.07 seconds
Refreshing native plugins compatible for Editor in 0.68 ms, found 1 plugins.
Preloading 0 native plugins for Editor in 0.00 ms.
Unloading 2401 Unused Serialized files (Serialized files now loaded: 0)
Unloading 92 unused Assets / (112.0 KB). Loaded Objects now: 2911.
Memory consumption went from 119.6 MB to 119.5 MB.
Total: 3.633300 ms (FindLiveObjects: 0.454700 ms CreateObjectMapping: 0.129900 ms MarkObjects: 2.960200 ms  DeleteObjects: 0.085900 ms)

AssetImportParameters requested are different than current active one (requested -> active):
  custom:video-decoder-ogg-theora: a1e56fd34408186e4bbccfd4996cb3dc -> 
  custom:container-muxer-webm: aa71ff27fc2769a1b78a27578f13a17b -> 
  custom:container-demuxer-webm: 4f35f7cbe854078d1ac9338744f61a02 -> 
  custom:video-encoder-webm-vp8: eb34c28f22e8b96e1ab97ce403110664 -> 
  custom:audio-encoder-webm-vorbis: bf7c407c2cedff20999df2af8eb42d56 -> 
  custom:framework-win-MediaFoundation: 216162199b28c13a410421893ffa2e32 -> 
  custom:container-demuxer-ogg: 62fdf1f143b41e24485cea50d1cbac27 -> 
  custom:video-decoder-webm-vp8: 9c59270c3fd7afecdb556c50c9e8de78 -> 
  custom:audio-decoder-ogg-vorbis: bf7c407c2cedff20999df2af8eb42d56 -> 
========================================================================
Received Import Request.
  Time since last request: 156061.277814 seconds.
  path: Assets/Resources/ScriptableObjects/Events/OpenMap.asset
  artifactKey: Guid(8311ea24d8c2c4f0c84191909d7c235f) Importer(815301076,1909f56bfc062723c751e8b465ee728b)
Start importing Assets/Resources/ScriptableObjects/Events/OpenMap.asset using Guid(8311ea24d8c2c4f0c84191909d7c235f) Importer(815301076,1909f56bfc062723c751e8b465ee728b)  -> (artifact id: 'b23333fc6243526b57147afd06ce2973') in 0.044515 seconds 
========================================================================
Received Import Request.
  Time since last request: 1.177507 seconds.
  path: Assets/Resources/ScriptableObjects/Game States/BeatPenelope.asset
  artifactKey: Guid(940856efbd127474eb1be18a11987a40) Importer(815301076,1909f56bfc062723c751e8b465ee728b)
Start importing Assets/Resources/ScriptableObjects/Game States/BeatPenelope.asset using Guid(940856efbd127474eb1be18a11987a40) Importer(815301076,1909f56bfc062723c751e8b465ee728b)  -> (artifact id: '6c345f2d7e56131263c3e2def5372132') in 0.003554 seconds 
========================================================================
Received Import Request.
  Time since last request: 0.000021 seconds.
  path: Assets/Resources/ScriptableObjects/Game States/DiscoveredCeruleanCove.asset
  artifactKey: Guid(e4cb0745070c80645a28d2907b292e24) Importer(815301076,1909f56bfc062723c751e8b465ee728b)
Start importing Assets/Resources/ScriptableObjects/Game States/DiscoveredCeruleanCove.asset using Guid(e4cb0745070c80645a28d2907b292e24) Importer(815301076,1909f56bfc062723c751e8b465ee728b)  -> (artifact id: '9356071bbe8aae7f8cc891caf73d3b82') in 0.003412 seconds 
========================================================================
Received Import Request.
  Time since last request: 0.000021 seconds.
  path: Assets/Resources/ScriptableObjects/Game States/DiscoveredHighwayTerminal.asset
  artifactKey: Guid(0b7666caa1a55a547b15b7cafafea03f) Importer(815301076,1909f56bfc062723c751e8b465ee728b)
Start importing Assets/Resources/ScriptableObjects/Game States/DiscoveredHighwayTerminal.asset using Guid(0b7666caa1a55a547b15b7cafafea03f) Importer(815301076,1909f56bfc062723c751e8b465ee728b)  -> (artifact id: '3c393aa36cf3be1807321eb1d3ca6d24') in 0.003965 seconds 
========================================================================
Received Import Request.
  Time since last request: 0.000024 seconds.
  path: Assets/Resources/ScriptableObjects/Game States/FinishedNightMarketBarConversation.asset
  artifactKey: Guid(3694c19d1fb7f7a48ab58b1c16b1a9f8) Importer(815301076,1909f56bfc062723c751e8b465ee728b)
Start importing Assets/Resources/ScriptableObjects/Game States/FinishedNightMarketBarConversation.asset using Guid(3694c19d1fb7f7a48ab58b1c16b1a9f8) Importer(815301076,1909f56bfc062723c751e8b465ee728b)  -> (artifact id: '218757678b645192ae08637bd5fca4b3') in 0.004559 seconds 
========================================================================
Received Import Request.
  Time since last request: 0.000039 seconds.
  path: Assets/Resources/ScriptableObjects/Game States/UpgradedHealthOnce.asset
  artifactKey: Guid(00249d4b508efcf4aa4a963c245abe5b) Importer(815301076,1909f56bfc062723c751e8b465ee728b)
Start importing Assets/Resources/ScriptableObjects/Game States/UpgradedHealthOnce.asset using Guid(00249d4b508efcf4aa4a963c245abe5b) Importer(815301076,1909f56bfc062723c751e8b465ee728b)  -> (artifact id: '1f558cb0de612f1c9265f88081f24ad0') in 0.004648 seconds 
========================================================================
Received Import Request.
  Time since last request: 0.000023 seconds.
  path: Assets/Resources/ScriptableObjects/Game States/MetTunnelsGreg.asset
  artifactKey: Guid(4e5c97640b530b7409221cb41b25220f) Importer(815301076,1909f56bfc062723c751e8b465ee728b)
Start importing Assets/Resources/ScriptableObjects/Game States/MetTunnelsGreg.asset using Guid(4e5c97640b530b7409221cb41b25220f) Importer(815301076,1909f56bfc062723c751e8b465ee728b)  -> (artifact id: 'd46df0f16821961194ef6545f1fccb0c') in 0.003873 seconds 
========================================================================
Received Import Request.
  Time since last request: 0.000029 seconds.
  path: Assets/Resources/ScriptableObjects/Game States/DiscoveredDocks.asset
  artifactKey: Guid(2cd8983f2d2f7284dae820375551ef93) Importer(815301076,1909f56bfc062723c751e8b465ee728b)
Start importing Assets/Resources/ScriptableObjects/Game States/DiscoveredDocks.asset using Guid(2cd8983f2d2f7284dae820375551ef93) Importer(815301076,1909f56bfc062723c751e8b465ee728b)  -> (artifact id: 'ac487d5fa3165b7500c1bc54d1b2fe7b') in 0.003307 seconds 
========================================================================
Received Import Request.
  Time since last request: 0.000044 seconds.
  path: Assets/Resources/ScriptableObjects/Game States/DiscoveredWeatherStation.asset
  artifactKey: Guid(0a46927200dcb484e873004c1b0c4ff5) Importer(815301076,1909f56bfc062723c751e8b465ee728b)
Start importing Assets/Resources/ScriptableObjects/Game States/DiscoveredWeatherStation.asset using Guid(0a46927200dcb484e873004c1b0c4ff5) Importer(815301076,1909f56bfc062723c751e8b465ee728b)  -> (artifact id: '27deb2200255faef6f2a59c7ad2af79e') in 0.003495 seconds 
========================================================================
Received Import Request.
  Time since last request: 0.000036 seconds.
  path: Assets/Resources/ScriptableObjects/Game States/DiscoveredDeepTown.asset
  artifactKey: Guid(e56cb11f093e20445abe0180bd23da4a) Importer(815301076,1909f56bfc062723c751e8b465ee728b)
Start importing Assets/Resources/ScriptableObjects/Game States/DiscoveredDeepTown.asset using Guid(e56cb11f093e20445abe0180bd23da4a) Importer(815301076,1909f56bfc062723c751e8b465ee728b)  -> (artifact id: '1bd40ee184cda6e68cfee95b84236227') in 0.003945 seconds 
========================================================================
Received Import Request.
  Time since last request: 1.575566 seconds.
  path: Assets/Resources/ScriptableObjects/InventoryItems/Autonav.asset
  artifactKey: Guid(0608df676fbf3fb43b4a38a6f99a121a) Importer(815301076,1909f56bfc062723c751e8b465ee728b)
Start importing Assets/Resources/ScriptableObjects/InventoryItems/Autonav.asset using Guid(0608df676fbf3fb43b4a38a6f99a121a) Importer(815301076,1909f56bfc062723c751e8b465ee728b)  -> (artifact id: '1f26997a337cf90cfdb9de21c87debc6') in 0.003711 seconds 
========================================================================
Received Import Request.
  Time since last request: 0.000024 seconds.
  path: Assets/Resources/ScriptableObjects/InventoryItems/Nano Tensor.asset
  artifactKey: Guid(d2445f1347a9f4211b5f05758ac876b3) Importer(815301076,1909f56bfc062723c751e8b465ee728b)
Start importing Assets/Resources/ScriptableObjects/InventoryItems/Nano Tensor.asset using Guid(d2445f1347a9f4211b5f05758ac876b3) Importer(815301076,1909f56bfc062723c751e8b465ee728b)  -> (artifact id: 'e6d5fdd3079a0e5a8d4ddd74f2e56dc6') in 0.003602 seconds 
========================================================================
Received Import Request.
  Time since last request: 0.000026 seconds.
  path: Assets/Resources/ScriptableObjects/InventoryItems/Cigarettes.asset
  artifactKey: Guid(a1a6536a7cd9046678f22913b9f42abf) Importer(815301076,1909f56bfc062723c751e8b465ee728b)
Start importing Assets/Resources/ScriptableObjects/InventoryItems/Cigarettes.asset using Guid(a1a6536a7cd9046678f22913b9f42abf) Importer(815301076,1909f56bfc062723c751e8b465ee728b)  -> (artifact id: '357cac6fa332c8c5b97a03488bffac71') in 0.003852 seconds 
========================================================================
Received Import Request.
  Time since last request: 0.000039 seconds.
  path: Assets/Resources/ScriptableObjects/InventoryItems/Vapor Plasma.asset
  artifactKey: Guid(f5e7b60a942dd4a2b8f703fa4f3d2e06) Importer(815301076,1909f56bfc062723c751e8b465ee728b)
Start importing Assets/Resources/ScriptableObjects/InventoryItems/Vapor Plasma.asset using Guid(f5e7b60a942dd4a2b8f703fa4f3d2e06) Importer(815301076,1909f56bfc062723c751e8b465ee728b)  -> (artifact id: 'deb401bee66a5a9ce91dae98cf5c10b9') in 0.005793 seconds 
========================================================================
Received Import Request.
  Time since last request: 0.000024 seconds.
  path: Assets/Resources/ScriptableObjects/InventoryItems/Double Jump.asset
  artifactKey: Guid(e6548f12dec5b41ac958dcc68dd6ae5f) Importer(815301076,1909f56bfc062723c751e8b465ee728b)
Start importing Assets/Resources/ScriptableObjects/InventoryItems/Double Jump.asset using Guid(e6548f12dec5b41ac958dcc68dd6ae5f) Importer(815301076,1909f56bfc062723c751e8b465ee728b)  -> (artifact id: '5586dc001b72349373e2dac5dc6905a1') in 0.004546 seconds 
========================================================================
Received Import Request.
  Time since last request: 0.000041 seconds.
  path: Assets/Resources/ScriptableObjects/InventoryItems/Pumpkin.asset
  artifactKey: Guid(b2db12056e4a0e24baf5f7e794eb9f8e) Importer(815301076,1909f56bfc062723c751e8b465ee728b)
Start importing Assets/Resources/ScriptableObjects/InventoryItems/Pumpkin.asset using Guid(b2db12056e4a0e24baf5f7e794eb9f8e) Importer(815301076,1909f56bfc062723c751e8b465ee728b)  -> (artifact id: '8c84f867200fc4204800399204ab9f6d') in 0.004547 seconds 
========================================================================
Received Import Request.
  Time since last request: 0.000027 seconds.
  path: Assets/Resources/ScriptableObjects/InventoryItems/Regenerate.asset
  artifactKey: Guid(84e8036127dec4c34b1bd2f557da521f) Importer(815301076,1909f56bfc062723c751e8b465ee728b)
Start importing Assets/Resources/ScriptableObjects/InventoryItems/Regenerate.asset using Guid(84e8036127dec4c34b1bd2f557da521f) Importer(815301076,1909f56bfc062723c751e8b465ee728b)  -> (artifact id: '28062f93314f980f51c86458f7789385') in 0.004657 seconds 
========================================================================
Received Import Request.
  Time since last request: 0.000035 seconds.
  path: Assets/Resources/ScriptableObjects/InventoryItems/Capacitor Shard.asset
  artifactKey: Guid(cc5d2b1e1c3c143c7a2f7af427f0d014) Importer(815301076,1909f56bfc062723c751e8b465ee728b)
Start importing Assets/Resources/ScriptableObjects/InventoryItems/Capacitor Shard.asset using Guid(cc5d2b1e1c3c143c7a2f7af427f0d014) Importer(815301076,1909f56bfc062723c751e8b465ee728b)  -> (artifact id: '0c5d5d6649bb14d2a7bf20ae7e1b3fb8') in 0.005264 seconds 
========================================================================
Received Import Request.
  Time since last request: 0.000042 seconds.
  path: Assets/Resources/ScriptableObjects/InventoryItems/Shrine Hack.asset
  artifactKey: Guid(93a3488ea9b0e48b2914086cbe6b3f82) Importer(815301076,1909f56bfc062723c751e8b465ee728b)
Start importing Assets/Resources/ScriptableObjects/InventoryItems/Shrine Hack.asset using Guid(93a3488ea9b0e48b2914086cbe6b3f82) Importer(815301076,1909f56bfc062723c751e8b465ee728b)  -> (artifact id: '9819878a9f78f703c12f77f3f26aecee') in 0.004140 seconds 
Editor requested this worker to shutdown with reason: Scaling down because of idle timeout
AssetImportWorker is now disconnected from the server
Process exiting
Exiting without the bug reporter. Application will terminate with return code 0