Using pre-set license
Built from '2021.3/staging' branch; Version is '2021.3.3f1 (af2e63e8f9bd) revision 11480675'; Using compiler version '192829333'; Build Type 'Release'
OS: 'Windows 10  (10.0.19044) 64bit Core' Language: 'en' Physical Memory: 15791 MB
BatchMode: 1, IsHumanControllingUs: 0, StartBugReporterOnCrash: 0, Is64bit: 1, IsPro: 1

COMMAND LINE ARGUMENTS:
C:\Program Files\Unity\Hub\Editor\2021.3.3f1\Editor\Unity.exe
-adb2
-batchMode
-noUpm
-name
AssetImportWorker14
-projectPath
C:/Users/Dylan/Downloads/vapor-trails
-logFile
Logs/AssetImportWorker14.log
-srvPort
65097
Successfully changed project path to: C:/Users/Dylan/Downloads/vapor-trails
C:/Users/Dylan/Downloads/vapor-trails
[UnityMemory] Configuration Parameters - Can be set up in boot.config
    "memorysetup-bucket-allocator-granularity=16"
    "memorysetup-bucket-allocator-bucket-count=8"
    "memorysetup-bucket-allocator-block-size=33554432"
    "memorysetup-bucket-allocator-block-count=8"
    "memorysetup-main-allocator-block-size=16777216"
    "memorysetup-thread-allocator-block-size=16777216"
    "memorysetup-gfx-main-allocator-block-size=16777216"
    "memorysetup-gfx-thread-allocator-block-size=16777216"
    "memorysetup-cache-allocator-block-size=4194304"
    "memorysetup-typetree-allocator-block-size=2097152"
    "memorysetup-profiler-bucket-allocator-granularity=16"
    "memorysetup-profiler-bucket-allocator-bucket-count=8"
    "memorysetup-profiler-bucket-allocator-block-size=33554432"
    "memorysetup-profiler-bucket-allocator-block-count=8"
    "memorysetup-profiler-allocator-block-size=16777216"
    "memorysetup-profiler-editor-allocator-block-size=1048576"
    "memorysetup-temp-allocator-size-main=16777216"
    "memorysetup-job-temp-allocator-block-size=2097152"
    "memorysetup-job-temp-allocator-block-size-background=1048576"
    "memorysetup-job-temp-allocator-reduction-small-platforms=262144"
    "memorysetup-temp-allocator-size-background-worker=32768"
    "memorysetup-temp-allocator-size-job-worker=262144"
    "memorysetup-temp-allocator-size-preload-manager=33554432"
    "memorysetup-temp-allocator-size-nav-mesh-worker=65536"
    "memorysetup-temp-allocator-size-audio-worker=65536"
    "memorysetup-temp-allocator-size-cloud-worker=32768"
    "memorysetup-temp-allocator-size-gi-baking-worker=262144"
    "memorysetup-temp-allocator-size-gfx=262144"
Refreshing native plugins compatible for Editor in 61.92 ms, found 1 plugins.
Preloading 0 native plugins for Editor in 0.00 ms.
Initialize engine version: 2021.3.3f1 (af2e63e8f9bd)
[Subsystems] Discovering subsystems at path C:/Program Files/Unity/Hub/Editor/2021.3.3f1/Editor/Data/Resources/UnitySubsystems
[Subsystems] Discovering subsystems at path C:/Users/Dylan/Downloads/vapor-trails/Assets
GfxDevice: creating device client; threaded=0; jobified=0
Direct3D:
    Version:  Direct3D 11.0 [level 11.1]
    Renderer: NVIDIA GeForce GTX 1650 Ti (ID=0x1f95)
    Vendor:   NVIDIA
    VRAM:     3962 MB
    Driver:   30.0.15.1215
Initialize mono
Mono path[0] = 'C:/Program Files/Unity/Hub/Editor/2021.3.3f1/Editor/Data/Managed'
Mono path[1] = 'C:/Program Files/Unity/Hub/Editor/2021.3.3f1/Editor/Data/MonoBleedingEdge/lib/mono/unityjit-win32'
Mono config path = 'C:/Program Files/Unity/Hub/Editor/2021.3.3f1/Editor/Data/MonoBleedingEdge/etc'
Using monoOptions --debugger-agent=transport=dt_socket,embedding=1,server=y,suspend=n,address=127.0.0.1:56712
Begin MonoManager ReloadAssembly
Registering precompiled unity dll's ...
Register platform support module: C:/Program Files/Unity/Hub/Editor/2021.3.3f1/Editor/Data/PlaybackEngines/WebGLSupport/UnityEditor.WebGL.Extensions.dll
Register platform support module: C:/Program Files/Unity/Hub/Editor/2021.3.3f1/Editor/Data/PlaybackEngines/WindowsStandaloneSupport/UnityEditor.WindowsStandalone.Extensions.dll
Registered in 0.008556 seconds.
Native extension for WindowsStandalone target not found
Native extension for WebGL target not found
Refreshing native plugins compatible for Editor in 52.52 ms, found 1 plugins.
Preloading 0 native plugins for Editor in 0.00 ms.
Mono: successfully reloaded assembly
- Completed reload, in  0.568 seconds
Domain Reload Profiling:
	ReloadAssembly (568ms)
		BeginReloadAssembly (69ms)
			ExecutionOrderSort (0ms)
			DisableScriptedObjects (0ms)
			BackupInstance (0ms)
			ReleaseScriptingObjects (0ms)
			CreateAndSetChildDomain (1ms)
		EndReloadAssembly (393ms)
			LoadAssemblies (67ms)
			RebuildTransferFunctionScriptingTraits (0ms)
			SetupTypeCache (97ms)
			ReleaseScriptCaches (0ms)
			RebuildScriptCaches (23ms)
			SetupLoadedEditorAssemblies (225ms)
				LogAssemblyErrors (0ms)
				InitializePlatformSupportModulesInManaged (9ms)
				SetLoadedEditorAssemblies (0ms)
				RefreshPlugins (53ms)
				BeforeProcessingInitializeOnLoad (1ms)
				ProcessInitializeOnLoadAttributes (123ms)
				ProcessInitializeOnLoadMethodAttributes (39ms)
				AfterProcessingInitializeOnLoad (0ms)
				EditorAssembliesLoaded (0ms)
			ExecutionOrderSort2 (0ms)
			AwakeInstancesAfterBackupRestoration (0ms)
Platform modules already initialized, skipping
Registering precompiled user dll's ...
Registered in 0.009043 seconds.
Begin MonoManager ReloadAssembly
Native extension for WindowsStandalone target not found
Native extension for WebGL target not found
Refreshing native plugins compatible for Editor in 0.74 ms, found 1 plugins.
Preloading 0 native plugins for Editor in 0.00 ms.
Mono: successfully reloaded assembly
- Completed reload, in  1.007 seconds
Domain Reload Profiling:
	ReloadAssembly (1008ms)
		BeginReloadAssembly (107ms)
			ExecutionOrderSort (0ms)
			DisableScriptedObjects (5ms)
			BackupInstance (0ms)
			ReleaseScriptingObjects (0ms)
			CreateAndSetChildDomain (19ms)
		EndReloadAssembly (807ms)
			LoadAssemblies (78ms)
			RebuildTransferFunctionScriptingTraits (0ms)
			SetupTypeCache (169ms)
			ReleaseScriptCaches (1ms)
			RebuildScriptCaches (61ms)
			SetupLoadedEditorAssemblies (468ms)
				LogAssemblyErrors (0ms)
				InitializePlatformSupportModulesInManaged (13ms)
				SetLoadedEditorAssemblies (0ms)
				RefreshPlugins (1ms)
				BeforeProcessingInitializeOnLoad (65ms)
				ProcessInitializeOnLoadAttributes (157ms)
				ProcessInitializeOnLoadMethodAttributes (223ms)
				AfterProcessingInitializeOnLoad (8ms)
				EditorAssembliesLoaded (0ms)
			ExecutionOrderSort2 (0ms)
			AwakeInstancesAfterBackupRestoration (6ms)
Platform modules already initialized, skipping
========================================================================
Worker process is ready to serve import requests
Launched and connected shader compiler UnityShaderCompiler.exe after 0.06 seconds
Refreshing native plugins compatible for Editor in 0.67 ms, found 1 plugins.
Preloading 0 native plugins for Editor in 0.00 ms.
Unloading 2401 Unused Serialized files (Serialized files now loaded: 0)
Unloading 92 unused Assets / (112.0 KB). Loaded Objects now: 2911.
Memory consumption went from 119.6 MB to 119.5 MB.
Total: 3.415000 ms (FindLiveObjects: 0.318600 ms CreateObjectMapping: 0.115100 ms MarkObjects: 2.887600 ms  DeleteObjects: 0.091700 ms)

AssetImportParameters requested are different than current active one (requested -> active):
  custom:video-decoder-ogg-theora: a1e56fd34408186e4bbccfd4996cb3dc -> 
  custom:container-muxer-webm: aa71ff27fc2769a1b78a27578f13a17b -> 
  custom:container-demuxer-webm: 4f35f7cbe854078d1ac9338744f61a02 -> 
  custom:video-encoder-webm-vp8: eb34c28f22e8b96e1ab97ce403110664 -> 
  custom:audio-encoder-webm-vorbis: bf7c407c2cedff20999df2af8eb42d56 -> 
  custom:framework-win-MediaFoundation: 216162199b28c13a410421893ffa2e32 -> 
  custom:container-demuxer-ogg: 62fdf1f143b41e24485cea50d1cbac27 -> 
  custom:video-decoder-webm-vp8: 9c59270c3fd7afecdb556c50c9e8de78 -> 
  custom:audio-decoder-ogg-vorbis: bf7c407c2cedff20999df2af8eb42d56 -> 
========================================================================
Received Import Request.
  Time since last request: 156062.508384 seconds.
  path: Assets/Resources/ScriptableObjects/Game States/BeatRena.asset
  artifactKey: Guid(7c53f3145c259f9459ee3974b78eb8f2) Importer(815301076,1909f56bfc062723c751e8b465ee728b)
Start importing Assets/Resources/ScriptableObjects/Game States/BeatRena.asset using Guid(7c53f3145c259f9459ee3974b78eb8f2) Importer(815301076,1909f56bfc062723c751e8b465ee728b)  -> (artifact id: '98f5b6f4ed5bb186b41114e9f3ba1b53') in 0.042140 seconds 
========================================================================
Received Import Request.
  Time since last request: 0.000029 seconds.
  path: Assets/Resources/ScriptableObjects/Game States/DiscoveredParadise.asset
  artifactKey: Guid(b6315936823405f49a16080abcd04031) Importer(815301076,1909f56bfc062723c751e8b465ee728b)
Start importing Assets/Resources/ScriptableObjects/Game States/DiscoveredParadise.asset using Guid(b6315936823405f49a16080abcd04031) Importer(815301076,1909f56bfc062723c751e8b465ee728b)  -> (artifact id: '63de14a4f6ed59fe5a561e3672b039ea') in 0.004978 seconds 
========================================================================
Received Import Request.
  Time since last request: 0.000069 seconds.
  path: Assets/Resources/ScriptableObjects/Game States/DiscoveredFinancialDistrict.asset
  artifactKey: Guid(56ce077dc6cad9042a21d1b2d05b941a) Importer(815301076,1909f56bfc062723c751e8b465ee728b)
Start importing Assets/Resources/ScriptableObjects/Game States/DiscoveredFinancialDistrict.asset using Guid(56ce077dc6cad9042a21d1b2d05b941a) Importer(815301076,1909f56bfc062723c751e8b465ee728b)  -> (artifact id: 'b46af69100d5797dfcc7334b4bdb5e8e') in 0.003997 seconds 
========================================================================
Received Import Request.
  Time since last request: 0.000041 seconds.
  path: Assets/Resources/ScriptableObjects/Game States/DiscoveredNightMarket.asset
  artifactKey: Guid(8582f3fb68759774a99f6359a5bf4305) Importer(815301076,1909f56bfc062723c751e8b465ee728b)
Start importing Assets/Resources/ScriptableObjects/Game States/DiscoveredNightMarket.asset using Guid(8582f3fb68759774a99f6359a5bf4305) Importer(815301076,1909f56bfc062723c751e8b465ee728b)  -> (artifact id: '6642014120593eb72c623016557a2ce0') in 0.004459 seconds 
========================================================================
Received Import Request.
  Time since last request: 0.000057 seconds.
  path: Assets/Resources/ScriptableObjects/Game States/ReunitedLaurenFlynn.asset
  artifactKey: Guid(ddfced06865174f4ebc476b52659b52f) Importer(815301076,1909f56bfc062723c751e8b465ee728b)
Start importing Assets/Resources/ScriptableObjects/Game States/ReunitedLaurenFlynn.asset using Guid(ddfced06865174f4ebc476b52659b52f) Importer(815301076,1909f56bfc062723c751e8b465ee728b)  -> (artifact id: '5fb1619a48359511102653e3947555a2') in 0.003202 seconds 
========================================================================
Received Import Request.
  Time since last request: 1.574745 seconds.
  path: Assets/Resources/ScriptableObjects/InventoryItems/Book of Thorns (Decrypted).asset
  artifactKey: Guid(5f2d95dadba372d42b004600f9939fe4) Importer(815301076,1909f56bfc062723c751e8b465ee728b)
Start importing Assets/Resources/ScriptableObjects/InventoryItems/Book of Thorns (Decrypted).asset using Guid(5f2d95dadba372d42b004600f9939fe4) Importer(815301076,1909f56bfc062723c751e8b465ee728b)  -> (artifact id: '9d1b8f971ebccff27efb2b60d096596e') in 0.009109 seconds 
========================================================================
Received Import Request.
  Time since last request: 0.000048 seconds.
  path: Assets/Resources/ScriptableObjects/InventoryItems/Kinetic Return.asset
  artifactKey: Guid(3290fd31e0434484495688740b69cb3e) Importer(815301076,1909f56bfc062723c751e8b465ee728b)
Start importing Assets/Resources/ScriptableObjects/InventoryItems/Kinetic Return.asset using Guid(3290fd31e0434484495688740b69cb3e) Importer(815301076,1909f56bfc062723c751e8b465ee728b)  -> (artifact id: '6aa67778d823b3570294319e4e63bb1d') in 0.003764 seconds 
========================================================================
Received Import Request.
  Time since last request: 0.000057 seconds.
  path: Assets/Resources/ScriptableObjects/InventoryItems/Spectral Parry.asset
  artifactKey: Guid(69d7c7799d418460dba72a15fb0ce251) Importer(815301076,1909f56bfc062723c751e8b465ee728b)
Start importing Assets/Resources/ScriptableObjects/InventoryItems/Spectral Parry.asset using Guid(69d7c7799d418460dba72a15fb0ce251) Importer(815301076,1909f56bfc062723c751e8b465ee728b)  -> (artifact id: '9a9b40600e5cd912abce55233924228d') in 0.005149 seconds 
========================================================================
Received Import Request.
  Time since last request: 0.000069 seconds.
  path: Assets/Resources/ScriptableObjects/InventoryItems/Tensor Blueprint.asset
  artifactKey: Guid(8e7fc267cceeb49ffac0fcb318afdaac) Importer(815301076,1909f56bfc062723c751e8b465ee728b)
Start importing Assets/Resources/ScriptableObjects/InventoryItems/Tensor Blueprint.asset using Guid(8e7fc267cceeb49ffac0fcb318afdaac) Importer(815301076,1909f56bfc062723c751e8b465ee728b)  -> (artifact id: '5e66c1fe01064bd036c0ff329a0751bf') in 0.004635 seconds 
========================================================================
Received Import Request.
  Time since last request: 0.000115 seconds.
  path: Assets/Resources/ScriptableObjects/InventoryItems/Broken Heart.asset
  artifactKey: Guid(5cff67ddcdca84b628e4a599f30b73f5) Importer(815301076,1909f56bfc062723c751e8b465ee728b)
Start importing Assets/Resources/ScriptableObjects/InventoryItems/Broken Heart.asset using Guid(5cff67ddcdca84b628e4a599f30b73f5) Importer(815301076,1909f56bfc062723c751e8b465ee728b)  -> (artifact id: 'af33044b8a709c10b4d9150fc69dc219') in 0.004179 seconds 
========================================================================
Received Import Request.
  Time since last request: 0.000083 seconds.
  path: Assets/Resources/ScriptableObjects/InventoryItems/Pico Tensor.asset
  artifactKey: Guid(313eb828a464642a4a5dec102c4ead41) Importer(815301076,1909f56bfc062723c751e8b465ee728b)
Start importing Assets/Resources/ScriptableObjects/InventoryItems/Pico Tensor.asset using Guid(313eb828a464642a4a5dec102c4ead41) Importer(815301076,1909f56bfc062723c751e8b465ee728b)  -> (artifact id: '7a3122b5ba9ff07ebace2adb5d00e0e9') in 0.004679 seconds 
========================================================================
Received Import Request.
  Time since last request: 0.000051 seconds.
  path: Assets/Resources/ScriptableObjects/InventoryItems/Shards.asset
  artifactKey: Guid(de54d42dc8d984463ae97c01ff60beb4) Importer(815301076,1909f56bfc062723c751e8b465ee728b)
Start importing Assets/Resources/ScriptableObjects/InventoryItems/Shards.asset using Guid(de54d42dc8d984463ae97c01ff60beb4) Importer(815301076,1909f56bfc062723c751e8b465ee728b)  -> (artifact id: '0634dd143903a0a4e8603483b0e90e0c') in 0.004733 seconds 
========================================================================
Received Import Request.
  Time since last request: 0.000065 seconds.
  path: Assets/Resources/ScriptableObjects/InventoryItems/Missile Kick.asset
  artifactKey: Guid(6c7053c585f8e484885aa2a5c287948d) Importer(815301076,1909f56bfc062723c751e8b465ee728b)
Start importing Assets/Resources/ScriptableObjects/InventoryItems/Missile Kick.asset using Guid(6c7053c585f8e484885aa2a5c287948d) Importer(815301076,1909f56bfc062723c751e8b465ee728b)  -> (artifact id: '706954d001ff61b857c498da5840cc5e') in 0.003622 seconds 
Editor requested this worker to shutdown with reason: Scaling down because of idle timeout
AssetImportWorker is now disconnected from the server
Process exiting
Exiting without the bug reporter. Application will terminate with return code 0