Using pre-set license
Built from '2021.3/staging' branch; Version is '2021.3.3f1 (af2e63e8f9bd) revision 11480675'; Using compiler version '192829333'; Build Type 'Release'
OS: 'Windows 10  (10.0.19044) 64bit Core' Language: 'en' Physical Memory: 15791 MB
BatchMode: 1, IsHumanControllingUs: 0, StartBugReporterOnCrash: 0, Is64bit: 1, IsPro: 1

COMMAND LINE ARGUMENTS:
C:\Program Files\Unity\Hub\Editor\2021.3.3f1\Editor\Unity.exe
-adb2
-batchMode
-noUpm
-name
AssetImportWorker7
-projectPath
C:/Users/Dylan/Downloads/vapor-trails
-logFile
Logs/AssetImportWorker7.log
-srvPort
65097
Successfully changed project path to: C:/Users/Dylan/Downloads/vapor-trails
C:/Users/Dylan/Downloads/vapor-trails
[UnityMemory] Configuration Parameters - Can be set up in boot.config
    "memorysetup-bucket-allocator-granularity=16"
    "memorysetup-bucket-allocator-bucket-count=8"
    "memorysetup-bucket-allocator-block-size=33554432"
    "memorysetup-bucket-allocator-block-count=8"
    "memorysetup-main-allocator-block-size=16777216"
    "memorysetup-thread-allocator-block-size=16777216"
    "memorysetup-gfx-main-allocator-block-size=16777216"
    "memorysetup-gfx-thread-allocator-block-size=16777216"
    "memorysetup-cache-allocator-block-size=4194304"
    "memorysetup-typetree-allocator-block-size=2097152"
    "memorysetup-profiler-bucket-allocator-granularity=16"
    "memorysetup-profiler-bucket-allocator-bucket-count=8"
    "memorysetup-profiler-bucket-allocator-block-size=33554432"
    "memorysetup-profiler-bucket-allocator-block-count=8"
    "memorysetup-profiler-allocator-block-size=16777216"
    "memorysetup-profiler-editor-allocator-block-size=1048576"
    "memorysetup-temp-allocator-size-main=16777216"
    "memorysetup-job-temp-allocator-block-size=2097152"
    "memorysetup-job-temp-allocator-block-size-background=1048576"
    "memorysetup-job-temp-allocator-reduction-small-platforms=262144"
    "memorysetup-temp-allocator-size-background-worker=32768"
    "memorysetup-temp-allocator-size-job-worker=262144"
    "memorysetup-temp-allocator-size-preload-manager=33554432"
    "memorysetup-temp-allocator-size-nav-mesh-worker=65536"
    "memorysetup-temp-allocator-size-audio-worker=65536"
    "memorysetup-temp-allocator-size-cloud-worker=32768"
    "memorysetup-temp-allocator-size-gi-baking-worker=262144"
    "memorysetup-temp-allocator-size-gfx=262144"
Refreshing native plugins compatible for Editor in 76.00 ms, found 1 plugins.
Preloading 0 native plugins for Editor in 0.00 ms.
Initialize engine version: 2021.3.3f1 (af2e63e8f9bd)
[Subsystems] Discovering subsystems at path C:/Program Files/Unity/Hub/Editor/2021.3.3f1/Editor/Data/Resources/UnitySubsystems
[Subsystems] Discovering subsystems at path C:/Users/Dylan/Downloads/vapor-trails/Assets
GfxDevice: creating device client; threaded=0; jobified=0
Direct3D:
    Version:  Direct3D 11.0 [level 11.1]
    Renderer: NVIDIA GeForce GTX 1650 Ti (ID=0x1f95)
    Vendor:   NVIDIA
    VRAM:     3962 MB
    Driver:   30.0.15.1215
Initialize mono
Mono path[0] = 'C:/Program Files/Unity/Hub/Editor/2021.3.3f1/Editor/Data/Managed'
Mono path[1] = 'C:/Program Files/Unity/Hub/Editor/2021.3.3f1/Editor/Data/MonoBleedingEdge/lib/mono/unityjit-win32'
Mono config path = 'C:/Program Files/Unity/Hub/Editor/2021.3.3f1/Editor/Data/MonoBleedingEdge/etc'
Using monoOptions --debugger-agent=transport=dt_socket,embedding=1,server=y,suspend=n,address=127.0.0.1:56956
Begin MonoManager ReloadAssembly
Registering precompiled unity dll's ...
Register platform support module: C:/Program Files/Unity/Hub/Editor/2021.3.3f1/Editor/Data/PlaybackEngines/WebGLSupport/UnityEditor.WebGL.Extensions.dll
Register platform support module: C:/Program Files/Unity/Hub/Editor/2021.3.3f1/Editor/Data/PlaybackEngines/WindowsStandaloneSupport/UnityEditor.WindowsStandalone.Extensions.dll
Registered in 0.010625 seconds.
Native extension for WindowsStandalone target not found
Native extension for WebGL target not found
Refreshing native plugins compatible for Editor in 54.69 ms, found 1 plugins.
Preloading 0 native plugins for Editor in 0.00 ms.
Mono: successfully reloaded assembly
- Completed reload, in  0.603 seconds
Domain Reload Profiling:
	ReloadAssembly (604ms)
		BeginReloadAssembly (75ms)
			ExecutionOrderSort (0ms)
			DisableScriptedObjects (0ms)
			BackupInstance (0ms)
			ReleaseScriptingObjects (0ms)
			CreateAndSetChildDomain (1ms)
		EndReloadAssembly (409ms)
			LoadAssemblies (73ms)
			RebuildTransferFunctionScriptingTraits (0ms)
			SetupTypeCache (104ms)
			ReleaseScriptCaches (0ms)
			RebuildScriptCaches (23ms)
			SetupLoadedEditorAssemblies (234ms)
				LogAssemblyErrors (0ms)
				InitializePlatformSupportModulesInManaged (9ms)
				SetLoadedEditorAssemblies (0ms)
				RefreshPlugins (55ms)
				BeforeProcessingInitializeOnLoad (1ms)
				ProcessInitializeOnLoadAttributes (123ms)
				ProcessInitializeOnLoadMethodAttributes (45ms)
				AfterProcessingInitializeOnLoad (0ms)
				EditorAssembliesLoaded (0ms)
			ExecutionOrderSort2 (0ms)
			AwakeInstancesAfterBackupRestoration (0ms)
Platform modules already initialized, skipping
Registering precompiled user dll's ...
Registered in 0.009635 seconds.
Begin MonoManager ReloadAssembly
Native extension for WindowsStandalone target not found
Native extension for WebGL target not found
Refreshing native plugins compatible for Editor in 0.69 ms, found 1 plugins.
Preloading 0 native plugins for Editor in 0.00 ms.
Mono: successfully reloaded assembly
- Completed reload, in  1.107 seconds
Domain Reload Profiling:
	ReloadAssembly (1108ms)
		BeginReloadAssembly (122ms)
			ExecutionOrderSort (0ms)
			DisableScriptedObjects (5ms)
			BackupInstance (0ms)
			ReleaseScriptingObjects (0ms)
			CreateAndSetChildDomain (27ms)
		EndReloadAssembly (874ms)
			LoadAssemblies (85ms)
			RebuildTransferFunctionScriptingTraits (0ms)
			SetupTypeCache (228ms)
			ReleaseScriptCaches (1ms)
			RebuildScriptCaches (61ms)
			SetupLoadedEditorAssemblies (473ms)
				LogAssemblyErrors (0ms)
				InitializePlatformSupportModulesInManaged (13ms)
				SetLoadedEditorAssemblies (0ms)
				RefreshPlugins (1ms)
				BeforeProcessingInitializeOnLoad (67ms)
				ProcessInitializeOnLoadAttributes (156ms)
				ProcessInitializeOnLoadMethodAttributes (227ms)
				AfterProcessingInitializeOnLoad (8ms)
				EditorAssembliesLoaded (0ms)
			ExecutionOrderSort2 (0ms)
			AwakeInstancesAfterBackupRestoration (6ms)
Platform modules already initialized, skipping
========================================================================
Worker process is ready to serve import requests
Launched and connected shader compiler UnityShaderCompiler.exe after 0.06 seconds
Refreshing native plugins compatible for Editor in 0.78 ms, found 1 plugins.
Preloading 0 native plugins for Editor in 0.00 ms.
Unloading 2401 Unused Serialized files (Serialized files now loaded: 0)
Unloading 92 unused Assets / (112.0 KB). Loaded Objects now: 2910.
Memory consumption went from 119.5 MB to 119.4 MB.
Total: 3.914300 ms (FindLiveObjects: 0.241200 ms CreateObjectMapping: 0.067800 ms MarkObjects: 3.515400 ms  DeleteObjects: 0.087100 ms)

AssetImportParameters requested are different than current active one (requested -> active):
  custom:video-decoder-ogg-theora: a1e56fd34408186e4bbccfd4996cb3dc -> 
  custom:container-muxer-webm: aa71ff27fc2769a1b78a27578f13a17b -> 
  custom:container-demuxer-webm: 4f35f7cbe854078d1ac9338744f61a02 -> 
  custom:video-encoder-webm-vp8: eb34c28f22e8b96e1ab97ce403110664 -> 
  custom:audio-encoder-webm-vorbis: bf7c407c2cedff20999df2af8eb42d56 -> 
  custom:framework-win-MediaFoundation: 216162199b28c13a410421893ffa2e32 -> 
  custom:container-demuxer-ogg: 62fdf1f143b41e24485cea50d1cbac27 -> 
  custom:video-decoder-webm-vp8: 9c59270c3fd7afecdb556c50c9e8de78 -> 
  custom:audio-decoder-ogg-vorbis: bf7c407c2cedff20999df2af8eb42d56 -> 
========================================================================
Received Import Request.
  Time since last request: 150077.755730 seconds.
  path: Assets/Player/dash2-spritesheet.png
  artifactKey: Guid(3fc6fb18e0145a3409322a6fa01063d2) Importer(815301076,1909f56bfc062723c751e8b465ee728b)
Start importing Assets/Player/dash2-spritesheet.png using Guid(3fc6fb18e0145a3409322a6fa01063d2) Importer(815301076,1909f56bfc062723c751e8b465ee728b)  -> (artifact id: 'a34fc4a7285220a1a31940e78e9ac6d9') in 0.181204 seconds 
========================================================================
Received Import Request.
  Time since last request: 0.000034 seconds.
  path: Assets/Player/player-hair.png
  artifactKey: Guid(817e51d05b3945c4da874ad0faa26a32) Importer(815301076,1909f56bfc062723c751e8b465ee728b)
Start importing Assets/Player/player-hair.png using Guid(817e51d05b3945c4da874ad0faa26a32) Importer(815301076,1909f56bfc062723c751e8b465ee728b)  -> (artifact id: '7a95400dfcabef4eb4d467c973c12ac6') in 0.096488 seconds 
========================================================================
Received Import Request.
  Time since last request: 0.000042 seconds.
  path: Assets/Player/jab1-spritesheet.png
  artifactKey: Guid(013ed948d017e164bb8970c3e52ed977) Importer(815301076,1909f56bfc062723c751e8b465ee728b)
Start importing Assets/Player/jab1-spritesheet.png using Guid(013ed948d017e164bb8970c3e52ed977) Importer(815301076,1909f56bfc062723c751e8b465ee728b)  -> (artifact id: '7e2bd74668d01fb24d0cc6a4c47c36f3') in 0.044202 seconds 
========================================================================
Received Import Request.
  Time since last request: 0.000084 seconds.
  path: Assets/Player/player-atlas.png
  artifactKey: Guid(4ebf57e67be0bb242ab92ed398a7d394) Importer(815301076,1909f56bfc062723c751e8b465ee728b)
Start importing Assets/Player/player-atlas.png using Guid(4ebf57e67be0bb242ab92ed398a7d394) Importer(815301076,1909f56bfc062723c751e8b465ee728b)  -> (artifact id: '07c3dd0a14545bfacbd9634d08c1d0ab') in 0.142636 seconds 
========================================================================
Received Import Request.
  Time since last request: 0.000027 seconds.
  path: Assets/Player/ParryArm.prefab
  artifactKey: Guid(18c7fa6a3c265460d837be688677382f) Importer(815301076,1909f56bfc062723c751e8b465ee728b)
Start importing Assets/Player/ParryArm.prefab using Guid(18c7fa6a3c265460d837be688677382f) Importer(815301076,1909f56bfc062723c751e8b465ee728b)  -> (artifact id: '1463754f787d77d273ad84a2e7873530') in 0.051167 seconds 
========================================================================
Received Import Request.
  Time since last request: 3.464287 seconds.
  path: Assets/Player/val_heart.png
  artifactKey: Guid(561c4622b0fb847b8bf4127b79918ffd) Importer(815301076,1909f56bfc062723c751e8b465ee728b)
Start importing Assets/Player/val_heart.png using Guid(561c4622b0fb847b8bf4127b79918ffd) Importer(815301076,1909f56bfc062723c751e8b465ee728b)  -> (artifact id: '945bd7cba6ecc9d3f98605841c990c69') in 0.022194 seconds 
========================================================================
Received Import Request.
  Time since last request: 0.000034 seconds.
  path: Assets/Player/whiteEyes.png
  artifactKey: Guid(244bd668246271b4da36b7c9b84566bc) Importer(815301076,1909f56bfc062723c751e8b465ee728b)
Start importing Assets/Player/whiteEyes.png using Guid(244bd668246271b4da36b7c9b84566bc) Importer(815301076,1909f56bfc062723c751e8b465ee728b)  -> (artifact id: '99401696d62cb2cc14261a1899d0793d') in 0.021058 seconds 
========================================================================
Received Import Request.
  Time since last request: 19.746507 seconds.
  path: Assets/Loading Screens/Sprites and Animations/fg clouds.png
  artifactKey: Guid(ade2751d655ab954e8d4902de249c4d5) Importer(815301076,1909f56bfc062723c751e8b465ee728b)
Start importing Assets/Loading Screens/Sprites and Animations/fg clouds.png using Guid(ade2751d655ab954e8d4902de249c4d5) Importer(815301076,1909f56bfc062723c751e8b465ee728b)  -> (artifact id: '35132d8cfa926a73f9e8813f29ef4765') in 0.058870 seconds 
========================================================================
Received Import Request.
  Time since last request: 0.000047 seconds.
  path: Assets/Loading Screens/Sprites and Animations/ocean.png
  artifactKey: Guid(0ce94bb64800f1b45bcd6ae2734a4d33) Importer(815301076,1909f56bfc062723c751e8b465ee728b)
Start importing Assets/Loading Screens/Sprites and Animations/ocean.png using Guid(0ce94bb64800f1b45bcd6ae2734a4d33) Importer(815301076,1909f56bfc062723c751e8b465ee728b)  -> (artifact id: '2257758911d5c504e23197b53a5aafd8') in 0.030922 seconds 
========================================================================
Received Prepare
Registering precompiled user dll's ...
Registered in 0.010631 seconds.
Begin MonoManager ReloadAssembly
Native extension for WindowsStandalone target not found
Native extension for WebGL target not found
Refreshing native plugins compatible for Editor in 0.79 ms, found 1 plugins.
Preloading 0 native plugins for Editor in 0.00 ms.
System.Reflection.TargetInvocationException: Exception has been thrown by the target of an invocation. ---> System.NullReferenceException: Object reference not set to an instance of an object
  at XNodeEditor.NodeEditorAssetModProcessor.OnReloadEditor () [0x0004b] in C:\Users\Dylan\Downloads\vapor-trails\Library\PackageCache\com.github.siccity.xnode@1fb94b2413\Scripts\Editor\NodeEditorAssetModProcessor.cs:55 
  at (wrapper managed-to-native) System.Reflection.RuntimeMethodInfo.InternalInvoke(System.Reflection.RuntimeMethodInfo,object,object[],System.Exception&)
  at System.Reflection.RuntimeMethodInfo.Invoke (System.Object obj, System.Reflection.BindingFlags invokeAttr, System.Reflection.Binder binder, System.Object[] parameters, System.Globalization.CultureInfo culture) [0x0006a] in <6073cf49ed704e958b8a66d540dea948>:0 
   --- End of inner exception stack trace ---
  at System.Reflection.RuntimeMethodInfo.Invoke (System.Object obj, System.Reflection.BindingFlags invokeAttr, System.Reflection.Binder binder, System.Object[] parameters, System.Globalization.CultureInfo culture) [0x00083] in <6073cf49ed704e958b8a66d540dea948>:0 
  at System.Reflection.MethodBase.Invoke (System.Object obj, System.Object[] parameters) [0x00000] in <6073cf49ed704e958b8a66d540dea948>:0 
  at UnityEditor.EditorAssemblies.ProcessInitializeOnLoadMethodAttributes () [0x000a5] in <31b86d204baf45de8328f2d1261a79f7>:0 
UnityEngine.StackTraceUtility:ExtractStackTrace ()
UnityEngine.DebugLogHandler:LogFormat (UnityEngine.LogType,UnityEngine.Object,string,object[])
UnityEngine.Logger:Log (UnityEngine.LogType,object)
UnityEngine.Debug:LogError (object)
UnityEditor.EditorAssemblies:ProcessInitializeOnLoadMethodAttributes ()

Mono: successfully reloaded assembly
- Completed reload, in  1.081 seconds
Domain Reload Profiling:
	ReloadAssembly (1082ms)
		BeginReloadAssembly (140ms)
			ExecutionOrderSort (0ms)
			DisableScriptedObjects (5ms)
			BackupInstance (0ms)
			ReleaseScriptingObjects (0ms)
			CreateAndSetChildDomain (37ms)
		EndReloadAssembly (831ms)
			LoadAssemblies (96ms)
			RebuildTransferFunctionScriptingTraits (0ms)
			SetupTypeCache (192ms)
			ReleaseScriptCaches (1ms)
			RebuildScriptCaches (45ms)
			SetupLoadedEditorAssemblies (463ms)
				LogAssemblyErrors (0ms)
				InitializePlatformSupportModulesInManaged (16ms)
				SetLoadedEditorAssemblies (0ms)
				RefreshPlugins (1ms)
				BeforeProcessingInitializeOnLoad (65ms)
				ProcessInitializeOnLoadAttributes (154ms)
				ProcessInitializeOnLoadMethodAttributes (218ms)
				AfterProcessingInitializeOnLoad (9ms)
				EditorAssembliesLoaded (0ms)
			ExecutionOrderSort2 (0ms)
			AwakeInstancesAfterBackupRestoration (7ms)
Platform modules already initialized, skipping
Refreshing native plugins compatible for Editor in 2.16 ms, found 1 plugins.
Preloading 0 native plugins for Editor in 0.00 ms.
Unloading 2339 Unused Serialized files (Serialized files now loaded: 0)
Unloading 26 unused Assets / (98.8 KB). Loaded Objects now: 2989.
Memory consumption went from 120.7 MB to 120.6 MB.
Total: 3.743400 ms (FindLiveObjects: 0.274500 ms CreateObjectMapping: 0.077100 ms MarkObjects: 3.328000 ms  DeleteObjects: 0.062000 ms)

AssetImportParameters requested are different than current active one (requested -> active):
  custom:video-decoder-ogg-theora: a1e56fd34408186e4bbccfd4996cb3dc -> 
  custom:container-muxer-webm: aa71ff27fc2769a1b78a27578f13a17b -> 
  custom:container-demuxer-webm: 4f35f7cbe854078d1ac9338744f61a02 -> 
  custom:video-encoder-webm-vp8: eb34c28f22e8b96e1ab97ce403110664 -> 
  custom:audio-encoder-webm-vorbis: bf7c407c2cedff20999df2af8eb42d56 -> 
  custom:framework-win-MediaFoundation: 216162199b28c13a410421893ffa2e32 -> 
  custom:container-demuxer-ogg: 62fdf1f143b41e24485cea50d1cbac27 -> 
  custom:video-decoder-webm-vp8: 9c59270c3fd7afecdb556c50c9e8de78 -> 
  custom:audio-decoder-ogg-vorbis: bf7c407c2cedff20999df2af8eb42d56 -> 
========================================================================
Received Import Request.
  Time since last request: 54.910417 seconds.
  path: Assets/Music/menumusic.wav
  artifactKey: Guid(cbf5fd0772af0594fb36adebebb94274) Importer(815301076,1909f56bfc062723c751e8b465ee728b)
Start importing Assets/Music/menumusic.wav using Guid(cbf5fd0772af0594fb36adebebb94274) Importer(815301076,1909f56bfc062723c751e8b465ee728b)  -> (artifact id: '2459898c09081cb87ebcb268cc69d3e9') in 0.208918 seconds 
========================================================================
Received Import Request.
  Time since last request: 0.000073 seconds.
  path: Assets/Music/VTgarden.mp3
  artifactKey: Guid(a9f442b313e21d54d97a6729f90fc13c) Importer(815301076,1909f56bfc062723c751e8b465ee728b)
Start importing Assets/Music/VTgarden.mp3 using Guid(a9f442b313e21d54d97a6729f90fc13c) Importer(815301076,1909f56bfc062723c751e8b465ee728b)  -> (artifact id: '4cc65d8d5f291d1ad8b3eb3daea0eb66') in 0.016754 seconds 
========================================================================
Received Import Request.
  Time since last request: 0.000068 seconds.
  path: Assets/Music/weatherstation2nowater.mp3
  artifactKey: Guid(38e8a578fe32b1449b19840b3403d4d4) Importer(815301076,1909f56bfc062723c751e8b465ee728b)
Start importing Assets/Music/weatherstation2nowater.mp3 using Guid(38e8a578fe32b1449b19840b3403d4d4) Importer(815301076,1909f56bfc062723c751e8b465ee728b)  -> (artifact id: '041500f014220d1753cde0768a67a7e8') in 0.013648 seconds 
========================================================================
Received Import Request.
  Time since last request: 13.259144 seconds.
  path: Assets/Generic Tilemaps/breakableRock.png
  artifactKey: Guid(90a872dc70115fb44962695f98949856) Importer(815301076,1909f56bfc062723c751e8b465ee728b)
Start importing Assets/Generic Tilemaps/breakableRock.png using Guid(90a872dc70115fb44962695f98949856) Importer(815301076,1909f56bfc062723c751e8b465ee728b)  -> (artifact id: 'd4e463c0510a6ab32d12ecc146557617') in 0.032919 seconds 
========================================================================
Received Import Request.
  Time since last request: 0.000032 seconds.
  path: Assets/Generic Tilemaps/Decorations.prefab
  artifactKey: Guid(6082f4456828740438d25941297c9829) Importer(815301076,1909f56bfc062723c751e8b465ee728b)
Start importing Assets/Generic Tilemaps/Decorations.prefab using Guid(6082f4456828740438d25941297c9829) Importer(815301076,1909f56bfc062723c751e8b465ee728b)  -> (artifact id: '4e68421bb40595e07505844957c1f9e9') in 0.044594 seconds 
========================================================================
Received Import Request.
  Time since last request: 0.000055 seconds.
  path: Assets/Generic Tilemaps/stringLights.png
  artifactKey: Guid(9486b3b7f9506194284e5cbfa79f53e7) Importer(815301076,1909f56bfc062723c751e8b465ee728b)
Start importing Assets/Generic Tilemaps/stringLights.png using Guid(9486b3b7f9506194284e5cbfa79f53e7) Importer(815301076,1909f56bfc062723c751e8b465ee728b)  -> (artifact id: '4478d05a430459a231a8016c98522a00') in 0.017745 seconds 
========================================================================
Received Import Request.
  Time since last request: 0.000025 seconds.
  path: Assets/Generic Tilemaps/WoodFloorTile.asset
  artifactKey: Guid(0bf88ec25ef938f49b4435cf684d2ac9) Importer(815301076,1909f56bfc062723c751e8b465ee728b)
Start importing Assets/Generic Tilemaps/WoodFloorTile.asset using Guid(0bf88ec25ef938f49b4435cf684d2ac9) Importer(815301076,1909f56bfc062723c751e8b465ee728b)  -> (artifact id: 'c32cf784de36c5ee055919ef91e683f6') in 0.022950 seconds 
========================================================================
Received Import Request.
  Time since last request: 0.000063 seconds.
  path: Assets/Generic Tilemaps/truss.png
  artifactKey: Guid(8293555c006a0db49b46c859b083dc2d) Importer(815301076,1909f56bfc062723c751e8b465ee728b)
Start importing Assets/Generic Tilemaps/truss.png using Guid(8293555c006a0db49b46c859b083dc2d) Importer(815301076,1909f56bfc062723c751e8b465ee728b)  -> (artifact id: '337718c239e44892d80593abca3d168b') in 0.016835 seconds 
========================================================================
Received Import Request.
  Time since last request: 0.000048 seconds.
  path: Assets/Generic Tilemaps/force center support junction.asset
  artifactKey: Guid(932dcbebc3d0ed24fa80cca0596d5847) Importer(815301076,1909f56bfc062723c751e8b465ee728b)
Start importing Assets/Generic Tilemaps/force center support junction.asset using Guid(932dcbebc3d0ed24fa80cca0596d5847) Importer(815301076,1909f56bfc062723c751e8b465ee728b)  -> (artifact id: '52d382a58a4a5211b3111b9d614597f0') in 0.009604 seconds 
========================================================================
Received Import Request.
  Time since last request: 2.463212 seconds.
  path: Assets/Generic Sprites and Animations/meteorBlock.png
  artifactKey: Guid(b16a4a5a142c42d4987ae93f0e9ebbb6) Importer(815301076,1909f56bfc062723c751e8b465ee728b)
Start importing Assets/Generic Sprites and Animations/meteorBlock.png using Guid(b16a4a5a142c42d4987ae93f0e9ebbb6) Importer(815301076,1909f56bfc062723c751e8b465ee728b)  -> (artifact id: 'cc3781aba6ab16a0ea10a9be3ff87d80') in 0.016078 seconds 
========================================================================
Received Import Request.
  Time since last request: 0.000040 seconds.
  path: Assets/Generic Sprites and Animations/meteorBlockBurst.png
  artifactKey: Guid(f5037e465a80cbd4ea902e8979b76cc1) Importer(815301076,1909f56bfc062723c751e8b465ee728b)
Start importing Assets/Generic Sprites and Animations/meteorBlockBurst.png using Guid(f5037e465a80cbd4ea902e8979b76cc1) Importer(815301076,1909f56bfc062723c751e8b465ee728b)  -> (artifact id: '927d956c64a92e7ea17f947b90c5fe6f') in 0.034064 seconds 
========================================================================
Received Import Request.
  Time since last request: 6.608071 seconds.
  path: Assets/NPCs/Prefabs/Flynn Rig.prefab
  artifactKey: Guid(d9d5edd46b91be2479c948847416dde8) Importer(815301076,1909f56bfc062723c751e8b465ee728b)
Start importing Assets/NPCs/Prefabs/Flynn Rig.prefab using Guid(d9d5edd46b91be2479c948847416dde8) Importer(815301076,1909f56bfc062723c751e8b465ee728b)  -> (artifact id: '2695c49eab357360e690cde094d9730e') in 0.034126 seconds 
========================================================================
Received Import Request.
  Time since last request: 0.000025 seconds.
  path: Assets/NPCs/Prefabs/Marquis Rig.prefab
  artifactKey: Guid(7747e8b3afe404449b8eee782779da95) Importer(815301076,1909f56bfc062723c751e8b465ee728b)
Start importing Assets/NPCs/Prefabs/Marquis Rig.prefab using Guid(7747e8b3afe404449b8eee782779da95) Importer(815301076,1909f56bfc062723c751e8b465ee728b)  -> (artifact id: '03cbb7fee9826837d2aaf5ce69a31027') in 0.043325 seconds 
========================================================================
Received Import Request.
  Time since last request: 0.000024 seconds.
  path: Assets/NPCs/Prefabs/Grandma Rig.prefab
  artifactKey: Guid(4e9db5c978d0dc1448bd96230214c546) Importer(815301076,1909f56bfc062723c751e8b465ee728b)
Start importing Assets/NPCs/Prefabs/Grandma Rig.prefab using Guid(4e9db5c978d0dc1448bd96230214c546) Importer(815301076,1909f56bfc062723c751e8b465ee728b)  -> (artifact id: 'a01a3cc70e5d88468365b5b0e0118f3c') in 0.031708 seconds 
========================================================================
Received Import Request.
  Time since last request: 0.000095 seconds.
  path: Assets/NPCs/Prefabs/Hoodie2 Rig.prefab
  artifactKey: Guid(0363ca948bcd8df4e88a73059998dd80) Importer(815301076,1909f56bfc062723c751e8b465ee728b)
Start importing Assets/NPCs/Prefabs/Hoodie2 Rig.prefab using Guid(0363ca948bcd8df4e88a73059998dd80) Importer(815301076,1909f56bfc062723c751e8b465ee728b)  -> (artifact id: '55c935bc4dcd4249d7512832d77640f5') in 0.033937 seconds 
========================================================================
Received Import Request.
  Time since last request: 0.000041 seconds.
  path: Assets/NPCs/Prefabs/Maxine Rig.prefab
  artifactKey: Guid(a3e0f0af4f615d8459855d6e3d307e48) Importer(815301076,1909f56bfc062723c751e8b465ee728b)
Start importing Assets/NPCs/Prefabs/Maxine Rig.prefab using Guid(a3e0f0af4f615d8459855d6e3d307e48) Importer(815301076,1909f56bfc062723c751e8b465ee728b)  -> (artifact id: 'de03fbcd291f9dbc73de6204c571cc6c') in 0.030788 seconds 
========================================================================
Received Import Request.
  Time since last request: 0.000058 seconds.
  path: Assets/NPCs/Prefabs/Hoodie Rig.prefab
  artifactKey: Guid(93fe5d6d327fc6f4fa29fcadfb778a40) Importer(815301076,1909f56bfc062723c751e8b465ee728b)
Start importing Assets/NPCs/Prefabs/Hoodie Rig.prefab using Guid(93fe5d6d327fc6f4fa29fcadfb778a40) Importer(815301076,1909f56bfc062723c751e8b465ee728b)  -> (artifact id: '2a3393bdcfde15938158d944cb6fd287') in 0.035798 seconds 
========================================================================
Received Import Request.
  Time since last request: 0.000061 seconds.
  path: Assets/NPCs/Prefabs/Sheila Rig.prefab
  artifactKey: Guid(052ccffc04931fa4ea9493a0f84848c8) Importer(815301076,1909f56bfc062723c751e8b465ee728b)
Start importing Assets/NPCs/Prefabs/Sheila Rig.prefab using Guid(052ccffc04931fa4ea9493a0f84848c8) Importer(815301076,1909f56bfc062723c751e8b465ee728b)  -> (artifact id: 'ccafdfc5097363a2284b54085b01716d') in 0.020342 seconds 
========================================================================
Received Import Request.
  Time since last request: 0.000052 seconds.
  path: Assets/NPCs/Prefabs/NPC Rig.prefab
  artifactKey: Guid(d5bf6ad320c1a6341aa3928917e80d03) Importer(815301076,1909f56bfc062723c751e8b465ee728b)
Start importing Assets/NPCs/Prefabs/NPC Rig.prefab using Guid(d5bf6ad320c1a6341aa3928917e80d03) Importer(815301076,1909f56bfc062723c751e8b465ee728b)  -> (artifact id: 'ff5fcf00d37455da563b2bbc467de3e6') in 0.024486 seconds 
Editor requested this worker to shutdown with reason: Scaling down because of idle timeout
AssetImportWorker is now disconnected from the server
Process exiting
Exiting without the bug reporter. Application will terminate with return code 0