Using pre-set license
Built from '2021.3/staging' branch; Version is '2021.3.3f1 (af2e63e8f9bd) revision 11480675'; Using compiler version '192829333'; Build Type 'Release'
OS: 'Windows 10  (10.0.19044) 64bit Core' Language: 'en' Physical Memory: 15791 MB
BatchMode: 1, IsHumanControllingUs: 0, StartBugReporterOnCrash: 0, Is64bit: 1, IsPro: 1

COMMAND LINE ARGUMENTS:
C:\Program Files\Unity\Hub\Editor\2021.3.3f1\Editor\Unity.exe
-adb2
-batchMode
-noUpm
-name
AssetImportWorker4
-projectPath
C:/Users/Dylan/Downloads/vapor-trails
-logFile
Logs/AssetImportWorker4.log
-srvPort
65097
Successfully changed project path to: C:/Users/Dylan/Downloads/vapor-trails
C:/Users/Dylan/Downloads/vapor-trails
[UnityMemory] Configuration Parameters - Can be set up in boot.config
    "memorysetup-bucket-allocator-granularity=16"
    "memorysetup-bucket-allocator-bucket-count=8"
    "memorysetup-bucket-allocator-block-size=33554432"
    "memorysetup-bucket-allocator-block-count=8"
    "memorysetup-main-allocator-block-size=16777216"
    "memorysetup-thread-allocator-block-size=16777216"
    "memorysetup-gfx-main-allocator-block-size=16777216"
    "memorysetup-gfx-thread-allocator-block-size=16777216"
    "memorysetup-cache-allocator-block-size=4194304"
    "memorysetup-typetree-allocator-block-size=2097152"
    "memorysetup-profiler-bucket-allocator-granularity=16"
    "memorysetup-profiler-bucket-allocator-bucket-count=8"
    "memorysetup-profiler-bucket-allocator-block-size=33554432"
    "memorysetup-profiler-bucket-allocator-block-count=8"
    "memorysetup-profiler-allocator-block-size=16777216"
    "memorysetup-profiler-editor-allocator-block-size=1048576"
    "memorysetup-temp-allocator-size-main=16777216"
    "memorysetup-job-temp-allocator-block-size=2097152"
    "memorysetup-job-temp-allocator-block-size-background=1048576"
    "memorysetup-job-temp-allocator-reduction-small-platforms=262144"
    "memorysetup-temp-allocator-size-background-worker=32768"
    "memorysetup-temp-allocator-size-job-worker=262144"
    "memorysetup-temp-allocator-size-preload-manager=33554432"
    "memorysetup-temp-allocator-size-nav-mesh-worker=65536"
    "memorysetup-temp-allocator-size-audio-worker=65536"
    "memorysetup-temp-allocator-size-cloud-worker=32768"
    "memorysetup-temp-allocator-size-gi-baking-worker=262144"
    "memorysetup-temp-allocator-size-gfx=262144"
Refreshing native plugins compatible for Editor in 69.17 ms, found 1 plugins.
Preloading 0 native plugins for Editor in 0.00 ms.
Initialize engine version: 2021.3.3f1 (af2e63e8f9bd)
[Subsystems] Discovering subsystems at path C:/Program Files/Unity/Hub/Editor/2021.3.3f1/Editor/Data/Resources/UnitySubsystems
[Subsystems] Discovering subsystems at path C:/Users/Dylan/Downloads/vapor-trails/Assets
GfxDevice: creating device client; threaded=0; jobified=0
Direct3D:
    Version:  Direct3D 11.0 [level 11.1]
    Renderer: NVIDIA GeForce GTX 1650 Ti (ID=0x1f95)
    Vendor:   NVIDIA
    VRAM:     3962 MB
    Driver:   30.0.15.1215
Initialize mono
Mono path[0] = 'C:/Program Files/Unity/Hub/Editor/2021.3.3f1/Editor/Data/Managed'
Mono path[1] = 'C:/Program Files/Unity/Hub/Editor/2021.3.3f1/Editor/Data/MonoBleedingEdge/lib/mono/unityjit-win32'
Mono config path = 'C:/Program Files/Unity/Hub/Editor/2021.3.3f1/Editor/Data/MonoBleedingEdge/etc'
Using monoOptions --debugger-agent=transport=dt_socket,embedding=1,server=y,suspend=n,address=127.0.0.1:56980
Begin MonoManager ReloadAssembly
Registering precompiled unity dll's ...
Register platform support module: C:/Program Files/Unity/Hub/Editor/2021.3.3f1/Editor/Data/PlaybackEngines/WebGLSupport/UnityEditor.WebGL.Extensions.dll
Register platform support module: C:/Program Files/Unity/Hub/Editor/2021.3.3f1/Editor/Data/PlaybackEngines/WindowsStandaloneSupport/UnityEditor.WindowsStandalone.Extensions.dll
Registered in 0.010979 seconds.
Native extension for WindowsStandalone target not found
Native extension for WebGL target not found
Refreshing native plugins compatible for Editor in 69.71 ms, found 1 plugins.
Preloading 0 native plugins for Editor in 0.00 ms.
Mono: successfully reloaded assembly
- Completed reload, in  0.791 seconds
Domain Reload Profiling:
	ReloadAssembly (792ms)
		BeginReloadAssembly (105ms)
			ExecutionOrderSort (0ms)
			DisableScriptedObjects (0ms)
			BackupInstance (0ms)
			ReleaseScriptingObjects (0ms)
			CreateAndSetChildDomain (1ms)
		EndReloadAssembly (552ms)
			LoadAssemblies (102ms)
			RebuildTransferFunctionScriptingTraits (0ms)
			SetupTypeCache (146ms)
			ReleaseScriptCaches (0ms)
			RebuildScriptCaches (38ms)
			SetupLoadedEditorAssemblies (306ms)
				LogAssemblyErrors (0ms)
				InitializePlatformSupportModulesInManaged (13ms)
				SetLoadedEditorAssemblies (0ms)
				RefreshPlugins (70ms)
				BeforeProcessingInitializeOnLoad (1ms)
				ProcessInitializeOnLoadAttributes (172ms)
				ProcessInitializeOnLoadMethodAttributes (50ms)
				AfterProcessingInitializeOnLoad (0ms)
				EditorAssembliesLoaded (0ms)
			ExecutionOrderSort2 (0ms)
			AwakeInstancesAfterBackupRestoration (0ms)
Platform modules already initialized, skipping
Registering precompiled user dll's ...
Registered in 0.011595 seconds.
Begin MonoManager ReloadAssembly
Native extension for WindowsStandalone target not found
Native extension for WebGL target not found
Refreshing native plugins compatible for Editor in 1.52 ms, found 1 plugins.
Preloading 0 native plugins for Editor in 0.00 ms.
Mono: successfully reloaded assembly
- Completed reload, in  1.246 seconds
Domain Reload Profiling:
	ReloadAssembly (1247ms)
		BeginReloadAssembly (138ms)
			ExecutionOrderSort (0ms)
			DisableScriptedObjects (6ms)
			BackupInstance (0ms)
			ReleaseScriptingObjects (0ms)
			CreateAndSetChildDomain (27ms)
		EndReloadAssembly (995ms)
			LoadAssemblies (109ms)
			RebuildTransferFunctionScriptingTraits (0ms)
			SetupTypeCache (222ms)
			ReleaseScriptCaches (1ms)
			RebuildScriptCaches (79ms)
			SetupLoadedEditorAssemblies (554ms)
				LogAssemblyErrors (0ms)
				InitializePlatformSupportModulesInManaged (16ms)
				SetLoadedEditorAssemblies (1ms)
				RefreshPlugins (2ms)
				BeforeProcessingInitializeOnLoad (76ms)
				ProcessInitializeOnLoadAttributes (185ms)
				ProcessInitializeOnLoadMethodAttributes (265ms)
				AfterProcessingInitializeOnLoad (11ms)
				EditorAssembliesLoaded (0ms)
			ExecutionOrderSort2 (0ms)
			AwakeInstancesAfterBackupRestoration (7ms)
Platform modules already initialized, skipping
========================================================================
Worker process is ready to serve import requests
Launched and connected shader compiler UnityShaderCompiler.exe after 0.09 seconds
Refreshing native plugins compatible for Editor in 1.21 ms, found 1 plugins.
Preloading 0 native plugins for Editor in 0.00 ms.
Unloading 2401 Unused Serialized files (Serialized files now loaded: 0)
Unloading 92 unused Assets / (112.0 KB). Loaded Objects now: 2910.
Memory consumption went from 119.5 MB to 119.4 MB.
Total: 4.571800 ms (FindLiveObjects: 0.358600 ms CreateObjectMapping: 0.083100 ms MarkObjects: 3.860000 ms  DeleteObjects: 0.267900 ms)

AssetImportParameters requested are different than current active one (requested -> active):
  custom:video-decoder-ogg-theora: a1e56fd34408186e4bbccfd4996cb3dc -> 
  custom:container-muxer-webm: aa71ff27fc2769a1b78a27578f13a17b -> 
  custom:container-demuxer-webm: 4f35f7cbe854078d1ac9338744f61a02 -> 
  custom:video-encoder-webm-vp8: eb34c28f22e8b96e1ab97ce403110664 -> 
  custom:audio-encoder-webm-vorbis: bf7c407c2cedff20999df2af8eb42d56 -> 
  custom:framework-win-MediaFoundation: 216162199b28c13a410421893ffa2e32 -> 
  custom:container-demuxer-ogg: 62fdf1f143b41e24485cea50d1cbac27 -> 
  custom:video-decoder-webm-vp8: 9c59270c3fd7afecdb556c50c9e8de78 -> 
  custom:audio-decoder-ogg-vorbis: bf7c407c2cedff20999df2af8eb42d56 -> 
========================================================================
Received Import Request.
  Time since last request: 149595.124896 seconds.
  path: Assets/Scripts
  artifactKey: Guid(021e3fc531b6ee044a03f814e06a327f) Importer(815301076,1909f56bfc062723c751e8b465ee728b)
Start importing Assets/Scripts using Guid(021e3fc531b6ee044a03f814e06a327f) Importer(815301076,1909f56bfc062723c751e8b465ee728b)  -> (artifact id: '32cb3d43c4d82b0056dedabced12529b') in 0.008081 seconds 
========================================================================
Received Import Request.
  Time since last request: 10.260259 seconds.
  path: Assets/Scripts/Saving
  artifactKey: Guid(1e0e70ce5835b7e4c9dbfc256e9f4eb3) Importer(815301076,1909f56bfc062723c751e8b465ee728b)
Start importing Assets/Scripts/Saving using Guid(1e0e70ce5835b7e4c9dbfc256e9f4eb3) Importer(815301076,1909f56bfc062723c751e8b465ee728b)  -> (artifact id: '7de7ce72e8b682b08844dc0444f4eb89') in 0.002070 seconds 
========================================================================
Received Import Request.
  Time since last request: 5.371674 seconds.
  path: Assets/Scripts/Triggered Objects
  artifactKey: Guid(94d5a27373ed2084780a8d1cf6744807) Importer(815301076,1909f56bfc062723c751e8b465ee728b)
Start importing Assets/Scripts/Triggered Objects using Guid(94d5a27373ed2084780a8d1cf6744807) Importer(815301076,1909f56bfc062723c751e8b465ee728b)  -> (artifact id: '9b391727ce1f51299ddb60495f3c06a6') in 0.002142 seconds 
========================================================================
Received Import Request.
  Time since last request: 3.365531 seconds.
  path: Assets/Scripts/Triggered Objects/SceneLoadTrigger.cs
  artifactKey: Guid(de9c1155b1dd68246b036089462dc57c) Importer(815301076,1909f56bfc062723c751e8b465ee728b)
Start importing Assets/Scripts/Triggered Objects/SceneLoadTrigger.cs using Guid(de9c1155b1dd68246b036089462dc57c) Importer(815301076,1909f56bfc062723c751e8b465ee728b)  -> (artifact id: 'dd8e69f64fdf3fcb962f12d16accd355') in 0.029296 seconds 
========================================================================
Received Import Request.
  Time since last request: 213.022409 seconds.
  path: Assets/Scripts/Game States/Activatables/Saver.cs
  artifactKey: Guid(8df89fcd88ad0684c9f8bd9f54be2360) Importer(815301076,1909f56bfc062723c751e8b465ee728b)
Start importing Assets/Scripts/Game States/Activatables/Saver.cs using Guid(8df89fcd88ad0684c9f8bd9f54be2360) Importer(815301076,1909f56bfc062723c751e8b465ee728b)  -> (artifact id: '0dbe0a7ce28e3373cc8b55fabff9a0be') in 0.002024 seconds 
========================================================================
Received Import Request.
  Time since last request: 48.137496 seconds.
  path: Assets/Vapor City/Vapor City Atlas.spriteatlas
  artifactKey: Guid(414ca75eb0c048b4986dc1e4495ad856) Importer(815301076,1909f56bfc062723c751e8b465ee728b)
Start importing Assets/Vapor City/Vapor City Atlas.spriteatlas using Guid(414ca75eb0c048b4986dc1e4495ad856) Importer(815301076,1909f56bfc062723c751e8b465ee728b)  -> (artifact id: '11f6d14742be688eeb7e2ab12b88189e') in 0.015298 seconds 
========================================================================
Received Import Request.
  Time since last request: 3.534625 seconds.
  path: Assets/TrashWorld
  artifactKey: Guid(d55f82667764da543b59afa8744be4f7) Importer(815301076,1909f56bfc062723c751e8b465ee728b)
Start importing Assets/TrashWorld using Guid(d55f82667764da543b59afa8744be4f7) Importer(815301076,1909f56bfc062723c751e8b465ee728b)  -> (artifact id: '2ba8587ae9f4c69e0d142cc9ed4d2984') in 0.002104 seconds 
========================================================================
Received Import Request.
  Time since last request: 0.073338 seconds.
  path: Assets/TrashWorld/Trashworld Atlas.spriteatlas
  artifactKey: Guid(f0b2ed9872363a8409c71c79958ee77f) Importer(815301076,1909f56bfc062723c751e8b465ee728b)
Start importing Assets/TrashWorld/Trashworld Atlas.spriteatlas using Guid(f0b2ed9872363a8409c71c79958ee77f) Importer(815301076,1909f56bfc062723c751e8b465ee728b)  -> (artifact id: 'bb7019b9ebd01effb8a0f6987e3c8e30') in 0.003221 seconds 
========================================================================
Received Import Request.
  Time since last request: 1.940406 seconds.
  path: Assets/TrashWorld/DeepTown.unity
  artifactKey: Guid(91a5314047c841940a977e2db7d7fb94) Importer(815301076,1909f56bfc062723c751e8b465ee728b)
Start importing Assets/TrashWorld/DeepTown.unity using Guid(91a5314047c841940a977e2db7d7fb94) Importer(815301076,1909f56bfc062723c751e8b465ee728b)  -> (artifact id: '72537021d32cbe98d9a88f29e919a997') in 0.004734 seconds 
========================================================================
Received Import Request.
  Time since last request: 26.268297 seconds.
  path: Assets/Sewers
  artifactKey: Guid(7c31d3bd0928e8a4289eefd848c75bbb) Importer(815301076,1909f56bfc062723c751e8b465ee728b)
Start importing Assets/Sewers using Guid(7c31d3bd0928e8a4289eefd848c75bbb) Importer(815301076,1909f56bfc062723c751e8b465ee728b)  -> (artifact id: 'e2a4573a240bcf36550ff4cdc6042ccd') in 0.002048 seconds 
========================================================================
Received Import Request.
  Time since last request: 9.270830 seconds.
  path: Assets/Paradise/Airstrip.unity
  artifactKey: Guid(8fd8b1f62c30243458b470b39ec0a3ce) Importer(815301076,1909f56bfc062723c751e8b465ee728b)
Start importing Assets/Paradise/Airstrip.unity using Guid(8fd8b1f62c30243458b470b39ec0a3ce) Importer(815301076,1909f56bfc062723c751e8b465ee728b)  -> (artifact id: '675172237876c04839e7f0ddfd331642') in 0.002024 seconds 
========================================================================
Received Prepare
Registering precompiled user dll's ...
Registered in 0.009874 seconds.
Begin MonoManager ReloadAssembly
Native extension for WindowsStandalone target not found
Native extension for WebGL target not found
Refreshing native plugins compatible for Editor in 0.76 ms, found 1 plugins.
Preloading 0 native plugins for Editor in 0.00 ms.
System.Reflection.TargetInvocationException: Exception has been thrown by the target of an invocation. ---> System.NullReferenceException: Object reference not set to an instance of an object
  at XNodeEditor.NodeEditorAssetModProcessor.OnReloadEditor () [0x0004b] in C:\Users\Dylan\Downloads\vapor-trails\Library\PackageCache\com.github.siccity.xnode@1fb94b2413\Scripts\Editor\NodeEditorAssetModProcessor.cs:55 
  at (wrapper managed-to-native) System.Reflection.RuntimeMethodInfo.InternalInvoke(System.Reflection.RuntimeMethodInfo,object,object[],System.Exception&)
  at System.Reflection.RuntimeMethodInfo.Invoke (System.Object obj, System.Reflection.BindingFlags invokeAttr, System.Reflection.Binder binder, System.Object[] parameters, System.Globalization.CultureInfo culture) [0x0006a] in <6073cf49ed704e958b8a66d540dea948>:0 
   --- End of inner exception stack trace ---
  at System.Reflection.RuntimeMethodInfo.Invoke (System.Object obj, System.Reflection.BindingFlags invokeAttr, System.Reflection.Binder binder, System.Object[] parameters, System.Globalization.CultureInfo culture) [0x00083] in <6073cf49ed704e958b8a66d540dea948>:0 
  at System.Reflection.MethodBase.Invoke (System.Object obj, System.Object[] parameters) [0x00000] in <6073cf49ed704e958b8a66d540dea948>:0 
  at UnityEditor.EditorAssemblies.ProcessInitializeOnLoadMethodAttributes () [0x000a5] in <31b86d204baf45de8328f2d1261a79f7>:0 
UnityEngine.StackTraceUtility:ExtractStackTrace ()
UnityEngine.DebugLogHandler:LogFormat (UnityEngine.LogType,UnityEngine.Object,string,object[])
UnityEngine.Logger:Log (UnityEngine.LogType,object)
UnityEngine.Debug:LogError (object)
UnityEditor.EditorAssemblies:ProcessInitializeOnLoadMethodAttributes ()

Mono: successfully reloaded assembly
- Completed reload, in  0.993 seconds
Domain Reload Profiling:
	ReloadAssembly (994ms)
		BeginReloadAssembly (131ms)
			ExecutionOrderSort (0ms)
			DisableScriptedObjects (5ms)
			BackupInstance (0ms)
			ReleaseScriptingObjects (0ms)
			CreateAndSetChildDomain (36ms)
		EndReloadAssembly (762ms)
			LoadAssemblies (88ms)
			RebuildTransferFunctionScriptingTraits (0ms)
			SetupTypeCache (177ms)
			ReleaseScriptCaches (1ms)
			RebuildScriptCaches (36ms)
			SetupLoadedEditorAssemblies (436ms)
				LogAssemblyErrors (0ms)
				InitializePlatformSupportModulesInManaged (14ms)
				SetLoadedEditorAssemblies (0ms)
				RefreshPlugins (1ms)
				BeforeProcessingInitializeOnLoad (60ms)
				ProcessInitializeOnLoadAttributes (149ms)
				ProcessInitializeOnLoadMethodAttributes (201ms)
				AfterProcessingInitializeOnLoad (10ms)
				EditorAssembliesLoaded (0ms)
			ExecutionOrderSort2 (0ms)
			AwakeInstancesAfterBackupRestoration (6ms)
Platform modules already initialized, skipping
Refreshing native plugins compatible for Editor in 2.65 ms, found 1 plugins.
Preloading 0 native plugins for Editor in 0.00 ms.
Unloading 2339 Unused Serialized files (Serialized files now loaded: 0)
Unloading 26 unused Assets / (47.1 MB). Loaded Objects now: 2934.
Memory consumption went from 117.1 MB to 70.0 MB.
Total: 10.562400 ms (FindLiveObjects: 0.450100 ms CreateObjectMapping: 0.148200 ms MarkObjects: 3.302300 ms  DeleteObjects: 6.658400 ms)

AssetImportParameters requested are different than current active one (requested -> active):
  custom:video-decoder-ogg-theora: a1e56fd34408186e4bbccfd4996cb3dc -> 
  custom:container-muxer-webm: aa71ff27fc2769a1b78a27578f13a17b -> 
  custom:container-demuxer-webm: 4f35f7cbe854078d1ac9338744f61a02 -> 
  custom:video-encoder-webm-vp8: eb34c28f22e8b96e1ab97ce403110664 -> 
  custom:audio-encoder-webm-vorbis: bf7c407c2cedff20999df2af8eb42d56 -> 
  custom:framework-win-MediaFoundation: 216162199b28c13a410421893ffa2e32 -> 
  custom:container-demuxer-ogg: 62fdf1f143b41e24485cea50d1cbac27 -> 
  custom:video-decoder-webm-vp8: 9c59270c3fd7afecdb556c50c9e8de78 -> 
  custom:audio-decoder-ogg-vorbis: bf7c407c2cedff20999df2af8eb42d56 -> 
========================================================================
Received Import Request.
  Time since last request: 38.956489 seconds.
  path: Assets/TrashWorld/Sludge Wastes.unity
  artifactKey: Guid(877b5045785c1a14a9cdc77d983941f1) Importer(815301076,1909f56bfc062723c751e8b465ee728b)
Start importing Assets/TrashWorld/Sludge Wastes.unity using Guid(877b5045785c1a14a9cdc77d983941f1) Importer(815301076,1909f56bfc062723c751e8b465ee728b)  -> (artifact id: '9efb1a3357eb363b06cecc3048889bb5') in 0.004388 seconds 
========================================================================
Received Import Request.
  Time since last request: 0.494224 seconds.
  path: Assets/TrashWorld/Sludge Temple.unity
  artifactKey: Guid(f36112444cae3e74aae6fd355a17083f) Importer(815301076,1909f56bfc062723c751e8b465ee728b)
Start importing Assets/TrashWorld/Sludge Temple.unity using Guid(f36112444cae3e74aae6fd355a17083f) Importer(815301076,1909f56bfc062723c751e8b465ee728b)  -> (artifact id: '0150f5673bc6618ac3ccfb24493da745') in 0.002126 seconds 
========================================================================
Received Import Request.
  Time since last request: 101.276494 seconds.
  path: Assets/Main Menu
  artifactKey: Guid(0c31e8fdb8a80984985f7e315ce6adaf) Importer(815301076,1909f56bfc062723c751e8b465ee728b)
Start importing Assets/Main Menu using Guid(0c31e8fdb8a80984985f7e315ce6adaf) Importer(815301076,1909f56bfc062723c751e8b465ee728b)  -> (artifact id: 'a5497e69e0f6cd6ebfe811b8715cbe7c') in 0.002647 seconds 
========================================================================
Received Import Request.
  Time since last request: 0.048753 seconds.
  path: Assets/Main Menu/bg clouds.png
  artifactKey: Guid(f7c4d7dd2e1208f409f588410296b306) Importer(815301076,1909f56bfc062723c751e8b465ee728b)
Start importing Assets/Main Menu/bg clouds.png using Guid(f7c4d7dd2e1208f409f588410296b306) Importer(815301076,1909f56bfc062723c751e8b465ee728b)  -> (artifact id: '4b7fba6fa5cb82e16bae774c91b97754') in 0.149119 seconds 
========================================================================
Received Import Request.
  Time since last request: 0.000058 seconds.
  path: Assets/Main Menu/sword shadow.png
  artifactKey: Guid(e29351b79ee827b409233b1fccaf16d0) Importer(815301076,1909f56bfc062723c751e8b465ee728b)
Start importing Assets/Main Menu/sword shadow.png using Guid(e29351b79ee827b409233b1fccaf16d0) Importer(815301076,1909f56bfc062723c751e8b465ee728b)  -> (artifact id: '8f3876bebc16f01963418c79b9c874af') in 0.015280 seconds 
========================================================================
Received Import Request.
  Time since last request: 0.000041 seconds.
  path: Assets/Main Menu/fg clouds.png
  artifactKey: Guid(853238ab489da9a49a0efee6fcb2b2c0) Importer(815301076,1909f56bfc062723c751e8b465ee728b)
Start importing Assets/Main Menu/fg clouds.png using Guid(853238ab489da9a49a0efee6fcb2b2c0) Importer(815301076,1909f56bfc062723c751e8b465ee728b)  -> (artifact id: '3f20708675f42bb200409fc6c587b4a3') in 0.046169 seconds 
========================================================================
Received Import Request.
  Time since last request: 0.000035 seconds.
  path: Assets/Main Menu/ocean.png
  artifactKey: Guid(0f26845e689a4e84787717b50e06efe0) Importer(815301076,1909f56bfc062723c751e8b465ee728b)
Start importing Assets/Main Menu/ocean.png using Guid(0f26845e689a4e84787717b50e06efe0) Importer(815301076,1909f56bfc062723c751e8b465ee728b)  -> (artifact id: '0bb2144236ed05238ad1f34acc832dec') in 0.046742 seconds 
========================================================================
Received Import Request.
  Time since last request: 13.044747 seconds.
  path: Assets/Editor
  artifactKey: Guid(049a911436482da4fb844bb70ecc40f6) Importer(815301076,1909f56bfc062723c751e8b465ee728b)
Start importing Assets/Editor using Guid(049a911436482da4fb844bb70ecc40f6) Importer(815301076,1909f56bfc062723c751e8b465ee728b)  -> (artifact id: 'b9b822504bc50b15be70d8fcfc179272') in 0.002320 seconds 
========================================================================
Received Import Request.
  Time since last request: 7.071562 seconds.
  path: Assets/Player
  artifactKey: Guid(6a741471dfaa51846a6a053123d970a1) Importer(815301076,1909f56bfc062723c751e8b465ee728b)
Start importing Assets/Player using Guid(6a741471dfaa51846a6a053123d970a1) Importer(815301076,1909f56bfc062723c751e8b465ee728b)  -> (artifact id: '881c479de5ffc6bdf681b1570daaf345') in 0.002881 seconds 
========================================================================
Received Import Request.
  Time since last request: 0.039274 seconds.
  path: Assets/Player/axekick.png
  artifactKey: Guid(b70ae41a08df72e4baf566a2c95e2183) Importer(815301076,1909f56bfc062723c751e8b465ee728b)
Start importing Assets/Player/axekick.png using Guid(b70ae41a08df72e4baf566a2c95e2183) Importer(815301076,1909f56bfc062723c751e8b465ee728b)  -> (artifact id: 'c4ea23e8f679d8cd1da3cf7c7b8b56e5') in 0.046654 seconds 
========================================================================
Received Import Request.
  Time since last request: 0.000028 seconds.
  path: Assets/Player/die-spritesheet.png
  artifactKey: Guid(8ea5e44302ceb7745ad060d2a77d871b) Importer(815301076,1909f56bfc062723c751e8b465ee728b)
Start importing Assets/Player/die-spritesheet.png using Guid(8ea5e44302ceb7745ad060d2a77d871b) Importer(815301076,1909f56bfc062723c751e8b465ee728b)  -> (artifact id: '4cbee6ee88a5bc7041730576ba2f6ed9') in 0.120990 seconds 
========================================================================
Received Import Request.
  Time since last request: 0.000036 seconds.
  path: Assets/Player/player-atlas-8x.png
  artifactKey: Guid(e86b1c324263a0e4ea8f0329c5421472) Importer(815301076,1909f56bfc062723c751e8b465ee728b)
Start importing Assets/Player/player-atlas-8x.png using Guid(e86b1c324263a0e4ea8f0329c5421472) Importer(815301076,1909f56bfc062723c751e8b465ee728b)  -> (artifact id: '00338e82e069972ba5c3cf490becf010') in 0.262283 seconds 
========================================================================
Received Import Request.
  Time since last request: 0.000078 seconds.
  path: Assets/Player/playerheart.png
  artifactKey: Guid(fb6e8e5cce6fba8499ef48b89269d5e8) Importer(815301076,1909f56bfc062723c751e8b465ee728b)
Start importing Assets/Player/playerheart.png using Guid(fb6e8e5cce6fba8499ef48b89269d5e8) Importer(815301076,1909f56bfc062723c751e8b465ee728b)  -> (artifact id: '1cde39c516903934afd5302dc801323b') in 0.018666 seconds 
========================================================================
Received Import Request.
  Time since last request: 0.000031 seconds.
  path: Assets/Player/jab2-spritesheet.png
  artifactKey: Guid(b3088e7c3bca6a44f9afb95491753d2c) Importer(815301076,1909f56bfc062723c751e8b465ee728b)
Start importing Assets/Player/jab2-spritesheet.png using Guid(b3088e7c3bca6a44f9afb95491753d2c) Importer(815301076,1909f56bfc062723c751e8b465ee728b)  -> (artifact id: '28a469345ee337e1f647451f63b20657') in 0.036951 seconds 
========================================================================
Received Import Request.
  Time since last request: 0.000040 seconds.
  path: Assets/Player/meteor blade.png
  artifactKey: Guid(366bcac193282964cae7594bb620aaaa) Importer(815301076,1909f56bfc062723c751e8b465ee728b)
Start importing Assets/Player/meteor blade.png using Guid(366bcac193282964cae7594bb620aaaa) Importer(815301076,1909f56bfc062723c751e8b465ee728b)  -> (artifact id: '8abe6dfff977a1f361f280d28a2711ea') in 0.027665 seconds 
========================================================================
Received Import Request.
  Time since last request: 3.391990 seconds.
  path: Assets/Player/PlayerRig.prefab
  artifactKey: Guid(3e26a0dcb2d4b9a40a343117933e5510) Importer(815301076,1909f56bfc062723c751e8b465ee728b)
Start importing Assets/Player/PlayerRig.prefab using Guid(3e26a0dcb2d4b9a40a343117933e5510) Importer(815301076,1909f56bfc062723c751e8b465ee728b)  -> (artifact id: '8fbdd98f6ae57a31facfb61933e1cf92') in 0.087454 seconds 
========================================================================
Received Import Request.
  Time since last request: 0.000036 seconds.
  path: Assets/Player/val_portrait_sheet.png
  artifactKey: Guid(e00b278ac11cd0048915228fd5e8705e) Importer(815301076,1909f56bfc062723c751e8b465ee728b)
Start importing Assets/Player/val_portrait_sheet.png using Guid(e00b278ac11cd0048915228fd5e8705e) Importer(815301076,1909f56bfc062723c751e8b465ee728b)  -> (artifact id: 'f3a105f1ebb715aee9860d1b9ca27952') in 0.089603 seconds 
========================================================================
Received Import Request.
  Time since last request: 18.603262 seconds.
  path: Assets/Loading Screens
  artifactKey: Guid(5183e6285aa7bf04c841b5b580a9cde5) Importer(815301076,1909f56bfc062723c751e8b465ee728b)
Start importing Assets/Loading Screens using Guid(5183e6285aa7bf04c841b5b580a9cde5) Importer(815301076,1909f56bfc062723c751e8b465ee728b)  -> (artifact id: '6e139019195a0218bceefec2eb791a7c') in 0.002491 seconds 
========================================================================
Received Import Request.
  Time since last request: 1.008407 seconds.
  path: Assets/Loading Screens/Sprites and Animations
  artifactKey: Guid(77b0a5cac95f14545a4510e2f6877891) Importer(815301076,1909f56bfc062723c751e8b465ee728b)
Start importing Assets/Loading Screens/Sprites and Animations using Guid(77b0a5cac95f14545a4510e2f6877891) Importer(815301076,1909f56bfc062723c751e8b465ee728b)  -> (artifact id: '25d26c0318790605caab077718e2ece9') in 0.002437 seconds 
========================================================================
Received Import Request.
  Time since last request: 0.052029 seconds.
  path: Assets/Loading Screens/Sprites and Animations/bg clouds.png
  artifactKey: Guid(f51c3e9645ce8244699a46da01998fb4) Importer(815301076,1909f56bfc062723c751e8b465ee728b)
Start importing Assets/Loading Screens/Sprites and Animations/bg clouds.png using Guid(f51c3e9645ce8244699a46da01998fb4) Importer(815301076,1909f56bfc062723c751e8b465ee728b)  -> (artifact id: 'fc06ea9fbbe88b0fd60ccb20897bd537') in 0.044240 seconds 
========================================================================
Received Import Request.
  Time since last request: 0.000022 seconds.
  path: Assets/Loading Screens/Sprites and Animations/sky.png
  artifactKey: Guid(f06bcccbcbee91541b7ae7fe6d2409df) Importer(815301076,1909f56bfc062723c751e8b465ee728b)
Start importing Assets/Loading Screens/Sprites and Animations/sky.png using Guid(f06bcccbcbee91541b7ae7fe6d2409df) Importer(815301076,1909f56bfc062723c751e8b465ee728b)  -> (artifact id: '9e6427aa6d564ec288baf759b47c2a27') in 0.064023 seconds 
========================================================================
Received Import Request.
  Time since last request: 6.634544 seconds.
  path: Assets/Main Menu/MainMenu.unity
  artifactKey: Guid(3f8656cbea910454784cd01f18776c91) Importer(815301076,1909f56bfc062723c751e8b465ee728b)
Start importing Assets/Main Menu/MainMenu.unity using Guid(3f8656cbea910454784cd01f18776c91) Importer(815301076,1909f56bfc062723c751e8b465ee728b)  -> (artifact id: '73a43016b420c4f1c285577f829ec5d8') in 0.002195 seconds 
========================================================================
Received Prepare
Registering precompiled user dll's ...
Registered in 0.009146 seconds.
Begin MonoManager ReloadAssembly
Native extension for WindowsStandalone target not found
Native extension for WebGL target not found
Refreshing native plugins compatible for Editor in 0.98 ms, found 1 plugins.
Preloading 0 native plugins for Editor in 0.00 ms.
System.Reflection.TargetInvocationException: Exception has been thrown by the target of an invocation. ---> System.NullReferenceException: Object reference not set to an instance of an object
  at XNodeEditor.NodeEditorAssetModProcessor.OnReloadEditor () [0x0004b] in C:\Users\Dylan\Downloads\vapor-trails\Library\PackageCache\com.github.siccity.xnode@1fb94b2413\Scripts\Editor\NodeEditorAssetModProcessor.cs:55 
  at (wrapper managed-to-native) System.Reflection.RuntimeMethodInfo.InternalInvoke(System.Reflection.RuntimeMethodInfo,object,object[],System.Exception&)
  at System.Reflection.RuntimeMethodInfo.Invoke (System.Object obj, System.Reflection.BindingFlags invokeAttr, System.Reflection.Binder binder, System.Object[] parameters, System.Globalization.CultureInfo culture) [0x0006a] in <6073cf49ed704e958b8a66d540dea948>:0 
   --- End of inner exception stack trace ---
  at System.Reflection.RuntimeMethodInfo.Invoke (System.Object obj, System.Reflection.BindingFlags invokeAttr, System.Reflection.Binder binder, System.Object[] parameters, System.Globalization.CultureInfo culture) [0x00083] in <6073cf49ed704e958b8a66d540dea948>:0 
  at System.Reflection.MethodBase.Invoke (System.Object obj, System.Object[] parameters) [0x00000] in <6073cf49ed704e958b8a66d540dea948>:0 
  at UnityEditor.EditorAssemblies.ProcessInitializeOnLoadMethodAttributes () [0x000a5] in <31b86d204baf45de8328f2d1261a79f7>:0 
UnityEngine.StackTraceUtility:ExtractStackTrace ()
UnityEngine.DebugLogHandler:LogFormat (UnityEngine.LogType,UnityEngine.Object,string,object[])
UnityEngine.Logger:Log (UnityEngine.LogType,object)
UnityEngine.Debug:LogError (object)
UnityEditor.EditorAssemblies:ProcessInitializeOnLoadMethodAttributes ()

Mono: successfully reloaded assembly
- Completed reload, in  1.103 seconds
Domain Reload Profiling:
	ReloadAssembly (1104ms)
		BeginReloadAssembly (149ms)
			ExecutionOrderSort (0ms)
			DisableScriptedObjects (5ms)
			BackupInstance (0ms)
			ReleaseScriptingObjects (0ms)
			CreateAndSetChildDomain (42ms)
		EndReloadAssembly (840ms)
			LoadAssemblies (103ms)
			RebuildTransferFunctionScriptingTraits (0ms)
			SetupTypeCache (191ms)
			ReleaseScriptCaches (1ms)
			RebuildScriptCaches (40ms)
			SetupLoadedEditorAssemblies (486ms)
				LogAssemblyErrors (0ms)
				InitializePlatformSupportModulesInManaged (15ms)
				SetLoadedEditorAssemblies (0ms)
				RefreshPlugins (1ms)
				BeforeProcessingInitializeOnLoad (61ms)
				ProcessInitializeOnLoadAttributes (154ms)
				ProcessInitializeOnLoadMethodAttributes (244ms)
				AfterProcessingInitializeOnLoad (10ms)
				EditorAssembliesLoaded (0ms)
			ExecutionOrderSort2 (0ms)
			AwakeInstancesAfterBackupRestoration (7ms)
Platform modules already initialized, skipping
Refreshing native plugins compatible for Editor in 2.19 ms, found 1 plugins.
Preloading 0 native plugins for Editor in 0.00 ms.
Unloading 2339 Unused Serialized files (Serialized files now loaded: 0)
Unloading 27 unused Assets / (99.8 KB). Loaded Objects now: 3022.
Memory consumption went from 121.6 MB to 121.5 MB.
Total: 3.624700 ms (FindLiveObjects: 0.265400 ms CreateObjectMapping: 0.077600 ms MarkObjects: 3.218200 ms  DeleteObjects: 0.061700 ms)

AssetImportParameters requested are different than current active one (requested -> active):
  custom:video-decoder-ogg-theora: a1e56fd34408186e4bbccfd4996cb3dc -> 
  custom:container-muxer-webm: aa71ff27fc2769a1b78a27578f13a17b -> 
  custom:container-demuxer-webm: 4f35f7cbe854078d1ac9338744f61a02 -> 
  custom:video-encoder-webm-vp8: eb34c28f22e8b96e1ab97ce403110664 -> 
  custom:audio-encoder-webm-vorbis: bf7c407c2cedff20999df2af8eb42d56 -> 
  custom:framework-win-MediaFoundation: 216162199b28c13a410421893ffa2e32 -> 
  custom:container-demuxer-ogg: 62fdf1f143b41e24485cea50d1cbac27 -> 
  custom:video-decoder-webm-vp8: 9c59270c3fd7afecdb556c50c9e8de78 -> 
  custom:audio-decoder-ogg-vorbis: bf7c407c2cedff20999df2af8eb42d56 -> 
========================================================================
Received Import Request.
  Time since last request: 19.192878 seconds.
  path: Assets/Main Menu/StarIdle.anim
  artifactKey: Guid(6688c051037dfa44680213c236bf4ed2) Importer(815301076,1909f56bfc062723c751e8b465ee728b)
Start importing Assets/Main Menu/StarIdle.anim using Guid(6688c051037dfa44680213c236bf4ed2) Importer(815301076,1909f56bfc062723c751e8b465ee728b)  -> (artifact id: 'a6f3067512a5df4a4d5b9a2d7d5d80ff') in 0.017749 seconds 
========================================================================
Received Import Request.
  Time since last request: 28.918718 seconds.
  path: Assets/Music
  artifactKey: Guid(5447e7235129e034aaf8a9fcd7ffb333) Importer(815301076,1909f56bfc062723c751e8b465ee728b)
Start importing Assets/Music using Guid(5447e7235129e034aaf8a9fcd7ffb333) Importer(815301076,1909f56bfc062723c751e8b465ee728b)  -> (artifact id: '1462aa4d65429c483c9fbeb3de558505') in 0.002240 seconds 
========================================================================
Received Import Request.
  Time since last request: 0.113044 seconds.
  path: Assets/Music/aquarium.mp3
  artifactKey: Guid(26471e47fb85499458809061209cf862) Importer(815301076,1909f56bfc062723c751e8b465ee728b)
Start importing Assets/Music/aquarium.mp3 using Guid(26471e47fb85499458809061209cf862) Importer(815301076,1909f56bfc062723c751e8b465ee728b)  -> (artifact id: 'fe5eac7ab11872a7a91ffa283d9e3603') in 0.223687 seconds 
========================================================================
Received Import Request.
  Time since last request: 0.000051 seconds.
  path: Assets/Music/VTclub.mp3
  artifactKey: Guid(994cf749bc1d7734fb5b6abbd336169e) Importer(815301076,1909f56bfc062723c751e8b465ee728b)
Start importing Assets/Music/VTclub.mp3 using Guid(994cf749bc1d7734fb5b6abbd336169e) Importer(815301076,1909f56bfc062723c751e8b465ee728b)  -> (artifact id: '7a037869c06fd52c4c74d0163132c920') in 0.015196 seconds 
========================================================================
Received Import Request.
  Time since last request: 13.202926 seconds.
  path: Assets/Generic Tilemaps
  artifactKey: Guid(3a1e5f4b0149d774f8c3d60f4bc3711e) Importer(815301076,1909f56bfc062723c751e8b465ee728b)
Start importing Assets/Generic Tilemaps using Guid(3a1e5f4b0149d774f8c3d60f4bc3711e) Importer(815301076,1909f56bfc062723c751e8b465ee728b)  -> (artifact id: '5de07a63e48dedd984bf83f4b7f46542') in 0.002797 seconds 
========================================================================
Received Import Request.
  Time since last request: 0.053990 seconds.
  path: Assets/Generic Tilemaps/BottomCellSaws.prefab
  artifactKey: Guid(558b3f7e0b15bc145959a92818f1b67f) Importer(815301076,1909f56bfc062723c751e8b465ee728b)
Start importing Assets/Generic Tilemaps/BottomCellSaws.prefab using Guid(558b3f7e0b15bc145959a92818f1b67f) Importer(815301076,1909f56bfc062723c751e8b465ee728b)  -> (artifact id: 'b4c15f2ab919adbd1d42a8a868ab4ebe') in 0.046682 seconds 
========================================================================
Received Import Request.
  Time since last request: 0.000047 seconds.
  path: Assets/Generic Tilemaps/SpawnTopLampPlatform.prefab
  artifactKey: Guid(100348d36cedfaf4b967a05808d10eb0) Importer(815301076,1909f56bfc062723c751e8b465ee728b)
Start importing Assets/Generic Tilemaps/SpawnTopLampPlatform.prefab using Guid(100348d36cedfaf4b967a05808d10eb0) Importer(815301076,1909f56bfc062723c751e8b465ee728b)  -> (artifact id: '0694bf138e4ef6fa3ab56c3f7c02852d') in 0.007615 seconds 
========================================================================
Received Import Request.
  Time since last request: 0.000055 seconds.
  path: Assets/Generic Tilemaps/Support Beam Tile.asset
  artifactKey: Guid(d0f059dec1ee48847916f4cbe670b63c) Importer(815301076,1909f56bfc062723c751e8b465ee728b)
Start importing Assets/Generic Tilemaps/Support Beam Tile.asset using Guid(d0f059dec1ee48847916f4cbe670b63c) Importer(815301076,1909f56bfc062723c751e8b465ee728b)  -> (artifact id: '45aa6d10e5d5865510f31930460b4f55') in 0.027678 seconds 
========================================================================
Received Import Request.
  Time since last request: 0.000064 seconds.
  path: Assets/Generic Tilemaps/SpawnHousePlatform.prefab
  artifactKey: Guid(0a4712c56e6063f4e86dd8d8287e9a44) Importer(815301076,1909f56bfc062723c751e8b465ee728b)
Start importing Assets/Generic Tilemaps/SpawnHousePlatform.prefab using Guid(0a4712c56e6063f4e86dd8d8287e9a44) Importer(815301076,1909f56bfc062723c751e8b465ee728b)  -> (artifact id: '71308357c3a66cf47ceab4306df82b8a') in 0.007773 seconds 
========================================================================
Received Import Request.
  Time since last request: 0.000046 seconds.
  path: Assets/Generic Tilemaps/trussBL.png
  artifactKey: Guid(14d79fba8e76d2a4f9b6ab75d7c46557) Importer(815301076,1909f56bfc062723c751e8b465ee728b)
Start importing Assets/Generic Tilemaps/trussBL.png using Guid(14d79fba8e76d2a4f9b6ab75d7c46557) Importer(815301076,1909f56bfc062723c751e8b465ee728b)  -> (artifact id: '6e6c3e2242f6527473713dc660a1a143') in 0.033777 seconds 
========================================================================
Received Import Request.
  Time since last request: 0.000031 seconds.
  path: Assets/Generic Tilemaps/shardUI.png
  artifactKey: Guid(04b3f375153a7744a8d5560fcfb7399e) Importer(815301076,1909f56bfc062723c751e8b465ee728b)
Start importing Assets/Generic Tilemaps/shardUI.png using Guid(04b3f375153a7744a8d5560fcfb7399e) Importer(815301076,1909f56bfc062723c751e8b465ee728b)  -> (artifact id: '5e13124504c500d15e9c38a71f57e6c4') in 0.016029 seconds 
========================================================================
Received Import Request.
  Time since last request: 2.422733 seconds.
  path: Assets/Generic Sprites and Animations
  artifactKey: Guid(d61b1d92007a14d48a2a7943e32a0428) Importer(815301076,1909f56bfc062723c751e8b465ee728b)
Start importing Assets/Generic Sprites and Animations using Guid(d61b1d92007a14d48a2a7943e32a0428) Importer(815301076,1909f56bfc062723c751e8b465ee728b)  -> (artifact id: 'e244046fcfedce9bb7d656b6551a23b8') in 0.002620 seconds 
========================================================================
Received Import Request.
  Time since last request: 0.046420 seconds.
  path: Assets/Generic Sprites and Animations/compute shrine base.png
  artifactKey: Guid(f8435ea1d4ad7004b84255591212d651) Importer(815301076,1909f56bfc062723c751e8b465ee728b)
Start importing Assets/Generic Sprites and Animations/compute shrine base.png using Guid(f8435ea1d4ad7004b84255591212d651) Importer(815301076,1909f56bfc062723c751e8b465ee728b)  -> (artifact id: 'b236cd18d5466dc8b21b3f457b873a29') in 0.018637 seconds 
========================================================================
Received Import Request.
  Time since last request: 0.000026 seconds.
  path: Assets/Generic Sprites and Animations/MeteorBlockBurst.prefab
  artifactKey: Guid(ed30124214d927141ad93ce3a7b00385) Importer(815301076,1909f56bfc062723c751e8b465ee728b)
Start importing Assets/Generic Sprites and Animations/MeteorBlockBurst.prefab using Guid(ed30124214d927141ad93ce3a7b00385) Importer(815301076,1909f56bfc062723c751e8b465ee728b)  -> (artifact id: '158cc23854d9cbe293d6e2c1f63b6bd0') in 0.019568 seconds 
========================================================================
Received Import Request.
  Time since last request: 0.000033 seconds.
  path: Assets/Generic Sprites and Animations/softNoise.png
  artifactKey: Guid(beee972f67136024c97506d3e3cb56f9) Importer(815301076,1909f56bfc062723c751e8b465ee728b)
Start importing Assets/Generic Sprites and Animations/softNoise.png using Guid(beee972f67136024c97506d3e3cb56f9) Importer(815301076,1909f56bfc062723c751e8b465ee728b)  -> (artifact id: '17e2b4cb419e2a4c295110ed2314edab') in 0.021604 seconds 
========================================================================
Received Import Request.
  Time since last request: 4.486822 seconds.
  path: Assets/NPCs
  artifactKey: Guid(01cc70fde2f109345924c99fcc8348c1) Importer(815301076,1909f56bfc062723c751e8b465ee728b)
Start importing Assets/NPCs using Guid(01cc70fde2f109345924c99fcc8348c1) Importer(815301076,1909f56bfc062723c751e8b465ee728b)  -> (artifact id: 'bab69253b219b5891e61e8aee658151b') in 0.002022 seconds 
========================================================================
Received Import Request.
  Time since last request: 2.023357 seconds.
  path: Assets/NPCs/Prefabs
  artifactKey: Guid(5c37c580d5a3c9448be8dc4b7d19e86b) Importer(815301076,1909f56bfc062723c751e8b465ee728b)
Start importing Assets/NPCs/Prefabs using Guid(5c37c580d5a3c9448be8dc4b7d19e86b) Importer(815301076,1909f56bfc062723c751e8b465ee728b)  -> (artifact id: 'ecff4d9f8b276e6d2cd78706ddb98bc5') in 0.002395 seconds 
========================================================================
Received Import Request.
  Time since last request: 0.068189 seconds.
  path: Assets/NPCs/Prefabs/Biker Rig.prefab
  artifactKey: Guid(0127ee4d7912fe840a2165d3080d1f5d) Importer(815301076,1909f56bfc062723c751e8b465ee728b)
Start importing Assets/NPCs/Prefabs/Biker Rig.prefab using Guid(0127ee4d7912fe840a2165d3080d1f5d) Importer(815301076,1909f56bfc062723c751e8b465ee728b)  -> (artifact id: 'ba2d6fafb1fe85c30231ec948a51f08c') in 0.020237 seconds 
========================================================================
Received Import Request.
  Time since last request: 0.000039 seconds.
  path: Assets/NPCs/Prefabs/LaurenRigOld.prefab
  artifactKey: Guid(b5218944d2ac8e74481b2237e6051d85) Importer(815301076,1909f56bfc062723c751e8b465ee728b)
Start importing Assets/NPCs/Prefabs/LaurenRigOld.prefab using Guid(b5218944d2ac8e74481b2237e6051d85) Importer(815301076,1909f56bfc062723c751e8b465ee728b)  -> (artifact id: 'fdfd2c8ee820b3337cfc38928465b752') in 0.021259 seconds 
========================================================================
Received Import Request.
  Time since last request: 0.000078 seconds.
  path: Assets/NPCs/Prefabs/Penelope Rig.prefab
  artifactKey: Guid(f329bd5e78129374797270162acff435) Importer(815301076,1909f56bfc062723c751e8b465ee728b)
Start importing Assets/NPCs/Prefabs/Penelope Rig.prefab using Guid(f329bd5e78129374797270162acff435) Importer(815301076,1909f56bfc062723c751e8b465ee728b)  -> (artifact id: '4a9eecc79e0109ef29d4e6cf2c23922f') in 0.064877 seconds 
========================================================================
Received Import Request.
  Time since last request: 0.000040 seconds.
  path: Assets/NPCs/Prefabs/Gayle Rig.prefab
  artifactKey: Guid(939deb8a58ab9b048a8ab53bfdba7c08) Importer(815301076,1909f56bfc062723c751e8b465ee728b)
Start importing Assets/NPCs/Prefabs/Gayle Rig.prefab using Guid(939deb8a58ab9b048a8ab53bfdba7c08) Importer(815301076,1909f56bfc062723c751e8b465ee728b)  -> (artifact id: 'bd518bfa0c694831dc11b91b3ea53681') in 0.051326 seconds 
========================================================================
Received Import Request.
  Time since last request: 0.000067 seconds.
  path: Assets/NPCs/Prefabs/Orca Rig.prefab
  artifactKey: Guid(e5462413007424090a7bdad8b4e30911) Importer(815301076,1909f56bfc062723c751e8b465ee728b)
Start importing Assets/NPCs/Prefabs/Orca Rig.prefab using Guid(e5462413007424090a7bdad8b4e30911) Importer(815301076,1909f56bfc062723c751e8b465ee728b)  -> (artifact id: '4d7a3889512f493c3e035a1e98a13c6f') in 0.020655 seconds 
========================================================================
Received Import Request.
  Time since last request: 0.000033 seconds.
  path: Assets/NPCs/Prefabs/Mica Rig.prefab
  artifactKey: Guid(2133d1e40c806744987656abd44ba209) Importer(815301076,1909f56bfc062723c751e8b465ee728b)
Start importing Assets/NPCs/Prefabs/Mica Rig.prefab using Guid(2133d1e40c806744987656abd44ba209) Importer(815301076,1909f56bfc062723c751e8b465ee728b)  -> (artifact id: '28ea1bb0f85402f9819fb72406a1be63') in 0.028138 seconds 
========================================================================
Received Import Request.
  Time since last request: 0.000040 seconds.
  path: Assets/NPCs/Prefabs/Shailene Rig.prefab
  artifactKey: Guid(0a723008aad1f74498d8aa5afc599e6e) Importer(815301076,1909f56bfc062723c751e8b465ee728b)
Start importing Assets/NPCs/Prefabs/Shailene Rig.prefab using Guid(0a723008aad1f74498d8aa5afc599e6e) Importer(815301076,1909f56bfc062723c751e8b465ee728b)  -> (artifact id: '5beadbc352e1d92cc1395b724b52e4c3') in 0.023317 seconds 
========================================================================
Received Import Request.
  Time since last request: 0.000028 seconds.
  path: Assets/NPCs/Prefabs/Grandma2 Rig.prefab
  artifactKey: Guid(af2dfb037d718614c87f430a270deaeb) Importer(815301076,1909f56bfc062723c751e8b465ee728b)
Start importing Assets/NPCs/Prefabs/Grandma2 Rig.prefab using Guid(af2dfb037d718614c87f430a270deaeb) Importer(815301076,1909f56bfc062723c751e8b465ee728b)  -> (artifact id: '06514cab0093a98815e40bf0165e60b9') in 0.033395 seconds 
========================================================================
Received Import Request.
  Time since last request: 13.096004 seconds.
  path: Assets/waterreflections2D
  artifactKey: Guid(09204cb278dfeff428e998de6c22041f) Importer(815301076,1909f56bfc062723c751e8b465ee728b)
Start importing Assets/waterreflections2D using Guid(09204cb278dfeff428e998de6c22041f) Importer(815301076,1909f56bfc062723c751e8b465ee728b)  -> (artifact id: '918d659311c2bc4f27528af1dea6d09b') in 0.002573 seconds 
========================================================================
Received Import Request.
  Time since last request: 0.067463 seconds.
  path: Assets/waterreflections2D/reflection.mat
  artifactKey: Guid(4ac56798e31cf3e40b8446f0e1ff3bbf) Importer(815301076,1909f56bfc062723c751e8b465ee728b)
Start importing Assets/waterreflections2D/reflection.mat using Guid(4ac56798e31cf3e40b8446f0e1ff3bbf) Importer(815301076,1909f56bfc062723c751e8b465ee728b)  -> (artifact id: '88ff5f4477aeed569f371fee269f79ca') in 0.027369 seconds 
========================================================================
Received Import Request.
  Time since last request: 4.473816 seconds.
  path: Assets/Rewired
  artifactKey: Guid(51922bc328445324baaca408bc626a33) Importer(815301076,1909f56bfc062723c751e8b465ee728b)
Start importing Assets/Rewired using Guid(51922bc328445324baaca408bc626a33) Importer(815301076,1909f56bfc062723c751e8b465ee728b)  -> (artifact id: '4276026c41c1915b41f1e48ec4402343') in 0.002090 seconds 
========================================================================
Received Import Request.
  Time since last request: 27.782322 seconds.
  path: Assets/Global.prefab
  artifactKey: Guid(d514ca4d35012064b90f0936ac25aee3) Importer(815301076,1909f56bfc062723c751e8b465ee728b)
Start importing Assets/Global.prefab using Guid(d514ca4d35012064b90f0936ac25aee3) Importer(815301076,1909f56bfc062723c751e8b465ee728b)  -> (artifact id: '1516c2eceefe5eaf66bc274dd9c2b602') in 1.629013 seconds 
========================================================================
Received Import Request.
  Time since last request: 106.292776 seconds.
  path: Assets/Scripts/Player
  artifactKey: Guid(e2374f11617b62c4589b7a740611f3cb) Importer(815301076,1909f56bfc062723c751e8b465ee728b)
Start importing Assets/Scripts/Player using Guid(e2374f11617b62c4589b7a740611f3cb) Importer(815301076,1909f56bfc062723c751e8b465ee728b)  -> (artifact id: '99f2995f8f6c4fe660071630b1ef364a') in 0.001759 seconds 
========================================================================
Received Import Request.
  Time since last request: 5.027827 seconds.
  path: Assets/Scripts/Player/PlayerController.cs
  artifactKey: Guid(400e5277871d5a640b7ab2c6d64f6fff) Importer(815301076,1909f56bfc062723c751e8b465ee728b)
Start importing Assets/Scripts/Player/PlayerController.cs using Guid(400e5277871d5a640b7ab2c6d64f6fff) Importer(815301076,1909f56bfc062723c751e8b465ee728b)  -> (artifact id: '20c64ab557757de0844cea263f7c59d3') in 0.001934 seconds 
========================================================================
Received Prepare
Registering precompiled user dll's ...
Registered in 0.009150 seconds.
Begin MonoManager ReloadAssembly
Native extension for WindowsStandalone target not found
Native extension for WebGL target not found
Refreshing native plugins compatible for Editor in 0.83 ms, found 1 plugins.
Preloading 0 native plugins for Editor in 0.00 ms.
System.Reflection.TargetInvocationException: Exception has been thrown by the target of an invocation. ---> System.NullReferenceException: Object reference not set to an instance of an object
  at XNodeEditor.NodeEditorAssetModProcessor.OnReloadEditor () [0x0004b] in C:\Users\Dylan\Downloads\vapor-trails\Library\PackageCache\com.github.siccity.xnode@1fb94b2413\Scripts\Editor\NodeEditorAssetModProcessor.cs:55 
  at (wrapper managed-to-native) System.Reflection.RuntimeMethodInfo.InternalInvoke(System.Reflection.RuntimeMethodInfo,object,object[],System.Exception&)
  at System.Reflection.RuntimeMethodInfo.Invoke (System.Object obj, System.Reflection.BindingFlags invokeAttr, System.Reflection.Binder binder, System.Object[] parameters, System.Globalization.CultureInfo culture) [0x0006a] in <6073cf49ed704e958b8a66d540dea948>:0 
   --- End of inner exception stack trace ---
  at System.Reflection.RuntimeMethodInfo.Invoke (System.Object obj, System.Reflection.BindingFlags invokeAttr, System.Reflection.Binder binder, System.Object[] parameters, System.Globalization.CultureInfo culture) [0x00083] in <6073cf49ed704e958b8a66d540dea948>:0 
  at System.Reflection.MethodBase.Invoke (System.Object obj, System.Object[] parameters) [0x00000] in <6073cf49ed704e958b8a66d540dea948>:0 
  at UnityEditor.EditorAssemblies.ProcessInitializeOnLoadMethodAttributes () [0x000a5] in <31b86d204baf45de8328f2d1261a79f7>:0 
UnityEngine.StackTraceUtility:ExtractStackTrace ()
UnityEngine.DebugLogHandler:LogFormat (UnityEngine.LogType,UnityEngine.Object,string,object[])
UnityEngine.Logger:Log (UnityEngine.LogType,object)
UnityEngine.Debug:LogError (object)
UnityEditor.EditorAssemblies:ProcessInitializeOnLoadMethodAttributes ()

Mono: successfully reloaded assembly
- Completed reload, in  1.052 seconds
Domain Reload Profiling:
	ReloadAssembly (1053ms)
		BeginReloadAssembly (134ms)
			ExecutionOrderSort (0ms)
			DisableScriptedObjects (5ms)
			BackupInstance (0ms)
			ReleaseScriptingObjects (0ms)
			CreateAndSetChildDomain (41ms)
		EndReloadAssembly (821ms)
			LoadAssemblies (85ms)
			RebuildTransferFunctionScriptingTraits (0ms)
			SetupTypeCache (189ms)
			ReleaseScriptCaches (1ms)
			RebuildScriptCaches (43ms)
			SetupLoadedEditorAssemblies (469ms)
				LogAssemblyErrors (0ms)
				InitializePlatformSupportModulesInManaged (15ms)
				SetLoadedEditorAssemblies (0ms)
				RefreshPlugins (1ms)
				BeforeProcessingInitializeOnLoad (65ms)
				ProcessInitializeOnLoadAttributes (154ms)
				ProcessInitializeOnLoadMethodAttributes (226ms)
				AfterProcessingInitializeOnLoad (8ms)
				EditorAssembliesLoaded (0ms)
			ExecutionOrderSort2 (0ms)
			AwakeInstancesAfterBackupRestoration (6ms)
Platform modules already initialized, skipping
Refreshing native plugins compatible for Editor in 1.97 ms, found 1 plugins.
Preloading 0 native plugins for Editor in 0.00 ms.
Unloading 2339 Unused Serialized files (Serialized files now loaded: 0)
Unloading 36 unused Assets / (104.6 KB). Loaded Objects now: 3085.
Memory consumption went from 124.8 MB to 124.7 MB.
Total: 3.793900 ms (FindLiveObjects: 0.310100 ms CreateObjectMapping: 0.114000 ms MarkObjects: 3.254100 ms  DeleteObjects: 0.114500 ms)

AssetImportParameters requested are different than current active one (requested -> active):
  custom:video-decoder-ogg-theora: a1e56fd34408186e4bbccfd4996cb3dc -> 
  custom:container-muxer-webm: aa71ff27fc2769a1b78a27578f13a17b -> 
  custom:container-demuxer-webm: 4f35f7cbe854078d1ac9338744f61a02 -> 
  custom:video-encoder-webm-vp8: eb34c28f22e8b96e1ab97ce403110664 -> 
  custom:audio-encoder-webm-vorbis: bf7c407c2cedff20999df2af8eb42d56 -> 
  custom:framework-win-MediaFoundation: 216162199b28c13a410421893ffa2e32 -> 
  custom:container-demuxer-ogg: 62fdf1f143b41e24485cea50d1cbac27 -> 
  custom:video-decoder-webm-vp8: 9c59270c3fd7afecdb556c50c9e8de78 -> 
  custom:audio-decoder-ogg-vorbis: bf7c407c2cedff20999df2af8eb42d56 -> 
========================================================================
Received Import Request.
  Time since last request: 337.825053 seconds.
  path: Assets/Global.prefab
  artifactKey: Guid(d514ca4d35012064b90f0936ac25aee3) Importer(815301076,1909f56bfc062723c751e8b465ee728b)
Start importing Assets/Global.prefab using Guid(d514ca4d35012064b90f0936ac25aee3) Importer(815301076,1909f56bfc062723c751e8b465ee728b)  -> (artifact id: '99e2e23b9266c443f18db4f56e1005e1') in 1.515223 seconds 
========================================================================
Received Prepare
Registering precompiled user dll's ...
Registered in 0.008400 seconds.
Begin MonoManager ReloadAssembly
Native extension for WindowsStandalone target not found
Native extension for WebGL target not found
Refreshing native plugins compatible for Editor in 0.80 ms, found 1 plugins.
Preloading 0 native plugins for Editor in 0.00 ms.
System.Reflection.TargetInvocationException: Exception has been thrown by the target of an invocation. ---> System.NullReferenceException: Object reference not set to an instance of an object
  at XNodeEditor.NodeEditorAssetModProcessor.OnReloadEditor () [0x0004b] in C:\Users\Dylan\Downloads\vapor-trails\Library\PackageCache\com.github.siccity.xnode@1fb94b2413\Scripts\Editor\NodeEditorAssetModProcessor.cs:55 
  at (wrapper managed-to-native) System.Reflection.RuntimeMethodInfo.InternalInvoke(System.Reflection.RuntimeMethodInfo,object,object[],System.Exception&)
  at System.Reflection.RuntimeMethodInfo.Invoke (System.Object obj, System.Reflection.BindingFlags invokeAttr, System.Reflection.Binder binder, System.Object[] parameters, System.Globalization.CultureInfo culture) [0x0006a] in <6073cf49ed704e958b8a66d540dea948>:0 
   --- End of inner exception stack trace ---
  at System.Reflection.RuntimeMethodInfo.Invoke (System.Object obj, System.Reflection.BindingFlags invokeAttr, System.Reflection.Binder binder, System.Object[] parameters, System.Globalization.CultureInfo culture) [0x00083] in <6073cf49ed704e958b8a66d540dea948>:0 
  at System.Reflection.MethodBase.Invoke (System.Object obj, System.Object[] parameters) [0x00000] in <6073cf49ed704e958b8a66d540dea948>:0 
  at UnityEditor.EditorAssemblies.ProcessInitializeOnLoadMethodAttributes () [0x000a5] in <31b86d204baf45de8328f2d1261a79f7>:0 
UnityEngine.StackTraceUtility:ExtractStackTrace ()
UnityEngine.DebugLogHandler:LogFormat (UnityEngine.LogType,UnityEngine.Object,string,object[])
UnityEngine.Logger:Log (UnityEngine.LogType,object)
UnityEngine.Debug:LogError (object)
UnityEditor.EditorAssemblies:ProcessInitializeOnLoadMethodAttributes ()

Mono: successfully reloaded assembly
- Completed reload, in  0.998 seconds
Domain Reload Profiling:
	ReloadAssembly (998ms)
		BeginReloadAssembly (132ms)
			ExecutionOrderSort (0ms)
			DisableScriptedObjects (5ms)
			BackupInstance (0ms)
			ReleaseScriptingObjects (0ms)
			CreateAndSetChildDomain (40ms)
		EndReloadAssembly (766ms)
			LoadAssemblies (86ms)
			RebuildTransferFunctionScriptingTraits (0ms)
			SetupTypeCache (171ms)
			ReleaseScriptCaches (1ms)
			RebuildScriptCaches (43ms)
			SetupLoadedEditorAssemblies (435ms)
				LogAssemblyErrors (0ms)
				InitializePlatformSupportModulesInManaged (14ms)
				SetLoadedEditorAssemblies (0ms)
				RefreshPlugins (1ms)
				BeforeProcessingInitializeOnLoad (58ms)
				ProcessInitializeOnLoadAttributes (140ms)
				ProcessInitializeOnLoadMethodAttributes (213ms)
				AfterProcessingInitializeOnLoad (10ms)
				EditorAssembliesLoaded (0ms)
			ExecutionOrderSort2 (0ms)
			AwakeInstancesAfterBackupRestoration (6ms)
Platform modules already initialized, skipping
Refreshing native plugins compatible for Editor in 2.94 ms, found 1 plugins.
Preloading 0 native plugins for Editor in 0.00 ms.
Unloading 2339 Unused Serialized files (Serialized files now loaded: 0)
Unloading 36 unused Assets / (103.6 KB). Loaded Objects now: 3100.
Memory consumption went from 125.1 MB to 125.0 MB.
Total: 3.774500 ms (FindLiveObjects: 0.282800 ms CreateObjectMapping: 0.071000 ms MarkObjects: 3.298400 ms  DeleteObjects: 0.120400 ms)

AssetImportParameters requested are different than current active one (requested -> active):
  custom:video-decoder-ogg-theora: a1e56fd34408186e4bbccfd4996cb3dc -> 
  custom:container-muxer-webm: aa71ff27fc2769a1b78a27578f13a17b -> 
  custom:container-demuxer-webm: 4f35f7cbe854078d1ac9338744f61a02 -> 
  custom:video-encoder-webm-vp8: eb34c28f22e8b96e1ab97ce403110664 -> 
  custom:audio-encoder-webm-vorbis: bf7c407c2cedff20999df2af8eb42d56 -> 
  custom:framework-win-MediaFoundation: 216162199b28c13a410421893ffa2e32 -> 
  custom:container-demuxer-ogg: 62fdf1f143b41e24485cea50d1cbac27 -> 
  custom:video-decoder-webm-vp8: 9c59270c3fd7afecdb556c50c9e8de78 -> 
  custom:audio-decoder-ogg-vorbis: bf7c407c2cedff20999df2af8eb42d56 -> 
========================================================================
Received Prepare
Registering precompiled user dll's ...
Registered in 0.010358 seconds.
Begin MonoManager ReloadAssembly
Native extension for WindowsStandalone target not found
Native extension for WebGL target not found
Refreshing native plugins compatible for Editor in 0.74 ms, found 1 plugins.
Preloading 0 native plugins for Editor in 0.00 ms.
System.Reflection.TargetInvocationException: Exception has been thrown by the target of an invocation. ---> System.NullReferenceException: Object reference not set to an instance of an object
  at XNodeEditor.NodeEditorAssetModProcessor.OnReloadEditor () [0x0004b] in C:\Users\Dylan\Downloads\vapor-trails\Library\PackageCache\com.github.siccity.xnode@1fb94b2413\Scripts\Editor\NodeEditorAssetModProcessor.cs:55 
  at (wrapper managed-to-native) System.Reflection.RuntimeMethodInfo.InternalInvoke(System.Reflection.RuntimeMethodInfo,object,object[],System.Exception&)
  at System.Reflection.RuntimeMethodInfo.Invoke (System.Object obj, System.Reflection.BindingFlags invokeAttr, System.Reflection.Binder binder, System.Object[] parameters, System.Globalization.CultureInfo culture) [0x0006a] in <6073cf49ed704e958b8a66d540dea948>:0 
   --- End of inner exception stack trace ---
  at System.Reflection.RuntimeMethodInfo.Invoke (System.Object obj, System.Reflection.BindingFlags invokeAttr, System.Reflection.Binder binder, System.Object[] parameters, System.Globalization.CultureInfo culture) [0x00083] in <6073cf49ed704e958b8a66d540dea948>:0 
  at System.Reflection.MethodBase.Invoke (System.Object obj, System.Object[] parameters) [0x00000] in <6073cf49ed704e958b8a66d540dea948>:0 
  at UnityEditor.EditorAssemblies.ProcessInitializeOnLoadMethodAttributes () [0x000a5] in <31b86d204baf45de8328f2d1261a79f7>:0 
UnityEngine.StackTraceUtility:ExtractStackTrace ()
UnityEngine.DebugLogHandler:LogFormat (UnityEngine.LogType,UnityEngine.Object,string,object[])
UnityEngine.Logger:Log (UnityEngine.LogType,object)
UnityEngine.Debug:LogError (object)
UnityEditor.EditorAssemblies:ProcessInitializeOnLoadMethodAttributes ()

Mono: successfully reloaded assembly
- Completed reload, in  0.998 seconds
Domain Reload Profiling:
	ReloadAssembly (999ms)
		BeginReloadAssembly (128ms)
			ExecutionOrderSort (0ms)
			DisableScriptedObjects (5ms)
			BackupInstance (0ms)
			ReleaseScriptingObjects (0ms)
			CreateAndSetChildDomain (35ms)
		EndReloadAssembly (772ms)
			LoadAssemblies (89ms)
			RebuildTransferFunctionScriptingTraits (0ms)
			SetupTypeCache (194ms)
			ReleaseScriptCaches (1ms)
			RebuildScriptCaches (38ms)
			SetupLoadedEditorAssemblies (422ms)
				LogAssemblyErrors (0ms)
				InitializePlatformSupportModulesInManaged (13ms)
				SetLoadedEditorAssemblies (0ms)
				RefreshPlugins (1ms)
				BeforeProcessingInitializeOnLoad (57ms)
				ProcessInitializeOnLoadAttributes (136ms)
				ProcessInitializeOnLoadMethodAttributes (204ms)
				AfterProcessingInitializeOnLoad (10ms)
				EditorAssembliesLoaded (0ms)
			ExecutionOrderSort2 (0ms)
			AwakeInstancesAfterBackupRestoration (6ms)
Platform modules already initialized, skipping
Refreshing native plugins compatible for Editor in 3.82 ms, found 1 plugins.
Preloading 0 native plugins for Editor in 0.00 ms.
Unloading 2339 Unused Serialized files (Serialized files now loaded: 0)
Unloading 26 unused Assets / (98.8 KB). Loaded Objects now: 3115.
Memory consumption went from 125.1 MB to 125.0 MB.
Total: 5.309600 ms (FindLiveObjects: 0.713500 ms CreateObjectMapping: 0.146100 ms MarkObjects: 4.371600 ms  DeleteObjects: 0.074800 ms)

AssetImportParameters requested are different than current active one (requested -> active):
  custom:video-decoder-ogg-theora: a1e56fd34408186e4bbccfd4996cb3dc -> 
  custom:container-muxer-webm: aa71ff27fc2769a1b78a27578f13a17b -> 
  custom:container-demuxer-webm: 4f35f7cbe854078d1ac9338744f61a02 -> 
  custom:video-encoder-webm-vp8: eb34c28f22e8b96e1ab97ce403110664 -> 
  custom:audio-encoder-webm-vorbis: bf7c407c2cedff20999df2af8eb42d56 -> 
  custom:framework-win-MediaFoundation: 216162199b28c13a410421893ffa2e32 -> 
  custom:container-demuxer-ogg: 62fdf1f143b41e24485cea50d1cbac27 -> 
  custom:video-decoder-webm-vp8: 9c59270c3fd7afecdb556c50c9e8de78 -> 
  custom:audio-decoder-ogg-vorbis: bf7c407c2cedff20999df2af8eb42d56 -> 
========================================================================
Received Prepare
Registering precompiled user dll's ...
Registered in 0.009310 seconds.
Begin MonoManager ReloadAssembly
Native extension for WindowsStandalone target not found
Native extension for WebGL target not found
Refreshing native plugins compatible for Editor in 0.76 ms, found 1 plugins.
Preloading 0 native plugins for Editor in 0.00 ms.
System.Reflection.TargetInvocationException: Exception has been thrown by the target of an invocation. ---> System.NullReferenceException: Object reference not set to an instance of an object
  at XNodeEditor.NodeEditorAssetModProcessor.OnReloadEditor () [0x0004b] in C:\Users\Dylan\Downloads\vapor-trails\Library\PackageCache\com.github.siccity.xnode@1fb94b2413\Scripts\Editor\NodeEditorAssetModProcessor.cs:55 
  at (wrapper managed-to-native) System.Reflection.RuntimeMethodInfo.InternalInvoke(System.Reflection.RuntimeMethodInfo,object,object[],System.Exception&)
  at System.Reflection.RuntimeMethodInfo.Invoke (System.Object obj, System.Reflection.BindingFlags invokeAttr, System.Reflection.Binder binder, System.Object[] parameters, System.Globalization.CultureInfo culture) [0x0006a] in <6073cf49ed704e958b8a66d540dea948>:0 
   --- End of inner exception stack trace ---
  at System.Reflection.RuntimeMethodInfo.Invoke (System.Object obj, System.Reflection.BindingFlags invokeAttr, System.Reflection.Binder binder, System.Object[] parameters, System.Globalization.CultureInfo culture) [0x00083] in <6073cf49ed704e958b8a66d540dea948>:0 
  at System.Reflection.MethodBase.Invoke (System.Object obj, System.Object[] parameters) [0x00000] in <6073cf49ed704e958b8a66d540dea948>:0 
  at UnityEditor.EditorAssemblies.ProcessInitializeOnLoadMethodAttributes () [0x000a5] in <31b86d204baf45de8328f2d1261a79f7>:0 
UnityEngine.StackTraceUtility:ExtractStackTrace ()
UnityEngine.DebugLogHandler:LogFormat (UnityEngine.LogType,UnityEngine.Object,string,object[])
UnityEngine.Logger:Log (UnityEngine.LogType,object)
UnityEngine.Debug:LogError (object)
UnityEditor.EditorAssemblies:ProcessInitializeOnLoadMethodAttributes ()

Mono: successfully reloaded assembly
- Completed reload, in  0.979 seconds
Domain Reload Profiling:
	ReloadAssembly (980ms)
		BeginReloadAssembly (144ms)
			ExecutionOrderSort (0ms)
			DisableScriptedObjects (6ms)
			BackupInstance (0ms)
			ReleaseScriptingObjects (0ms)
			CreateAndSetChildDomain (40ms)
		EndReloadAssembly (739ms)
			LoadAssemblies (97ms)
			RebuildTransferFunctionScriptingTraits (0ms)
			SetupTypeCache (164ms)
			ReleaseScriptCaches (1ms)
			RebuildScriptCaches (37ms)
			SetupLoadedEditorAssemblies (420ms)
				LogAssemblyErrors (0ms)
				InitializePlatformSupportModulesInManaged (14ms)
				SetLoadedEditorAssemblies (0ms)
				RefreshPlugins (1ms)
				BeforeProcessingInitializeOnLoad (55ms)
				ProcessInitializeOnLoadAttributes (146ms)
				ProcessInitializeOnLoadMethodAttributes (195ms)
				AfterProcessingInitializeOnLoad (8ms)
				EditorAssembliesLoaded (0ms)
			ExecutionOrderSort2 (0ms)
			AwakeInstancesAfterBackupRestoration (6ms)
Platform modules already initialized, skipping
Refreshing native plugins compatible for Editor in 2.06 ms, found 1 plugins.
Preloading 0 native plugins for Editor in 0.00 ms.
Unloading 2339 Unused Serialized files (Serialized files now loaded: 0)
Unloading 26 unused Assets / (98.8 KB). Loaded Objects now: 3130.
Memory consumption went from 125.1 MB to 125.0 MB.
Total: 3.516300 ms (FindLiveObjects: 0.329500 ms CreateObjectMapping: 0.118300 ms MarkObjects: 3.022800 ms  DeleteObjects: 0.043700 ms)

AssetImportParameters requested are different than current active one (requested -> active):
  custom:video-decoder-ogg-theora: a1e56fd34408186e4bbccfd4996cb3dc -> 
  custom:container-muxer-webm: aa71ff27fc2769a1b78a27578f13a17b -> 
  custom:container-demuxer-webm: 4f35f7cbe854078d1ac9338744f61a02 -> 
  custom:video-encoder-webm-vp8: eb34c28f22e8b96e1ab97ce403110664 -> 
  custom:audio-encoder-webm-vorbis: bf7c407c2cedff20999df2af8eb42d56 -> 
  custom:framework-win-MediaFoundation: 216162199b28c13a410421893ffa2e32 -> 
  custom:container-demuxer-ogg: 62fdf1f143b41e24485cea50d1cbac27 -> 
  custom:video-decoder-webm-vp8: 9c59270c3fd7afecdb556c50c9e8de78 -> 
  custom:audio-decoder-ogg-vorbis: bf7c407c2cedff20999df2af8eb42d56 -> 
========================================================================
Received Import Request.
  Time since last request: 2878.657609 seconds.
  path: Assets/UI/application icon.png
  artifactKey: Guid(5c331b6617a71a9419eecc1ee46daa54) Importer(815301076,1909f56bfc062723c751e8b465ee728b)
Start importing Assets/UI/application icon.png using Guid(5c331b6617a71a9419eecc1ee46daa54) Importer(815301076,1909f56bfc062723c751e8b465ee728b)  -> (artifact id: 'b3d1b751e04b79c84d01ef389d3b70a2') in 0.077100 seconds 
========================================================================
Received Prepare
Refreshing native plugins compatible for Editor in 5.21 ms, found 1 plugins.
Preloading 0 native plugins for Editor in 0.00 ms.
Unloading 26 Unused Serialized files (Serialized files now loaded: 0)
Unloading 26 unused Assets / (94.6 KB). Loaded Objects now: 3131.
Memory consumption went from 75.8 MB to 75.7 MB.
Total: 3.734900 ms (FindLiveObjects: 0.275700 ms CreateObjectMapping: 0.065300 ms MarkObjects: 3.341800 ms  DeleteObjects: 0.050700 ms)

AssetImportParameters requested are different than current active one (requested -> active):
  custom:video-decoder-ogg-theora: a1e56fd34408186e4bbccfd4996cb3dc -> 
  custom:container-muxer-webm: aa71ff27fc2769a1b78a27578f13a17b -> 
  custom:container-demuxer-webm: 4f35f7cbe854078d1ac9338744f61a02 -> 
  custom:video-encoder-webm-vp8: eb34c28f22e8b96e1ab97ce403110664 -> 
  custom:audio-encoder-webm-vorbis: bf7c407c2cedff20999df2af8eb42d56 -> 
  custom:framework-win-MediaFoundation: 216162199b28c13a410421893ffa2e32 -> 
  custom:container-demuxer-ogg: 62fdf1f143b41e24485cea50d1cbac27 -> 
  custom:video-decoder-webm-vp8: 9c59270c3fd7afecdb556c50c9e8de78 -> 
  custom:audio-decoder-ogg-vorbis: bf7c407c2cedff20999df2af8eb42d56 -> 
========================================================================
Received Import Request.
  Time since last request: 1145.280101 seconds.
  path: Assets/Items/ascertain thumbnail.png
  artifactKey: Guid(2cdd9f8c778ea244b9c256e3ac2763db) Importer(815301076,1909f56bfc062723c751e8b465ee728b)
Start importing Assets/Items/ascertain thumbnail.png using Guid(2cdd9f8c778ea244b9c256e3ac2763db) Importer(815301076,1909f56bfc062723c751e8b465ee728b)  -> (artifact id: '5add6a1219c4eaab390f7c553ded07fd') in 0.017356 seconds 
========================================================================
Received Import Request.
  Time since last request: 0.029732 seconds.
  path: Assets/Items/autonav detail.png
  artifactKey: Guid(451f6cd5fe053eb4f9622ecaf76fc56c) Importer(815301076,1909f56bfc062723c751e8b465ee728b)
Start importing Assets/Items/autonav detail.png using Guid(451f6cd5fe053eb4f9622ecaf76fc56c) Importer(815301076,1909f56bfc062723c751e8b465ee728b)  -> (artifact id: '44f172896274bc534c24e198ad8641a6') in 0.036728 seconds 
========================================================================
Received Import Request.
  Time since last request: 0.000046 seconds.
  path: Assets/Items/book of thorns detail.png
  artifactKey: Guid(8d516f7c3510a6f44a2915ee85271393) Importer(815301076,1909f56bfc062723c751e8b465ee728b)
Start importing Assets/Items/book of thorns detail.png using Guid(8d516f7c3510a6f44a2915ee85271393) Importer(815301076,1909f56bfc062723c751e8b465ee728b)  -> (artifact id: 'be633c0d6e82db7018c3f2b3e73e85f2') in 0.038675 seconds 
========================================================================
Received Import Request.
  Time since last request: 0.000041 seconds.
  path: Assets/Items/cigarettes.png
  artifactKey: Guid(0bb3188f247274942a1bb6d57bac3354) Importer(815301076,1909f56bfc062723c751e8b465ee728b)
Start importing Assets/Items/cigarettes.png using Guid(0bb3188f247274942a1bb6d57bac3354) Importer(815301076,1909f56bfc062723c751e8b465ee728b)  -> (artifact id: '27c80d8d27c9d844c2c6c6d2ed2863cc') in 0.024589 seconds 
========================================================================
Received Import Request.
  Time since last request: 0.000058 seconds.
  path: Assets/Items/healDetail.png
  artifactKey: Guid(15f62de80a0875049a56f1f36fd646da) Importer(815301076,1909f56bfc062723c751e8b465ee728b)
Start importing Assets/Items/healDetail.png using Guid(15f62de80a0875049a56f1f36fd646da) Importer(815301076,1909f56bfc062723c751e8b465ee728b)  -> (artifact id: '5fc627466c124ec8b9d48335db05c04e') in 0.021647 seconds 
========================================================================
Received Import Request.
  Time since last request: 0.000047 seconds.
  path: Assets/Items/orca flip detail.png
  artifactKey: Guid(d390ff54ff73d22428d26e64e782557d) Importer(815301076,1909f56bfc062723c751e8b465ee728b)
Start importing Assets/Items/orca flip detail.png using Guid(d390ff54ff73d22428d26e64e782557d) Importer(815301076,1909f56bfc062723c751e8b465ee728b)  -> (artifact id: '890ea2ea45766d246045348f9bc7907b') in 0.033526 seconds 
========================================================================
Received Import Request.
  Time since last request: 0.000037 seconds.
  path: Assets/Items/sword thumbnail.png
  artifactKey: Guid(1bf7d949376b7fd4993f31660fbb5619) Importer(815301076,1909f56bfc062723c751e8b465ee728b)
Start importing Assets/Items/sword thumbnail.png using Guid(1bf7d949376b7fd4993f31660fbb5619) Importer(815301076,1909f56bfc062723c751e8b465ee728b)  -> (artifact id: '1eb134d5d90dd624c162dec312f88086') in 0.029206 seconds 
========================================================================
Received Import Request.
  Time since last request: 0.000029 seconds.
  path: Assets/Items/vapor dash detail.png
  artifactKey: Guid(857e2b8dc7a92c1448ec55edf333fa47) Importer(815301076,1909f56bfc062723c751e8b465ee728b)
Start importing Assets/Items/vapor dash detail.png using Guid(857e2b8dc7a92c1448ec55edf333fa47) Importer(815301076,1909f56bfc062723c751e8b465ee728b)  -> (artifact id: 'd987995edab8dadb68351105d8f7acd7') in 0.020762 seconds 
========================================================================
Received Import Request.
  Time since last request: 0.000040 seconds.
  path: Assets/Items/vaporchata detail.png
  artifactKey: Guid(1f6576990e979a140940599017c9bb53) Importer(815301076,1909f56bfc062723c751e8b465ee728b)
Start importing Assets/Items/vaporchata detail.png using Guid(1f6576990e979a140940599017c9bb53) Importer(815301076,1909f56bfc062723c751e8b465ee728b)  -> (artifact id: '8b9d11076c4d3e4e868818febbdf7885') in 0.027118 seconds 
========================================================================
Received Import Request.
  Time since last request: 0.000031 seconds.
  path: Assets/Items/lady heart detail.png
  artifactKey: Guid(9272b25a165570347b90d56a8d4d1db0) Importer(815301076,1909f56bfc062723c751e8b465ee728b)
Start importing Assets/Items/lady heart detail.png using Guid(9272b25a165570347b90d56a8d4d1db0) Importer(815301076,1909f56bfc062723c751e8b465ee728b)  -> (artifact id: '3408bc36bc3de64062ef13644f5d1aa8') in 0.023574 seconds 
========================================================================
Received Import Request.
  Time since last request: 0.000038 seconds.
  path: Assets/Items/vapor dash thumbnail.png
  artifactKey: Guid(7d3d0a566da13414481e5e7e15305f94) Importer(815301076,1909f56bfc062723c751e8b465ee728b)
Start importing Assets/Items/vapor dash thumbnail.png using Guid(7d3d0a566da13414481e5e7e15305f94) Importer(815301076,1909f56bfc062723c751e8b465ee728b)  -> (artifact id: '1f6e4066baea1c3d5ff2bbf9ef6b045c') in 0.025861 seconds 
========================================================================
Received Import Request.
  Time since last request: 0.000023 seconds.
  path: Assets/Items/wallclimb detail.png
  artifactKey: Guid(a848a599579685f4b8eb3b9694af55c6) Importer(815301076,1909f56bfc062723c751e8b465ee728b)
Start importing Assets/Items/wallclimb detail.png using Guid(a848a599579685f4b8eb3b9694af55c6) Importer(815301076,1909f56bfc062723c751e8b465ee728b)  -> (artifact id: '89efd29ecfd72b00dcfe3c3abfde4b92') in 0.020431 seconds 
========================================================================
Received Import Request.
  Time since last request: 0.000029 seconds.
  path: Assets/Items/speedometer detail.png
  artifactKey: Guid(03cdabce6130b2b478aade9ec99b64f9) Importer(815301076,1909f56bfc062723c751e8b465ee728b)
Start importing Assets/Items/speedometer detail.png using Guid(03cdabce6130b2b478aade9ec99b64f9) Importer(815301076,1909f56bfc062723c751e8b465ee728b)  -> (artifact id: '5dbe9225ad60f3810783a5599a157dcc') in 0.019566 seconds 
========================================================================
Received Import Request.
  Time since last request: 0.000034 seconds.
  path: Assets/Items/vi edge detail.png
  artifactKey: Guid(df9ae0b90e06df541a3d02283b555968) Importer(815301076,1909f56bfc062723c751e8b465ee728b)
Start importing Assets/Items/vi edge detail.png using Guid(df9ae0b90e06df541a3d02283b555968) Importer(815301076,1909f56bfc062723c751e8b465ee728b)  -> (artifact id: 'ff70f1944e0bf4be6e89305c28a16ad1') in 0.018985 seconds 
========================================================================
Received Import Request.
  Time since last request: 0.000087 seconds.
  path: Assets/Items/gun eyes.png
  artifactKey: Guid(0a24a9b84d154b94c9a655a9659e2957) Importer(815301076,1909f56bfc062723c751e8b465ee728b)
Start importing Assets/Items/gun eyes.png using Guid(0a24a9b84d154b94c9a655a9659e2957) Importer(815301076,1909f56bfc062723c751e8b465ee728b)  -> (artifact id: '7ed298b7d7d0eb01674f32350a20799c') in 0.016737 seconds 
========================================================================
Received Import Request.
  Time since last request: 0.000027 seconds.
  path: Assets/Items/attack chip template.png
  artifactKey: Guid(38371d6ca52db724f947f3f6e4f6934d) Importer(815301076,1909f56bfc062723c751e8b465ee728b)
Start importing Assets/Items/attack chip template.png using Guid(38371d6ca52db724f947f3f6e4f6934d) Importer(815301076,1909f56bfc062723c751e8b465ee728b)  -> (artifact id: 'fb8a3a0284bf8d256721a99f408dfd6c') in 0.017143 seconds 
========================================================================
Received Import Request.
  Time since last request: 0.000039 seconds.
  path: Assets/Items/cigarettes thumbnail.png
  artifactKey: Guid(f768ba8ef7a47674e8966c98598d5a1e) Importer(815301076,1909f56bfc062723c751e8b465ee728b)
Start importing Assets/Items/cigarettes thumbnail.png using Guid(f768ba8ef7a47674e8966c98598d5a1e) Importer(815301076,1909f56bfc062723c751e8b465ee728b)  -> (artifact id: '4ccbeb8d787c60a6568b883c47321ee3') in 0.018790 seconds 
========================================================================
Received Import Request.
  Time since last request: 0.000029 seconds.
  path: Assets/Items/CigaretteContainer.prefab
  artifactKey: Guid(1f7b7c9ed659aca43a485489731e41a9) Importer(815301076,1909f56bfc062723c751e8b465ee728b)
Start importing Assets/Items/CigaretteContainer.prefab using Guid(1f7b7c9ed659aca43a485489731e41a9) Importer(815301076,1909f56bfc062723c751e8b465ee728b)  -> (artifact id: 'cc239261c71e25cc3cbe086d2c9fbe49') in 0.054316 seconds 
========================================================================
Received Import Request.
  Time since last request: 0.000021 seconds.
  path: Assets/Items/soul thumbnail.png
  artifactKey: Guid(2742d25f3177b344c966e630e58ba4e2) Importer(815301076,1909f56bfc062723c751e8b465ee728b)
Start importing Assets/Items/soul thumbnail.png using Guid(2742d25f3177b344c966e630e58ba4e2) Importer(815301076,1909f56bfc062723c751e8b465ee728b)  -> (artifact id: '4e04103e732b9cbdd08af36e530072b6') in 0.017183 seconds 
========================================================================
Received Import Request.
  Time since last request: 0.000027 seconds.
  path: Assets/Items/sandwich thumbnail.png
  artifactKey: Guid(9f68c5349f021440cab635020786fefe) Importer(815301076,1909f56bfc062723c751e8b465ee728b)
Start importing Assets/Items/sandwich thumbnail.png using Guid(9f68c5349f021440cab635020786fefe) Importer(815301076,1909f56bfc062723c751e8b465ee728b)  -> (artifact id: '1e09f6172eeb05a507550214220eb61e') in 0.029839 seconds 
========================================================================
Received Import Request.
  Time since last request: 0.000030 seconds.
  path: Assets/Items/capacitor shard thumbnail.png
  artifactKey: Guid(55fbdad3d2a68b646be60df97170f214) Importer(815301076,1909f56bfc062723c751e8b465ee728b)
Start importing Assets/Items/capacitor shard thumbnail.png using Guid(55fbdad3d2a68b646be60df97170f214) Importer(815301076,1909f56bfc062723c751e8b465ee728b)  -> (artifact id: '985a6bad953a44053cff4b0cbc386bc5') in 0.026419 seconds 
========================================================================
Received Import Request.
  Time since last request: 0.000028 seconds.
  path: Assets/Items/bat spike thumbnail.png
  artifactKey: Guid(66831d167d047284ab0313a39d902403) Importer(815301076,1909f56bfc062723c751e8b465ee728b)
Start importing Assets/Items/bat spike thumbnail.png using Guid(66831d167d047284ab0313a39d902403) Importer(815301076,1909f56bfc062723c751e8b465ee728b)  -> (artifact id: '751fa357d68a3085594ffca4f4e098fd') in 0.013568 seconds 
========================================================================
Received Import Request.
  Time since last request: 0.000055 seconds.
  path: Assets/Items/meteor dive detail.png
  artifactKey: Guid(dba36f227b3915f49bfce8c460fea176) Importer(815301076,1909f56bfc062723c751e8b465ee728b)
Start importing Assets/Items/meteor dive detail.png using Guid(dba36f227b3915f49bfce8c460fea176) Importer(815301076,1909f56bfc062723c751e8b465ee728b)  -> (artifact id: 'b7a034050b96e229ec007a5fea666f1f') in 0.016784 seconds 
========================================================================
Received Import Request.
  Time since last request: 0.000067 seconds.
  path: Assets/Items/leg gadgets.png
  artifactKey: Guid(64618348a324aad4eaaeefe8adda38ba) Importer(815301076,1909f56bfc062723c751e8b465ee728b)
Start importing Assets/Items/leg gadgets.png using Guid(64618348a324aad4eaaeefe8adda38ba) Importer(815301076,1909f56bfc062723c751e8b465ee728b)  -> (artifact id: '3db6f82cfa025d811a15b3d3b497c463') in 0.029688 seconds 
========================================================================
Received Import Request.
  Time since last request: 0.000031 seconds.
  path: Assets/Items/pumpkin thumbnail.png
  artifactKey: Guid(dea4508597edfd04d824df1d2271e566) Importer(815301076,1909f56bfc062723c751e8b465ee728b)
Start importing Assets/Items/pumpkin thumbnail.png using Guid(dea4508597edfd04d824df1d2271e566) Importer(815301076,1909f56bfc062723c751e8b465ee728b)  -> (artifact id: 'c0faf0ab22920d77de9c5bdc1de0648c') in 0.017404 seconds 
========================================================================
Received Import Request.
  Time since last request: 0.000046 seconds.
  path: Assets/Items/gun eyes thumbnail.png
  artifactKey: Guid(1583912a7d2a2b34ea91cd650cb26ab6) Importer(815301076,1909f56bfc062723c751e8b465ee728b)
Start importing Assets/Items/gun eyes thumbnail.png using Guid(1583912a7d2a2b34ea91cd650cb26ab6) Importer(815301076,1909f56bfc062723c751e8b465ee728b)  -> (artifact id: '93ae9ad2128928bbc2af0a0df00487f5') in 0.015879 seconds 
========================================================================
Received Import Request.
  Time since last request: 0.000041 seconds.
  path: Assets/Items/supercruise thumbnail.png
  artifactKey: Guid(574f5b819ad42da4397c5911478de216) Importer(815301076,1909f56bfc062723c751e8b465ee728b)
Start importing Assets/Items/supercruise thumbnail.png using Guid(574f5b819ad42da4397c5911478de216) Importer(815301076,1909f56bfc062723c751e8b465ee728b)  -> (artifact id: 'c6e4a5b798d9088a51ac7671352735d5') in 0.020054 seconds 
========================================================================
Received Import Request.
  Time since last request: 0.000038 seconds.
  path: Assets/Items/soul detail.png
  artifactKey: Guid(6a27d2b0353d3cd4e8518c47618f4e18) Importer(815301076,1909f56bfc062723c751e8b465ee728b)
Start importing Assets/Items/soul detail.png using Guid(6a27d2b0353d3cd4e8518c47618f4e18) Importer(815301076,1909f56bfc062723c751e8b465ee728b)  -> (artifact id: '3119a8b646b0064dca74c68625311b02') in 0.017852 seconds 
========================================================================
Received Import Request.
  Time since last request: 0.000029 seconds.
  path: Assets/Items/speedometer thumbnail.png
  artifactKey: Guid(06bb8f410002482419bbc2decd3187b0) Importer(815301076,1909f56bfc062723c751e8b465ee728b)
Start importing Assets/Items/speedometer thumbnail.png using Guid(06bb8f410002482419bbc2decd3187b0) Importer(815301076,1909f56bfc062723c751e8b465ee728b)  -> (artifact id: 'cee7d820a50f1cc54af9392c324618fa') in 0.017962 seconds 
========================================================================
Received Import Request.
  Time since last request: 0.000056 seconds.
  path: Assets/Items/supercruise detail.png
  artifactKey: Guid(fe928ad122c12784ba7fa106bb45102b) Importer(815301076,1909f56bfc062723c751e8b465ee728b)
Start importing Assets/Items/supercruise detail.png using Guid(fe928ad122c12784ba7fa106bb45102b) Importer(815301076,1909f56bfc062723c751e8b465ee728b)  -> (artifact id: '54e72a17448189250412d5db81f005d1') in 0.019509 seconds 
========================================================================
Received Import Request.
  Time since last request: 0.000036 seconds.
  path: Assets/Items/nano edge thumbnail.png
  artifactKey: Guid(36cebccc72be8604b96f09ff29dc01dc) Importer(815301076,1909f56bfc062723c751e8b465ee728b)
Start importing Assets/Items/nano edge thumbnail.png using Guid(36cebccc72be8604b96f09ff29dc01dc) Importer(815301076,1909f56bfc062723c751e8b465ee728b)  -> (artifact id: 'b7ef3182edb06d45e7e6e013387a6396') in 0.017288 seconds 
========================================================================
Received Import Request.
  Time since last request: 0.000040 seconds.
  path: Assets/Items/sandwich detail.png
  artifactKey: Guid(ee9c9ebb5656944a88aeb1de48d80776) Importer(815301076,1909f56bfc062723c751e8b465ee728b)
Start importing Assets/Items/sandwich detail.png using Guid(ee9c9ebb5656944a88aeb1de48d80776) Importer(815301076,1909f56bfc062723c751e8b465ee728b)  -> (artifact id: '9a858e55746248de78595d5dc0ac8b37') in 0.018819 seconds 
========================================================================
Received Import Request.
  Time since last request: 0.000056 seconds.
  path: Assets/Items/double jump thumbnail.png
  artifactKey: Guid(47274c59e46f86e4c9d62e7a760a9ff0) Importer(815301076,1909f56bfc062723c751e8b465ee728b)
Start importing Assets/Items/double jump thumbnail.png using Guid(47274c59e46f86e4c9d62e7a760a9ff0) Importer(815301076,1909f56bfc062723c751e8b465ee728b)  -> (artifact id: '3520acb7ac1ad8a9812838964e5ffb39') in 0.019655 seconds 
========================================================================
Received Import Request.
  Time since last request: 0.000045 seconds.
  path: Assets/Items/kinetic return detail.png
  artifactKey: Guid(8c9adea8f6a0a664299219523a9f286c) Importer(815301076,1909f56bfc062723c751e8b465ee728b)
Start importing Assets/Items/kinetic return detail.png using Guid(8c9adea8f6a0a664299219523a9f286c) Importer(815301076,1909f56bfc062723c751e8b465ee728b)  -> (artifact id: '18bcc6f36feb324dbfb0174707e9cad0') in 0.021198 seconds 
========================================================================
Received Import Request.
  Time since last request: 0.000063 seconds.
  path: Assets/Items/vapor plasma thumbnail.png
  artifactKey: Guid(7c2f7bfd4c8d3014da87b7ccae5e946a) Importer(815301076,1909f56bfc062723c751e8b465ee728b)
Start importing Assets/Items/vapor plasma thumbnail.png using Guid(7c2f7bfd4c8d3014da87b7ccae5e946a) Importer(815301076,1909f56bfc062723c751e8b465ee728b)  -> (artifact id: '326fbbb6e5e04c88596609d1292e0e6c') in 0.019857 seconds 
========================================================================
Received Import Request.
  Time since last request: 0.000025 seconds.
  path: Assets/Items/metropass detail.png
  artifactKey: Guid(2360708a808c12749adf2c791d377642) Importer(815301076,1909f56bfc062723c751e8b465ee728b)
Start importing Assets/Items/metropass detail.png using Guid(2360708a808c12749adf2c791d377642) Importer(815301076,1909f56bfc062723c751e8b465ee728b)  -> (artifact id: 'a20171d2bab9c22070f20d20270df351') in 0.020153 seconds 
========================================================================
Received Import Request.
  Time since last request: 0.000081 seconds.
  path: Assets/Items/tensor blueprint detail.png
  artifactKey: Guid(727da8d8194b4405d8a181cb25bd2b50) Importer(815301076,1909f56bfc062723c751e8b465ee728b)
Start importing Assets/Items/tensor blueprint detail.png using Guid(727da8d8194b4405d8a181cb25bd2b50) Importer(815301076,1909f56bfc062723c751e8b465ee728b)  -> (artifact id: 'acc84524b434fac4933520512b375abb') in 0.018148 seconds 
Editor requested this worker to shutdown with reason: Scaling down because of idle timeout
AssetImportWorker is now disconnected from the server
Process exiting
Exiting without the bug reporter. Application will terminate with return code 0