Using pre-set license
Built from '2021.3/staging' branch; Version is '2021.3.3f1 (af2e63e8f9bd) revision 11480675'; Using compiler version '192829333'; Build Type 'Release'
OS: 'Windows 10  (10.0.19044) 64bit Core' Language: 'en' Physical Memory: 15791 MB
BatchMode: 1, IsHumanControllingUs: 0, StartBugReporterOnCrash: 0, Is64bit: 1, IsPro: 1

COMMAND LINE ARGUMENTS:
C:\Program Files\Unity\Hub\Editor\2021.3.3f1\Editor\Unity.exe
-adb2
-batchMode
-noUpm
-name
AssetImportWorker5
-projectPath
C:/Users/Dylan/Downloads/vapor-trails
-logFile
Logs/AssetImportWorker5.log
-srvPort
65097
Successfully changed project path to: C:/Users/Dylan/Downloads/vapor-trails
C:/Users/Dylan/Downloads/vapor-trails
[UnityMemory] Configuration Parameters - Can be set up in boot.config
    "memorysetup-bucket-allocator-granularity=16"
    "memorysetup-bucket-allocator-bucket-count=8"
    "memorysetup-bucket-allocator-block-size=33554432"
    "memorysetup-bucket-allocator-block-count=8"
    "memorysetup-main-allocator-block-size=16777216"
    "memorysetup-thread-allocator-block-size=16777216"
    "memorysetup-gfx-main-allocator-block-size=16777216"
    "memorysetup-gfx-thread-allocator-block-size=16777216"
    "memorysetup-cache-allocator-block-size=4194304"
    "memorysetup-typetree-allocator-block-size=2097152"
    "memorysetup-profiler-bucket-allocator-granularity=16"
    "memorysetup-profiler-bucket-allocator-bucket-count=8"
    "memorysetup-profiler-bucket-allocator-block-size=33554432"
    "memorysetup-profiler-bucket-allocator-block-count=8"
    "memorysetup-profiler-allocator-block-size=16777216"
    "memorysetup-profiler-editor-allocator-block-size=1048576"
    "memorysetup-temp-allocator-size-main=16777216"
    "memorysetup-job-temp-allocator-block-size=2097152"
    "memorysetup-job-temp-allocator-block-size-background=1048576"
    "memorysetup-job-temp-allocator-reduction-small-platforms=262144"
    "memorysetup-temp-allocator-size-background-worker=32768"
    "memorysetup-temp-allocator-size-job-worker=262144"
    "memorysetup-temp-allocator-size-preload-manager=33554432"
    "memorysetup-temp-allocator-size-nav-mesh-worker=65536"
    "memorysetup-temp-allocator-size-audio-worker=65536"
    "memorysetup-temp-allocator-size-cloud-worker=32768"
    "memorysetup-temp-allocator-size-gi-baking-worker=262144"
    "memorysetup-temp-allocator-size-gfx=262144"
Refreshing native plugins compatible for Editor in 69.81 ms, found 1 plugins.
Preloading 0 native plugins for Editor in 0.00 ms.
Initialize engine version: 2021.3.3f1 (af2e63e8f9bd)
[Subsystems] Discovering subsystems at path C:/Program Files/Unity/Hub/Editor/2021.3.3f1/Editor/Data/Resources/UnitySubsystems
[Subsystems] Discovering subsystems at path C:/Users/Dylan/Downloads/vapor-trails/Assets
GfxDevice: creating device client; threaded=0; jobified=0
Direct3D:
    Version:  Direct3D 11.0 [level 11.1]
    Renderer: NVIDIA GeForce GTX 1650 Ti (ID=0x1f95)
    Vendor:   NVIDIA
    VRAM:     3962 MB
    Driver:   30.0.15.1215
Initialize mono
Mono path[0] = 'C:/Program Files/Unity/Hub/Editor/2021.3.3f1/Editor/Data/Managed'
Mono path[1] = 'C:/Program Files/Unity/Hub/Editor/2021.3.3f1/Editor/Data/MonoBleedingEdge/lib/mono/unityjit-win32'
Mono config path = 'C:/Program Files/Unity/Hub/Editor/2021.3.3f1/Editor/Data/MonoBleedingEdge/etc'
Using monoOptions --debugger-agent=transport=dt_socket,embedding=1,server=y,suspend=n,address=127.0.0.1:56456
Begin MonoManager ReloadAssembly
Registering precompiled unity dll's ...
Register platform support module: C:/Program Files/Unity/Hub/Editor/2021.3.3f1/Editor/Data/PlaybackEngines/WebGLSupport/UnityEditor.WebGL.Extensions.dll
Register platform support module: C:/Program Files/Unity/Hub/Editor/2021.3.3f1/Editor/Data/PlaybackEngines/WindowsStandaloneSupport/UnityEditor.WindowsStandalone.Extensions.dll
Registered in 0.010227 seconds.
Native extension for WindowsStandalone target not found
Native extension for WebGL target not found
Refreshing native plugins compatible for Editor in 63.43 ms, found 1 plugins.
Preloading 0 native plugins for Editor in 0.00 ms.
Mono: successfully reloaded assembly
- Completed reload, in  0.772 seconds
Domain Reload Profiling:
	ReloadAssembly (773ms)
		BeginReloadAssembly (85ms)
			ExecutionOrderSort (0ms)
			DisableScriptedObjects (0ms)
			BackupInstance (0ms)
			ReleaseScriptingObjects (0ms)
			CreateAndSetChildDomain (1ms)
		EndReloadAssembly (554ms)
			LoadAssemblies (83ms)
			RebuildTransferFunctionScriptingTraits (0ms)
			SetupTypeCache (147ms)
			ReleaseScriptCaches (0ms)
			RebuildScriptCaches (35ms)
			SetupLoadedEditorAssemblies (303ms)
				LogAssemblyErrors (0ms)
				InitializePlatformSupportModulesInManaged (13ms)
				SetLoadedEditorAssemblies (0ms)
				RefreshPlugins (64ms)
				BeforeProcessingInitializeOnLoad (1ms)
				ProcessInitializeOnLoadAttributes (173ms)
				ProcessInitializeOnLoadMethodAttributes (51ms)
				AfterProcessingInitializeOnLoad (0ms)
				EditorAssembliesLoaded (0ms)
			ExecutionOrderSort2 (0ms)
			AwakeInstancesAfterBackupRestoration (0ms)
Platform modules already initialized, skipping
Registering precompiled user dll's ...
Registered in 0.010787 seconds.
Begin MonoManager ReloadAssembly
Native extension for WindowsStandalone target not found
Native extension for WebGL target not found
Refreshing native plugins compatible for Editor in 1.59 ms, found 1 plugins.
Preloading 0 native plugins for Editor in 0.00 ms.
Mono: successfully reloaded assembly
- Completed reload, in  1.243 seconds
Domain Reload Profiling:
	ReloadAssembly (1244ms)
		BeginReloadAssembly (143ms)
			ExecutionOrderSort (0ms)
			DisableScriptedObjects (6ms)
			BackupInstance (0ms)
			ReleaseScriptingObjects (0ms)
			CreateAndSetChildDomain (31ms)
		EndReloadAssembly (982ms)
			LoadAssemblies (103ms)
			RebuildTransferFunctionScriptingTraits (0ms)
			SetupTypeCache (216ms)
			ReleaseScriptCaches (1ms)
			RebuildScriptCaches (83ms)
			SetupLoadedEditorAssemblies (549ms)
				LogAssemblyErrors (0ms)
				InitializePlatformSupportModulesInManaged (17ms)
				SetLoadedEditorAssemblies (1ms)
				RefreshPlugins (2ms)
				BeforeProcessingInitializeOnLoad (74ms)
				ProcessInitializeOnLoadAttributes (187ms)
				ProcessInitializeOnLoadMethodAttributes (259ms)
				AfterProcessingInitializeOnLoad (10ms)
				EditorAssembliesLoaded (0ms)
			ExecutionOrderSort2 (0ms)
			AwakeInstancesAfterBackupRestoration (7ms)
Platform modules already initialized, skipping
========================================================================
Worker process is ready to serve import requests
Launched and connected shader compiler UnityShaderCompiler.exe after 0.10 seconds
Refreshing native plugins compatible for Editor in 0.81 ms, found 1 plugins.
Preloading 0 native plugins for Editor in 0.00 ms.
Unloading 2401 Unused Serialized files (Serialized files now loaded: 0)
Unloading 92 unused Assets / (112.0 KB). Loaded Objects now: 2910.
Memory consumption went from 119.5 MB to 119.4 MB.
Total: 4.153900 ms (FindLiveObjects: 0.281600 ms CreateObjectMapping: 0.101300 ms MarkObjects: 3.675400 ms  DeleteObjects: 0.093500 ms)

AssetImportParameters requested are different than current active one (requested -> active):
  custom:video-decoder-ogg-theora: a1e56fd34408186e4bbccfd4996cb3dc -> 
  custom:container-muxer-webm: aa71ff27fc2769a1b78a27578f13a17b -> 
  custom:container-demuxer-webm: 4f35f7cbe854078d1ac9338744f61a02 -> 
  custom:video-encoder-webm-vp8: eb34c28f22e8b96e1ab97ce403110664 -> 
  custom:audio-encoder-webm-vorbis: bf7c407c2cedff20999df2af8eb42d56 -> 
  custom:framework-win-MediaFoundation: 216162199b28c13a410421893ffa2e32 -> 
  custom:container-demuxer-ogg: 62fdf1f143b41e24485cea50d1cbac27 -> 
  custom:video-decoder-webm-vp8: 9c59270c3fd7afecdb556c50c9e8de78 -> 
  custom:audio-decoder-ogg-vorbis: bf7c407c2cedff20999df2af8eb42d56 -> 
========================================================================
Received Import Request.
  Time since last request: 149878.989646 seconds.
  path: Assets/TrashWorld/Trashworld.prefab
  artifactKey: Guid(42b2d933c76f5194a80b13a6e540d2a6) Importer(815301076,1909f56bfc062723c751e8b465ee728b)
Start importing Assets/TrashWorld/Trashworld.prefab using Guid(42b2d933c76f5194a80b13a6e540d2a6) Importer(815301076,1909f56bfc062723c751e8b465ee728b)  -> (artifact id: '8547c899617311e5e61063feff286a2e') in 0.210180 seconds 
========================================================================
Received Prepare
Registering precompiled user dll's ...
Registered in 0.009988 seconds.
Begin MonoManager ReloadAssembly
Native extension for WindowsStandalone target not found
Native extension for WebGL target not found
Refreshing native plugins compatible for Editor in 0.77 ms, found 1 plugins.
Preloading 0 native plugins for Editor in 0.00 ms.
System.Reflection.TargetInvocationException: Exception has been thrown by the target of an invocation. ---> System.NullReferenceException: Object reference not set to an instance of an object
  at XNodeEditor.NodeEditorAssetModProcessor.OnReloadEditor () [0x0004b] in C:\Users\Dylan\Downloads\vapor-trails\Library\PackageCache\com.github.siccity.xnode@1fb94b2413\Scripts\Editor\NodeEditorAssetModProcessor.cs:55 
  at (wrapper managed-to-native) System.Reflection.RuntimeMethodInfo.InternalInvoke(System.Reflection.RuntimeMethodInfo,object,object[],System.Exception&)
  at System.Reflection.RuntimeMethodInfo.Invoke (System.Object obj, System.Reflection.BindingFlags invokeAttr, System.Reflection.Binder binder, System.Object[] parameters, System.Globalization.CultureInfo culture) [0x0006a] in <6073cf49ed704e958b8a66d540dea948>:0 
   --- End of inner exception stack trace ---
  at System.Reflection.RuntimeMethodInfo.Invoke (System.Object obj, System.Reflection.BindingFlags invokeAttr, System.Reflection.Binder binder, System.Object[] parameters, System.Globalization.CultureInfo culture) [0x00083] in <6073cf49ed704e958b8a66d540dea948>:0 
  at System.Reflection.MethodBase.Invoke (System.Object obj, System.Object[] parameters) [0x00000] in <6073cf49ed704e958b8a66d540dea948>:0 
  at UnityEditor.EditorAssemblies.ProcessInitializeOnLoadMethodAttributes () [0x000a5] in <31b86d204baf45de8328f2d1261a79f7>:0 
UnityEngine.StackTraceUtility:ExtractStackTrace ()
UnityEngine.DebugLogHandler:LogFormat (UnityEngine.LogType,UnityEngine.Object,string,object[])
UnityEngine.Logger:Log (UnityEngine.LogType,object)
UnityEngine.Debug:LogError (object)
UnityEditor.EditorAssemblies:ProcessInitializeOnLoadMethodAttributes ()

Mono: successfully reloaded assembly
- Completed reload, in  0.996 seconds
Domain Reload Profiling:
	ReloadAssembly (997ms)
		BeginReloadAssembly (130ms)
			ExecutionOrderSort (0ms)
			DisableScriptedObjects (5ms)
			BackupInstance (0ms)
			ReleaseScriptingObjects (0ms)
			CreateAndSetChildDomain (37ms)
		EndReloadAssembly (766ms)
			LoadAssemblies (87ms)
			RebuildTransferFunctionScriptingTraits (0ms)
			SetupTypeCache (176ms)
			ReleaseScriptCaches (1ms)
			RebuildScriptCaches (42ms)
			SetupLoadedEditorAssemblies (432ms)
				LogAssemblyErrors (0ms)
				InitializePlatformSupportModulesInManaged (13ms)
				SetLoadedEditorAssemblies (0ms)
				RefreshPlugins (1ms)
				BeforeProcessingInitializeOnLoad (59ms)
				ProcessInitializeOnLoadAttributes (151ms)
				ProcessInitializeOnLoadMethodAttributes (197ms)
				AfterProcessingInitializeOnLoad (10ms)
				EditorAssembliesLoaded (0ms)
			ExecutionOrderSort2 (0ms)
			AwakeInstancesAfterBackupRestoration (7ms)
Platform modules already initialized, skipping
Refreshing native plugins compatible for Editor in 3.61 ms, found 1 plugins.
Preloading 0 native plugins for Editor in 0.00 ms.
Unloading 2339 Unused Serialized files (Serialized files now loaded: 0)
Unloading 27 unused Assets / (98.8 KB). Loaded Objects now: 2939.
Memory consumption went from 121.7 MB to 121.6 MB.
Total: 4.616900 ms (FindLiveObjects: 0.511600 ms CreateObjectMapping: 0.098000 ms MarkObjects: 3.927700 ms  DeleteObjects: 0.075300 ms)

AssetImportParameters requested are different than current active one (requested -> active):
  custom:video-decoder-ogg-theora: a1e56fd34408186e4bbccfd4996cb3dc -> 
  custom:container-muxer-webm: aa71ff27fc2769a1b78a27578f13a17b -> 
  custom:container-demuxer-webm: 4f35f7cbe854078d1ac9338744f61a02 -> 
  custom:video-encoder-webm-vp8: eb34c28f22e8b96e1ab97ce403110664 -> 
  custom:audio-encoder-webm-vorbis: bf7c407c2cedff20999df2af8eb42d56 -> 
  custom:framework-win-MediaFoundation: 216162199b28c13a410421893ffa2e32 -> 
  custom:container-demuxer-ogg: 62fdf1f143b41e24485cea50d1cbac27 -> 
  custom:video-decoder-webm-vp8: 9c59270c3fd7afecdb556c50c9e8de78 -> 
  custom:audio-decoder-ogg-vorbis: bf7c407c2cedff20999df2af8eb42d56 -> 
========================================================================
Received Import Request.
  Time since last request: 178.089465 seconds.
  path: Assets/Main Menu/bg.png
  artifactKey: Guid(1fbb87eeb7fbf044199356faa9dc55c0) Importer(815301076,1909f56bfc062723c751e8b465ee728b)
Start importing Assets/Main Menu/bg.png using Guid(1fbb87eeb7fbf044199356faa9dc55c0) Importer(815301076,1909f56bfc062723c751e8b465ee728b)  -> (artifact id: 'b32e130bb951859b7429e5f168b0d459') in 0.121777 seconds 
========================================================================
Received Import Request.
  Time since last request: 0.000031 seconds.
  path: Assets/Main Menu/sword.png
  artifactKey: Guid(8a1c5ebeada66bf43a702ca64c9a1e25) Importer(815301076,1909f56bfc062723c751e8b465ee728b)
Start importing Assets/Main Menu/sword.png using Guid(8a1c5ebeada66bf43a702ca64c9a1e25) Importer(815301076,1909f56bfc062723c751e8b465ee728b)  -> (artifact id: '94f076e7034cd2e56e0e5fe44ab5d8bc') in 0.019222 seconds 
========================================================================
Received Import Request.
  Time since last request: 0.000064 seconds.
  path: Assets/Main Menu/bridge.png
  artifactKey: Guid(2383d6cc89d7d324e99e101341835960) Importer(815301076,1909f56bfc062723c751e8b465ee728b)
Start importing Assets/Main Menu/bridge.png using Guid(2383d6cc89d7d324e99e101341835960) Importer(815301076,1909f56bfc062723c751e8b465ee728b)  -> (artifact id: 'ff4cd656e08b9afad7fc182aa262dad0') in 0.040581 seconds 
========================================================================
Received Import Request.
  Time since last request: 0.000032 seconds.
  path: Assets/Main Menu/wings.png
  artifactKey: Guid(843cf9542ff5ba541bfa865500ab373b) Importer(815301076,1909f56bfc062723c751e8b465ee728b)
Start importing Assets/Main Menu/wings.png using Guid(843cf9542ff5ba541bfa865500ab373b) Importer(815301076,1909f56bfc062723c751e8b465ee728b)  -> (artifact id: '4c7609d6c017266f00f6054ddea5ad52') in 0.023259 seconds 
========================================================================
Received Import Request.
  Time since last request: 0.000052 seconds.
  path: Assets/Main Menu/titlescreen.png
  artifactKey: Guid(30d9ad3f0fe13d64a9a2a035a2e40129) Importer(815301076,1909f56bfc062723c751e8b465ee728b)
Start importing Assets/Main Menu/titlescreen.png using Guid(30d9ad3f0fe13d64a9a2a035a2e40129) Importer(815301076,1909f56bfc062723c751e8b465ee728b)  -> (artifact id: 'dbe52c09bc1bc43c3b4a6885cfa243b6') in 0.036176 seconds 
========================================================================
Received Import Request.
  Time since last request: 0.000037 seconds.
  path: Assets/Main Menu/vapor city.png
  artifactKey: Guid(8e5fc2a59b767254799465940706174a) Importer(815301076,1909f56bfc062723c751e8b465ee728b)
Start importing Assets/Main Menu/vapor city.png using Guid(8e5fc2a59b767254799465940706174a) Importer(815301076,1909f56bfc062723c751e8b465ee728b)  -> (artifact id: 'd5e9c01f427591e0fbb79d8c66caa696') in 0.024213 seconds 
========================================================================
Received Import Request.
  Time since last request: 20.147168 seconds.
  path: Assets/Player/dash-spritesheet.png
  artifactKey: Guid(7eeab0e8586159c4d83c965108049585) Importer(815301076,1909f56bfc062723c751e8b465ee728b)
Start importing Assets/Player/dash-spritesheet.png using Guid(7eeab0e8586159c4d83c965108049585) Importer(815301076,1909f56bfc062723c751e8b465ee728b)  -> (artifact id: 'd3269e94b09d470bc8f1abf89269aede') in 0.048193 seconds 
========================================================================
Received Import Request.
  Time since last request: 0.000094 seconds.
  path: Assets/Player/dashrecovery.png
  artifactKey: Guid(e2a67bd81c9948f4f89bac05cb5d6a00) Importer(815301076,1909f56bfc062723c751e8b465ee728b)
Start importing Assets/Player/dashrecovery.png using Guid(e2a67bd81c9948f4f89bac05cb5d6a00) Importer(815301076,1909f56bfc062723c751e8b465ee728b)  -> (artifact id: '0ca47df22e00e553f7e15dbff27d19a2') in 0.061365 seconds 
========================================================================
Received Import Request.
  Time since last request: 0.000051 seconds.
  path: Assets/Player/fair-spritesheet.png
  artifactKey: Guid(a3db152c38b17b94db1fc87528321191) Importer(815301076,1909f56bfc062723c751e8b465ee728b)
Start importing Assets/Player/fair-spritesheet.png using Guid(a3db152c38b17b94db1fc87528321191) Importer(815301076,1909f56bfc062723c751e8b465ee728b)  -> (artifact id: 'a20f76e2c6acaee6255c992ccde6e3c7') in 0.049680 seconds 
========================================================================
Received Import Request.
  Time since last request: 0.000098 seconds.
  path: Assets/Player/player_wings_skeleton.png
  artifactKey: Guid(c8f19c570b584b14aac10cc7f6b6906e) Importer(815301076,1909f56bfc062723c751e8b465ee728b)
Start importing Assets/Player/player_wings_skeleton.png using Guid(c8f19c570b584b14aac10cc7f6b6906e) Importer(815301076,1909f56bfc062723c751e8b465ee728b)  -> (artifact id: 'b3e81bf36abc9596e5d1eadeff0b5fc2') in 0.064518 seconds 
========================================================================
Received Import Request.
  Time since last request: 0.000028 seconds.
  path: Assets/Player/meteorShockwaveStripes.png
  artifactKey: Guid(2baf1e8bb44a9444e8574af367cb433e) Importer(815301076,1909f56bfc062723c751e8b465ee728b)
Start importing Assets/Player/meteorShockwaveStripes.png using Guid(2baf1e8bb44a9444e8574af367cb433e) Importer(815301076,1909f56bfc062723c751e8b465ee728b)  -> (artifact id: 'cae017fd5befb612bc6f85c17d605e2c') in 0.030556 seconds 
========================================================================
Received Import Request.
  Time since last request: 0.000044 seconds.
  path: Assets/Player/parry_arms.png
  artifactKey: Guid(634d63bb1e24648ae83b466f992040a1) Importer(815301076,1909f56bfc062723c751e8b465ee728b)
Start importing Assets/Player/parry_arms.png using Guid(634d63bb1e24648ae83b466f992040a1) Importer(815301076,1909f56bfc062723c751e8b465ee728b)  -> (artifact id: '04a600d5b3d9a9ef8705d8617bfb83e6') in 0.031095 seconds 
========================================================================
Received Import Request.
  Time since last request: 0.000042 seconds.
  path: Assets/Player/parry-spritesheet.png
  artifactKey: Guid(7366e18c6f33a30458d255954f99ccda) Importer(815301076,1909f56bfc062723c751e8b465ee728b)
Start importing Assets/Player/parry-spritesheet.png using Guid(7366e18c6f33a30458d255954f99ccda) Importer(815301076,1909f56bfc062723c751e8b465ee728b)  -> (artifact id: 'ec9da093ba647052edd5fb23a849bb4a') in 0.049161 seconds 
========================================================================
Received Import Request.
  Time since last request: 0.000037 seconds.
  path: Assets/Player/glowingHands2.png
  artifactKey: Guid(a629b35c64e8e844f9991b01bdf99b3e) Importer(815301076,1909f56bfc062723c751e8b465ee728b)
Start importing Assets/Player/glowingHands2.png using Guid(a629b35c64e8e844f9991b01bdf99b3e) Importer(815301076,1909f56bfc062723c751e8b465ee728b)  -> (artifact id: 'fe1b86ebbf8f161e77d550350d7a4a81') in 0.014771 seconds 
========================================================================
Received Import Request.
  Time since last request: 0.000039 seconds.
  path: Assets/Player/meteorShockwave.png
  artifactKey: Guid(fade9e57d5e6a00429acd90541bd8c56) Importer(815301076,1909f56bfc062723c751e8b465ee728b)
Start importing Assets/Player/meteorShockwave.png using Guid(fade9e57d5e6a00429acd90541bd8c56) Importer(815301076,1909f56bfc062723c751e8b465ee728b)  -> (artifact id: 'd2af7c984c298b56edebe6ddad9ed511') in 0.018907 seconds 
========================================================================
Received Import Request.
  Time since last request: 0.000036 seconds.
  path: Assets/Player/glowinghands1.png
  artifactKey: Guid(1f2d6f1aa8c0b554da0e6099d90a967a) Importer(815301076,1909f56bfc062723c751e8b465ee728b)
Start importing Assets/Player/glowinghands1.png using Guid(1f2d6f1aa8c0b554da0e6099d90a967a) Importer(815301076,1909f56bfc062723c751e8b465ee728b)  -> (artifact id: 'c2261adf47cffdb6ff19721d0ce120e9') in 0.017416 seconds 
========================================================================
Received Import Request.
  Time since last request: 0.000069 seconds.
  path: Assets/Player/dash2jet.png
  artifactKey: Guid(f433665ed3a372740987e014dfc1202e) Importer(815301076,1909f56bfc062723c751e8b465ee728b)
Start importing Assets/Player/dash2jet.png using Guid(f433665ed3a372740987e014dfc1202e) Importer(815301076,1909f56bfc062723c751e8b465ee728b)  -> (artifact id: '6a32c2a7cb7c907731fc7d20d92740bb') in 0.029301 seconds 
========================================================================
Received Import Request.
  Time since last request: 0.000057 seconds.
  path: Assets/Player/hardland-spritesheet.png
  artifactKey: Guid(bd249f6644e193040bd3887d69d16309) Importer(815301076,1909f56bfc062723c751e8b465ee728b)
Start importing Assets/Player/hardland-spritesheet.png using Guid(bd249f6644e193040bd3887d69d16309) Importer(815301076,1909f56bfc062723c751e8b465ee728b)  -> (artifact id: '7499ad9b945fee171af38388beeba2aa') in 0.027602 seconds 
========================================================================
Received Import Request.
  Time since last request: 3.488777 seconds.
  path: Assets/Player/respawn-spritesheet.png
  artifactKey: Guid(5ba5c8a3c1af9c2409430553a10ad47e) Importer(815301076,1909f56bfc062723c751e8b465ee728b)
Start importing Assets/Player/respawn-spritesheet.png using Guid(5ba5c8a3c1af9c2409430553a10ad47e) Importer(815301076,1909f56bfc062723c751e8b465ee728b)  -> (artifact id: 'f08adc86450afa6a57033a179297395e') in 0.085670 seconds 
========================================================================
Received Import Request.
  Time since last request: 19.709408 seconds.
  path: Assets/Loading Screens/Sprites and Animations/bridge.png
  artifactKey: Guid(93440a84a2f13c64c98adf83f7597171) Importer(815301076,1909f56bfc062723c751e8b465ee728b)
Start importing Assets/Loading Screens/Sprites and Animations/bridge.png using Guid(93440a84a2f13c64c98adf83f7597171) Importer(815301076,1909f56bfc062723c751e8b465ee728b)  -> (artifact id: '6e1c9ed0bebd635a72b96bcd139ff553') in 0.047508 seconds 
========================================================================
Received Import Request.
  Time since last request: 0.000045 seconds.
  path: Assets/Loading Screens/Sprites and Animations/ocean_bg.png
  artifactKey: Guid(4d11c4ebe6b500d4a9ed8272e724a8b0) Importer(815301076,1909f56bfc062723c751e8b465ee728b)
Start importing Assets/Loading Screens/Sprites and Animations/ocean_bg.png using Guid(4d11c4ebe6b500d4a9ed8272e724a8b0) Importer(815301076,1909f56bfc062723c751e8b465ee728b)  -> (artifact id: 'f808e0751a565c16fd062c6c689b74d8') in 0.021863 seconds 
========================================================================
Received Import Request.
  Time since last request: 0.000037 seconds.
  path: Assets/Loading Screens/Sprites and Animations/ocean no sun.png
  artifactKey: Guid(127a0499482db80458142a72556eb8f4) Importer(815301076,1909f56bfc062723c751e8b465ee728b)
Start importing Assets/Loading Screens/Sprites and Animations/ocean no sun.png using Guid(127a0499482db80458142a72556eb8f4) Importer(815301076,1909f56bfc062723c751e8b465ee728b)  -> (artifact id: 'acdecff3c040b794fecbc3dda4990fc9') in 0.027420 seconds 
========================================================================
Received Prepare
Registering precompiled user dll's ...
Registered in 0.009070 seconds.
Begin MonoManager ReloadAssembly
Native extension for WindowsStandalone target not found
Native extension for WebGL target not found
Refreshing native plugins compatible for Editor in 0.80 ms, found 1 plugins.
Preloading 0 native plugins for Editor in 0.00 ms.
System.Reflection.TargetInvocationException: Exception has been thrown by the target of an invocation. ---> System.NullReferenceException: Object reference not set to an instance of an object
  at XNodeEditor.NodeEditorAssetModProcessor.OnReloadEditor () [0x0004b] in C:\Users\Dylan\Downloads\vapor-trails\Library\PackageCache\com.github.siccity.xnode@1fb94b2413\Scripts\Editor\NodeEditorAssetModProcessor.cs:55 
  at (wrapper managed-to-native) System.Reflection.RuntimeMethodInfo.InternalInvoke(System.Reflection.RuntimeMethodInfo,object,object[],System.Exception&)
  at System.Reflection.RuntimeMethodInfo.Invoke (System.Object obj, System.Reflection.BindingFlags invokeAttr, System.Reflection.Binder binder, System.Object[] parameters, System.Globalization.CultureInfo culture) [0x0006a] in <6073cf49ed704e958b8a66d540dea948>:0 
   --- End of inner exception stack trace ---
  at System.Reflection.RuntimeMethodInfo.Invoke (System.Object obj, System.Reflection.BindingFlags invokeAttr, System.Reflection.Binder binder, System.Object[] parameters, System.Globalization.CultureInfo culture) [0x00083] in <6073cf49ed704e958b8a66d540dea948>:0 
  at System.Reflection.MethodBase.Invoke (System.Object obj, System.Object[] parameters) [0x00000] in <6073cf49ed704e958b8a66d540dea948>:0 
  at UnityEditor.EditorAssemblies.ProcessInitializeOnLoadMethodAttributes () [0x000a5] in <31b86d204baf45de8328f2d1261a79f7>:0 
UnityEngine.StackTraceUtility:ExtractStackTrace ()
UnityEngine.DebugLogHandler:LogFormat (UnityEngine.LogType,UnityEngine.Object,string,object[])
UnityEngine.Logger:Log (UnityEngine.LogType,object)
UnityEngine.Debug:LogError (object)
UnityEditor.EditorAssemblies:ProcessInitializeOnLoadMethodAttributes ()

Mono: successfully reloaded assembly
- Completed reload, in  1.099 seconds
Domain Reload Profiling:
	ReloadAssembly (1100ms)
		BeginReloadAssembly (146ms)
			ExecutionOrderSort (0ms)
			DisableScriptedObjects (5ms)
			BackupInstance (0ms)
			ReleaseScriptingObjects (0ms)
			CreateAndSetChildDomain (40ms)
		EndReloadAssembly (847ms)
			LoadAssemblies (100ms)
			RebuildTransferFunctionScriptingTraits (0ms)
			SetupTypeCache (192ms)
			ReleaseScriptCaches (1ms)
			RebuildScriptCaches (47ms)
			SetupLoadedEditorAssemblies (478ms)
				LogAssemblyErrors (0ms)
				InitializePlatformSupportModulesInManaged (17ms)
				SetLoadedEditorAssemblies (0ms)
				RefreshPlugins (1ms)
				BeforeProcessingInitializeOnLoad (62ms)
				ProcessInitializeOnLoadAttributes (160ms)
				ProcessInitializeOnLoadMethodAttributes (227ms)
				AfterProcessingInitializeOnLoad (10ms)
				EditorAssembliesLoaded (0ms)
			ExecutionOrderSort2 (0ms)
			AwakeInstancesAfterBackupRestoration (7ms)
Platform modules already initialized, skipping
Refreshing native plugins compatible for Editor in 2.17 ms, found 1 plugins.
Preloading 0 native plugins for Editor in 0.00 ms.
Unloading 2339 Unused Serialized files (Serialized files now loaded: 0)
Unloading 26 unused Assets / (98.8 KB). Loaded Objects now: 3001.
Memory consumption went from 121.7 MB to 121.6 MB.
Total: 3.414700 ms (FindLiveObjects: 0.321100 ms CreateObjectMapping: 0.110900 ms MarkObjects: 2.932900 ms  DeleteObjects: 0.047800 ms)

AssetImportParameters requested are different than current active one (requested -> active):
  custom:video-decoder-ogg-theora: a1e56fd34408186e4bbccfd4996cb3dc -> 
  custom:container-muxer-webm: aa71ff27fc2769a1b78a27578f13a17b -> 
  custom:container-demuxer-webm: 4f35f7cbe854078d1ac9338744f61a02 -> 
  custom:video-encoder-webm-vp8: eb34c28f22e8b96e1ab97ce403110664 -> 
  custom:audio-encoder-webm-vorbis: bf7c407c2cedff20999df2af8eb42d56 -> 
  custom:framework-win-MediaFoundation: 216162199b28c13a410421893ffa2e32 -> 
  custom:container-demuxer-ogg: 62fdf1f143b41e24485cea50d1cbac27 -> 
  custom:video-decoder-webm-vp8: 9c59270c3fd7afecdb556c50c9e8de78 -> 
  custom:audio-decoder-ogg-vorbis: bf7c407c2cedff20999df2af8eb42d56 -> 
========================================================================
Received Import Request.
  Time since last request: 54.895527 seconds.
  path: Assets/Music/labopener.mp3
  artifactKey: Guid(8bf207e20c4afa0449426f7a0c06d8d2) Importer(815301076,1909f56bfc062723c751e8b465ee728b)
Start importing Assets/Music/labopener.mp3 using Guid(8bf207e20c4afa0449426f7a0c06d8d2) Importer(815301076,1909f56bfc062723c751e8b465ee728b)  -> (artifact id: '1bd37bc477bbf0024b43cbdd3751d722') in 0.219893 seconds 
========================================================================
Received Import Request.
  Time since last request: 0.000043 seconds.
  path: Assets/Music/weather-station.mp3
  artifactKey: Guid(7a21be88880e1fd4aa60b32414052d5c) Importer(815301076,1909f56bfc062723c751e8b465ee728b)
Start importing Assets/Music/weather-station.mp3 using Guid(7a21be88880e1fd4aa60b32414052d5c) Importer(815301076,1909f56bfc062723c751e8b465ee728b)  -> (artifact id: 'b6b9b806fd0840cf1bac48df659a3df6') in 0.017705 seconds 
========================================================================
Received Import Request.
  Time since last request: 13.266181 seconds.
  path: Assets/Generic Tilemaps/bottomSawUI.png
  artifactKey: Guid(95be2a5099721254c8c97448c40e1367) Importer(815301076,1909f56bfc062723c751e8b465ee728b)
Start importing Assets/Generic Tilemaps/bottomSawUI.png using Guid(95be2a5099721254c8c97448c40e1367) Importer(815301076,1909f56bfc062723c751e8b465ee728b)  -> (artifact id: 'da932bbec0efa0093a9b938d3f073fdd') in 0.036216 seconds 
========================================================================
Received Import Request.
  Time since last request: 0.000078 seconds.
  path: Assets/Generic Tilemaps/Generic Prefab Brush.asset
  artifactKey: Guid(a35df5570da024945b9c701fad46363a) Importer(815301076,1909f56bfc062723c751e8b465ee728b)
Start importing Assets/Generic Tilemaps/Generic Prefab Brush.asset using Guid(a35df5570da024945b9c701fad46363a) Importer(815301076,1909f56bfc062723c751e8b465ee728b)  -> (artifact id: '26a400a5bdb3ac6cb17e2d130e31a007') in 0.019481 seconds 
========================================================================
Received Import Request.
  Time since last request: 0.000045 seconds.
  path: Assets/Generic Tilemaps/trussTL.png
  artifactKey: Guid(c05f8bf88077e2c449465b640ba9821a) Importer(815301076,1909f56bfc062723c751e8b465ee728b)
Start importing Assets/Generic Tilemaps/trussTL.png using Guid(c05f8bf88077e2c449465b640ba9821a) Importer(815301076,1909f56bfc062723c751e8b465ee728b)  -> (artifact id: 'b2b34db787ed651b4e8149565154f237') in 0.016227 seconds 
========================================================================
Received Import Request.
  Time since last request: 0.000066 seconds.
  path: Assets/Generic Tilemaps/ShardBrush.asset
  artifactKey: Guid(efa77963dbe437e4ca65f3b6166d7cc6) Importer(815301076,1909f56bfc062723c751e8b465ee728b)
Start importing Assets/Generic Tilemaps/ShardBrush.asset using Guid(efa77963dbe437e4ca65f3b6166d7cc6) Importer(815301076,1909f56bfc062723c751e8b465ee728b)  -> (artifact id: 'cafe5a7588edecb84f2f13d015bf7037') in 0.014273 seconds 
========================================================================
Received Import Request.
  Time since last request: 0.000051 seconds.
  path: Assets/Generic Tilemaps/TopLampPlatform.prefab
  artifactKey: Guid(ae397aedd421f6c43ac91bd7eb1d44f4) Importer(815301076,1909f56bfc062723c751e8b465ee728b)
Start importing Assets/Generic Tilemaps/TopLampPlatform.prefab using Guid(ae397aedd421f6c43ac91bd7eb1d44f4) Importer(815301076,1909f56bfc062723c751e8b465ee728b)  -> (artifact id: '7d940c309a1eac7724b680079c1c49a9') in 0.012569 seconds 
========================================================================
Received Import Request.
  Time since last request: 0.000037 seconds.
  path: Assets/Generic Tilemaps/Support Beam Diagonal Tile.asset
  artifactKey: Guid(659287644217c6049b90ddbcca855bdd) Importer(815301076,1909f56bfc062723c751e8b465ee728b)
Start importing Assets/Generic Tilemaps/Support Beam Diagonal Tile.asset using Guid(659287644217c6049b90ddbcca855bdd) Importer(815301076,1909f56bfc062723c751e8b465ee728b)  -> (artifact id: '242ffd3c87c2719ae351288ece02b5e9') in 0.026840 seconds 
========================================================================
Received Import Request.
  Time since last request: 0.000033 seconds.
  path: Assets/Generic Tilemaps/glass.asset
  artifactKey: Guid(88504f9c31f87f94fb0b5bba2f907060) Importer(815301076,1909f56bfc062723c751e8b465ee728b)
Start importing Assets/Generic Tilemaps/glass.asset using Guid(88504f9c31f87f94fb0b5bba2f907060) Importer(815301076,1909f56bfc062723c751e8b465ee728b)  -> (artifact id: '989b6b7e7f2c8e868f495e11dbf5e4eb') in 0.011199 seconds 
========================================================================
Received Import Request.
  Time since last request: 2.466238 seconds.
  path: Assets/Generic Sprites and Animations/compute shrine.png
  artifactKey: Guid(bc022f184a897534f9e3c540dd98124d) Importer(815301076,1909f56bfc062723c751e8b465ee728b)
Start importing Assets/Generic Sprites and Animations/compute shrine.png using Guid(bc022f184a897534f9e3c540dd98124d) Importer(815301076,1909f56bfc062723c751e8b465ee728b)  -> (artifact id: '533e7be73a745ca1446940d01b8b65a3') in 0.020893 seconds 
========================================================================
Received Import Request.
  Time since last request: 0.000061 seconds.
  path: Assets/Generic Sprites and Animations/rock chunks.png
  artifactKey: Guid(99fd60274f83fdc4286fd6eecc4acdcf) Importer(815301076,1909f56bfc062723c751e8b465ee728b)
Start importing Assets/Generic Sprites and Animations/rock chunks.png using Guid(99fd60274f83fdc4286fd6eecc4acdcf) Importer(815301076,1909f56bfc062723c751e8b465ee728b)  -> (artifact id: '571ba040454f18f3d9b78376c82ad371') in 0.048501 seconds 
========================================================================
Received Import Request.
  Time since last request: 6.589919 seconds.
  path: Assets/NPCs/Prefabs/Flight Crew Rig.prefab
  artifactKey: Guid(03223ee014e4ebf4d93b85e7d8e7b4d4) Importer(815301076,1909f56bfc062723c751e8b465ee728b)
Start importing Assets/NPCs/Prefabs/Flight Crew Rig.prefab using Guid(03223ee014e4ebf4d93b85e7d8e7b4d4) Importer(815301076,1909f56bfc062723c751e8b465ee728b)  -> (artifact id: 'ea08ac1f4444ad07492ce85a56212dea') in 0.070178 seconds 
========================================================================
Received Import Request.
  Time since last request: 0.000020 seconds.
  path: Assets/NPCs/Prefabs/Lauren Rig.prefab
  artifactKey: Guid(40965ed75f7bf88429ebe0947a16ce29) Importer(815301076,1909f56bfc062723c751e8b465ee728b)
Start importing Assets/NPCs/Prefabs/Lauren Rig.prefab using Guid(40965ed75f7bf88429ebe0947a16ce29) Importer(815301076,1909f56bfc062723c751e8b465ee728b)  -> (artifact id: '6d795c44f506421852490c8f7dd5ddb4') in 0.045188 seconds 
========================================================================
Received Import Request.
  Time since last request: 0.000044 seconds.
  path: Assets/NPCs/Prefabs/Scientist Rig.prefab
  artifactKey: Guid(9d02e4af77c4b47288a79c6948162f18) Importer(815301076,1909f56bfc062723c751e8b465ee728b)
Start importing Assets/NPCs/Prefabs/Scientist Rig.prefab using Guid(9d02e4af77c4b47288a79c6948162f18) Importer(815301076,1909f56bfc062723c751e8b465ee728b)  -> (artifact id: 'd2af7c70432fe9ff2c19977505be917e') in 0.039932 seconds 
========================================================================
Received Import Request.
  Time since last request: 0.000077 seconds.
  path: Assets/NPCs/Prefabs/Richter2.prefab
  artifactKey: Guid(66efe3cdbd0a7b94d8a6eb3c450bfd14) Importer(815301076,1909f56bfc062723c751e8b465ee728b)
Start importing Assets/NPCs/Prefabs/Richter2.prefab using Guid(66efe3cdbd0a7b94d8a6eb3c450bfd14) Importer(815301076,1909f56bfc062723c751e8b465ee728b)  -> (artifact id: '6cb1fa142fdfb621d4e10db5248fc3a2') in 0.200834 seconds 
Editor requested this worker to shutdown with reason: Scaling down because of idle timeout
AssetImportWorker is now disconnected from the server
Process exiting
Exiting without the bug reporter. Application will terminate with return code 0