Using pre-set license
Built from '2021.3/staging' branch; Version is '2021.3.3f1 (af2e63e8f9bd) revision 11480675'; Using compiler version '192829333'; Build Type 'Release'
OS: 'Windows 10  (10.0.19044) 64bit Core' Language: 'en' Physical Memory: 15791 MB
BatchMode: 1, IsHumanControllingUs: 0, StartBugReporterOnCrash: 0, Is64bit: 1, IsPro: 1

COMMAND LINE ARGUMENTS:
C:\Program Files\Unity\Hub\Editor\2021.3.3f1\Editor\Unity.exe
-adb2
-batchMode
-noUpm
-name
AssetImportWorker6
-projectPath
C:/Users/Dylan/Downloads/vapor-trails
-logFile
Logs/AssetImportWorker6.log
-srvPort
65097
Successfully changed project path to: C:/Users/Dylan/Downloads/vapor-trails
C:/Users/Dylan/Downloads/vapor-trails
[UnityMemory] Configuration Parameters - Can be set up in boot.config
    "memorysetup-bucket-allocator-granularity=16"
    "memorysetup-bucket-allocator-bucket-count=8"
    "memorysetup-bucket-allocator-block-size=33554432"
    "memorysetup-bucket-allocator-block-count=8"
    "memorysetup-main-allocator-block-size=16777216"
    "memorysetup-thread-allocator-block-size=16777216"
    "memorysetup-gfx-main-allocator-block-size=16777216"
    "memorysetup-gfx-thread-allocator-block-size=16777216"
    "memorysetup-cache-allocator-block-size=4194304"
    "memorysetup-typetree-allocator-block-size=2097152"
    "memorysetup-profiler-bucket-allocator-granularity=16"
    "memorysetup-profiler-bucket-allocator-bucket-count=8"
    "memorysetup-profiler-bucket-allocator-block-size=33554432"
    "memorysetup-profiler-bucket-allocator-block-count=8"
    "memorysetup-profiler-allocator-block-size=16777216"
    "memorysetup-profiler-editor-allocator-block-size=1048576"
    "memorysetup-temp-allocator-size-main=16777216"
    "memorysetup-job-temp-allocator-block-size=2097152"
    "memorysetup-job-temp-allocator-block-size-background=1048576"
    "memorysetup-job-temp-allocator-reduction-small-platforms=262144"
    "memorysetup-temp-allocator-size-background-worker=32768"
    "memorysetup-temp-allocator-size-job-worker=262144"
    "memorysetup-temp-allocator-size-preload-manager=33554432"
    "memorysetup-temp-allocator-size-nav-mesh-worker=65536"
    "memorysetup-temp-allocator-size-audio-worker=65536"
    "memorysetup-temp-allocator-size-cloud-worker=32768"
    "memorysetup-temp-allocator-size-gi-baking-worker=262144"
    "memorysetup-temp-allocator-size-gfx=262144"
Refreshing native plugins compatible for Editor in 80.88 ms, found 1 plugins.
Preloading 0 native plugins for Editor in 0.00 ms.
Initialize engine version: 2021.3.3f1 (af2e63e8f9bd)
[Subsystems] Discovering subsystems at path C:/Program Files/Unity/Hub/Editor/2021.3.3f1/Editor/Data/Resources/UnitySubsystems
[Subsystems] Discovering subsystems at path C:/Users/Dylan/Downloads/vapor-trails/Assets
GfxDevice: creating device client; threaded=0; jobified=0
Direct3D:
    Version:  Direct3D 11.0 [level 11.1]
    Renderer: NVIDIA GeForce GTX 1650 Ti (ID=0x1f95)
    Vendor:   NVIDIA
    VRAM:     3962 MB
    Driver:   30.0.15.1215
Initialize mono
Mono path[0] = 'C:/Program Files/Unity/Hub/Editor/2021.3.3f1/Editor/Data/Managed'
Mono path[1] = 'C:/Program Files/Unity/Hub/Editor/2021.3.3f1/Editor/Data/MonoBleedingEdge/lib/mono/unityjit-win32'
Mono config path = 'C:/Program Files/Unity/Hub/Editor/2021.3.3f1/Editor/Data/MonoBleedingEdge/etc'
Using monoOptions --debugger-agent=transport=dt_socket,embedding=1,server=y,suspend=n,address=127.0.0.1:56008
Begin MonoManager ReloadAssembly
Registering precompiled unity dll's ...
Register platform support module: C:/Program Files/Unity/Hub/Editor/2021.3.3f1/Editor/Data/PlaybackEngines/WebGLSupport/UnityEditor.WebGL.Extensions.dll
Register platform support module: C:/Program Files/Unity/Hub/Editor/2021.3.3f1/Editor/Data/PlaybackEngines/WindowsStandaloneSupport/UnityEditor.WindowsStandalone.Extensions.dll
Registered in 0.009099 seconds.
Native extension for WindowsStandalone target not found
Native extension for WebGL target not found
Refreshing native plugins compatible for Editor in 53.28 ms, found 1 plugins.
Preloading 0 native plugins for Editor in 0.00 ms.
Mono: successfully reloaded assembly
- Completed reload, in  0.612 seconds
Domain Reload Profiling:
	ReloadAssembly (612ms)
		BeginReloadAssembly (78ms)
			ExecutionOrderSort (0ms)
			DisableScriptedObjects (0ms)
			BackupInstance (0ms)
			ReleaseScriptingObjects (0ms)
			CreateAndSetChildDomain (1ms)
		EndReloadAssembly (416ms)
			LoadAssemblies (76ms)
			RebuildTransferFunctionScriptingTraits (0ms)
			SetupTypeCache (112ms)
			ReleaseScriptCaches (0ms)
			RebuildScriptCaches (26ms)
			SetupLoadedEditorAssemblies (227ms)
				LogAssemblyErrors (0ms)
				InitializePlatformSupportModulesInManaged (9ms)
				SetLoadedEditorAssemblies (0ms)
				RefreshPlugins (53ms)
				BeforeProcessingInitializeOnLoad (1ms)
				ProcessInitializeOnLoadAttributes (122ms)
				ProcessInitializeOnLoadMethodAttributes (41ms)
				AfterProcessingInitializeOnLoad (0ms)
				EditorAssembliesLoaded (0ms)
			ExecutionOrderSort2 (0ms)
			AwakeInstancesAfterBackupRestoration (0ms)
Platform modules already initialized, skipping
Registering precompiled user dll's ...
Registered in 0.009657 seconds.
Begin MonoManager ReloadAssembly
Native extension for WindowsStandalone target not found
Native extension for WebGL target not found
Refreshing native plugins compatible for Editor in 0.73 ms, found 1 plugins.
Preloading 0 native plugins for Editor in 0.00 ms.
Mono: successfully reloaded assembly
- Completed reload, in  1.069 seconds
Domain Reload Profiling:
	ReloadAssembly (1070ms)
		BeginReloadAssembly (117ms)
			ExecutionOrderSort (0ms)
			DisableScriptedObjects (5ms)
			BackupInstance (0ms)
			ReleaseScriptingObjects (0ms)
			CreateAndSetChildDomain (21ms)
		EndReloadAssembly (839ms)
			LoadAssemblies (90ms)
			RebuildTransferFunctionScriptingTraits (0ms)
			SetupTypeCache (188ms)
			ReleaseScriptCaches (1ms)
			RebuildScriptCaches (68ms)
			SetupLoadedEditorAssemblies (462ms)
				LogAssemblyErrors (0ms)
				InitializePlatformSupportModulesInManaged (13ms)
				SetLoadedEditorAssemblies (0ms)
				RefreshPlugins (1ms)
				BeforeProcessingInitializeOnLoad (67ms)
				ProcessInitializeOnLoadAttributes (140ms)
				ProcessInitializeOnLoadMethodAttributes (232ms)
				AfterProcessingInitializeOnLoad (8ms)
				EditorAssembliesLoaded (0ms)
			ExecutionOrderSort2 (0ms)
			AwakeInstancesAfterBackupRestoration (6ms)
Platform modules already initialized, skipping
========================================================================
Worker process is ready to serve import requests
Launched and connected shader compiler UnityShaderCompiler.exe after 0.06 seconds
Refreshing native plugins compatible for Editor in 0.79 ms, found 1 plugins.
Preloading 0 native plugins for Editor in 0.00 ms.
Unloading 2401 Unused Serialized files (Serialized files now loaded: 0)
Unloading 92 unused Assets / (112.0 KB). Loaded Objects now: 2910.
Memory consumption went from 119.5 MB to 119.4 MB.
Total: 3.631300 ms (FindLiveObjects: 0.464700 ms CreateObjectMapping: 0.081200 ms MarkObjects: 2.944600 ms  DeleteObjects: 0.138600 ms)

AssetImportParameters requested are different than current active one (requested -> active):
  custom:video-decoder-ogg-theora: a1e56fd34408186e4bbccfd4996cb3dc -> 
  custom:container-muxer-webm: aa71ff27fc2769a1b78a27578f13a17b -> 
  custom:container-demuxer-webm: 4f35f7cbe854078d1ac9338744f61a02 -> 
  custom:video-encoder-webm-vp8: eb34c28f22e8b96e1ab97ce403110664 -> 
  custom:audio-encoder-webm-vorbis: bf7c407c2cedff20999df2af8eb42d56 -> 
  custom:framework-win-MediaFoundation: 216162199b28c13a410421893ffa2e32 -> 
  custom:container-demuxer-ogg: 62fdf1f143b41e24485cea50d1cbac27 -> 
  custom:video-decoder-webm-vp8: 9c59270c3fd7afecdb556c50c9e8de78 -> 
  custom:audio-decoder-ogg-vorbis: bf7c407c2cedff20999df2af8eb42d56 -> 
========================================================================
Received Import Request.
  Time since last request: 150077.755186 seconds.
  path: Assets/Player/backstep.png
  artifactKey: Guid(9bfbdad9673be104790b2fb95f6cb73c) Importer(815301076,1909f56bfc062723c751e8b465ee728b)
Start importing Assets/Player/backstep.png using Guid(9bfbdad9673be104790b2fb95f6cb73c) Importer(815301076,1909f56bfc062723c751e8b465ee728b)  -> (artifact id: '370d2202726a02968ad0d17fd4d21790') in 0.180544 seconds 
========================================================================
Received Import Request.
  Time since last request: 0.000058 seconds.
  path: Assets/Player/nair-sheet.png
  artifactKey: Guid(af990dabf4e3ed841adba199fa495732) Importer(815301076,1909f56bfc062723c751e8b465ee728b)
Start importing Assets/Player/nair-sheet.png using Guid(af990dabf4e3ed841adba199fa495732) Importer(815301076,1909f56bfc062723c751e8b465ee728b)  -> (artifact id: '8246f0e3ff63c277c8c6cc69d65bd3ba') in 0.073862 seconds 
========================================================================
Received Import Request.
  Time since last request: 0.000039 seconds.
  path: Assets/Player/player_atlas_skeleton.png
  artifactKey: Guid(080d1532268284340b5d3ba2c8b8c7c4) Importer(815301076,1909f56bfc062723c751e8b465ee728b)
Start importing Assets/Player/player_atlas_skeleton.png using Guid(080d1532268284340b5d3ba2c8b8c7c4) Importer(815301076,1909f56bfc062723c751e8b465ee728b)  -> (artifact id: '7558ce6d437fd61142816170e16abfed') in 0.125311 seconds 
========================================================================
Received Import Request.
  Time since last request: 0.000033 seconds.
  path: Assets/Player/heal.png
  artifactKey: Guid(2d1660f033509a24ebb12b6019e7bb24) Importer(815301076,1909f56bfc062723c751e8b465ee728b)
Start importing Assets/Player/heal.png using Guid(2d1660f033509a24ebb12b6019e7bb24) Importer(815301076,1909f56bfc062723c751e8b465ee728b)  -> (artifact id: 'be7765de49b81de6293948c5e58ad5d2') in 0.030677 seconds 
========================================================================
Received Import Request.
  Time since last request: 0.000032 seconds.
  path: Assets/Player/double jump.png
  artifactKey: Guid(6f51359505c39734f9393e49fb267d84) Importer(815301076,1909f56bfc062723c751e8b465ee728b)
Start importing Assets/Player/double jump.png using Guid(6f51359505c39734f9393e49fb267d84) Importer(815301076,1909f56bfc062723c751e8b465ee728b)  -> (artifact id: 'd7c73eb385b3265d314253bce2f81c33') in 0.045468 seconds 
========================================================================
Received Import Request.
  Time since last request: 0.000083 seconds.
  path: Assets/Player/newjump.png
  artifactKey: Guid(f3447898ecb7718409f47cfc3775e546) Importer(815301076,1909f56bfc062723c751e8b465ee728b)
Start importing Assets/Player/newjump.png using Guid(f3447898ecb7718409f47cfc3775e546) Importer(815301076,1909f56bfc062723c751e8b465ee728b)  -> (artifact id: 'e93c43f11faf802a7ff44a812f8af592') in 0.026121 seconds 
========================================================================
Received Import Request.
  Time since last request: 0.000068 seconds.
  path: Assets/Player/idle.png
  artifactKey: Guid(cf6e3a6dee50ab74d990449662f24a55) Importer(815301076,1909f56bfc062723c751e8b465ee728b)
Start importing Assets/Player/idle.png using Guid(cf6e3a6dee50ab74d990449662f24a55) Importer(815301076,1909f56bfc062723c751e8b465ee728b)  -> (artifact id: '5ec7bc13c9bb53d007cf9d1933b8a498') in 0.030924 seconds 
========================================================================
Received Import Request.
  Time since last request: 3.455866 seconds.
  path: Assets/Player/PlayerWings.png
  artifactKey: Guid(3fbd8703b51769447a1425900efc347b) Importer(815301076,1909f56bfc062723c751e8b465ee728b)
Start importing Assets/Player/PlayerWings.png using Guid(3fbd8703b51769447a1425900efc347b) Importer(815301076,1909f56bfc062723c751e8b465ee728b)  -> (artifact id: '62ac447a790048fc793814dce5f744ab') in 0.036994 seconds 
========================================================================
Received Import Request.
  Time since last request: 19.757013 seconds.
  path: Assets/Loading Screens/Sprites and Animations/bg.png
  artifactKey: Guid(a75350e554145914182f420371e8aee6) Importer(815301076,1909f56bfc062723c751e8b465ee728b)
Start importing Assets/Loading Screens/Sprites and Animations/bg.png using Guid(a75350e554145914182f420371e8aee6) Importer(815301076,1909f56bfc062723c751e8b465ee728b)  -> (artifact id: '91e4215a46a360a5d230fa05b083db33') in 0.069942 seconds 
========================================================================
Received Import Request.
  Time since last request: 0.000039 seconds.
  path: Assets/Loading Screens/Sprites and Animations/ocean no sun-sheet.png
  artifactKey: Guid(ec71a0fb0c5beb84786bd0b736c0c9ed) Importer(815301076,1909f56bfc062723c751e8b465ee728b)
Start importing Assets/Loading Screens/Sprites and Animations/ocean no sun-sheet.png using Guid(ec71a0fb0c5beb84786bd0b736c0c9ed) Importer(815301076,1909f56bfc062723c751e8b465ee728b)  -> (artifact id: 'c25aba8e6a9214a7dd8d8f4f94402a9f') in 0.030146 seconds 
========================================================================
Received Prepare
Registering precompiled user dll's ...
Registered in 0.010386 seconds.
Begin MonoManager ReloadAssembly
Native extension for WindowsStandalone target not found
Native extension for WebGL target not found
Refreshing native plugins compatible for Editor in 0.87 ms, found 1 plugins.
Preloading 0 native plugins for Editor in 0.00 ms.
System.Reflection.TargetInvocationException: Exception has been thrown by the target of an invocation. ---> System.NullReferenceException: Object reference not set to an instance of an object
  at XNodeEditor.NodeEditorAssetModProcessor.OnReloadEditor () [0x0004b] in C:\Users\Dylan\Downloads\vapor-trails\Library\PackageCache\com.github.siccity.xnode@1fb94b2413\Scripts\Editor\NodeEditorAssetModProcessor.cs:55 
  at (wrapper managed-to-native) System.Reflection.RuntimeMethodInfo.InternalInvoke(System.Reflection.RuntimeMethodInfo,object,object[],System.Exception&)
  at System.Reflection.RuntimeMethodInfo.Invoke (System.Object obj, System.Reflection.BindingFlags invokeAttr, System.Reflection.Binder binder, System.Object[] parameters, System.Globalization.CultureInfo culture) [0x0006a] in <6073cf49ed704e958b8a66d540dea948>:0 
   --- End of inner exception stack trace ---
  at System.Reflection.RuntimeMethodInfo.Invoke (System.Object obj, System.Reflection.BindingFlags invokeAttr, System.Reflection.Binder binder, System.Object[] parameters, System.Globalization.CultureInfo culture) [0x00083] in <6073cf49ed704e958b8a66d540dea948>:0 
  at System.Reflection.MethodBase.Invoke (System.Object obj, System.Object[] parameters) [0x00000] in <6073cf49ed704e958b8a66d540dea948>:0 
  at UnityEditor.EditorAssemblies.ProcessInitializeOnLoadMethodAttributes () [0x000a5] in <31b86d204baf45de8328f2d1261a79f7>:0 
UnityEngine.StackTraceUtility:ExtractStackTrace ()
UnityEngine.DebugLogHandler:LogFormat (UnityEngine.LogType,UnityEngine.Object,string,object[])
UnityEngine.Logger:Log (UnityEngine.LogType,object)
UnityEngine.Debug:LogError (object)
UnityEditor.EditorAssemblies:ProcessInitializeOnLoadMethodAttributes ()

Mono: successfully reloaded assembly
- Completed reload, in  1.063 seconds
Domain Reload Profiling:
	ReloadAssembly (1063ms)
		BeginReloadAssembly (147ms)
			ExecutionOrderSort (0ms)
			DisableScriptedObjects (5ms)
			BackupInstance (0ms)
			ReleaseScriptingObjects (0ms)
			CreateAndSetChildDomain (40ms)
		EndReloadAssembly (809ms)
			LoadAssemblies (102ms)
			RebuildTransferFunctionScriptingTraits (0ms)
			SetupTypeCache (193ms)
			ReleaseScriptCaches (1ms)
			RebuildScriptCaches (37ms)
			SetupLoadedEditorAssemblies (454ms)
				LogAssemblyErrors (0ms)
				InitializePlatformSupportModulesInManaged (14ms)
				SetLoadedEditorAssemblies (0ms)
				RefreshPlugins (1ms)
				BeforeProcessingInitializeOnLoad (61ms)
				ProcessInitializeOnLoadAttributes (155ms)
				ProcessInitializeOnLoadMethodAttributes (213ms)
				AfterProcessingInitializeOnLoad (9ms)
				EditorAssembliesLoaded (0ms)
			ExecutionOrderSort2 (0ms)
			AwakeInstancesAfterBackupRestoration (7ms)
Platform modules already initialized, skipping
Refreshing native plugins compatible for Editor in 2.40 ms, found 1 plugins.
Preloading 0 native plugins for Editor in 0.00 ms.
Unloading 2339 Unused Serialized files (Serialized files now loaded: 0)
Unloading 26 unused Assets / (98.8 KB). Loaded Objects now: 2986.
Memory consumption went from 120.7 MB to 120.6 MB.
Total: 4.955400 ms (FindLiveObjects: 0.344900 ms CreateObjectMapping: 0.100000 ms MarkObjects: 4.349200 ms  DeleteObjects: 0.158400 ms)

AssetImportParameters requested are different than current active one (requested -> active):
  custom:video-decoder-ogg-theora: a1e56fd34408186e4bbccfd4996cb3dc -> 
  custom:container-muxer-webm: aa71ff27fc2769a1b78a27578f13a17b -> 
  custom:container-demuxer-webm: 4f35f7cbe854078d1ac9338744f61a02 -> 
  custom:video-encoder-webm-vp8: eb34c28f22e8b96e1ab97ce403110664 -> 
  custom:audio-encoder-webm-vorbis: bf7c407c2cedff20999df2af8eb42d56 -> 
  custom:framework-win-MediaFoundation: 216162199b28c13a410421893ffa2e32 -> 
  custom:container-demuxer-ogg: 62fdf1f143b41e24485cea50d1cbac27 -> 
  custom:video-decoder-webm-vp8: 9c59270c3fd7afecdb556c50c9e8de78 -> 
  custom:audio-decoder-ogg-vorbis: bf7c407c2cedff20999df2af8eb42d56 -> 
========================================================================
Received Import Request.
  Time since last request: 54.898406 seconds.
  path: Assets/Music/deeptown.mp3
  artifactKey: Guid(0bdbee133799c064fba50baa3f69a661) Importer(815301076,1909f56bfc062723c751e8b465ee728b)
Start importing Assets/Music/deeptown.mp3 using Guid(0bdbee133799c064fba50baa3f69a661) Importer(815301076,1909f56bfc062723c751e8b465ee728b)  -> (artifact id: 'ad9737e752c15d0343a6bc52f8423319') in 0.214220 seconds 
========================================================================
Received Import Request.
  Time since last request: 0.000043 seconds.
  path: Assets/Music/nightmarket.mp3
  artifactKey: Guid(aa7ec2e1366e3ec408fe7207db87a93a) Importer(815301076,1909f56bfc062723c751e8b465ee728b)
Start importing Assets/Music/nightmarket.mp3 using Guid(aa7ec2e1366e3ec408fe7207db87a93a) Importer(815301076,1909f56bfc062723c751e8b465ee728b)  -> (artifact id: 'ea6bec9a961d889ce9dd03967edbb0bb') in 0.014420 seconds 
========================================================================
Received Import Request.
  Time since last request: 0.000085 seconds.
  path: Assets/Music/PM_FSSF_AMBIENCE_SOUNDSCAPE_LOOP_1.wav
  artifactKey: Guid(cd46a817007161947960730fb3a3afd3) Importer(815301076,1909f56bfc062723c751e8b465ee728b)
Start importing Assets/Music/PM_FSSF_AMBIENCE_SOUNDSCAPE_LOOP_1.wav using Guid(cd46a817007161947960730fb3a3afd3) Importer(815301076,1909f56bfc062723c751e8b465ee728b)  -> (artifact id: 'd73650587cddab420dcb1d05f5fe47bc') in 0.013027 seconds 
========================================================================
Received Import Request.
  Time since last request: 13.255089 seconds.
  path: Assets/Generic Tilemaps/BottomSawTile.asset
  artifactKey: Guid(afa66d3c32a0d814e9b9b90507a73964) Importer(815301076,1909f56bfc062723c751e8b465ee728b)
Start importing Assets/Generic Tilemaps/BottomSawTile.asset using Guid(afa66d3c32a0d814e9b9b90507a73964) Importer(815301076,1909f56bfc062723c751e8b465ee728b)  -> (artifact id: '6c9cdeef354e3caac53411716000a336') in 0.035270 seconds 
========================================================================
Received Import Request.
  Time since last request: 0.000053 seconds.
  path: Assets/Generic Tilemaps/TrussTile.asset
  artifactKey: Guid(a2b41460598d7894084e66937b60ca2f) Importer(815301076,1909f56bfc062723c751e8b465ee728b)
Start importing Assets/Generic Tilemaps/TrussTile.asset using Guid(a2b41460598d7894084e66937b60ca2f) Importer(815301076,1909f56bfc062723c751e8b465ee728b)  -> (artifact id: 'd871cd2fb1d58d98bc31f2df44871fa0') in 0.013124 seconds 
========================================================================
Received Import Request.
  Time since last request: 0.000041 seconds.
  path: Assets/Generic Tilemaps/ShardBrush2.asset
  artifactKey: Guid(71a8af8565ee1d6458bfe7f9acf7e1c0) Importer(815301076,1909f56bfc062723c751e8b465ee728b)
Start importing Assets/Generic Tilemaps/ShardBrush2.asset using Guid(71a8af8565ee1d6458bfe7f9acf7e1c0) Importer(815301076,1909f56bfc062723c751e8b465ee728b)  -> (artifact id: '5d32c2cb05fcc90812314d17815c7371') in 0.016827 seconds 
========================================================================
Received Import Request.
  Time since last request: 0.000036 seconds.
  path: Assets/Generic Tilemaps/GlassTile.asset
  artifactKey: Guid(47899fede2ed3df4294109be7ae0a52d) Importer(815301076,1909f56bfc062723c751e8b465ee728b)
Start importing Assets/Generic Tilemaps/GlassTile.asset using Guid(47899fede2ed3df4294109be7ae0a52d) Importer(815301076,1909f56bfc062723c751e8b465ee728b)  -> (artifact id: 'fff0c1d5a9824fba1b38d770c0e8651f') in 0.019072 seconds 
========================================================================
Received Import Request.
  Time since last request: 0.000029 seconds.
  path: Assets/Generic Tilemaps/BreakableTile.asset
  artifactKey: Guid(0ebae1b59ae59c145b41b6c5abbf496d) Importer(815301076,1909f56bfc062723c751e8b465ee728b)
Start importing Assets/Generic Tilemaps/BreakableTile.asset using Guid(0ebae1b59ae59c145b41b6c5abbf496d) Importer(815301076,1909f56bfc062723c751e8b465ee728b)  -> (artifact id: 'b64690f2f1afaa8375e5eb3f6ef16bf9') in 0.010734 seconds 
========================================================================
Received Import Request.
  Time since last request: 0.000026 seconds.
  path: Assets/Generic Tilemaps/glass.png
  artifactKey: Guid(2bb1d2591a05e9244a299316c92c8ed3) Importer(815301076,1909f56bfc062723c751e8b465ee728b)
Start importing Assets/Generic Tilemaps/glass.png using Guid(2bb1d2591a05e9244a299316c92c8ed3) Importer(815301076,1909f56bfc062723c751e8b465ee728b)  -> (artifact id: '4f099def9aa7c4ed1167f43d0f8aeddf') in 0.039508 seconds 
========================================================================
Received Import Request.
  Time since last request: 0.000049 seconds.
  path: Assets/Generic Tilemaps/StringLightTile.asset
  artifactKey: Guid(51cfac4a97405ed4c9d456986e6f32c1) Importer(815301076,1909f56bfc062723c751e8b465ee728b)
Start importing Assets/Generic Tilemaps/StringLightTile.asset using Guid(51cfac4a97405ed4c9d456986e6f32c1) Importer(815301076,1909f56bfc062723c751e8b465ee728b)  -> (artifact id: 'ea7f60addc02164d3a3f0ecd27fd2989') in 0.009979 seconds 
========================================================================
Received Import Request.
  Time since last request: 2.464022 seconds.
  path: Assets/Generic Sprites and Animations/compute shrine eyes.png
  artifactKey: Guid(ef1cd28f8f73b544fbf1b224f18fae80) Importer(815301076,1909f56bfc062723c751e8b465ee728b)
Start importing Assets/Generic Sprites and Animations/compute shrine eyes.png using Guid(ef1cd28f8f73b544fbf1b224f18fae80) Importer(815301076,1909f56bfc062723c751e8b465ee728b)  -> (artifact id: '59b317485711ac24b1eef5c4ec7b02d9') in 0.018159 seconds 
========================================================================
Received Import Request.
  Time since last request: 0.000053 seconds.
  path: Assets/Generic Sprites and Animations/newspaper.png
  artifactKey: Guid(b69be076f8d1b2540b9eefe863dafb8f) Importer(815301076,1909f56bfc062723c751e8b465ee728b)
Start importing Assets/Generic Sprites and Animations/newspaper.png using Guid(b69be076f8d1b2540b9eefe863dafb8f) Importer(815301076,1909f56bfc062723c751e8b465ee728b)  -> (artifact id: 'cb85e054026c160bea090eb3add169d1') in 0.027539 seconds 
========================================================================
Received Import Request.
  Time since last request: 6.613467 seconds.
  path: Assets/NPCs/Prefabs/Cortez Rig.prefab
  artifactKey: Guid(ecf54031586b83d41bcf97b01aac0b0d) Importer(815301076,1909f56bfc062723c751e8b465ee728b)
Start importing Assets/NPCs/Prefabs/Cortez Rig.prefab using Guid(ecf54031586b83d41bcf97b01aac0b0d) Importer(815301076,1909f56bfc062723c751e8b465ee728b)  -> (artifact id: '836117cf6f1ceb8eed7c08044ba435cd') in 0.120888 seconds 
========================================================================
Received Import Request.
  Time since last request: 0.000054 seconds.
  path: Assets/NPCs/Prefabs/Steven.prefab
  artifactKey: Guid(aab798565a79ea143ab62e1d29471210) Importer(815301076,1909f56bfc062723c751e8b465ee728b)
Start importing Assets/NPCs/Prefabs/Steven.prefab using Guid(aab798565a79ea143ab62e1d29471210) Importer(815301076,1909f56bfc062723c751e8b465ee728b)  -> (artifact id: '6c4f8071ee6d0c7995a88c690675bfc4') in 0.046897 seconds 
========================================================================
Received Import Request.
  Time since last request: 0.000062 seconds.
  path: Assets/NPCs/Prefabs/Thorn.prefab
  artifactKey: Guid(097cd1438513a4a4b8dd8aaf924f4ceb) Importer(815301076,1909f56bfc062723c751e8b465ee728b)
Start importing Assets/NPCs/Prefabs/Thorn.prefab using Guid(097cd1438513a4a4b8dd8aaf924f4ceb) Importer(815301076,1909f56bfc062723c751e8b465ee728b)  -> (artifact id: '7784c83e8ef323c0bd9871c4f78f0877') in 0.190430 seconds 
========================================================================
Received Import Request.
  Time since last request: 13.111696 seconds.
  path: Assets/waterreflections2D/reflection.prefab
  artifactKey: Guid(c595fefe24ca2c543a284737c186fea6) Importer(815301076,1909f56bfc062723c751e8b465ee728b)
Start importing Assets/waterreflections2D/reflection.prefab using Guid(c595fefe24ca2c543a284737c186fea6) Importer(815301076,1909f56bfc062723c751e8b465ee728b)  -> (artifact id: '5327e1652b0b1041abfc05655a2265c2') in 0.017907 seconds 
========================================================================
Received Import Request.
  Time since last request: 33.501785 seconds.
  path: Assets/Global.prefab
  artifactKey: Guid(d514ca4d35012064b90f0936ac25aee3) Importer(815301076,1909f56bfc062723c751e8b465ee728b)
Start importing Assets/Global.prefab using Guid(d514ca4d35012064b90f0936ac25aee3) Importer(815301076,1909f56bfc062723c751e8b465ee728b)  -> (artifact id: 'ccf86939cd71f4bd282d74b514e87bd5') in 1.550616 seconds 
========================================================================
Received Prepare
Registering precompiled user dll's ...
Registered in 0.009214 seconds.
Begin MonoManager ReloadAssembly
Native extension for WindowsStandalone target not found
Native extension for WebGL target not found
Refreshing native plugins compatible for Editor in 0.94 ms, found 1 plugins.
Preloading 0 native plugins for Editor in 0.00 ms.
System.Reflection.TargetInvocationException: Exception has been thrown by the target of an invocation. ---> System.NullReferenceException: Object reference not set to an instance of an object
  at XNodeEditor.NodeEditorAssetModProcessor.OnReloadEditor () [0x0004b] in C:\Users\Dylan\Downloads\vapor-trails\Library\PackageCache\com.github.siccity.xnode@1fb94b2413\Scripts\Editor\NodeEditorAssetModProcessor.cs:55 
  at (wrapper managed-to-native) System.Reflection.RuntimeMethodInfo.InternalInvoke(System.Reflection.RuntimeMethodInfo,object,object[],System.Exception&)
  at System.Reflection.RuntimeMethodInfo.Invoke (System.Object obj, System.Reflection.BindingFlags invokeAttr, System.Reflection.Binder binder, System.Object[] parameters, System.Globalization.CultureInfo culture) [0x0006a] in <6073cf49ed704e958b8a66d540dea948>:0 
   --- End of inner exception stack trace ---
  at System.Reflection.RuntimeMethodInfo.Invoke (System.Object obj, System.Reflection.BindingFlags invokeAttr, System.Reflection.Binder binder, System.Object[] parameters, System.Globalization.CultureInfo culture) [0x00083] in <6073cf49ed704e958b8a66d540dea948>:0 
  at System.Reflection.MethodBase.Invoke (System.Object obj, System.Object[] parameters) [0x00000] in <6073cf49ed704e958b8a66d540dea948>:0 
  at UnityEditor.EditorAssemblies.ProcessInitializeOnLoadMethodAttributes () [0x000a5] in <31b86d204baf45de8328f2d1261a79f7>:0 
UnityEngine.StackTraceUtility:ExtractStackTrace ()
UnityEngine.DebugLogHandler:LogFormat (UnityEngine.LogType,UnityEngine.Object,string,object[])
UnityEngine.Logger:Log (UnityEngine.LogType,object)
UnityEngine.Debug:LogError (object)
UnityEditor.EditorAssemblies:ProcessInitializeOnLoadMethodAttributes ()

Mono: successfully reloaded assembly
- Completed reload, in  1.068 seconds
Domain Reload Profiling:
	ReloadAssembly (1069ms)
		BeginReloadAssembly (138ms)
			ExecutionOrderSort (0ms)
			DisableScriptedObjects (5ms)
			BackupInstance (0ms)
			ReleaseScriptingObjects (0ms)
			CreateAndSetChildDomain (43ms)
		EndReloadAssembly (830ms)
			LoadAssemblies (85ms)
			RebuildTransferFunctionScriptingTraits (0ms)
			SetupTypeCache (196ms)
			ReleaseScriptCaches (1ms)
			RebuildScriptCaches (44ms)
			SetupLoadedEditorAssemblies (467ms)
				LogAssemblyErrors (0ms)
				InitializePlatformSupportModulesInManaged (17ms)
				SetLoadedEditorAssemblies (0ms)
				RefreshPlugins (1ms)
				BeforeProcessingInitializeOnLoad (67ms)
				ProcessInitializeOnLoadAttributes (159ms)
				ProcessInitializeOnLoadMethodAttributes (214ms)
				AfterProcessingInitializeOnLoad (8ms)
				EditorAssembliesLoaded (0ms)
			ExecutionOrderSort2 (0ms)
			AwakeInstancesAfterBackupRestoration (6ms)
Platform modules already initialized, skipping
Refreshing native plugins compatible for Editor in 2.32 ms, found 1 plugins.
Preloading 0 native plugins for Editor in 0.00 ms.
Unloading 2339 Unused Serialized files (Serialized files now loaded: 0)
Unloading 39 unused Assets / (103.5 KB). Loaded Objects now: 3029.
Memory consumption went from 125.6 MB to 125.5 MB.
Total: 3.938200 ms (FindLiveObjects: 0.366100 ms CreateObjectMapping: 0.107600 ms MarkObjects: 3.337700 ms  DeleteObjects: 0.124100 ms)

AssetImportParameters requested are different than current active one (requested -> active):
  custom:video-decoder-ogg-theora: a1e56fd34408186e4bbccfd4996cb3dc -> 
  custom:container-muxer-webm: aa71ff27fc2769a1b78a27578f13a17b -> 
  custom:container-demuxer-webm: 4f35f7cbe854078d1ac9338744f61a02 -> 
  custom:video-encoder-webm-vp8: eb34c28f22e8b96e1ab97ce403110664 -> 
  custom:audio-encoder-webm-vorbis: bf7c407c2cedff20999df2af8eb42d56 -> 
  custom:framework-win-MediaFoundation: 216162199b28c13a410421893ffa2e32 -> 
  custom:container-demuxer-ogg: 62fdf1f143b41e24485cea50d1cbac27 -> 
  custom:video-decoder-webm-vp8: 9c59270c3fd7afecdb556c50c9e8de78 -> 
  custom:audio-decoder-ogg-vorbis: bf7c407c2cedff20999df2af8eb42d56 -> 
========================================================================
Received Prepare
Registering precompiled user dll's ...
Registered in 0.009572 seconds.
Begin MonoManager ReloadAssembly
Native extension for WindowsStandalone target not found
Native extension for WebGL target not found
Refreshing native plugins compatible for Editor in 0.78 ms, found 1 plugins.
Preloading 0 native plugins for Editor in 0.00 ms.
System.Reflection.TargetInvocationException: Exception has been thrown by the target of an invocation. ---> System.NullReferenceException: Object reference not set to an instance of an object
  at XNodeEditor.NodeEditorAssetModProcessor.OnReloadEditor () [0x0004b] in C:\Users\Dylan\Downloads\vapor-trails\Library\PackageCache\com.github.siccity.xnode@1fb94b2413\Scripts\Editor\NodeEditorAssetModProcessor.cs:55 
  at (wrapper managed-to-native) System.Reflection.RuntimeMethodInfo.InternalInvoke(System.Reflection.RuntimeMethodInfo,object,object[],System.Exception&)
  at System.Reflection.RuntimeMethodInfo.Invoke (System.Object obj, System.Reflection.BindingFlags invokeAttr, System.Reflection.Binder binder, System.Object[] parameters, System.Globalization.CultureInfo culture) [0x0006a] in <6073cf49ed704e958b8a66d540dea948>:0 
   --- End of inner exception stack trace ---
  at System.Reflection.RuntimeMethodInfo.Invoke (System.Object obj, System.Reflection.BindingFlags invokeAttr, System.Reflection.Binder binder, System.Object[] parameters, System.Globalization.CultureInfo culture) [0x00083] in <6073cf49ed704e958b8a66d540dea948>:0 
  at System.Reflection.MethodBase.Invoke (System.Object obj, System.Object[] parameters) [0x00000] in <6073cf49ed704e958b8a66d540dea948>:0 
  at UnityEditor.EditorAssemblies.ProcessInitializeOnLoadMethodAttributes () [0x000a5] in <31b86d204baf45de8328f2d1261a79f7>:0 
UnityEngine.StackTraceUtility:ExtractStackTrace ()
UnityEngine.DebugLogHandler:LogFormat (UnityEngine.LogType,UnityEngine.Object,string,object[])
UnityEngine.Logger:Log (UnityEngine.LogType,object)
UnityEngine.Debug:LogError (object)
UnityEditor.EditorAssemblies:ProcessInitializeOnLoadMethodAttributes ()

Mono: successfully reloaded assembly
- Completed reload, in  0.977 seconds
Domain Reload Profiling:
	ReloadAssembly (978ms)
		BeginReloadAssembly (128ms)
			ExecutionOrderSort (0ms)
			DisableScriptedObjects (5ms)
			BackupInstance (0ms)
			ReleaseScriptingObjects (0ms)
			CreateAndSetChildDomain (36ms)
		EndReloadAssembly (751ms)
			LoadAssemblies (82ms)
			RebuildTransferFunctionScriptingTraits (0ms)
			SetupTypeCache (161ms)
			ReleaseScriptCaches (1ms)
			RebuildScriptCaches (38ms)
			SetupLoadedEditorAssemblies (439ms)
				LogAssemblyErrors (0ms)
				InitializePlatformSupportModulesInManaged (15ms)
				SetLoadedEditorAssemblies (1ms)
				RefreshPlugins (1ms)
				BeforeProcessingInitializeOnLoad (59ms)
				ProcessInitializeOnLoadAttributes (143ms)
				ProcessInitializeOnLoadMethodAttributes (211ms)
				AfterProcessingInitializeOnLoad (9ms)
				EditorAssembliesLoaded (0ms)
			ExecutionOrderSort2 (0ms)
			AwakeInstancesAfterBackupRestoration (7ms)
Platform modules already initialized, skipping
Refreshing native plugins compatible for Editor in 4.12 ms, found 1 plugins.
Preloading 0 native plugins for Editor in 0.00 ms.
Unloading 2339 Unused Serialized files (Serialized files now loaded: 0)
Unloading 26 unused Assets / (98.8 KB). Loaded Objects now: 3044.
Memory consumption went from 124.8 MB to 124.7 MB.
Total: 4.192800 ms (FindLiveObjects: 0.452200 ms CreateObjectMapping: 0.082000 ms MarkObjects: 3.579600 ms  DeleteObjects: 0.076400 ms)

AssetImportParameters requested are different than current active one (requested -> active):
  custom:video-decoder-ogg-theora: a1e56fd34408186e4bbccfd4996cb3dc -> 
  custom:container-muxer-webm: aa71ff27fc2769a1b78a27578f13a17b -> 
  custom:container-demuxer-webm: 4f35f7cbe854078d1ac9338744f61a02 -> 
  custom:video-encoder-webm-vp8: eb34c28f22e8b96e1ab97ce403110664 -> 
  custom:audio-encoder-webm-vorbis: bf7c407c2cedff20999df2af8eb42d56 -> 
  custom:framework-win-MediaFoundation: 216162199b28c13a410421893ffa2e32 -> 
  custom:container-demuxer-ogg: 62fdf1f143b41e24485cea50d1cbac27 -> 
  custom:video-decoder-webm-vp8: 9c59270c3fd7afecdb556c50c9e8de78 -> 
  custom:audio-decoder-ogg-vorbis: bf7c407c2cedff20999df2af8eb42d56 -> 
========================================================================
Received Prepare
Registering precompiled user dll's ...
Registered in 0.008624 seconds.
Begin MonoManager ReloadAssembly
Native extension for WindowsStandalone target not found
Native extension for WebGL target not found
Refreshing native plugins compatible for Editor in 0.79 ms, found 1 plugins.
Preloading 0 native plugins for Editor in 0.00 ms.
System.Reflection.TargetInvocationException: Exception has been thrown by the target of an invocation. ---> System.NullReferenceException: Object reference not set to an instance of an object
  at XNodeEditor.NodeEditorAssetModProcessor.OnReloadEditor () [0x0004b] in C:\Users\Dylan\Downloads\vapor-trails\Library\PackageCache\com.github.siccity.xnode@1fb94b2413\Scripts\Editor\NodeEditorAssetModProcessor.cs:55 
  at (wrapper managed-to-native) System.Reflection.RuntimeMethodInfo.InternalInvoke(System.Reflection.RuntimeMethodInfo,object,object[],System.Exception&)
  at System.Reflection.RuntimeMethodInfo.Invoke (System.Object obj, System.Reflection.BindingFlags invokeAttr, System.Reflection.Binder binder, System.Object[] parameters, System.Globalization.CultureInfo culture) [0x0006a] in <6073cf49ed704e958b8a66d540dea948>:0 
   --- End of inner exception stack trace ---
  at System.Reflection.RuntimeMethodInfo.Invoke (System.Object obj, System.Reflection.BindingFlags invokeAttr, System.Reflection.Binder binder, System.Object[] parameters, System.Globalization.CultureInfo culture) [0x00083] in <6073cf49ed704e958b8a66d540dea948>:0 
  at System.Reflection.MethodBase.Invoke (System.Object obj, System.Object[] parameters) [0x00000] in <6073cf49ed704e958b8a66d540dea948>:0 
  at UnityEditor.EditorAssemblies.ProcessInitializeOnLoadMethodAttributes () [0x000a5] in <31b86d204baf45de8328f2d1261a79f7>:0 
UnityEngine.StackTraceUtility:ExtractStackTrace ()
UnityEngine.DebugLogHandler:LogFormat (UnityEngine.LogType,UnityEngine.Object,string,object[])
UnityEngine.Logger:Log (UnityEngine.LogType,object)
UnityEngine.Debug:LogError (object)
UnityEditor.EditorAssemblies:ProcessInitializeOnLoadMethodAttributes ()

Mono: successfully reloaded assembly
- Completed reload, in  1.001 seconds
Domain Reload Profiling:
	ReloadAssembly (1002ms)
		BeginReloadAssembly (131ms)
			ExecutionOrderSort (0ms)
			DisableScriptedObjects (5ms)
			BackupInstance (0ms)
			ReleaseScriptingObjects (0ms)
			CreateAndSetChildDomain (34ms)
		EndReloadAssembly (766ms)
			LoadAssemblies (93ms)
			RebuildTransferFunctionScriptingTraits (0ms)
			SetupTypeCache (182ms)
			ReleaseScriptCaches (1ms)
			RebuildScriptCaches (38ms)
			SetupLoadedEditorAssemblies (427ms)
				LogAssemblyErrors (0ms)
				InitializePlatformSupportModulesInManaged (13ms)
				SetLoadedEditorAssemblies (0ms)
				RefreshPlugins (1ms)
				BeforeProcessingInitializeOnLoad (57ms)
				ProcessInitializeOnLoadAttributes (144ms)
				ProcessInitializeOnLoadMethodAttributes (203ms)
				AfterProcessingInitializeOnLoad (9ms)
				EditorAssembliesLoaded (0ms)
			ExecutionOrderSort2 (0ms)
			AwakeInstancesAfterBackupRestoration (7ms)
Platform modules already initialized, skipping
Refreshing native plugins compatible for Editor in 2.17 ms, found 1 plugins.
Preloading 0 native plugins for Editor in 0.00 ms.
Unloading 2339 Unused Serialized files (Serialized files now loaded: 0)
Unloading 26 unused Assets / (98.8 KB). Loaded Objects now: 3059.
Memory consumption went from 124.8 MB to 124.8 MB.
Total: 7.506900 ms (FindLiveObjects: 0.887500 ms CreateObjectMapping: 0.468900 ms MarkObjects: 5.969200 ms  DeleteObjects: 0.177600 ms)

AssetImportParameters requested are different than current active one (requested -> active):
  custom:video-decoder-ogg-theora: a1e56fd34408186e4bbccfd4996cb3dc -> 
  custom:container-muxer-webm: aa71ff27fc2769a1b78a27578f13a17b -> 
  custom:container-demuxer-webm: 4f35f7cbe854078d1ac9338744f61a02 -> 
  custom:video-encoder-webm-vp8: eb34c28f22e8b96e1ab97ce403110664 -> 
  custom:audio-encoder-webm-vorbis: bf7c407c2cedff20999df2af8eb42d56 -> 
  custom:framework-win-MediaFoundation: 216162199b28c13a410421893ffa2e32 -> 
  custom:container-demuxer-ogg: 62fdf1f143b41e24485cea50d1cbac27 -> 
  custom:video-decoder-webm-vp8: 9c59270c3fd7afecdb556c50c9e8de78 -> 
  custom:audio-decoder-ogg-vorbis: bf7c407c2cedff20999df2af8eb42d56 -> 
========================================================================
Received Prepare
Registering precompiled user dll's ...
Registered in 0.010545 seconds.
Begin MonoManager ReloadAssembly
Native extension for WindowsStandalone target not found
Native extension for WebGL target not found
Refreshing native plugins compatible for Editor in 0.77 ms, found 1 plugins.
Preloading 0 native plugins for Editor in 0.00 ms.
System.Reflection.TargetInvocationException: Exception has been thrown by the target of an invocation. ---> System.NullReferenceException: Object reference not set to an instance of an object
  at XNodeEditor.NodeEditorAssetModProcessor.OnReloadEditor () [0x0004b] in C:\Users\Dylan\Downloads\vapor-trails\Library\PackageCache\com.github.siccity.xnode@1fb94b2413\Scripts\Editor\NodeEditorAssetModProcessor.cs:55 
  at (wrapper managed-to-native) System.Reflection.RuntimeMethodInfo.InternalInvoke(System.Reflection.RuntimeMethodInfo,object,object[],System.Exception&)
  at System.Reflection.RuntimeMethodInfo.Invoke (System.Object obj, System.Reflection.BindingFlags invokeAttr, System.Reflection.Binder binder, System.Object[] parameters, System.Globalization.CultureInfo culture) [0x0006a] in <6073cf49ed704e958b8a66d540dea948>:0 
   --- End of inner exception stack trace ---
  at System.Reflection.RuntimeMethodInfo.Invoke (System.Object obj, System.Reflection.BindingFlags invokeAttr, System.Reflection.Binder binder, System.Object[] parameters, System.Globalization.CultureInfo culture) [0x00083] in <6073cf49ed704e958b8a66d540dea948>:0 
  at System.Reflection.MethodBase.Invoke (System.Object obj, System.Object[] parameters) [0x00000] in <6073cf49ed704e958b8a66d540dea948>:0 
  at UnityEditor.EditorAssemblies.ProcessInitializeOnLoadMethodAttributes () [0x000a5] in <31b86d204baf45de8328f2d1261a79f7>:0 
UnityEngine.StackTraceUtility:ExtractStackTrace ()
UnityEngine.DebugLogHandler:LogFormat (UnityEngine.LogType,UnityEngine.Object,string,object[])
UnityEngine.Logger:Log (UnityEngine.LogType,object)
UnityEngine.Debug:LogError (object)
UnityEditor.EditorAssemblies:ProcessInitializeOnLoadMethodAttributes ()

Mono: successfully reloaded assembly
- Completed reload, in  1.074 seconds
Domain Reload Profiling:
	ReloadAssembly (1075ms)
		BeginReloadAssembly (156ms)
			ExecutionOrderSort (0ms)
			DisableScriptedObjects (6ms)
			BackupInstance (0ms)
			ReleaseScriptingObjects (0ms)
			CreateAndSetChildDomain (43ms)
		EndReloadAssembly (821ms)
			LoadAssemblies (94ms)
			RebuildTransferFunctionScriptingTraits (0ms)
			SetupTypeCache (195ms)
			ReleaseScriptCaches (1ms)
			RebuildScriptCaches (60ms)
			SetupLoadedEditorAssemblies (428ms)
				LogAssemblyErrors (0ms)
				InitializePlatformSupportModulesInManaged (14ms)
				SetLoadedEditorAssemblies (0ms)
				RefreshPlugins (1ms)
				BeforeProcessingInitializeOnLoad (58ms)
				ProcessInitializeOnLoadAttributes (146ms)
				ProcessInitializeOnLoadMethodAttributes (200ms)
				AfterProcessingInitializeOnLoad (9ms)
				EditorAssembliesLoaded (0ms)
			ExecutionOrderSort2 (0ms)
			AwakeInstancesAfterBackupRestoration (6ms)
Platform modules already initialized, skipping
Refreshing native plugins compatible for Editor in 2.04 ms, found 1 plugins.
Preloading 0 native plugins for Editor in 0.00 ms.
Unloading 2339 Unused Serialized files (Serialized files now loaded: 0)
Unloading 26 unused Assets / (98.8 KB). Loaded Objects now: 3074.
Memory consumption went from 125.6 MB to 125.5 MB.
Total: 3.242200 ms (FindLiveObjects: 0.234700 ms CreateObjectMapping: 0.059800 ms MarkObjects: 2.904700 ms  DeleteObjects: 0.041800 ms)

AssetImportParameters requested are different than current active one (requested -> active):
  custom:video-decoder-ogg-theora: a1e56fd34408186e4bbccfd4996cb3dc -> 
  custom:container-muxer-webm: aa71ff27fc2769a1b78a27578f13a17b -> 
  custom:container-demuxer-webm: 4f35f7cbe854078d1ac9338744f61a02 -> 
  custom:video-encoder-webm-vp8: eb34c28f22e8b96e1ab97ce403110664 -> 
  custom:audio-encoder-webm-vorbis: bf7c407c2cedff20999df2af8eb42d56 -> 
  custom:framework-win-MediaFoundation: 216162199b28c13a410421893ffa2e32 -> 
  custom:container-demuxer-ogg: 62fdf1f143b41e24485cea50d1cbac27 -> 
  custom:video-decoder-webm-vp8: 9c59270c3fd7afecdb556c50c9e8de78 -> 
  custom:audio-decoder-ogg-vorbis: bf7c407c2cedff20999df2af8eb42d56 -> 
========================================================================
Received Prepare
Refreshing native plugins compatible for Editor in 5.15 ms, found 1 plugins.
Preloading 0 native plugins for Editor in 0.00 ms.
Unloading 26 Unused Serialized files (Serialized files now loaded: 0)
Unloading 26 unused Assets / (95.6 KB). Loaded Objects now: 3074.
Memory consumption went from 76.2 MB to 76.1 MB.
Total: 3.248300 ms (FindLiveObjects: 0.242900 ms CreateObjectMapping: 0.063700 ms MarkObjects: 2.892900 ms  DeleteObjects: 0.047400 ms)

AssetImportParameters requested are different than current active one (requested -> active):
  custom:video-decoder-ogg-theora: a1e56fd34408186e4bbccfd4996cb3dc -> 
  custom:container-muxer-webm: aa71ff27fc2769a1b78a27578f13a17b -> 
  custom:container-demuxer-webm: 4f35f7cbe854078d1ac9338744f61a02 -> 
  custom:video-encoder-webm-vp8: eb34c28f22e8b96e1ab97ce403110664 -> 
  custom:audio-encoder-webm-vorbis: bf7c407c2cedff20999df2af8eb42d56 -> 
  custom:framework-win-MediaFoundation: 216162199b28c13a410421893ffa2e32 -> 
  custom:container-demuxer-ogg: 62fdf1f143b41e24485cea50d1cbac27 -> 
  custom:video-decoder-webm-vp8: 9c59270c3fd7afecdb556c50c9e8de78 -> 
  custom:audio-decoder-ogg-vorbis: bf7c407c2cedff20999df2af8eb42d56 -> 
========================================================================
Received Import Request.
  Time since last request: 4473.576974 seconds.
  path: Assets/Items/ascertain.png
  artifactKey: Guid(625fe3b1aa9361544a56c4ddc51e161a) Importer(815301076,1909f56bfc062723c751e8b465ee728b)
Start importing Assets/Items/ascertain.png using Guid(625fe3b1aa9361544a56c4ddc51e161a) Importer(815301076,1909f56bfc062723c751e8b465ee728b)  -> (artifact id: 'a0c58089cbef1f3cb774a891b70090fb') in 0.136430 seconds 
========================================================================
Received Import Request.
  Time since last request: 0.000041 seconds.
  path: Assets/Items/book of thorns thumbnail.png
  artifactKey: Guid(59ed19eb3e3aa924b90dd51ff3d31738) Importer(815301076,1909f56bfc062723c751e8b465ee728b)
Start importing Assets/Items/book of thorns thumbnail.png using Guid(59ed19eb3e3aa924b90dd51ff3d31738) Importer(815301076,1909f56bfc062723c751e8b465ee728b)  -> (artifact id: '986983ca2d26b506312d8f7d0d83eba7') in 0.034780 seconds 
========================================================================
Received Import Request.
  Time since last request: 0.000151 seconds.
  path: Assets/Items/pico edge thumbnail.png
  artifactKey: Guid(83ff23f72fcbd80408497d8642f2283e) Importer(815301076,1909f56bfc062723c751e8b465ee728b)
Start importing Assets/Items/pico edge thumbnail.png using Guid(83ff23f72fcbd80408497d8642f2283e) Importer(815301076,1909f56bfc062723c751e8b465ee728b)  -> (artifact id: 'e76dac9c44e38fda0561de107d30a524') in 0.019661 seconds 
========================================================================
Received Import Request.
  Time since last request: 0.000032 seconds.
  path: Assets/Items/pumpkin detail.png
  artifactKey: Guid(64a5102f10b80a64b82f8629d87dcba1) Importer(815301076,1909f56bfc062723c751e8b465ee728b)
Start importing Assets/Items/pumpkin detail.png using Guid(64a5102f10b80a64b82f8629d87dcba1) Importer(815301076,1909f56bfc062723c751e8b465ee728b)  -> (artifact id: '1f9931321053cb549e9f0961326018cd') in 0.018589 seconds 
========================================================================
Received Import Request.
  Time since last request: 0.000031 seconds.
  path: Assets/Items/wings thumbnail.png
  artifactKey: Guid(08351d40ea1a14e0290c8346624a55dc) Importer(815301076,1909f56bfc062723c751e8b465ee728b)
Start importing Assets/Items/wings thumbnail.png using Guid(08351d40ea1a14e0290c8346624a55dc) Importer(815301076,1909f56bfc062723c751e8b465ee728b)  -> (artifact id: 'bc1aeb8cf4e832ce977763789dee7fe3') in 0.017768 seconds 
========================================================================
Received Import Request.
  Time since last request: 0.000041 seconds.
  path: Assets/Items/shards thumbnail.png
  artifactKey: Guid(e0685b2a363fbda468587a443516275c) Importer(815301076,1909f56bfc062723c751e8b465ee728b)
Start importing Assets/Items/shards thumbnail.png using Guid(e0685b2a363fbda468587a443516275c) Importer(815301076,1909f56bfc062723c751e8b465ee728b)  -> (artifact id: '8a63ba484d94d34a69c844d34656e270') in 0.021368 seconds 
========================================================================
Received Import Request.
  Time since last request: 0.000070 seconds.
  path: Assets/Items/vapor plasma.png
  artifactKey: Guid(76ab781fcf812f546ac32fbf069957ed) Importer(815301076,1909f56bfc062723c751e8b465ee728b)
Start importing Assets/Items/vapor plasma.png using Guid(76ab781fcf812f546ac32fbf069957ed) Importer(815301076,1909f56bfc062723c751e8b465ee728b)  -> (artifact id: '162bf0fb1e3f9022ecfc4bda52b0a751') in 0.030441 seconds 
========================================================================
Received Import Request.
  Time since last request: 0.000041 seconds.
  path: Assets/Items/orca flip thumbnail.png
  artifactKey: Guid(4620545341dde334a8ef7488ca2fa962) Importer(815301076,1909f56bfc062723c751e8b465ee728b)
Start importing Assets/Items/orca flip thumbnail.png using Guid(4620545341dde334a8ef7488ca2fa962) Importer(815301076,1909f56bfc062723c751e8b465ee728b)  -> (artifact id: '4ba63de81402ea38343a1c056bea09c4') in 0.017309 seconds 
========================================================================
Received Import Request.
  Time since last request: 0.000043 seconds.
  path: Assets/Items/metropass thumbnail.png
  artifactKey: Guid(3a14d404b6bc2a0418caceb7a1db7fde) Importer(815301076,1909f56bfc062723c751e8b465ee728b)
Start importing Assets/Items/metropass thumbnail.png using Guid(3a14d404b6bc2a0418caceb7a1db7fde) Importer(815301076,1909f56bfc062723c751e8b465ee728b)  -> (artifact id: '6e4e2d87f2de274f64484d1b37ede57f') in 0.023007 seconds 
========================================================================
Received Import Request.
  Time since last request: 0.000029 seconds.
  path: Assets/Items/meteor dive thumbnail.png
  artifactKey: Guid(04a305c0d348c1d4ab2f587a198ac9b1) Importer(815301076,1909f56bfc062723c751e8b465ee728b)
Start importing Assets/Items/meteor dive thumbnail.png using Guid(04a305c0d348c1d4ab2f587a198ac9b1) Importer(815301076,1909f56bfc062723c751e8b465ee728b)  -> (artifact id: 'c171ed3d9fae459e6192d620eb6b265e') in 0.036063 seconds 
========================================================================
Received Import Request.
  Time since last request: 0.000044 seconds.
  path: Assets/Items/shrine hack thumbnail.png
  artifactKey: Guid(2f0cd257dd17c514d98b4e55db938cd4) Importer(815301076,1909f56bfc062723c751e8b465ee728b)
Start importing Assets/Items/shrine hack thumbnail.png using Guid(2f0cd257dd17c514d98b4e55db938cd4) Importer(815301076,1909f56bfc062723c751e8b465ee728b)  -> (artifact id: '4cae6925cf1c3372b9f726b8ab2f470a') in 0.024443 seconds 
========================================================================
Received Import Request.
  Time since last request: 0.000035 seconds.
  path: Assets/Items/parry thumbnail.png
  artifactKey: Guid(237c2f943272ce1419ea9df01284a1cd) Importer(815301076,1909f56bfc062723c751e8b465ee728b)
Start importing Assets/Items/parry thumbnail.png using Guid(237c2f943272ce1419ea9df01284a1cd) Importer(815301076,1909f56bfc062723c751e8b465ee728b)  -> (artifact id: 'bf1d66c8392f935b728b8ec38d9146d5') in 0.017365 seconds 
========================================================================
Received Import Request.
  Time since last request: 0.000025 seconds.
  path: Assets/Items/autonav thumbnail.png
  artifactKey: Guid(cbc757f311a1e1f499570ba968029843) Importer(815301076,1909f56bfc062723c751e8b465ee728b)
Start importing Assets/Items/autonav thumbnail.png using Guid(cbc757f311a1e1f499570ba968029843) Importer(815301076,1909f56bfc062723c751e8b465ee728b)  -> (artifact id: '4303436bed33bc6493a70b3ec5cf8523') in 0.021082 seconds 
========================================================================
Received Import Request.
  Time since last request: 0.000029 seconds.
  path: Assets/Items/pico edge detail.png
  artifactKey: Guid(e695fa83f9bf40b4395c840c1e4f8338) Importer(815301076,1909f56bfc062723c751e8b465ee728b)
Start importing Assets/Items/pico edge detail.png using Guid(e695fa83f9bf40b4395c840c1e4f8338) Importer(815301076,1909f56bfc062723c751e8b465ee728b)  -> (artifact id: '291d8127dbad3dde56bf18cb9fbe5a3f') in 0.022848 seconds 
========================================================================
Received Import Request.
  Time since last request: 0.000035 seconds.
  path: Assets/Items/bat detail.png
  artifactKey: Guid(29a2675a8d0073b428ff4ca5bd9b7d5e) Importer(815301076,1909f56bfc062723c751e8b465ee728b)
Start importing Assets/Items/bat detail.png using Guid(29a2675a8d0073b428ff4ca5bd9b7d5e) Importer(815301076,1909f56bfc062723c751e8b465ee728b)  -> (artifact id: '0da608264720d1f041815512755b015d') in 0.024313 seconds 
========================================================================
Received Import Request.
  Time since last request: 0.000034 seconds.
  path: Assets/Items/vaporchata thumbnail.png
  artifactKey: Guid(0146b2e56c9d69746b9826173bf1c8ff) Importer(815301076,1909f56bfc062723c751e8b465ee728b)
Start importing Assets/Items/vaporchata thumbnail.png using Guid(0146b2e56c9d69746b9826173bf1c8ff) Importer(815301076,1909f56bfc062723c751e8b465ee728b)  -> (artifact id: '2166da9d1c314936656fed9e27237b12') in 0.015376 seconds 
========================================================================
Received Import Request.
  Time since last request: 0.000022 seconds.
  path: Assets/Items/vi edge thumbnail.png
  artifactKey: Guid(1a6b0b9e0483ea54686de359d5d5fb4e) Importer(815301076,1909f56bfc062723c751e8b465ee728b)
Start importing Assets/Items/vi edge thumbnail.png using Guid(1a6b0b9e0483ea54686de359d5d5fb4e) Importer(815301076,1909f56bfc062723c751e8b465ee728b)  -> (artifact id: '465c2d82107b7625ab2e82e07effcc1d') in 0.025185 seconds 
========================================================================
Received Import Request.
  Time since last request: 0.000030 seconds.
  path: Assets/Items/swordDetail.png
  artifactKey: Guid(92b5b9efa3763474880fc4087a9f6976) Importer(815301076,1909f56bfc062723c751e8b465ee728b)
Start importing Assets/Items/swordDetail.png using Guid(92b5b9efa3763474880fc4087a9f6976) Importer(815301076,1909f56bfc062723c751e8b465ee728b)  -> (artifact id: '6af759e2cf05820fe06cba5769ebf65d') in 0.015362 seconds 
========================================================================
Received Import Request.
  Time since last request: 0.000029 seconds.
  path: Assets/Items/wallclimb thumbnail.png
  artifactKey: Guid(347d739aee23bd245bb1094514834da4) Importer(815301076,1909f56bfc062723c751e8b465ee728b)
Start importing Assets/Items/wallclimb thumbnail.png using Guid(347d739aee23bd245bb1094514834da4) Importer(815301076,1909f56bfc062723c751e8b465ee728b)  -> (artifact id: 'f7f77d72420ffc1e318760ef4c1629aa') in 0.027537 seconds 
========================================================================
Received Import Request.
  Time since last request: 0.000036 seconds.
  path: Assets/Items/lady heart thumbnail.png
  artifactKey: Guid(03a9f5cf3d8694b4ba670e899f297409) Importer(815301076,1909f56bfc062723c751e8b465ee728b)
Start importing Assets/Items/lady heart thumbnail.png using Guid(03a9f5cf3d8694b4ba670e899f297409) Importer(815301076,1909f56bfc062723c751e8b465ee728b)  -> (artifact id: '09d778add5366cd595663826bdd7a3da') in 0.024269 seconds 
========================================================================
Received Import Request.
  Time since last request: 0.000046 seconds.
  path: Assets/Items/impact compensation thumbnail.png
  artifactKey: Guid(2843486a6fe807441b5855e7f6030bab) Importer(815301076,1909f56bfc062723c751e8b465ee728b)
Start importing Assets/Items/impact compensation thumbnail.png using Guid(2843486a6fe807441b5855e7f6030bab) Importer(815301076,1909f56bfc062723c751e8b465ee728b)  -> (artifact id: '3a1f1c0491a563323901beee0b5f8673') in 0.014150 seconds 
========================================================================
Received Import Request.
  Time since last request: 0.000062 seconds.
  path: Assets/Items/surf thumbnail.png
  artifactKey: Guid(fd0be9dc54949492f8a1e3c357d07998) Importer(815301076,1909f56bfc062723c751e8b465ee728b)
Start importing Assets/Items/surf thumbnail.png using Guid(fd0be9dc54949492f8a1e3c357d07998) Importer(815301076,1909f56bfc062723c751e8b465ee728b)  -> (artifact id: 'b4e17f4777075ddedff549401cdb4188') in 0.018884 seconds 
========================================================================
Received Import Request.
  Time since last request: 0.000032 seconds.
  path: Assets/Items/ledge boost thumbnail.png
  artifactKey: Guid(5943604d7de62184e8e1aa72ba62f75c) Importer(815301076,1909f56bfc062723c751e8b465ee728b)
Start importing Assets/Items/ledge boost thumbnail.png using Guid(5943604d7de62184e8e1aa72ba62f75c) Importer(815301076,1909f56bfc062723c751e8b465ee728b)  -> (artifact id: 'f6d8d025efaab2f18436b312c98391bf') in 0.018621 seconds 
========================================================================
Received Import Request.
  Time since last request: 0.000032 seconds.
  path: Assets/Items/mercuryblast thumbnail.png
  artifactKey: Guid(d64b44ef1a00b924c9698a7623ba4c2d) Importer(815301076,1909f56bfc062723c751e8b465ee728b)
Start importing Assets/Items/mercuryblast thumbnail.png using Guid(d64b44ef1a00b924c9698a7623ba4c2d) Importer(815301076,1909f56bfc062723c751e8b465ee728b)  -> (artifact id: '66a7442874a9af07ffc66ae6ec1ed472') in 0.020399 seconds 
========================================================================
Received Import Request.
  Time since last request: 0.000035 seconds.
  path: Assets/Items/item chip template.png
  artifactKey: Guid(3fbf994c32fd96b4cbb71a42290b5c36) Importer(815301076,1909f56bfc062723c751e8b465ee728b)
Start importing Assets/Items/item chip template.png using Guid(3fbf994c32fd96b4cbb71a42290b5c36) Importer(815301076,1909f56bfc062723c751e8b465ee728b)  -> (artifact id: '5a8e9a86a8dac28fba178bcee50b976e') in 0.017581 seconds 
========================================================================
Received Import Request.
  Time since last request: 0.000031 seconds.
  path: Assets/Items/shrine hack detail.png
  artifactKey: Guid(9a40f6000c86f5e419d48f764468d82b) Importer(815301076,1909f56bfc062723c751e8b465ee728b)
Start importing Assets/Items/shrine hack detail.png using Guid(9a40f6000c86f5e419d48f764468d82b) Importer(815301076,1909f56bfc062723c751e8b465ee728b)  -> (artifact id: '07575790569ac25da719282a8729997c') in 0.016011 seconds 
========================================================================
Received Import Request.
  Time since last request: 0.000037 seconds.
  path: Assets/Items/surf detail.png
  artifactKey: Guid(dd379969d17bc484d8e1d84bd92a0a81) Importer(815301076,1909f56bfc062723c751e8b465ee728b)
Start importing Assets/Items/surf detail.png using Guid(dd379969d17bc484d8e1d84bd92a0a81) Importer(815301076,1909f56bfc062723c751e8b465ee728b)  -> (artifact id: '6957a294bd6fac1468a0cfbcadf129cb') in 0.020533 seconds 
========================================================================
Received Import Request.
  Time since last request: 0.000057 seconds.
  path: Assets/Items/capacitor shard.png
  artifactKey: Guid(a797cb19c29d795408911b14cad0f4da) Importer(815301076,1909f56bfc062723c751e8b465ee728b)
Start importing Assets/Items/capacitor shard.png using Guid(a797cb19c29d795408911b14cad0f4da) Importer(815301076,1909f56bfc062723c751e8b465ee728b)  -> (artifact id: '67220179ff7e9de3f42b6c05cd29e734') in 0.017372 seconds 
========================================================================
Received Import Request.
  Time since last request: 0.000035 seconds.
  path: Assets/Items/energy reclaim thumbnail.png
  artifactKey: Guid(f9ef6b3239204404985febbb227d6f16) Importer(815301076,1909f56bfc062723c751e8b465ee728b)
Start importing Assets/Items/energy reclaim thumbnail.png using Guid(f9ef6b3239204404985febbb227d6f16) Importer(815301076,1909f56bfc062723c751e8b465ee728b)  -> (artifact id: '7489a0187bba3f268b76fa6235dbdd33') in 0.016070 seconds 
========================================================================
Received Import Request.
  Time since last request: 0.000103 seconds.
  path: Assets/Items/parry detail.png
  artifactKey: Guid(4bc4dbe06d47d68468fbfcc871d3213e) Importer(815301076,1909f56bfc062723c751e8b465ee728b)
Start importing Assets/Items/parry detail.png using Guid(4bc4dbe06d47d68468fbfcc871d3213e) Importer(815301076,1909f56bfc062723c751e8b465ee728b)  -> (artifact id: '279734ca46815ab7e7db274c2ed9bebf') in 0.016474 seconds 
========================================================================
Received Import Request.
  Time since last request: 0.000059 seconds.
  path: Assets/Items/heal thumbnail.png
  artifactKey: Guid(2da22e5365a4c50478f20faabb6efb87) Importer(815301076,1909f56bfc062723c751e8b465ee728b)
Start importing Assets/Items/heal thumbnail.png using Guid(2da22e5365a4c50478f20faabb6efb87) Importer(815301076,1909f56bfc062723c751e8b465ee728b)  -> (artifact id: '63cfd6b29b37166480c2d1fbdabd3065') in 0.019132 seconds 
========================================================================
Received Import Request.
  Time since last request: 0.000030 seconds.
  path: Assets/Items/mercuryblast detail.png
  artifactKey: Guid(01c6fc67f8d3bea41bca9d6a66d0c1c8) Importer(815301076,1909f56bfc062723c751e8b465ee728b)
Start importing Assets/Items/mercuryblast detail.png using Guid(01c6fc67f8d3bea41bca9d6a66d0c1c8) Importer(815301076,1909f56bfc062723c751e8b465ee728b)  -> (artifact id: '5110f6026ef8e7859178cde8b0f735cb') in 0.018599 seconds 
========================================================================
Received Import Request.
  Time since last request: 0.000032 seconds.
  path: Assets/Items/tensor blueprint thumbnail.png
  artifactKey: Guid(a40259aa31261421ea7378290410c42e) Importer(815301076,1909f56bfc062723c751e8b465ee728b)
Start importing Assets/Items/tensor blueprint thumbnail.png using Guid(a40259aa31261421ea7378290410c42e) Importer(815301076,1909f56bfc062723c751e8b465ee728b)  -> (artifact id: '1f3b221161d6085fbd94ea3e94f41266') in 0.017797 seconds 
========================================================================
Received Import Request.
  Time since last request: 0.000033 seconds.
  path: Assets/Items/missile kick thumbnail.png
  artifactKey: Guid(e7c9ff5f18162314091c635c83b5b7c5) Importer(815301076,1909f56bfc062723c751e8b465ee728b)
Start importing Assets/Items/missile kick thumbnail.png using Guid(e7c9ff5f18162314091c635c83b5b7c5) Importer(815301076,1909f56bfc062723c751e8b465ee728b)  -> (artifact id: '74471c2504e23729737381aecb6d542a') in 0.019606 seconds 
========================================================================
Received Import Request.
  Time since last request: 0.000042 seconds.
  path: Assets/Items/shards detail.png
  artifactKey: Guid(6c059f239dfdb4f4bb408ee53d812c81) Importer(815301076,1909f56bfc062723c751e8b465ee728b)
Start importing Assets/Items/shards detail.png using Guid(6c059f239dfdb4f4bb408ee53d812c81) Importer(815301076,1909f56bfc062723c751e8b465ee728b)  -> (artifact id: '033b4aad4909334e1e61ef326789341c') in 0.018829 seconds 
========================================================================
Received Import Request.
  Time since last request: 0.000051 seconds.
  path: Assets/Items/nano edge detail.png
  artifactKey: Guid(e1d0dd2307d070e479970bed08a1d999) Importer(815301076,1909f56bfc062723c751e8b465ee728b)
Start importing Assets/Items/nano edge detail.png using Guid(e1d0dd2307d070e479970bed08a1d999) Importer(815301076,1909f56bfc062723c751e8b465ee728b)  -> (artifact id: 'fda9015087d5340884bc106b1ce1b140') in 0.018083 seconds 
Editor requested this worker to shutdown with reason: Scaling down because of idle timeout
AssetImportWorker is now disconnected from the server
Process exiting
Exiting without the bug reporter. Application will terminate with return code 0